Determining if the pthread_create exist failed with the following output:
Change Dir: /home/peter/FYP/FastLSH/cmake-build-debug/CMakeFiles/CMakeTmp

Run Build Command:"/usr/bin/make" "cmTC_bb419/fast"
/usr/bin/make -f CMakeFiles/cmTC_bb419.dir/build.make CMakeFiles/cmTC_bb419.dir/build
make[1]: Entering directory '/home/peter/FYP/FastLSH/cmake-build-debug/CMakeFiles/CMakeTmp'
Building C object CMakeFiles/cmTC_bb419.dir/CheckSymbolExists.c.o
/usr/bin/cc     -o CMakeFiles/cmTC_bb419.dir/CheckSymbolExists.c.o   -c /home/peter/FYP/FastLSH/cmake-build-debug/CMakeFiles/CMakeTmp/CheckSymbolExists.c
Linking C executable cmTC_bb419
/home/peter/clion-2016.3.2/bin/cmake/bin/cmake -E cmake_link_script CMakeFiles/cmTC_bb419.dir/link.txt --verbose=1
/usr/bin/cc       CMakeFiles/cmTC_bb419.dir/CheckSymbolExists.c.o  -o cmTC_bb419 -rdynamic 
CMakeFiles/cmTC_bb419.dir/CheckSymbolExists.c.o: In function `main':
CheckSymbolExists.c:(.text+0x16): undefined reference to `pthread_create'
collect2: error: ld returned 1 exit status
CMakeFiles/cmTC_bb419.dir/build.make:97: recipe for target 'cmTC_bb419' failed
make[1]: *** [cmTC_bb419] Error 1
make[1]: Leaving directory '/home/peter/FYP/FastLSH/cmake-build-debug/CMakeFiles/CMakeTmp'
Makefile:126: recipe for target 'cmTC_bb419/fast' failed
make: *** [cmTC_bb419/fast] Error 2

File /home/peter/FYP/FastLSH/cmake-build-debug/CMakeFiles/CMakeTmp/CheckSymbolExists.c:
/* */
#include <pthread.h>

int main(int argc, char** argv)
{
  (void)argv;
#ifndef pthread_create
  return ((int*)(&pthread_create))[argc];
#else
  (void)argc;
  return 0;
#endif
}

Determining if the function pthread_create exists in the pthreads failed with the following output:
Change Dir: /home/peter/FYP/FastLSH/cmake-build-debug/CMakeFiles/CMakeTmp

Run Build Command:"/usr/bin/make" "cmTC_a2043/fast"
/usr/bin/make -f CMakeFiles/cmTC_a2043.dir/build.make CMakeFiles/cmTC_a2043.dir/build
make[1]: Entering directory '/home/peter/FYP/FastLSH/cmake-build-debug/CMakeFiles/CMakeTmp'
Building C object CMakeFiles/cmTC_a2043.dir/CheckFunctionExists.c.o
/usr/bin/cc    -DCHECK_FUNCTION_EXISTS=pthread_create   -o CMakeFiles/cmTC_a2043.dir/CheckFunctionExists.c.o   -c /home/peter/clion-2016.3.2/bin/cmake/share/cmake-3.6/Modules/CheckFunctionExists.c
Linking C executable cmTC_a2043
/home/peter/clion-2016.3.2/bin/cmake/bin/cmake -E cmake_link_script CMakeFiles/cmTC_a2043.dir/link.txt --verbose=1
/usr/bin/cc   -DCHECK_FUNCTION_EXISTS=pthread_create    CMakeFiles/cmTC_a2043.dir/CheckFunctionExists.c.o  -o cmTC_a2043 -rdynamic -lpthreads 
/usr/bin/ld: cannot find -lpthreads
collect2: error: ld returned 1 exit status
CMakeFiles/cmTC_a2043.dir/build.make:97: recipe for target 'cmTC_a2043' failed
make[1]: *** [cmTC_a2043] Error 1
make[1]: Leaving directory '/home/peter/FYP/FastLSH/cmake-build-debug/CMakeFiles/CMakeTmp'
Makefile:126: recipe for target 'cmTC_a2043/fast' failed
make: *** [cmTC_a2043/fast] Error 2


