Determining if the pthread_create exist failed with the following output:
Change Dir: /home/bsft14/yaohaixu2/FastLSH/FastLSH/CMakeFiles/CMakeTmp

Run Build Command:"/usr/bin/make" "cmTC_60575/fast"
/usr/bin/make -f CMakeFiles/cmTC_60575.dir/build.make CMakeFiles/cmTC_60575.dir/build
make[1]: Entering directory '/home/bsft14/yaohaixu2/FastLSH/FastLSH/CMakeFiles/CMakeTmp'
Building C object CMakeFiles/cmTC_60575.dir/CheckSymbolExists.c.o
/usr/bin/cc     -o CMakeFiles/cmTC_60575.dir/CheckSymbolExists.c.o   -c /home/bsft14/yaohaixu2/FastLSH/FastLSH/CMakeFiles/CMakeTmp/CheckSymbolExists.c
Linking C executable cmTC_60575
/usr/bin/cmake -E cmake_link_script CMakeFiles/cmTC_60575.dir/link.txt --verbose=1
/usr/bin/cc       CMakeFiles/cmTC_60575.dir/CheckSymbolExists.c.o  -o cmTC_60575 -rdynamic 
CMakeFiles/cmTC_60575.dir/CheckSymbolExists.c.o: In function `main':
CheckSymbolExists.c:(.text+0x16): undefined reference to `pthread_create'
collect2: error: ld returned 1 exit status
CMakeFiles/cmTC_60575.dir/build.make:97: recipe for target 'cmTC_60575' failed
make[1]: *** [cmTC_60575] Error 1
make[1]: Leaving directory '/home/bsft14/yaohaixu2/FastLSH/FastLSH/CMakeFiles/CMakeTmp'
Makefile:126: recipe for target 'cmTC_60575/fast' failed
make: *** [cmTC_60575/fast] Error 2

File /home/bsft14/yaohaixu2/FastLSH/FastLSH/CMakeFiles/CMakeTmp/CheckSymbolExists.c:
/* */
#include <pthread.h>

int main(int argc, char** argv)
{
  (void)argv;
#ifndef pthread_create
  return ((int*)(&pthread_create))[argc];
#else
  (void)argc;
  return 0;
#endif
}

Determining if the function pthread_create exists in the pthreads failed with the following output:
Change Dir: /home/bsft14/yaohaixu2/FastLSH/FastLSH/CMakeFiles/CMakeTmp

Run Build Command:"/usr/bin/make" "cmTC_c8af7/fast"
/usr/bin/make -f CMakeFiles/cmTC_c8af7.dir/build.make CMakeFiles/cmTC_c8af7.dir/build
make[1]: Entering directory '/home/bsft14/yaohaixu2/FastLSH/FastLSH/CMakeFiles/CMakeTmp'
Building C object CMakeFiles/cmTC_c8af7.dir/CheckFunctionExists.c.o
/usr/bin/cc    -DCHECK_FUNCTION_EXISTS=pthread_create   -o CMakeFiles/cmTC_c8af7.dir/CheckFunctionExists.c.o   -c /usr/share/cmake-3.5/Modules/CheckFunctionExists.c
Linking C executable cmTC_c8af7
/usr/bin/cmake -E cmake_link_script CMakeFiles/cmTC_c8af7.dir/link.txt --verbose=1
/usr/bin/cc   -DCHECK_FUNCTION_EXISTS=pthread_create    CMakeFiles/cmTC_c8af7.dir/CheckFunctionExists.c.o  -o cmTC_c8af7 -rdynamic -lpthreads 
/usr/bin/ld: cannot find -lpthreads
collect2: error: ld returned 1 exit status
CMakeFiles/cmTC_c8af7.dir/build.make:97: recipe for target 'cmTC_c8af7' failed
make[1]: *** [cmTC_c8af7] Error 1
make[1]: Leaving directory '/home/bsft14/yaohaixu2/FastLSH/FastLSH/CMakeFiles/CMakeTmp'
Makefile:126: recipe for target 'cmTC_c8af7/fast' failed
make: *** [cmTC_c8af7/fast] Error 2


Determining if the pthread_create exist failed with the following output:
Change Dir: /home/mpiuser/cloud/FastLSH/FastLSH/CMakeFiles/CMakeTmp

Run Build Command:"/usr/bin/make" "cmTC_de2ab/fast"
/usr/bin/make -f CMakeFiles/cmTC_de2ab.dir/build.make CMakeFiles/cmTC_de2ab.dir/build
make[1]: Entering directory '/home/mpiuser/cloud/FastLSH/FastLSH/CMakeFiles/CMakeTmp'
Building C object CMakeFiles/cmTC_de2ab.dir/CheckSymbolExists.c.o
/usr/bin/cc     -o CMakeFiles/cmTC_de2ab.dir/CheckSymbolExists.c.o   -c /home/mpiuser/cloud/FastLSH/FastLSH/CMakeFiles/CMakeTmp/CheckSymbolExists.c
Linking C executable cmTC_de2ab
/usr/bin/cmake -E cmake_link_script CMakeFiles/cmTC_de2ab.dir/link.txt --verbose=1
/usr/bin/cc       CMakeFiles/cmTC_de2ab.dir/CheckSymbolExists.c.o  -o cmTC_de2ab -rdynamic 
CMakeFiles/cmTC_de2ab.dir/CheckSymbolExists.c.o: In function `main':
CheckSymbolExists.c:(.text+0x16): undefined reference to `pthread_create'
collect2: error: ld returned 1 exit status
CMakeFiles/cmTC_de2ab.dir/build.make:97: recipe for target 'cmTC_de2ab' failed
make[1]: *** [cmTC_de2ab] Error 1
make[1]: Leaving directory '/home/mpiuser/cloud/FastLSH/FastLSH/CMakeFiles/CMakeTmp'
Makefile:126: recipe for target 'cmTC_de2ab/fast' failed
make: *** [cmTC_de2ab/fast] Error 2

File /home/mpiuser/cloud/FastLSH/FastLSH/CMakeFiles/CMakeTmp/CheckSymbolExists.c:
/* */
#include <pthread.h>

int main(int argc, char** argv)
{
  (void)argv;
#ifndef pthread_create
  return ((int*)(&pthread_create))[argc];
#else
  (void)argc;
  return 0;
#endif
}

Determining if the function pthread_create exists in the pthreads failed with the following output:
Change Dir: /home/mpiuser/cloud/FastLSH/FastLSH/CMakeFiles/CMakeTmp

Run Build Command:"/usr/bin/make" "cmTC_365e8/fast"
/usr/bin/make -f CMakeFiles/cmTC_365e8.dir/build.make CMakeFiles/cmTC_365e8.dir/build
make[1]: Entering directory '/home/mpiuser/cloud/FastLSH/FastLSH/CMakeFiles/CMakeTmp'
Building C object CMakeFiles/cmTC_365e8.dir/CheckFunctionExists.c.o
/usr/bin/cc    -DCHECK_FUNCTION_EXISTS=pthread_create   -o CMakeFiles/cmTC_365e8.dir/CheckFunctionExists.c.o   -c /usr/share/cmake-3.5/Modules/CheckFunctionExists.c
Linking C executable cmTC_365e8
/usr/bin/cmake -E cmake_link_script CMakeFiles/cmTC_365e8.dir/link.txt --verbose=1
/usr/bin/cc   -DCHECK_FUNCTION_EXISTS=pthread_create    CMakeFiles/cmTC_365e8.dir/CheckFunctionExists.c.o  -o cmTC_365e8 -rdynamic -lpthreads 
/usr/bin/ld: cannot find -lpthreads
collect2: error: ld returned 1 exit status
CMakeFiles/cmTC_365e8.dir/build.make:97: recipe for target 'cmTC_365e8' failed
make[1]: *** [cmTC_365e8] Error 1
make[1]: Leaving directory '/home/mpiuser/cloud/FastLSH/FastLSH/CMakeFiles/CMakeTmp'
Makefile:126: recipe for target 'cmTC_365e8/fast' failed
make: *** [cmTC_365e8/fast] Error 2


