#
# A fatal error has been detected by the Java Runtime Environment:
#
#  SIGSEGV (0xb) at pc=0x0000000000474596, pid=7294, tid=0x00007f8c12ffd700
#
# JRE version: OpenJDK Runtime Environment (8.0_121-b13) (build 1.8.0_121-8u121-b13-0ubuntu1.16.04.2-b13)
# Java VM: OpenJDK 64-Bit Server VM (25.121-b13 mixed mode linux-amd64 compressed oops)
# Problematic frame:
# C  [FastLSH+0x74596]  std::vector<double, std::allocator<double> >::capacity() const+0xc
#
# Failed to write core dump. Core dumps have been disabled. To enable core dumping, try "ulimit -c unlimited" before starting Java again
#
# If you would like to submit a bug report, please visit:
#   http://bugreport.java.com/bugreport/crash.jsp
#

---------------  T H R E A D  ---------------

Current thread is native thread

siginfo: si_signo: 11 (SIGSEGV), si_code: 1 (SEGV_MAPERR), si_addr: 0x0000000000000bc8

Registers:
RAX=0x0000000000000bb8, RBX=0x00000000000003e7, RCX=0x0000000000000000, RDX=0x0000000000000240
RSP=0x00007f8c12ffcdc0, RBP=0x00007f8c12ffcdc0, RSI=0x00007f8c12ffce60, RDI=0x0000000000000bb8
R8 =0x00007f8bd0000d30, R9 =0x0000000000000001, R10=0x00007f8bd0000d30, R11=0x0000000000000010
R12=0x0000000000000000, R13=0x00007ffd5a47aacf, R14=0x0000000000800000, R15=0x0000000000aa9ec0
RIP=0x0000000000474596, EFLAGS=0x0000000000010206, CSGSFS=0x0000000000000033, ERR=0x0000000000000004
  TRAPNO=0x000000000000000e

Top of Stack: (sp=0x00007f8c12ffcdc0)
0x00007f8c12ffcdc0:   00007f8c12ffce10 00000000004740ac
0x00007f8c12ffcdd0:   00007f8c12ffce60 0000000000000bb8
0x00007f8c12ffcde0:   0000000000000048 00007f8c12ffce60
0x00007f8c12ffcdf0:   00000000000003e7 0000000000000000
0x00007f8c12ffce00:   00007ffd5a47aacf 0000000000800000
0x00007f8c12ffce10:   00007f8c12ffce90 000000000047db8c
0x00007f8c12ffce20:   00000000000003e7 0000000000ac7780
0x00007f8c12ffce30:   00007f8c12ffce90 000003e80000007d
0x00007f8c12ffce40:   000000fa0000007d 408ca00000000000
0x00007f8c12ffce50:   0000000000ac7780 00000000007885d0
0x00007f8c12ffce60:   00007f8bd0000d30 00007f8bd0000f70
0x00007f8c12ffce70:   00007f8bd0001130 1a75db03f930a300
0x00007f8c12ffce80:   0000000000000000 0000000000000000
0x00007f8c12ffce90:   0000000000000000 00007f8c6a1566ba
0x00007f8c12ffcea0:   0000000000000000 00007f8c12ffd700
0x00007f8c12ffceb0:   00007f8c12ffd700 e360ad53596bf76f
0x00007f8c12ffcec0:   0000000000000000 00007ffd5a47aacf
0x00007f8c12ffced0:   0000000000800000 0000000000aa9ec0
0x00007f8c12ffcee0:   1c7888acc42bf76f 1c7879799591f76f
0x00007f8c12ffcef0:   0000000000000000 0000000000000000
0x00007f8c12ffcf00:   0000000000000000 0000000000000000
0x00007f8c12ffcf10:   0000000000000000 0000000000000000
0x00007f8c12ffcf20:   0000000000000000 0000000000000000
0x00007f8c12ffcf30:   00007f8c12ffd700 00007f8c693c982d
0x00007f8c12ffcf40:   0000000000000000 0000000000000000
0x00007f8c12ffcf50:   0000000000000000 0000000000000000
0x00007f8c12ffcf60:   0000000000000000 0000000000000000
0x00007f8c12ffcf70:   0000000000000000 0000000000000000
0x00007f8c12ffcf80:   0000000000000000 0000000000000000
0x00007f8c12ffcf90:   0000000000000000 0000000000000000
0x00007f8c12ffcfa0:   0000000000000000 0000000000000000
0x00007f8c12ffcfb0:   0000000000000000 0000000000000000 

Instructions: (pc=0x0000000000474596)
0x0000000000474576:   f8 64 48 33 04 25 28 00 00 00 74 05 e8 f9 77 ff
0x0000000000474586:   ff c9 c3 90 55 48 89 e5 48 89 7d f8 48 8b 45 f8
0x0000000000474596:   48 8b 40 10 48 89 c2 48 8b 45 f8 48 8b 00 48 29
0x00000000004745a6:   c2 48 89 d0 48 c1 f8 03 5d c3 55 48 89 e5 53 48 

Register to memory mapping:

RAX=0x0000000000000bb8 is an unknown value
RBX=0x00000000000003e7 is an unknown value
RCX=0x0000000000000000 is an unknown value
RDX=0x0000000000000240 is an unknown value
RSP=0x00007f8c12ffcdc0 is an unknown value
RBP=0x00007f8c12ffcdc0 is an unknown value
RSI=0x00007f8c12ffce60 is an unknown value
RDI=0x0000000000000bb8 is an unknown value
R8 =0x00007f8bd0000d30 is an unknown value
R9 =0x0000000000000001 is an unknown value
R10=0x00007f8bd0000d30 is an unknown value
R11=0x0000000000000010 is an unknown value
R12=0x0000000000000000 is an unknown value
R13=0x00007ffd5a47aacf is pointing into the stack for thread: 0x000000000095a800
R14=0x0000000000800000 is an unknown value
R15=0x0000000000aa9ec0 is an unknown value


Stack: [0x00007f8c127fd000,0x00007f8c12ffe000],  sp=0x00007f8c12ffcdc0,  free space=8191k
Native frames: (J=compiled Java code, j=interpreted, Vv=VM code, C=native code)
C  [FastLSH+0x74596]  std::vector<double, std::allocator<double> >::capacity() const+0xc
C  [FastLSH+0x740ac]  std::vector<double, std::allocator<double> >::operator=(std::vector<double, std::allocator<double> > const&)+0x11e
C  [FastLSH+0x7db8c]  computeCandidateNormalPthreadFuc(void*)+0x141


---------------  P R O C E S S  ---------------

VM state:not at safepoint (normal execution)

VM Mutex/Monitor currently owned by a thread: None

Heap:
 PSYoungGen      total 36864K, used 34051K [0x00000000d6b80000, 0x00000000db380000, 0x0000000100000000)
  eden space 31744K, 91% used [0x00000000d6b80000,0x00000000d87c7868,0x00000000d8a80000)
  from space 5120K, 99% used [0x00000000d8f80000,0x00000000d94795f0,0x00000000d9480000)
  to   space 5120K, 0% used [0x00000000d8a80000,0x00000000d8a80000,0x00000000d8f80000)
 ParOldGen       total 84992K, used 1973K [0x0000000084200000, 0x0000000089500000, 0x00000000d6b80000)
  object space 84992K, 2% used [0x0000000084200000,0x00000000843ed470,0x0000000089500000)
 Metaspace       used 20622K, capacity 20844K, committed 21248K, reserved 1069056K
  class space    used 2381K, capacity 2472K, committed 2560K, reserved 1048576K

Card table byte_map: [0x00007f8c5ee06000,0x00007f8c5f1e6000] byte_map_base: 0x00007f8c5e9e5000

Marking Bits: (ParMarkBitMap*) 0x00007f8c692a6220
 Begin Bits: [0x00007f8c54210000, 0x00007f8c56108000)
 End Bits:   [0x00007f8c56108000, 0x00007f8c58000000)

Polling page: 0x00007f8c6abde000

CodeCache: size=245760Kb used=4492Kb max_used=4507Kb free=241267Kb
 bounds [0x00007f8c31000000, 0x00007f8c31470000, 0x00007f8c40000000]
 total_blobs=1637 nmethods=1228 adapters=324
 compilation: enabled

Compilation events (10 events):
Event: 3.762 Thread 0x000000000139c800 nmethod 1201 0x00007f8c31458c50 code [0x00007f8c31458e20, 0x00007f8c314593a8]
Event: 3.764 Thread 0x0000000001399800 nmethod 1190 0x00007f8c314626d0 code [0x00007f8c31462900, 0x00007f8c31463308]
Event: 3.764 Thread 0x00000000013a2800 nmethod 1225 0x00007f8c31458610 code [0x00007f8c314587a0, 0x00007f8c31458b08]
Event: 3.764 Thread 0x00000000013a2800 1227       3       java.nio.ByteBuffer::get (54 bytes)
Event: 3.764 Thread 0x00000000013a2800 nmethod 1227 0x00007f8c3145a390 code [0x00007f8c3145a560, 0x00007f8c3145ab68]
Event: 3.764 Thread 0x00000000013a2800 1226       3       java.nio.ByteBuffer::get (9 bytes)
Event: 3.764 Thread 0x00000000013a2800 nmethod 1226 0x00007f8c314581d0 code [0x00007f8c31458340, 0x00007f8c31458568]
Event: 3.764 Thread 0x00000000013a2800 1228       1       java.nio.Buffer::capacity (5 bytes)
Event: 3.764 Thread 0x00000000013a2800 nmethod 1228 0x00007f8c31457f10 code [0x00007f8c31458060, 0x00007f8c31458170]
Event: 3.774 Thread 0x000000000139e000 nmethod 1200 0x00007f8c31468bd0 code [0x00007f8c31468ec0, 0x00007f8c31469f90]

GC Heap History (8 events):
Event: 2.193 GC heap before
{Heap before GC invocations=1 (full 0):
 PSYoungGen      total 36864K, used 31744K [0x00000000d6b80000, 0x00000000d9480000, 0x0000000100000000)
  eden space 31744K, 100% used [0x00000000d6b80000,0x00000000d8a80000,0x00000000d8a80000)
  from space 5120K, 0% used [0x00000000d8f80000,0x00000000d8f80000,0x00000000d9480000)
  to   space 5120K, 0% used [0x00000000d8a80000,0x00000000d8a80000,0x00000000d8f80000)
 ParOldGen       total 84992K, used 0K [0x0000000084200000, 0x0000000089500000, 0x00000000d6b80000)
  object space 84992K, 0% used [0x0000000084200000,0x0000000084200000,0x0000000089500000)
 Metaspace       used 8153K, capacity 8314K, committed 8448K, reserved 1056768K
  class space    used 957K, capacity 1009K, committed 1024K, reserved 1048576K
Event: 2.196 GC heap after
Heap after GC invocations=1 (full 0):
 PSYoungGen      total 36864K, used 4814K [0x00000000d6b80000, 0x00000000d9480000, 0x0000000100000000)
  eden space 31744K, 0% used [0x00000000d6b80000,0x00000000d6b80000,0x00000000d8a80000)
  from space 5120K, 94% used [0x00000000d8a80000,0x00000000d8f33bf8,0x00000000d8f80000)
  to   space 5120K, 0% used [0x00000000d8f80000,0x00000000d8f80000,0x00000000d9480000)
 ParOldGen       total 84992K, used 80K [0x0000000084200000, 0x0000000089500000, 0x00000000d6b80000)
  object space 84992K, 0% used [0x0000000084200000,0x0000000084214028,0x0000000089500000)
 Metaspace       used 8153K, capacity 8314K, committed 8448K, reserved 1056768K
  class space    used 957K, capacity 1009K, committed 1024K, reserved 1048576K
}
Event: 2.598 GC heap before
{Heap before GC invocations=2 (full 0):
 PSYoungGen      total 36864K, used 36558K [0x00000000d6b80000, 0x00000000d9480000, 0x0000000100000000)
  eden space 31744K, 100% used [0x00000000d6b80000,0x00000000d8a80000,0x00000000d8a80000)
  from space 5120K, 94% used [0x00000000d8a80000,0x00000000d8f33bf8,0x00000000d8f80000)
  to   space 5120K, 0% used [0x00000000d8f80000,0x00000000d8f80000,0x00000000d9480000)
 ParOldGen       total 84992K, used 80K [0x0000000084200000, 0x0000000089500000, 0x00000000d6b80000)
  object space 84992K, 0% used [0x0000000084200000,0x0000000084214028,0x0000000089500000)
 Metaspace       used 12359K, capacity 12554K, committed 12928K, reserved 1060864K
  class space    used 1461K, capacity 1543K, committed 1664K, reserved 1048576K
Event: 2.602 GC heap after
Heap after GC invocations=2 (full 0):
 PSYoungGen      total 36864K, used 5090K [0x00000000d6b80000, 0x00000000d9480000, 0x0000000100000000)
  eden space 31744K, 0% used [0x00000000d6b80000,0x00000000d6b80000,0x00000000d8a80000)
  from space 5120K, 99% used [0x00000000d8f80000,0x00000000d9478800,0x00000000d9480000)
  to   space 5120K, 0% used [0x00000000d8a80000,0x00000000d8a80000,0x00000000d8f80000)
 ParOldGen       total 84992K, used 654K [0x0000000084200000, 0x0000000089500000, 0x00000000d6b80000)
  object space 84992K, 0% used [0x0000000084200000,0x00000000842a3848,0x0000000089500000)
 Metaspace       used 12359K, capacity 12554K, committed 12928K, reserved 1060864K
  class space    used 1461K, capacity 1543K, committed 1664K, reserved 1048576K
}
Event: 2.991 GC heap before
{Heap before GC invocations=3 (full 0):
 PSYoungGen      total 36864K, used 36834K [0x00000000d6b80000, 0x00000000d9480000, 0x0000000100000000)
  eden space 31744K, 100% used [0x00000000d6b80000,0x00000000d8a80000,0x00000000d8a80000)
  from space 5120K, 99% used [0x00000000d8f80000,0x00000000d9478800,0x00000000d9480000)
  to   space 5120K, 0% used [0x00000000d8a80000,0x00000000d8a80000,0x00000000d8f80000)
 ParOldGen       total 84992K, used 654K [0x0000000084200000, 0x0000000089500000, 0x00000000d6b80000)
  object space 84992K, 0% used [0x0000000084200000,0x00000000842a3848,0x0000000089500000)
 Metaspace       used 15447K, capacity 15690K, committed 16000K, reserved 1062912K
  class space    used 1776K, capacity 1863K, committed 1920K, reserved 1048576K
Event: 2.996 GC heap after
Heap after GC invocations=3 (full 0):
 PSYoungGen      total 36864K, used 5093K [0x00000000d6b80000, 0x00000000d9480000, 0x0000000100000000)
  eden space 31744K, 0% used [0x00000000d6b80000,0x00000000d6b80000,0x00000000d8a80000)
  from space 5120K, 99% used [0x00000000d8a80000,0x00000000d8f794b8,0x00000000d8f80000)
  to   space 5120K, 0% used [0x00000000d8f80000,0x00000000d8f80000,0x00000000d9480000)
 ParOldGen       total 84992K, used 1435K [0x0000000084200000, 0x0000000089500000, 0x00000000d6b80000)
  object space 84992K, 1% used [0x0000000084200000,0x0000000084366c60,0x0000000089500000)
 Metaspace       used 15447K, capacity 15690K, committed 16000K, reserved 1062912K
  class space    used 1776K, capacity 1863K, committed 1920K, reserved 1048576K
}
Event: 3.228 GC heap before
{Heap before GC invocations=4 (full 0):
 PSYoungGen      total 36864K, used 36837K [0x00000000d6b80000, 0x00000000d9480000, 0x0000000100000000)
  eden space 31744K, 100% used [0x00000000d6b80000,0x00000000d8a80000,0x00000000d8a80000)
  from space 5120K, 99% used [0x00000000d8a80000,0x00000000d8f794b8,0x00000000d8f80000)
  to   space 5120K, 0% used [0x00000000d8f80000,0x00000000d8f80000,0x00000000d9480000)
 ParOldGen       total 84992K, used 1435K [0x0000000084200000, 0x0000000089500000, 0x00000000d6b80000)
  object space 84992K, 1% used [0x0000000084200000,0x0000000084366c60,0x0000000089500000)
 Metaspace       used 17781K, capacity 17962K, committed 18304K, reserved 1064960K
  class space    used 2063K, capacity 2151K, committed 2176K, reserved 1048576K
Event: 3.237 GC heap after
Heap after GC invocations=4 (full 0):
 PSYoungGen      total 36864K, used 5093K [0x00000000d6b80000, 0x00000000db380000, 0x0000000100000000)
  eden space 31744K, 0% used [0x00000000d6b80000,0x00000000d6b80000,0x00000000d8a80000)
  from space 5120K, 99% used [0x00000000d8f80000,0x00000000d94795f0,0x00000000d9480000)
  to   space 5120K, 0% used [0x00000000d8a80000,0x00000000d8a80000,0x00000000d8f80000)
 ParOldGen       total 84992K, used 1973K [0x0000000084200000, 0x0000000089500000, 0x00000000d6b80000)
  object space 84992K, 2% used [0x0000000084200000,0x00000000843ed470,0x0000000089500000)
 Metaspace       used 17781K, capacity 17962K, committed 18304K, reserved 1064960K
  class space    used 2063K, capacity 2151K, committed 2176K, reserved 1048576K
}

Deoptimization events (10 events):
Event: 2.215 Thread 0x000000000095a800 Uncommon trap: reason=unstable_if action=reinterpret pc=0x00007f8c3128471c method=org.apache.xerces.impl.XMLEntityScanner.skipChar(I)Z @ 14
Event: 2.497 Thread 0x000000000095a800 Uncommon trap: reason=unstable_if action=reinterpret pc=0x00007f8c312d0bcc method=org.apache.xerces.dom.DeferredDocumentImpl.clearChunkIndex([[III)I @ 47
Event: 2.591 Thread 0x000000000095a800 Uncommon trap: reason=unstable_if action=reinterpret pc=0x00007f8c3139165c method=org.apache.xerces.impl.XMLEntityScanner.scanQName(Lorg/apache/xerces/xni/QName;)Z @ 68
Event: 2.663 Thread 0x000000000095a800 Uncommon trap: reason=unstable_if action=reinterpret pc=0x00007f8c31243b14 method=sun.net.www.ParseUtil.encodePath(Ljava/lang/String;Z)Ljava/lang/String; @ 109
Event: 3.456 Thread 0x000000000095a800 Uncommon trap: reason=class_check action=maybe_recompile pc=0x00007f8c3141c778 method=java.io.DataOutputStream.write(I)V @ 5
Event: 3.456 Thread 0x000000000095a800 Uncommon trap: reason=class_check action=maybe_recompile pc=0x00007f8c3141c778 method=java.io.DataOutputStream.write(I)V @ 5
Event: 3.456 Thread 0x000000000095a800 Uncommon trap: reason=class_check action=maybe_recompile pc=0x00007f8c3141c778 method=java.io.DataOutputStream.write(I)V @ 5
Event: 3.618 Thread 0x000000000095a800 Uncommon trap: reason=bimorphic action=maybe_recompile pc=0x00007f8c31407a44 method=java.io.DataOutputStream.writeShort(I)V @ 12
Event: 3.618 Thread 0x000000000095a800 Uncommon trap: reason=class_check action=maybe_recompile pc=0x00007f8c3141c778 method=java.io.DataOutputStream.write(I)V @ 5
Event: 3.759 Thread 0x000000000095a800 Uncommon trap: reason=bimorphic action=maybe_recompile pc=0x00007f8c31407a44 method=java.io.DataOutputStream.writeShort(I)V @ 12

Internal exceptions (10 events):
Event: 1.645 Thread 0x000000000095a800 Exception <a 'java/lang/ClassNotFoundException': org/apache/log4j/AppenderSkeletonCustomizer> (0x00000000d73f8a58) thrown at [/build/openjdk-8-YiEakL/openjdk-8-8u121-b13/src/hotspot/src/share/vm/classfile/systemDictionary.cpp, line 210]
Event: 1.647 Thread 0x000000000095a800 Exception <a 'java/lang/ClassNotFoundException': org/apache/log4j/WriterAppenderCustomizer> (0x00000000d7431dc0) thrown at [/build/openjdk-8-YiEakL/openjdk-8-8u121-b13/src/hotspot/src/share/vm/classfile/systemDictionary.cpp, line 210]
Event: 1.648 Thread 0x000000000095a800 Exception <a 'java/lang/ClassNotFoundException': org/apache/log4j/ConsoleAppenderCustomizer> (0x00000000d7461da8) thrown at [/build/openjdk-8-YiEakL/openjdk-8-8u121-b13/src/hotspot/src/share/vm/classfile/systemDictionary.cpp, line 210]
Event: 2.266 Thread 0x000000000095a800 Exception <a 'java/lang/NoSuchFieldError': method resolution failed> (0x00000000d6f67fa8) thrown at [/build/openjdk-8-YiEakL/openjdk-8-8u121-b13/src/hotspot/src/share/vm/prims/methodHandles.cpp, line 1146]
Event: 2.267 Thread 0x000000000095a800 Exception <a 'java/lang/NoSuchFieldError': method resolution failed> (0x00000000d6f75698) thrown at [/build/openjdk-8-YiEakL/openjdk-8-8u121-b13/src/hotspot/src/share/vm/prims/methodHandles.cpp, line 1146]
Event: 2.407 Thread 0x000000000095a800 Exception <a 'java/io/FileNotFoundException'> (0x00000000d711a1b8) thrown at [/build/openjdk-8-YiEakL/openjdk-8-8u121-b13/src/hotspot/src/share/vm/prims/jni.cpp, line 709]
Event: 2.407 Thread 0x000000000095a800 Exception <a 'java/security/PrivilegedActionException'> (0x00000000d711a620) thrown at [/build/openjdk-8-YiEakL/openjdk-8-8u121-b13/src/hotspot/src/share/vm/prims/jvm.cpp, line 1390]
Event: 2.407 Thread 0x000000000095a800 Exception <a 'java/lang/reflect/InvocationTargetException'> (0x00000000d711c6e0) thrown at [/build/openjdk-8-YiEakL/openjdk-8-8u121-b13/src/hotspot/src/share/vm/runtime/reflection.cpp, line 1092]
Event: 3.631 Thread 0x000000000214a000 Exception <a 'java/lang/InterruptedException'> (0x00000000d7467f40) thrown at [/build/openjdk-8-YiEakL/openjdk-8-8u121-b13/src/hotspot/src/share/vm/runtime/objectMonitor.cpp, line 1684]
Event: 3.761 Thread 0x0000000002246000 Exception <a 'java/lang/InterruptedException'> (0x00000000d872b7f8) thrown at [/build/openjdk-8-YiEakL/openjdk-8-8u121-b13/src/hotspot/src/share/vm/runtime/objectMonitor.cpp, line 1684]

Events (10 events):
Event: 3.755 loading class javax/security/auth/Subject$ClassSet$1 done
Event: 3.756 Thread 0x0000000002246000 Thread added: 0x0000000002246000
Event: 3.756 Thread 0x0000000002246800 Thread added: 0x0000000002246800
Event: 3.759 Thread 0x000000000095a800 Uncommon trap: trap_request=0xffffffc6 fr.pc=0x00007f8c31407a44
Event: 3.759 Thread 0x000000000095a800 DEOPT PACKING pc=0x00007f8c31407a44 sp=0x00007ffd5a479d60
Event: 3.759 Thread 0x000000000095a800 DEOPT UNPACKING pc=0x00007f8c31004f69 sp=0x00007ffd5a479d70 mode 2
Event: 3.761 Thread 0x0000000002246000 Thread exited: 0x0000000002246000
Event: 3.861 Thread 0x0000000002246800 Thread exited: 0x0000000002246800
Event: 4.362 Executing VM operation: EnableBiasedLocking
Event: 4.363 Executing VM operation: EnableBiasedLocking done


Dynamic libraries:
00400000-00500000 r-xp 00000000 08:01 38801530                           /home/peter/FYP/FastLSH/cmake-build-debug/FastLSH
006ff000-00700000 r--p 000ff000 08:01 38801530                           /home/peter/FYP/FastLSH/cmake-build-debug/FastLSH
00700000-00701000 rw-p 00100000 08:01 38801530                           /home/peter/FYP/FastLSH/cmake-build-debug/FastLSH
00701000-00702000 rw-p 00000000 00:00 0 
00769000-0377a000 rw-p 00000000 00:00 0                                  [heap]
84200000-89500000 rw-p 00000000 00:00 0 
89500000-d6b80000 ---p 00000000 00:00 0 
d6b80000-db380000 rw-p 00000000 00:00 0 
db380000-100000000 ---p 00000000 00:00 0 
100000000-100280000 rw-p 00000000 00:00 0 
100280000-140000000 ---p 00000000 00:00 0 
7f8bb8000000-7f8bb8085000 rw-p 00000000 00:00 0 
7f8bb8085000-7f8bbc000000 ---p 00000000 00:00 0 
7f8bbc000000-7f8bbc084000 rw-p 00000000 00:00 0 
7f8bbc084000-7f8bc0000000 ---p 00000000 00:00 0 
7f8bc0000000-7f8bc0089000 rw-p 00000000 00:00 0 
7f8bc0089000-7f8bc4000000 ---p 00000000 00:00 0 
7f8bc4000000-7f8bc4083000 rw-p 00000000 00:00 0 
7f8bc4083000-7f8bc8000000 ---p 00000000 00:00 0 
7f8bc8000000-7f8bc808b000 rw-p 00000000 00:00 0 
7f8bc808b000-7f8bcc000000 ---p 00000000 00:00 0 
7f8bcc000000-7f8bcc07e000 rw-p 00000000 00:00 0 
7f8bcc07e000-7f8bd0000000 ---p 00000000 00:00 0 
7f8bd0000000-7f8bd007e000 rw-p 00000000 00:00 0 
7f8bd007e000-7f8bd4000000 ---p 00000000 00:00 0 
7f8bd4000000-7f8bd4021000 rw-p 00000000 00:00 0 
7f8bd4021000-7f8bd8000000 ---p 00000000 00:00 0 
7f8bd8000000-7f8bd8089000 rw-p 00000000 00:00 0 
7f8bd8089000-7f8bdc000000 ---p 00000000 00:00 0 
7f8bdc000000-7f8bdc021000 rw-p 00000000 00:00 0 
7f8bdc021000-7f8be0000000 ---p 00000000 00:00 0 
7f8be0000000-7f8be0021000 rw-p 00000000 00:00 0 
7f8be0021000-7f8be4000000 ---p 00000000 00:00 0 
7f8be4000000-7f8be427c000 rw-p 00000000 00:00 0 
7f8be427c000-7f8be8000000 ---p 00000000 00:00 0 
7f8be8000000-7f8be8021000 rw-p 00000000 00:00 0 
7f8be8021000-7f8bec000000 ---p 00000000 00:00 0 
7f8bec000000-7f8bec381000 rw-p 00000000 00:00 0 
7f8bec381000-7f8bf0000000 ---p 00000000 00:00 0 
7f8bf0000000-7f8bf02d1000 rw-p 00000000 00:00 0 
7f8bf02d1000-7f8bf4000000 ---p 00000000 00:00 0 
7f8bf4000000-7f8bf4021000 rw-p 00000000 00:00 0 
7f8bf4021000-7f8bf8000000 ---p 00000000 00:00 0 
7f8bf8000000-7f8bf83d6000 rw-p 00000000 00:00 0 
7f8bf83d6000-7f8bfc000000 ---p 00000000 00:00 0 
7f8bfc000000-7f8bfc021000 rw-p 00000000 00:00 0 
7f8bfc021000-7f8c00000000 ---p 00000000 00:00 0 
7f8c00000000-7f8c00021000 rw-p 00000000 00:00 0 
7f8c00021000-7f8c04000000 ---p 00000000 00:00 0 
7f8c04000000-7f8c04021000 rw-p 00000000 00:00 0 
7f8c04021000-7f8c08000000 ---p 00000000 00:00 0 
7f8c08000000-7f8c08021000 rw-p 00000000 00:00 0 
7f8c08021000-7f8c0c000000 ---p 00000000 00:00 0 
7f8c0c000000-7f8c0c021000 rw-p 00000000 00:00 0 
7f8c0c021000-7f8c10000000 ---p 00000000 00:00 0 
7f8c11ffc000-7f8c11ffd000 ---p 00000000 00:00 0 
7f8c11ffd000-7f8c127fd000 rw-p 00000000 00:00 0 
7f8c127fd000-7f8c127fe000 ---p 00000000 00:00 0 
7f8c127fe000-7f8c12ffe000 rw-p 00000000 00:00 0 
7f8c12ffe000-7f8c12fff000 ---p 00000000 00:00 0 
7f8c12fff000-7f8c137ff000 rw-p 00000000 00:00 0 
7f8c137ff000-7f8c13800000 ---p 00000000 00:00 0 
7f8c13800000-7f8c14000000 rw-p 00000000 00:00 0 
7f8c14000000-7f8c14021000 rw-p 00000000 00:00 0 
7f8c14021000-7f8c18000000 ---p 00000000 00:00 0 
7f8c1861b000-7f8c1861c000 ---p 00000000 00:00 0 
7f8c1861c000-7f8c18e1c000 rw-p 00000000 00:00 0 
7f8c18e1c000-7f8c18e1d000 ---p 00000000 00:00 0 
7f8c18e1d000-7f8c1961d000 rw-p 00000000 00:00 0 
7f8c1961d000-7f8c1961e000 ---p 00000000 00:00 0 
7f8c1961e000-7f8c19e1e000 rw-p 00000000 00:00 0 
7f8c19e1e000-7f8c19e1f000 ---p 00000000 00:00 0 
7f8c19e1f000-7f8c1a65f000 rw-p 00000000 00:00 0 
7f8c1a65f000-7f8c1a81f000 ---p 00000000 00:00 0 
7f8c1aa21000-7f8c1aa32000 r-xp 00000000 08:01 56888874                   /usr/lib/jvm/java-8-openjdk-amd64/jre/lib/amd64/libnio.so
7f8c1aa32000-7f8c1ac32000 ---p 00011000 08:01 56888874                   /usr/lib/jvm/java-8-openjdk-amd64/jre/lib/amd64/libnio.so
7f8c1ac32000-7f8c1ac33000 r--p 00011000 08:01 56888874                   /usr/lib/jvm/java-8-openjdk-amd64/jre/lib/amd64/libnio.so
7f8c1ac33000-7f8c1ac34000 rw-p 00012000 08:01 56888874                   /usr/lib/jvm/java-8-openjdk-amd64/jre/lib/amd64/libnio.so
7f8c1ac34000-7f8c1ae34000 rw-p 00000000 00:00 0 
7f8c1aedb000-7f8c1b0db000 rw-p 00000000 00:00 0 
7f8c1b0db000-7f8c1b2db000 rw-p 00000000 00:00 0 
7f8c1b2db000-7f8c1b5dc000 rw-p 00000000 00:00 0 
7f8c1b5dc000-7f8c1b5f3000 r-xp 00000000 08:01 56888866                   /usr/lib/jvm/java-8-openjdk-amd64/jre/lib/amd64/libnet.so
7f8c1b5f3000-7f8c1b7f2000 ---p 00017000 08:01 56888866                   /usr/lib/jvm/java-8-openjdk-amd64/jre/lib/amd64/libnet.so
7f8c1b7f2000-7f8c1b7f3000 r--p 00016000 08:01 56888866                   /usr/lib/jvm/java-8-openjdk-amd64/jre/lib/amd64/libnet.so
7f8c1b7f3000-7f8c1b7f4000 rw-p 00017000 08:01 56888866                   /usr/lib/jvm/java-8-openjdk-amd64/jre/lib/amd64/libnet.so
7f8c1b7f4000-7f8c1b9f4000 rw-p 00000000 00:00 0 
7f8c1b9f4000-7f8c1b9f5000 r-xp 00000000 08:01 56888858                   /usr/lib/jvm/java-8-openjdk-amd64/jre/lib/amd64/libjaas_unix.so
7f8c1b9f5000-7f8c1bbf4000 ---p 00001000 08:01 56888858                   /usr/lib/jvm/java-8-openjdk-amd64/jre/lib/amd64/libjaas_unix.so
7f8c1bbf4000-7f8c1bbf5000 r--p 00000000 08:01 56888858                   /usr/lib/jvm/java-8-openjdk-amd64/jre/lib/amd64/libjaas_unix.so
7f8c1bbf5000-7f8c1bbf6000 rw-p 00001000 08:01 56888858                   /usr/lib/jvm/java-8-openjdk-amd64/jre/lib/amd64/libjaas_unix.so
7f8c1bbf6000-7f8c1bdf6000 rw-p 00000000 00:00 0 
7f8c1bdf6000-7f8c1bdff000 r-xp 00000000 08:01 56888880                   /usr/lib/jvm/java-8-openjdk-amd64/jre/lib/amd64/libmanagement.so
7f8c1bdff000-7f8c1bffe000 ---p 00009000 08:01 56888880                   /usr/lib/jvm/java-8-openjdk-amd64/jre/lib/amd64/libmanagement.so
7f8c1bffe000-7f8c1bfff000 r--p 00008000 08:01 56888880                   /usr/lib/jvm/java-8-openjdk-amd64/jre/lib/amd64/libmanagement.so
7f8c1bfff000-7f8c1c000000 rw-p 00009000 08:01 56888880                   /usr/lib/jvm/java-8-openjdk-amd64/jre/lib/amd64/libmanagement.so
7f8c1c000000-7f8c1c021000 rw-p 00000000 00:00 0 
7f8c1c021000-7f8c20000000 ---p 00000000 00:00 0 
7f8c20000000-7f8c20021000 rw-p 00000000 00:00 0 
7f8c20021000-7f8c24000000 ---p 00000000 00:00 0 
7f8c24000000-7f8c24021000 rw-p 00000000 00:00 0 
7f8c24021000-7f8c28000000 ---p 00000000 00:00 0 
7f8c28000000-7f8c28021000 rw-p 00000000 00:00 0 
7f8c28021000-7f8c2c000000 ---p 00000000 00:00 0 
7f8c2c000000-7f8c2c021000 rw-p 00000000 00:00 0 
7f8c2c021000-7f8c30000000 ---p 00000000 00:00 0 
7f8c3009f000-7f8c300a2000 r--s 00015000 08:01 56363511                   /usr/lib/jvm/java-8-openjdk-amd64/jre/lib/jce.jar
7f8c300a2000-7f8c300a6000 r--s 0009a000 08:01 56363510                   /usr/lib/jvm/java-8-openjdk-amd64/jre/lib/jsse.jar
7f8c300a6000-7f8c300a9000 ---p 00000000 00:00 0 
7f8c300a9000-7f8c301a7000 rw-p 00000000 00:00 0 
7f8c301a7000-7f8c301aa000 ---p 00000000 00:00 0 
7f8c301aa000-7f8c301e0000 rw-p 00000000 00:00 0 
7f8c301e0000-7f8c301e2000 r--s 0000e000 08:01 37358641                   /usr/local/hadoop/share/hadoop/mapreduce/hadoop-mapreduce-client-jobclient-2.7.3.jar
7f8c301e2000-7f8c301ef000 r--s 000b0000 08:01 37358637                   /usr/local/hadoop/share/hadoop/mapreduce/hadoop-mapreduce-client-common-2.7.3.jar
7f8c301ef000-7f8c301f1000 r--s 00010000 08:01 37358638                   /usr/local/hadoop/share/hadoop/mapreduce/hadoop-mapreduce-client-shuffle-2.7.3.jar
7f8c301f1000-7f8c30209000 r--s 00164000 08:01 37358636                   /usr/local/hadoop/share/hadoop/mapreduce/hadoop-mapreduce-client-core-2.7.3.jar
7f8c30209000-7f8c3020d000 r--s 0002b000 08:01 37358640                   /usr/local/hadoop/share/hadoop/mapreduce/hadoop-mapreduce-client-hs-2.7.3.jar
7f8c3020d000-7f8c3020e000 r--s 00006000 08:01 37358642                   /usr/local/hadoop/share/hadoop/mapreduce/hadoop-mapreduce-client-hs-plugins-2.7.3.jar
7f8c3020e000-7f8c30224000 r--s 00165000 08:01 37358644                   /usr/local/hadoop/share/hadoop/mapreduce/hadoop-mapreduce-client-jobclient-2.7.3-tests.jar
7f8c30224000-7f8c30229000 r--s 00044000 08:01 37358643                   /usr/local/hadoop/share/hadoop/mapreduce/hadoop-mapreduce-examples-2.7.3.jar
7f8c30229000-7f8c30233000 r--s 0007a000 08:01 37358639                   /usr/local/hadoop/share/hadoop/mapreduce/hadoop-mapreduce-client-app-2.7.3.jar
7f8c30233000-7f8c3023a000 r--s 00044000 08:01 37358612                   /usr/local/hadoop/share/hadoop/mapreduce/lib/avro-1.7.4.jar
7f8c3023a000-7f8c30240000 r--s 00036000 08:01 37358632                   /usr/local/hadoop/share/hadoop/mapreduce/lib/junit-4.11.jar
7f8c30240000-7f8c30248000 r--s 0007b000 08:01 37358611                   /usr/local/hadoop/share/hadoop/mapreduce/lib/protobuf-java-2.5.0.jar
7f8c30248000-7f8c30249000 r--s 0000a000 08:01 37358623                   /usr/local/hadoop/share/hadoop/mapreduce/lib/asm-3.2.jar
7f8c30249000-7f8c30253000 r--s 00066000 08:01 37358621                   /usr/local/hadoop/share/hadoop/mapreduce/lib/jersey-core-1.9.jar
7f8c30253000-7f8c30254000 r--s 00003000 08:01 37358630                   /usr/local/hadoop/share/hadoop/mapreduce/lib/jersey-guice-1.9.jar
7f8c30254000-7f8c30258000 r--s 0002a000 08:01 37358620                   /usr/local/hadoop/share/hadoop/mapreduce/lib/commons-io-2.4.jar
7f8c30258000-7f8c3026f000 r--s 0010e000 08:01 37358625                   /usr/local/hadoop/share/hadoop/mapreduce/lib/netty-3.6.2.Final.jar
7f8c3026f000-7f8c30271000 r--s 000f2000 08:01 37358616                   /usr/local/hadoop/share/hadoop/mapreduce/lib/snappy-java-1.0.4.1.jar
7f8c30271000-7f8c30273000 r--s 00009000 08:01 37358633                   /usr/local/hadoop/share/hadoop/mapreduce/lib/hamcrest-core-1.3.jar
7f8c30273000-7f8c3027c000 r--s 0006f000 08:01 37358624                   /usr/local/hadoop/share/hadoop/mapreduce/lib/log4j-1.2.17.jar
7f8c3027c000-7f8c3028e000 r--s 0009d000 08:01 37358622                   /usr/local/hadoop/share/hadoop/mapreduce/lib/jersey-server-1.9.jar
7f8c3028e000-7f8c3028f000 r--s 00009000 08:01 37358619                   /usr/local/hadoop/share/hadoop/mapreduce/lib/hadoop-annotations-2.7.3.jar
7f8c3028f000-7f8c30290000 r--s 00000000 08:01 37358628                   /usr/local/hadoop/share/hadoop/mapreduce/lib/javax.inject-1.jar
7f8c30290000-7f8c30292000 r--s 00006000 08:01 37358615                   /usr/local/hadoop/share/hadoop/mapreduce/lib/paranamer-2.3.jar
7f8c30292000-7f8c30296000 r--s 00014000 08:01 37358618                   /usr/local/hadoop/share/hadoop/mapreduce/lib/xz-1.0.jar
7f8c30296000-7f8c3029a000 r--s 00035000 08:01 37358613                   /usr/local/hadoop/share/hadoop/mapreduce/lib/jackson-core-asl-1.9.13.jar
7f8c3029a000-7f8c3029c000 r--s 00000000 08:01 37358629                   /usr/local/hadoop/share/hadoop/mapreduce/lib/aopalliance-1.0.jar
7f8c3029c000-7f8c302aa000 r--s 000b1000 08:01 37358614                   /usr/local/hadoop/share/hadoop/mapreduce/lib/jackson-mapper-asl-1.9.13.jar
7f8c302aa000-7f8c302af000 r--s 00036000 08:01 37358617                   /usr/local/hadoop/share/hadoop/mapreduce/lib/commons-compress-1.4.1.jar
7f8c302af000-7f8c302be000 r--s 0009f000 08:01 37358627                   /usr/local/hadoop/share/hadoop/mapreduce/lib/guice-3.0.jar
7f8c302be000-7f8c302c1000 r--s 000fd000 08:01 37358626                   /usr/local/hadoop/share/hadoop/mapreduce/lib/leveldbjni-all-1.8.jar
7f8c302c1000-7f8c302c3000 r--s 0000e000 08:01 37358631                   /usr/local/hadoop/share/hadoop/mapreduce/lib/guice-servlet-3.0.jar
7f8c302c3000-7f8c302d1000 r--s 000a1000 08:01 37358582                   /usr/local/hadoop/share/hadoop/yarn/hadoop-yarn-server-nodemanager-2.7.3.jar
7f8c302d1000-7f8c302e7000 r--s 00122000 08:01 37358585                   /usr/local/hadoop/share/hadoop/yarn/hadoop-yarn-server-resourcemanager-2.7.3.jar
7f8c302e7000-7f8c302ea000 r--s 0001b000 08:01 37358591                   /usr/local/hadoop/share/hadoop/yarn/hadoop-yarn-registry-2.7.3.jar
7f8c302ea000-7f8c30307000 r--s 001d3000 08:01 37358579                   /usr/local/hadoop/share/hadoop/yarn/hadoop-yarn-api-2.7.3.jar
7f8c30307000-7f8c30309000 r--s 00011000 08:01 37358588                   /usr/local/hadoop/share/hadoop/yarn/hadoop-yarn-server-sharedcachemanager-2.7.3.jar
7f8c30309000-7f8c3030a000 r--s 00010000 08:01 37358589                   /usr/local/hadoop/share/hadoop/yarn/hadoop-yarn-applications-distributedshell-2.7.3.jar
7f8c3030a000-7f8c30312000 r--s 00057000 08:01 37358581                   /usr/local/hadoop/share/hadoop/yarn/hadoop-yarn-server-common-2.7.3.jar
7f8c30312000-7f8c30317000 r--s 00031000 08:01 37358584                   /usr/local/hadoop/share/hadoop/yarn/hadoop-yarn-server-applicationhistoryservice-2.7.3.jar
7f8c30317000-7f8c30319000 r--s 00008000 08:01 37358590                   /usr/local/hadoop/share/hadoop/yarn/hadoop-yarn-applications-unmanaged-am-launcher-2.7.3.jar
7f8c30319000-7f8c3031b000 r--s 0000e000 08:01 37358586                   /usr/local/hadoop/share/hadoop/yarn/hadoop-yarn-server-tests-2.7.3.jar
7f8c3031b000-7f8c3031d000 r--s 0000d000 08:01 37358583                   /usr/local/hadoop/share/hadoop/yarn/hadoop-yarn-server-web-proxy-2.7.3.jar
7f8c3031d000-7f8c30320000 r--s 00026000 08:01 37358587                   /usr/local/hadoop/share/hadoop/yarn/hadoop-yarn-client-2.7.3.jar
7f8c30320000-7f8c30338000 r--s 00182000 08:01 37358580                   /usr/local/hadoop/share/hadoop/yarn/hadoop-yarn-common-2.7.3.jar
7f8c30338000-7f8c3034b000 r--s 000c7000 08:01 37358570                   /usr/local/hadoop/share/hadoop/yarn/lib/jaxb-impl-2.2.3-1.jar
7f8c3034b000-7f8c3036c000 r--s 00172000 08:01 37358541                   /usr/local/hadoop/share/hadoop/yarn/lib/guava-11.0.2.jar
7f8c3036c000-7f8c30374000 r--s 0007b000 08:01 37358544                   /usr/local/hadoop/share/hadoop/yarn/lib/protobuf-java-2.5.0.jar
7f8c30374000-7f8c30375000 r--s 0000a000 08:01 37358567                   /usr/local/hadoop/share/hadoop/yarn/lib/asm-3.2.jar
7f8c30375000-7f8c30379000 r--s 00021000 08:01 37358568                   /usr/local/hadoop/share/hadoop/yarn/lib/jersey-json-1.9.jar
7f8c30379000-7f8c3037c000 r--s 00006000 08:01 37358542                   /usr/local/hadoop/share/hadoop/yarn/lib/jsr305-3.0.0.jar
7f8c3037c000-7f8c30388000 r--s 000b6000 08:01 37358572                   /usr/local/hadoop/share/hadoop/yarn/lib/zookeeper-3.4.6.jar
7f8c30388000-7f8c30392000 r--s 00066000 08:01 37358555                   /usr/local/hadoop/share/hadoop/yarn/lib/jersey-core-1.9.jar
7f8c30392000-7f8c30393000 r--s 00003000 08:01 37358571                   /usr/local/hadoop/share/hadoop/yarn/lib/jersey-guice-1.9.jar
7f8c30393000-7f8c30397000 r--s 0002a000 08:01 37358565                   /usr/local/hadoop/share/hadoop/yarn/lib/commons-io-2.4.jar
7f8c30397000-7f8c303ae000 r--s 0010e000 08:01 37358573                   /usr/local/hadoop/share/hadoop/yarn/lib/netty-3.6.2.Final.jar
7f8c303ae000-7f8c303b7000 r--s 0007b000 08:01 37358539                   /usr/local/hadoop/share/hadoop/yarn/lib/zookeeper-3.4.6-tests.jar
7f8c303b7000-7f8c303b9000 r--s 0000d000 08:01 37358553                   /usr/local/hadoop/share/hadoop/yarn/lib/commons-codec-1.4.jar
7f8c303b9000-7f8c303c2000 r--s 0006f000 08:01 37358546                   /usr/local/hadoop/share/hadoop/yarn/lib/log4j-1.2.17.jar
7f8c303c2000-7f8c303d4000 r--s 0009d000 08:01 37358566                   /usr/local/hadoop/share/hadoop/yarn/lib/jersey-server-1.9.jar
7f8c303d4000-7f8c303d7000 r--s 00017000 08:01 37358547                   /usr/local/hadoop/share/hadoop/yarn/lib/jaxb-api-2.2.2.jar
7f8c303d7000-7f8c303d8000 r--s 00004000 08:01 37358559                   /usr/local/hadoop/share/hadoop/yarn/lib/jackson-jaxrs-1.9.13.jar
7f8c303d8000-7f8c303db000 r--s 0001d000 08:01 37358556                   /usr/local/hadoop/share/hadoop/yarn/lib/jersey-client-1.9.jar
7f8c303db000-7f8c303e2000 r--s 0007d000 08:01 37358576                   /usr/local/hadoop/share/hadoop/yarn/lib/jetty-6.1.26.jar
7f8c303e2000-7f8c303e4000 r--s 0000e000 08:01 37358543                   /usr/local/hadoop/share/hadoop/yarn/lib/commons-logging-1.1.3.jar
7f8c303e4000-7f8c303e6000 r--s 00009000 08:01 37358545                   /usr/local/hadoop/share/hadoop/yarn/lib/commons-cli-1.2.jar
7f8c303e6000-7f8c303e7000 r--s 00000000 08:01 37358563                   /usr/local/hadoop/share/hadoop/yarn/lib/javax.inject-1.jar
7f8c303e7000-7f8c303eb000 r--s 00028000 08:01 37358554                   /usr/local/hadoop/share/hadoop/yarn/lib/jetty-util-6.1.26.jar
7f8c303eb000-7f8c303ef000 r--s 00014000 08:01 37358551                   /usr/local/hadoop/share/hadoop/yarn/lib/xz-1.0.jar
7f8c303ef000-7f8c303f1000 r--s 0000e000 08:01 37358549                   /usr/local/hadoop/share/hadoop/yarn/lib/activation-1.1.jar
7f8c303f1000-7f8c303f3000 r--s 00004000 08:01 37358548                   /usr/local/hadoop/share/hadoop/yarn/lib/stax-api-1.0-2.jar
7f8c303f3000-7f8c303f4000 r--s 00006000 08:01 37358560                   /usr/local/hadoop/share/hadoop/yarn/lib/jackson-xc-1.9.13.jar
7f8c303f4000-7f8c30401000 r--s 00083000 08:01 37358575                   /usr/local/hadoop/share/hadoop/yarn/lib/commons-collections-3.2.2.jar
7f8c30401000-7f8c30405000 r--s 00035000 08:01 37358557                   /usr/local/hadoop/share/hadoop/yarn/lib/jackson-core-asl-1.9.13.jar
7f8c30405000-7f8c30407000 r--s 00000000 08:01 37358564                   /usr/local/hadoop/share/hadoop/yarn/lib/aopalliance-1.0.jar
7f8c30407000-7f8c30409000 r--s 00018000 08:01 37358552                   /usr/local/hadoop/share/hadoop/yarn/lib/servlet-api-2.5.jar
7f8c30409000-7f8c30417000 r--s 000b1000 08:01 37358558                   /usr/local/hadoop/share/hadoop/yarn/lib/jackson-mapper-asl-1.9.13.jar
7f8c30417000-7f8c3041c000 r--s 00041000 08:01 37358540                   /usr/local/hadoop/share/hadoop/yarn/lib/commons-lang-2.6.jar
7f8c3041c000-7f8c3041e000 r--s 0000f000 08:01 37358569                   /usr/local/hadoop/share/hadoop/yarn/lib/jettison-1.1.jar
7f8c3041e000-7f8c30423000 r--s 00036000 08:01 37358550                   /usr/local/hadoop/share/hadoop/yarn/lib/commons-compress-1.4.1.jar
7f8c30423000-7f8c30432000 r--s 0009f000 08:01 37358562                   /usr/local/hadoop/share/hadoop/yarn/lib/guice-3.0.jar
7f8c30432000-7f8c30435000 r--s 000fd000 08:01 37358574                   /usr/local/hadoop/share/hadoop/yarn/lib/leveldbjni-all-1.8.jar
7f8c30435000-7f8c30437000 r--s 0000e000 08:01 37358561                   /usr/local/hadoop/share/hadoop/yarn/lib/guice-servlet-3.0.jar
7f8c30437000-7f8c30439000 r--s 0001d000 08:01 37358098                   /usr/local/hadoop/share/hadoop/hdfs/hadoop-hdfs-nfs-2.7.3.jar
7f8c30439000-7f8c304a4000 r--s 0077b000 08:01 37358096                   /usr/local/hadoop/share/hadoop/hdfs/hadoop-hdfs-2.7.3.jar
7f8c304a4000-7f8c304c7000 r--s 00308000 08:01 37358097                   /usr/local/hadoop/share/hadoop/hdfs/hadoop-hdfs-2.7.3-tests.jar
7f8c304c7000-7f8c304e0000 r--s 00150000 08:01 37358090                   /usr/local/hadoop/share/hadoop/hdfs/lib/htrace-core-3.1.0-incubating.jar
7f8c304e0000-7f8c30501000 r--s 00172000 08:01 37358075                   /usr/local/hadoop/share/hadoop/hdfs/lib/guava-11.0.2.jar
7f8c30501000-7f8c3051e000 r--s 00196000 08:01 37358092                   /usr/local/hadoop/share/hadoop/hdfs/lib/netty-all-4.0.23.Final.jar
7f8c3051e000-7f8c30526000 r--s 0007b000 08:01 37358089                   /usr/local/hadoop/share/hadoop/hdfs/lib/protobuf-java-2.5.0.jar
7f8c30526000-7f8c30527000 r--s 0000a000 08:01 37358087                   /usr/local/hadoop/share/hadoop/hdfs/lib/asm-3.2.jar
7f8c30527000-7f8c3052a000 r--s 00006000 08:01 37358076                   /usr/local/hadoop/share/hadoop/hdfs/lib/jsr305-3.0.0.jar
7f8c3052a000-7f8c30534000 r--s 00066000 08:01 37358083                   /usr/local/hadoop/share/hadoop/hdfs/lib/jersey-core-1.9.jar
7f8c30534000-7f8c30538000 r--s 0002a000 08:01 37358079                   /usr/local/hadoop/share/hadoop/hdfs/lib/commons-io-2.4.jar
7f8c30538000-7f8c3054f000 r--s 0010e000 08:01 37358074                   /usr/local/hadoop/share/hadoop/hdfs/lib/netty-3.6.2.Final.jar
7f8c3054f000-7f8c30551000 r--s 0000d000 08:01 37358071                   /usr/local/hadoop/share/hadoop/hdfs/lib/commons-codec-1.4.jar
7f8c30551000-7f8c3055a000 r--s 0006f000 08:01 37358072                   /usr/local/hadoop/share/hadoop/hdfs/lib/log4j-1.2.17.jar
7f8c3055a000-7f8c3055b000 r--s 00003000 08:01 37358078                   /usr/local/hadoop/share/hadoop/hdfs/lib/xmlenc-0.52.jar
7f8c3055b000-7f8c3056d000 r--s 0009d000 08:01 37358086                   /usr/local/hadoop/share/hadoop/hdfs/lib/jersey-server-1.9.jar
7f8c3056d000-7f8c30574000 r--s 0007d000 08:01 37358081                   /usr/local/hadoop/share/hadoop/hdfs/lib/jetty-6.1.26.jar
7f8c30574000-7f8c30576000 r--s 0000e000 08:01 37358073                   /usr/local/hadoop/share/hadoop/hdfs/lib/commons-logging-1.1.3.jar
7f8c30576000-7f8c30578000 r--s 00009000 08:01 37358077                   /usr/local/hadoop/share/hadoop/hdfs/lib/commons-cli-1.2.jar
7f8c30578000-7f8c30579000 r--s 00005000 08:01 37358091                   /usr/local/hadoop/share/hadoop/hdfs/lib/commons-daemon-1.0.13.jar
7f8c30579000-7f8c3057d000 r--s 00028000 08:01 37358082                   /usr/local/hadoop/share/hadoop/hdfs/lib/jetty-util-6.1.26.jar
7f8c3057d000-7f8c30585000 r--s 00028000 08:01 37358094                   /usr/local/hadoop/share/hadoop/hdfs/lib/xml-apis-1.3.04.jar
7f8c30585000-7f8c30589000 r--s 00035000 08:01 37358084                   /usr/local/hadoop/share/hadoop/hdfs/lib/jackson-core-asl-1.9.13.jar
7f8c30589000-7f8c305a1000 r--s 00115000 08:01 37358093                   /usr/local/hadoop/share/hadoop/hdfs/lib/xercesImpl-2.9.1.jar
7f8c305a1000-7f8c305af000 r--s 000b1000 08:01 37358085                   /usr/local/hadoop/share/hadoop/hdfs/lib/jackson-mapper-asl-1.9.13.jar
7f8c305af000-7f8c305b4000 r--s 00041000 08:01 37358088                   /usr/local/hadoop/share/hadoop/hdfs/lib/commons-lang-2.6.jar
7f8c305b4000-7f8c305ea000 r--s 0031a000 08:01 37358012                   /usr/local/hadoop/share/hadoop/common/hadoop-common-2.7.3.jar
7f8c305ea000-7f8c30607000 r--s 001b6000 08:01 37358013                   /usr/local/hadoop/share/hadoop/common/hadoop-common-2.7.3-tests.jar
7f8c30607000-7f8c30620000 r--s 00150000 08:01 37357989                   /usr/local/hadoop/share/hadoop/common/lib/htrace-core-3.1.0-incubating.jar
7f8c30620000-7f8c30633000 r--s 000c7000 08:01 37357949                   /usr/local/hadoop/share/hadoop/common/lib/jaxb-impl-2.2.3-1.jar
7f8c30633000-7f8c30654000 r--s 00172000 08:01 37357994                   /usr/local/hadoop/share/hadoop/common/lib/guava-11.0.2.jar
7f8c30654000-7f8c30671000 r--s 0013e000 08:01 37357992                   /usr/local/hadoop/share/hadoop/common/lib/mockito-all-1.8.5.jar
7f8c30671000-7f8c30672000 ---p 00000000 00:00 0 
7f8c30672000-7f8c30772000 rw-p 00000000 00:00 0 
7f8c30772000-7f8c30775000 ---p 00000000 00:00 0 
7f8c30775000-7f8c30873000 rw-p 00000000 00:00 0 
7f8c30873000-7f8c30876000 ---p 00000000 00:00 0 
7f8c30876000-7f8c30974000 rw-p 00000000 00:00 0 
7f8c30974000-7f8c30977000 ---p 00000000 00:00 0 
7f8c30977000-7f8c30a75000 rw-p 00000000 00:00 0 
7f8c30a75000-7f8c30a78000 ---p 00000000 00:00 0 
7f8c30a78000-7f8c30b76000 rw-p 00000000 00:00 0 
7f8c30b76000-7f8c31000000 r--p 00000000 08:01 53871508                   /usr/lib/locale/locale-archive
7f8c31000000-7f8c31470000 rwxp 00000000 00:00 0 
7f8c31470000-7f8c40000000 ---p 00000000 00:00 0 
7f8c40000000-7f8c4007c000 rw-p 00000000 00:00 0 
7f8c4007c000-7f8c44000000 ---p 00000000 00:00 0 
7f8c44000000-7f8c44089000 rw-p 00000000 00:00 0 
7f8c44089000-7f8c48000000 ---p 00000000 00:00 0 
7f8c48000000-7f8c48084000 rw-p 00000000 00:00 0 
7f8c48084000-7f8c4c000000 ---p 00000000 00:00 0 
7f8c4c000000-7f8c4c07a000 rw-p 00000000 00:00 0 
7f8c4c07a000-7f8c50000000 ---p 00000000 00:00 0 
7f8c50000000-7f8c50083000 rw-p 00000000 00:00 0 
7f8c50083000-7f8c54000000 ---p 00000000 00:00 0 
7f8c54000000-7f8c54003000 r--s 000fd000 08:01 37358095                   /usr/local/hadoop/share/hadoop/hdfs/lib/leveldbjni-all-1.8.jar
7f8c54003000-7f8c54007000 r--s 00029000 08:01 37358014                   /usr/local/hadoop/share/hadoop/common/hadoop-nfs-2.7.3.jar
7f8c54007000-7f8c5400e000 r--s 00044000 08:01 37357971                   /usr/local/hadoop/share/hadoop/common/lib/avro-1.7.4.jar
7f8c5400e000-7f8c54011000 ---p 00000000 00:00 0 
7f8c54011000-7f8c5410f000 rw-p 00000000 00:00 0 
7f8c5410f000-7f8c54112000 ---p 00000000 00:00 0 
7f8c54112000-7f8c58000000 rw-p 00000000 00:00 0 
7f8c58000000-7f8c58075000 rw-p 00000000 00:00 0 
7f8c58075000-7f8c5c000000 ---p 00000000 00:00 0 
7f8c5c000000-7f8c5c002000 r--s 00018000 08:01 37358080                   /usr/local/hadoop/share/hadoop/hdfs/lib/servlet-api-2.5.jar
7f8c5c002000-7f8c5c004000 r--s 00003000 08:01 37357981                   /usr/local/hadoop/share/hadoop/common/lib/api-asn1-api-1.0.0-M20.jar
7f8c5c004000-7f8c5c00a000 r--s 00036000 08:01 37357990                   /usr/local/hadoop/share/hadoop/common/lib/junit-4.11.jar
7f8c5c00a000-7f8c5c013000 r--s 0007b000 08:01 37357960                   /usr/local/hadoop/share/hadoop/common/lib/jets3t-0.9.0.jar
7f8c5c013000-7f8c5c01b000 r--s 0007b000 08:01 37357976                   /usr/local/hadoop/share/hadoop/common/lib/protobuf-java-2.5.0.jar
7f8c5c01b000-7f8c5c01c000 r--s 0000a000 08:01 37357958                   /usr/local/hadoop/share/hadoop/common/lib/asm-3.2.jar
7f8c5c01c000-7f8c5c020000 r--s 00021000 08:01 37358010                   /usr/local/hadoop/share/hadoop/common/lib/jersey-json-1.9.jar
7f8c5c020000-7f8c5c023000 r--s 0002b000 08:01 37357987                   /usr/local/hadoop/share/hadoop/common/lib/jsch-0.1.42.jar
7f8c5c023000-7f8c5c026000 r--s 00006000 08:01 37357995                   /usr/local/hadoop/share/hadoop/common/lib/jsr305-3.0.0.jar
7f8c5c026000-7f8c5c032000 r--s 000b6000 08:01 37357983                   /usr/local/hadoop/share/hadoop/common/lib/zookeeper-3.4.6.jar
7f8c5c032000-7f8c5c04f000 r--s 0016a000 08:01 37357997                   /usr/local/hadoop/share/hadoop/common/lib/commons-math3-3.1.1.jar
7f8c5c04f000-7f8c5c057000 r--s 0003b000 08:01 37357988                   /usr/local/hadoop/share/hadoop/common/lib/curator-recipes-2.7.1.jar
7f8c5c057000-7f8c5c061000 r--s 00066000 08:01 37358009                   /usr/local/hadoop/share/hadoop/common/lib/jersey-core-1.9.jar
7f8c5c061000-7f8c5c065000 r--s 0002a000 08:01 37358002                   /usr/local/hadoop/share/hadoop/common/lib/commons-io-2.4.jar
7f8c5c065000-7f8c5c069000 r--s 00020000 08:01 37357966                   /usr/local/hadoop/share/hadoop/common/lib/commons-digester-1.8.jar
7f8c5c069000-7f8c5c080000 r--s 0010e000 08:01 37357984                   /usr/local/hadoop/share/hadoop/common/lib/netty-3.6.2.Final.jar
7f8c5c080000-7f8c5c085000 r--s 0002a000 08:01 37357977                   /usr/local/hadoop/share/hadoop/common/lib/gson-2.2.4.jar
7f8c5c085000-7f8c5c087000 r--s 000f2000 08:01 37357973                   /usr/local/hadoop/share/hadoop/common/lib/snappy-java-1.0.4.1.jar
7f8c5c087000-7f8c5c088000 r--s 00007000 08:01 37357969                   /usr/local/hadoop/share/hadoop/common/lib/slf4j-api-1.7.10.jar
7f8c5c088000-7f8c5c08a000 r--s 00009000 08:01 37357991                   /usr/local/hadoop/share/hadoop/common/lib/hamcrest-core-1.3.jar
7f8c5c08a000-7f8c5c08c000 r--s 0000d000 08:01 37358001                   /usr/local/hadoop/share/hadoop/common/lib/commons-codec-1.4.jar
7f8c5c08c000-7f8c5c095000 r--s 0006f000 08:01 37357959                   /usr/local/hadoop/share/hadoop/common/lib/log4j-1.2.17.jar
7f8c5c095000-7f8c5c0a7000 r--s 0009d000 08:01 37357957                   /usr/local/hadoop/share/hadoop/common/lib/jersey-server-1.9.jar
7f8c5c0a7000-7f8c5c0aa000 ---p 00000000 00:00 0 
7f8c5c0aa000-7f8c5c1a8000 rw-p 00000000 00:00 0 
7f8c5c1a8000-7f8c5c1ab000 ---p 00000000 00:00 0 
7f8c5c1ab000-7f8c5c2a9000 rw-p 00000000 00:00 0 
7f8c5c2a9000-7f8c5c2aa000 ---p 00000000 00:00 0 
7f8c5c2aa000-7f8c5d7be000 rw-p 00000000 00:00 0 
7f8c5d7be000-7f8c5d98c000 r--s 03c06000 08:01 56363514                   /usr/lib/jvm/java-8-openjdk-amd64/jre/lib/rt.jar
7f8c5d98c000-7f8c5e56b000 rw-p 00000000 00:00 0 
7f8c5e56b000-7f8c5e56c000 ---p 00000000 00:00 0 
7f8c5e56c000-7f8c5e66c000 rw-p 00000000 00:00 0 
7f8c5e66c000-7f8c5e66d000 ---p 00000000 00:00 0 
7f8c5e66d000-7f8c5e76d000 rw-p 00000000 00:00 0 
7f8c5e76d000-7f8c5e76e000 ---p 00000000 00:00 0 
7f8c5e76e000-7f8c5e86e000 rw-p 00000000 00:00 0 
7f8c5e86e000-7f8c5e86f000 ---p 00000000 00:00 0 
7f8c5e86f000-7f8c5e96f000 rw-p 00000000 00:00 0 
7f8c5e96f000-7f8c5e970000 ---p 00000000 00:00 0 
7f8c5e970000-7f8c5ea70000 rw-p 00000000 00:00 0 
7f8c5ea70000-7f8c5ea71000 ---p 00000000 00:00 0 
7f8c5ea71000-7f8c5eb9b000 rw-p 00000000 00:00 0 
7f8c5eb9b000-7f8c5ee06000 ---p 00000000 00:00 0 
7f8c5ee06000-7f8c5ee30000 rw-p 00000000 00:00 0 
7f8c5ee30000-7f8c5f09a000 ---p 00000000 00:00 0 
7f8c5f09a000-7f8c5f0bf000 rw-p 00000000 00:00 0 
7f8c5f0bf000-7f8c5f1e5000 ---p 00000000 00:00 0 
7f8c5f1e5000-7f8c5f1f8000 rw-p 00000000 00:00 0 
7f8c5f1f8000-7f8c5f5a6000 ---p 00000000 00:00 0 
7f8c5f5a6000-7f8c5f5bf000 r-xp 00000000 08:01 55316970                   /lib/x86_64-linux-gnu/libz.so.1.2.8
7f8c5f5bf000-7f8c5f7be000 ---p 00019000 08:01 55316970                   /lib/x86_64-linux-gnu/libz.so.1.2.8
7f8c5f7be000-7f8c5f7bf000 r--p 00018000 08:01 55316970                   /lib/x86_64-linux-gnu/libz.so.1.2.8
7f8c5f7bf000-7f8c5f7c0000 rw-p 00019000 08:01 55316970                   /lib/x86_64-linux-gnu/libz.so.1.2.8
7f8c5f7c0000-7f8c5f7c8000 r-xp 00000000 08:01 56888864                   /usr/lib/jvm/java-8-openjdk-amd64/jre/lib/amd64/libzip.so
7f8c5f7c8000-7f8c5f9c7000 ---p 00008000 08:01 56888864                   /usr/lib/jvm/java-8-openjdk-amd64/jre/lib/amd64/libzip.so
7f8c5f9c7000-7f8c5f9c8000 r--p 00007000 08:01 56888864                   /usr/lib/jvm/java-8-openjdk-amd64/jre/lib/amd64/libzip.so
7f8c5f9c8000-7f8c5f9c9000 rw-p 00008000 08:01 56888864                   /usr/lib/jvm/java-8-openjdk-amd64/jre/lib/amd64/libzip.so
7f8c5f9c9000-7f8c5f9d4000 r-xp 00000000 08:01 55316797                   /lib/x86_64-linux-gnu/libnss_files-2.23.so
7f8c5f9d4000-7f8c5fbd3000 ---p 0000b000 08:01 55316797                   /lib/x86_64-linux-gnu/libnss_files-2.23.so
7f8c5fbd3000-7f8c5fbd4000 r--p 0000a000 08:01 55316797                   /lib/x86_64-linux-gnu/libnss_files-2.23.so
7f8c5fbd4000-7f8c5fbd5000 rw-p 0000b000 08:01 55316797                   /lib/x86_64-linux-gnu/libnss_files-2.23.so
7f8c5fbd5000-7f8c5fbdb000 rw-p 00000000 00:00 0 
7f8c5fbdb000-7f8c5fbe6000 r-xp 00000000 08:01 55312470                   /lib/x86_64-linux-gnu/libnss_nis-2.23.so
7f8c5fbe6000-7f8c5fde5000 ---p 0000b000 08:01 55312470                   /lib/x86_64-linux-gnu/libnss_nis-2.23.so
7f8c5fde5000-7f8c5fde6000 r--p 0000a000 08:01 55312470                   /lib/x86_64-linux-gnu/libnss_nis-2.23.so
7f8c5fde6000-7f8c5fde7000 rw-p 0000b000 08:01 55312470                   /lib/x86_64-linux-gnu/libnss_nis-2.23.so
7f8c5fde7000-7f8c5fdfd000 r-xp 00000000 08:01 55312481                   /lib/x86_64-linux-gnu/libnsl-2.23.so
7f8c5fdfd000-7f8c5fffc000 ---p 00016000 08:01 55312481                   /lib/x86_64-linux-gnu/libnsl-2.23.so
7f8c5fffc000-7f8c5fffd000 r--p 00015000 08:01 55312481                   /lib/x86_64-linux-gnu/libnsl-2.23.so
7f8c5fffd000-7f8c5fffe000 rw-p 00016000 08:01 55312481                   /lib/x86_64-linux-gnu/libnsl-2.23.so
7f8c5fffe000-7f8c60000000 rw-p 00000000 00:00 0 
7f8c60000000-7f8c6006e000 rw-p 00000000 00:00 0 
7f8c6006e000-7f8c64000000 ---p 00000000 00:00 0 
7f8c64000000-7f8c64002000 r--s 0000f000 08:01 37357986                   /usr/local/hadoop/share/hadoop/common/lib/curator-client-2.7.1.jar
7f8c64002000-7f8c64003000 r--s 0000a000 08:01 37357980                   /usr/local/hadoop/share/hadoop/common/lib/apacheds-i18n-2.0.0-M15.jar
7f8c64003000-7f8c64005000 r--s 00015000 08:01 37357978                   /usr/local/hadoop/share/hadoop/common/lib/hadoop-auth-2.7.3.jar
7f8c64005000-7f8c64006000 r--s 00003000 08:01 37357998                   /usr/local/hadoop/share/hadoop/common/lib/xmlenc-0.52.jar
7f8c64006000-7f8c64009000 r--s 00017000 08:01 37357950                   /usr/local/hadoop/share/hadoop/common/lib/jaxb-api-2.2.2.jar
7f8c64009000-7f8c6400a000 r--s 00004000 08:01 37357955                   /usr/local/hadoop/share/hadoop/common/lib/jackson-jaxrs-1.9.13.jar
7f8c6400a000-7f8c6400b000 r--s 00009000 08:01 37357993                   /usr/local/hadoop/share/hadoop/common/lib/hadoop-annotations-2.7.3.jar
7f8c6400b000-7f8c64012000 r--s 0007d000 08:01 37358006                   /usr/local/hadoop/share/hadoop/common/lib/jetty-6.1.26.jar
7f8c64012000-7f8c64017000 r--s 0003e000 08:01 37358003                   /usr/local/hadoop/share/hadoop/common/lib/commons-net-3.1.jar
7f8c64017000-7f8c64019000 r--s 0000e000 08:01 37358000                   /usr/local/hadoop/share/hadoop/common/lib/commons-logging-1.1.3.jar
7f8c64019000-7f8c6401f000 r--s 00032000 08:01 37357962                   /usr/local/hadoop/share/hadoop/common/lib/httpcore-4.2.5.jar
7f8c6401f000-7f8c64025000 r--s 00045000 08:01 37357999                   /usr/local/hadoop/share/hadoop/common/lib/commons-httpclient-3.1.jar
7f8c64025000-7f8c6402b000 r--s 00043000 08:01 37357965                   /usr/local/hadoop/share/hadoop/common/lib/commons-configuration-1.6.jar
7f8c6402b000-7f8c6402c000 ---p 00000000 00:00 0 
7f8c6402c000-7f8c6412c000 rw-p 00000000 00:00 0 
7f8c6412c000-7f8c64134000 r-xp 00000000 08:01 55312482                   /lib/x86_64-linux-gnu/libnss_compat-2.23.so
7f8c64134000-7f8c64333000 ---p 00008000 08:01 55312482                   /lib/x86_64-linux-gnu/libnss_compat-2.23.so
7f8c64333000-7f8c64334000 r--p 00007000 08:01 55312482                   /lib/x86_64-linux-gnu/libnss_compat-2.23.so
7f8c64334000-7f8c64335000 rw-p 00008000 08:01 55312482                   /lib/x86_64-linux-gnu/libnss_compat-2.23.so
7f8c64335000-7f8c64362000 r-xp 00000000 08:01 56888886                   /usr/lib/jvm/java-8-openjdk-amd64/jre/lib/amd64/libjava.so
7f8c64362000-7f8c64561000 ---p 0002d000 08:01 56888886                   /usr/lib/jvm/java-8-openjdk-amd64/jre/lib/amd64/libjava.so
7f8c64561000-7f8c64562000 r--p 0002c000 08:01 56888886                   /usr/lib/jvm/java-8-openjdk-amd64/jre/lib/amd64/libjava.so
7f8c64562000-7f8c64564000 rw-p 0002d000 08:01 56888886                   /usr/lib/jvm/java-8-openjdk-amd64/jre/lib/amd64/libjava.so
7f8c64564000-7f8c64573000 r-xp 00000000 08:01 56888857                   /usr/lib/jvm/java-8-openjdk-amd64/jre/lib/amd64/libverify.so
7f8c64573000-7f8c64772000 ---p 0000f000 08:01 56888857                   /usr/lib/jvm/java-8-openjdk-amd64/jre/lib/amd64/libverify.so
7f8c64772000-7f8c64774000 r--p 0000e000 08:01 56888857                   /usr/lib/jvm/java-8-openjdk-amd64/jre/lib/amd64/libverify.so
7f8c64774000-7f8c64775000 rw-p 00010000 08:01 56888857                   /usr/lib/jvm/java-8-openjdk-amd64/jre/lib/amd64/libverify.so
7f8c64775000-7f8c6477c000 r-xp 00000000 08:01 55312469                   /lib/x86_64-linux-gnu/librt-2.23.so
7f8c6477c000-7f8c6497b000 ---p 00007000 08:01 55312469                   /lib/x86_64-linux-gnu/librt-2.23.so
7f8c6497b000-7f8c6497c000 r--p 00006000 08:01 55312469                   /lib/x86_64-linux-gnu/librt-2.23.so
7f8c6497c000-7f8c6497d000 rw-p 00007000 08:01 55312469                   /lib/x86_64-linux-gnu/librt-2.23.so
7f8c6497d000-7f8c6497e000 ---p 00000000 00:00 0 
7f8c6497e000-7f8c6517e000 rw-p 00000000 00:00 0 
7f8c6517e000-7f8c6517f000 ---p 00000000 00:00 0 
7f8c6517f000-7f8c6597f000 rw-p 00000000 00:00 0 
7f8c6597f000-7f8c65980000 ---p 00000000 00:00 0 
7f8c65980000-7f8c66180000 rw-p 00000000 00:00 0 
7f8c66180000-7f8c66181000 ---p 00000000 00:00 0 
7f8c66181000-7f8c66981000 rw-p 00000000 00:00 0 
7f8c66981000-7f8c66982000 ---p 00000000 00:00 0 
7f8c66982000-7f8c67182000 rw-p 00000000 00:00 0 
7f8c67182000-7f8c67183000 ---p 00000000 00:00 0 
7f8c67183000-7f8c67983000 rw-p 00000000 00:00 0 
7f8c67983000-7f8c67984000 ---p 00000000 00:00 0 
7f8c67984000-7f8c68184000 rw-p 00000000 00:00 0 
7f8c68184000-7f8c68187000 r-xp 00000000 08:01 55312473                   /lib/x86_64-linux-gnu/libdl-2.23.so
7f8c68187000-7f8c68386000 ---p 00003000 08:01 55312473                   /lib/x86_64-linux-gnu/libdl-2.23.so
7f8c68386000-7f8c68387000 r--p 00002000 08:01 55312473                   /lib/x86_64-linux-gnu/libdl-2.23.so
7f8c68387000-7f8c68388000 rw-p 00003000 08:01 55312473                   /lib/x86_64-linux-gnu/libdl-2.23.so
7f8c68388000-7f8c68fd8000 r-xp 00000000 08:01 57150129                   /usr/lib/jvm/java-8-openjdk-amd64/jre/lib/amd64/server/libjvm.so
7f8c68fd8000-7f8c691d7000 ---p 00c50000 08:01 57150129                   /usr/lib/jvm/java-8-openjdk-amd64/jre/lib/amd64/server/libjvm.so
7f8c691d7000-7f8c6926a000 r--p 00c4f000 08:01 57150129                   /usr/lib/jvm/java-8-openjdk-amd64/jre/lib/amd64/server/libjvm.so
7f8c6926a000-7f8c69293000 rw-p 00ce2000 08:01 57150129                   /usr/lib/jvm/java-8-openjdk-amd64/jre/lib/amd64/server/libjvm.so
7f8c69293000-7f8c692c3000 rw-p 00000000 00:00 0 
7f8c692c3000-7f8c69482000 r-xp 00000000 08:01 55312474                   /lib/x86_64-linux-gnu/libc-2.23.so
7f8c69482000-7f8c69682000 ---p 001bf000 08:01 55312474                   /lib/x86_64-linux-gnu/libc-2.23.so
7f8c69682000-7f8c69686000 r--p 001bf000 08:01 55312474                   /lib/x86_64-linux-gnu/libc-2.23.so
7f8c69686000-7f8c69688000 rw-p 001c3000 08:01 55312474                   /lib/x86_64-linux-gnu/libc-2.23.so
7f8c69688000-7f8c6968c000 rw-p 00000000 00:00 0 
7f8c6968c000-7f8c696a2000 r-xp 00000000 08:01 55316817                   /lib/x86_64-linux-gnu/libgcc_s.so.1
7f8c696a2000-7f8c698a1000 ---p 00016000 08:01 55316817                   /lib/x86_64-linux-gnu/libgcc_s.so.1
7f8c698a1000-7f8c698a2000 rw-p 00015000 08:01 55316817                   /lib/x86_64-linux-gnu/libgcc_s.so.1
7f8c698a2000-7f8c698c3000 r-xp 00000000 08:01 53871020                   /usr/lib/x86_64-linux-gnu/libgomp.so.1.0.0
7f8c698c3000-7f8c69ac2000 ---p 00021000 08:01 53871020                   /usr/lib/x86_64-linux-gnu/libgomp.so.1.0.0
7f8c69ac2000-7f8c69ac3000 r--p 00020000 08:01 53871020                   /usr/lib/x86_64-linux-gnu/libgomp.so.1.0.0
7f8c69ac3000-7f8c69ac4000 rw-p 00021000 08:01 53871020                   /usr/lib/x86_64-linux-gnu/libgomp.so.1.0.0
7f8c69ac4000-7f8c69bcc000 r-xp 00000000 08:01 55312479                   /lib/x86_64-linux-gnu/libm-2.23.so
7f8c69bcc000-7f8c69dcb000 ---p 00108000 08:01 55312479                   /lib/x86_64-linux-gnu/libm-2.23.so
7f8c69dcb000-7f8c69dcc000 r--p 00107000 08:01 55312479                   /lib/x86_64-linux-gnu/libm-2.23.so
7f8c69dcc000-7f8c69dcd000 rw-p 00108000 08:01 55312479                   /lib/x86_64-linux-gnu/libm-2.23.so
7f8c69dcd000-7f8c69f3f000 r-xp 00000000 08:01 53872769                   /usr/lib/x86_64-linux-gnu/libstdc++.so.6.0.21
7f8c69f3f000-7f8c6a13f000 ---p 00172000 08:01 53872769                   /usr/lib/x86_64-linux-gnu/libstdc++.so.6.0.21
7f8c6a13f000-7f8c6a149000 r--p 00172000 08:01 53872769                   /usr/lib/x86_64-linux-gnu/libstdc++.so.6.0.21
7f8c6a149000-7f8c6a14b000 rw-p 0017c000 08:01 53872769                   /usr/lib/x86_64-linux-gnu/libstdc++.so.6.0.21
7f8c6a14b000-7f8c6a14f000 rw-p 00000000 00:00 0 
7f8c6a14f000-7f8c6a167000 r-xp 00000000 08:01 55312480                   /lib/x86_64-linux-gnu/libpthread-2.23.so
7f8c6a167000-7f8c6a366000 ---p 00018000 08:01 55312480                   /lib/x86_64-linux-gnu/libpthread-2.23.so
7f8c6a366000-7f8c6a367000 r--p 00017000 08:01 55312480                   /lib/x86_64-linux-gnu/libpthread-2.23.so
7f8c6a367000-7f8c6a368000 rw-p 00018000 08:01 55312480                   /lib/x86_64-linux-gnu/libpthread-2.23.so
7f8c6a368000-7f8c6a36c000 rw-p 00000000 00:00 0 
7f8c6a36c000-7f8c6a37c000 r-xp 00000000 08:01 54408037                   /usr/local/lib/libhiredis.so.0.13
7f8c6a37c000-7f8c6a57b000 ---p 00010000 08:01 54408037                   /usr/local/lib/libhiredis.so.0.13
7f8c6a57b000-7f8c6a57c000 r--p 0000f000 08:01 54408037                   /usr/local/lib/libhiredis.so.0.13
7f8c6a57c000-7f8c6a57d000 rw-p 00010000 08:01 54408037                   /usr/local/lib/libhiredis.so.0.13
7f8c6a57d000-7f8c6a5ac000 r-xp 00000000 08:01 54408007                   /usr/local/lib/libmemcached.so.11.0.0
7f8c6a5ac000-7f8c6a7ab000 ---p 0002f000 08:01 54408007                   /usr/local/lib/libmemcached.so.11.0.0
7f8c6a7ab000-7f8c6a7ac000 r--p 0002e000 08:01 54408007                   /usr/local/lib/libmemcached.so.11.0.0
7f8c6a7ac000-7f8c6a7ad000 rw-p 0002f000 08:01 54408007                   /usr/local/lib/libmemcached.so.11.0.0
7f8c6a7ad000-7f8c6a7bc000 r-xp 00000000 08:01 37224655                   /usr/local/hadoop/lib/native/libhdfs.so.0.0.0
7f8c6a7bc000-7f8c6a9bb000 ---p 0000f000 08:01 37224655                   /usr/local/hadoop/lib/native/libhdfs.so.0.0.0
7f8c6a9bb000-7f8c6a9bc000 rw-p 0000e000 08:01 37224655                   /usr/local/hadoop/lib/native/libhdfs.so.0.0.0
7f8c6a9bc000-7f8c6a9e2000 r-xp 00000000 08:01 55312389                   /lib/x86_64-linux-gnu/ld-2.23.so
7f8c6a9e2000-7f8c6a9e3000 r--s 00004000 08:01 37357963                   /usr/local/hadoop/share/hadoop/common/lib/java-xmlbuilder-0.4.jar
7f8c6a9e3000-7f8c6a9e5000 r--s 00009000 08:01 37357996                   /usr/local/hadoop/share/hadoop/common/lib/commons-cli-1.2.jar
7f8c6a9e5000-7f8c6a9e7000 r--s 00006000 08:01 37357972                   /usr/local/hadoop/share/hadoop/common/lib/paranamer-2.3.jar
7f8c6a9e7000-7f8c6a9eb000 r--s 00028000 08:01 37358007                   /usr/local/hadoop/share/hadoop/common/lib/jetty-util-6.1.26.jar
7f8c6a9eb000-7f8c6a9ef000 r--s 00014000 08:01 37357975                   /usr/local/hadoop/share/hadoop/common/lib/xz-1.0.jar
7f8c6a9ef000-7f8c6a9f2000 r--s 00016000 08:01 37358008                   /usr/local/hadoop/share/hadoop/common/lib/jsp-api-2.1.jar
7f8c6a9f2000-7f8c6a9f4000 r--s 0000e000 08:01 37357952                   /usr/local/hadoop/share/hadoop/common/lib/activation-1.1.jar
7f8c6a9f4000-7f8c6a9fa000 r--s 00028000 08:01 37357985                   /usr/local/hadoop/share/hadoop/common/lib/curator-framework-2.7.1.jar
7f8c6a9fa000-7f8c6a9fc000 r--s 00004000 08:01 37357951                   /usr/local/hadoop/share/hadoop/common/lib/stax-api-1.0-2.jar
7f8c6a9fc000-7f8c6a9fd000 r--s 00006000 08:01 37357956                   /usr/local/hadoop/share/hadoop/common/lib/jackson-xc-1.9.13.jar
7f8c6a9fd000-7f8c6aa0a000 r--s 00083000 08:01 37358004                   /usr/local/hadoop/share/hadoop/common/lib/commons-collections-3.2.2.jar
7f8c6aa0a000-7f8c6aa0c000 r--s 00012000 08:01 37357982                   /usr/local/hadoop/share/hadoop/common/lib/api-util-1.0.0-M20.jar
7f8c6aa0c000-7f8c6aa10000 r--s 00035000 08:01 37357953                   /usr/local/hadoop/share/hadoop/common/lib/jackson-core-asl-1.9.13.jar
7f8c6aa10000-7f8c6aa12000 r--s 00018000 08:01 37358005                   /usr/local/hadoop/share/hadoop/common/lib/servlet-api-2.5.jar
7f8c6aa12000-7f8c6aa16000 r--s 0002f000 08:01 37357968                   /usr/local/hadoop/share/hadoop/common/lib/commons-beanutils-core-1.8.0.jar
7f8c6aa16000-7f8c6aa1b000 r--s 0002a000 08:01 37357967                   /usr/local/hadoop/share/hadoop/common/lib/commons-beanutils-1.7.0.jar
7f8c6aa1b000-7f8c6aa29000 r--s 000b1000 08:01 37357954                   /usr/local/hadoop/share/hadoop/common/lib/jackson-mapper-asl-1.9.13.jar
7f8c6aa29000-7f8c6aa2e000 r--s 00041000 08:01 37357964                   /usr/local/hadoop/share/hadoop/common/lib/commons-lang-2.6.jar
7f8c6aa2e000-7f8c6aa30000 r--s 0000f000 08:01 37358011                   /usr/local/hadoop/share/hadoop/common/lib/jettison-1.1.jar
7f8c6aa30000-7f8c6aa35000 r--s 00036000 08:01 37357974                   /usr/local/hadoop/share/hadoop/common/lib/commons-compress-1.4.1.jar
7f8c6aa35000-7f8c6aa3e000 r--s 00061000 08:01 37357961                   /usr/local/hadoop/share/hadoop/common/lib/httpclient-4.2.5.jar
7f8c6aa3e000-7f8c6aa40000 r--s 00001000 08:01 37357970                   /usr/local/hadoop/share/hadoop/common/lib/slf4j-log4j12-1.7.10.jar
7f8c6aa40000-7f8c6aa52000 r--s 00097000 08:01 37357979                   /usr/local/hadoop/share/hadoop/common/lib/apacheds-kerberos-codec-2.0.0-M15.jar
7f8c6aa52000-7f8c6aa5c000 r--s 00116000 08:01 57542327                   /usr/lib/jvm/java-8-openjdk-amd64/jre/lib/ext/localedata.jar
7f8c6aa5c000-7f8c6aa77000 r--s 00394000 08:01 57542324                   /usr/lib/jvm/java-8-openjdk-amd64/jre/lib/ext/cldrdata.jar
7f8c6aa77000-7f8c6aa92000 r--s 001d6000 08:01 57542321                   /usr/lib/jvm/java-8-openjdk-amd64/jre/lib/ext/nashorn.jar
7f8c6aa92000-7f8c6aab9000 rw-p 00000000 00:00 0 
7f8c6aab9000-7f8c6aaba000 ---p 00000000 00:00 0 
7f8c6aaba000-7f8c6abc3000 rw-p 00000000 00:00 0 
7f8c6abc3000-7f8c6abc8000 r--s 0003b000 08:01 57542328                   /usr/lib/jvm/java-8-openjdk-amd64/jre/lib/ext/sunjce_provider.jar
7f8c6abc8000-7f8c6abcc000 r--s 00037000 08:01 57542326                   /usr/lib/jvm/java-8-openjdk-amd64/jre/lib/ext/sunpkcs11.jar
7f8c6abcc000-7f8c6abcd000 r--s 00010000 08:01 57542325                   /usr/lib/jvm/java-8-openjdk-amd64/jre/lib/ext/zipfs.jar
7f8c6abcd000-7f8c6abcf000 r--s 00001000 08:01 57542322                   /usr/lib/jvm/java-8-openjdk-amd64/jre/lib/ext/dnsns.jar
7f8c6abcf000-7f8c6abd1000 r--s 00008000 08:01 57542320                   /usr/lib/jvm/java-8-openjdk-amd64/jre/lib/ext/sunec.jar
7f8c6abd1000-7f8c6abd4000 r--s 0000f000 08:01 57542323                   /usr/lib/jvm/java-8-openjdk-amd64/jre/lib/ext/icedtea-sound.jar
7f8c6abd4000-7f8c6abd5000 r--s 0000a000 08:01 57542329                   /usr/lib/jvm/java-8-openjdk-amd64/jre/lib/ext/jaccess.jar
7f8c6abd5000-7f8c6abdd000 rw-s 00000000 08:01 17563929                   /tmp/hsperfdata_peter/7294
7f8c6abdd000-7f8c6abde000 rw-p 00000000 00:00 0 
7f8c6abde000-7f8c6abdf000 r--p 00000000 00:00 0 
7f8c6abdf000-7f8c6abe1000 rw-p 00000000 00:00 0 
7f8c6abe1000-7f8c6abe2000 r--p 00025000 08:01 55312389                   /lib/x86_64-linux-gnu/ld-2.23.so
7f8c6abe2000-7f8c6abe3000 rw-p 00026000 08:01 55312389                   /lib/x86_64-linux-gnu/ld-2.23.so
7f8c6abe3000-7f8c6abe4000 rw-p 00000000 00:00 0 
7ffd5a380000-7ffd5a383000 ---p 00000000 00:00 0 
7ffd5a384000-7ffd5a480000 rw-p 00000000 00:00 0                          [stack]
7ffd5a577000-7ffd5a579000 r--p 00000000 00:00 0                          [vvar]
7ffd5a579000-7ffd5a57b000 r-xp 00000000 00:00 0                          [vdso]
ffffffffff600000-ffffffffff601000 r-xp 00000000 00:00 0                  [vsyscall]

VM Arguments:
java_command: <unknown>
java_class_path (initial): /usr/local/hadoop/etc/hadoop:/usr/local/hadoop/share/hadoop/common/lib/apacheds-kerberos-codec-2.0.0-M15.jar:/usr/local/hadoop/share/hadoop/common/lib/slf4j-log4j12-1.7.10.jar:/usr/local/hadoop/share/hadoop/common/lib/httpclient-4.2.5.jar:/usr/local/hadoop/share/hadoop/common/lib/commons-compress-1.4.1.jar:/usr/local/hadoop/share/hadoop/common/lib/jettison-1.1.jar:/usr/local/hadoop/share/hadoop/common/lib/commons-lang-2.6.jar:/usr/local/hadoop/share/hadoop/common/lib/jackson-mapper-asl-1.9.13.jar:/usr/local/hadoop/share/hadoop/common/lib/commons-beanutils-1.7.0.jar:/usr/local/hadoop/share/hadoop/common/lib/commons-beanutils-core-1.8.0.jar:/usr/local/hadoop/share/hadoop/common/lib/servlet-api-2.5.jar:/usr/local/hadoop/share/hadoop/common/lib/jackson-core-asl-1.9.13.jar:/usr/local/hadoop/share/hadoop/common/lib/api-util-1.0.0-M20.jar:/usr/local/hadoop/share/hadoop/common/lib/commons-collections-3.2.2.jar:/usr/local/hadoop/share/hadoop/common/lib/jackson-xc-1.9.13.jar:/usr/local/hadoop/share/hadoop/common/lib/stax-api-1.0-2.jar:/usr/local/hadoop/share/hadoop/common/lib/curator-framework-2.7.1.jar:/usr/local/hadoop/share/hadoop/common/lib/activation-1.1.jar:/usr/local/hadoop/share/hadoop/common/lib/jsp-api-2.1.jar:/usr/local/hadoop/share/hadoop/common/lib/xz-1.0.jar:/usr/local/hadoop/share/hadoop/common/lib/jetty-util-6.1.26.jar:/usr/local/hadoop/share/hadoop/common/lib/commons-configuration-1.6.jar:/usr/local/hadoop/share/hadoop/common/lib/paranamer-2.3.jar:/usr/local/hadoop/share/hadoop/common/lib/commons-cli-1.2.jar:/usr/local/hadoop/share/hadoop/common/lib/commons-httpclient-3.1.jar:/usr/local/hadoop/share/hadoop/common/lib/httpcore-4.2.5.jar:/usr/local/hadoop/share/hadoop/common/lib/commons-logging-1.1.3.jar:/usr/local/hadoop/share/hadoop/common/lib/commons-net-3.1.jar:/usr/local/hadoop/share/hadoop/common/lib/java-xmlbuilder-0.4.jar:/usr/local/hadoop/share/hadoop/common/lib/jetty-6.1.26.jar:/usr/local/hadoop/share/hadoop/common/lib/had
Launcher Type: generic

Environment Variables:
PATH=/home/peter/bin:/home/peter/.local/bin:/usr/local/sbin:/usr/local/bin:/usr/sbin:/usr/bin:/sbin:/bin:/usr/games:/usr/local/games:/snap/bin
LD_LIBRARY_PATH=/home/peter/clion-2016.3.2/bin:/home/peter/clion-2016.3.2/bin:
SHELL=/bin/bash
DISPLAY=:0

Signal Handlers:
SIGSEGV: [libjvm.so+0xa66fd0], sa_mask[0]=11111111011111111101111111111110, sa_flags=SA_RESTART|SA_SIGINFO
SIGBUS: [libjvm.so+0xa66fd0], sa_mask[0]=11111111011111111101111111111110, sa_flags=SA_RESTART|SA_SIGINFO
SIGFPE: [libjvm.so+0x8b0180], sa_mask[0]=11111111011111111101111111111110, sa_flags=SA_RESTART|SA_SIGINFO
SIGPIPE: [libjvm.so+0x8b0180], sa_mask[0]=11111111011111111101111111111110, sa_flags=SA_RESTART|SA_SIGINFO
SIGXFSZ: [libjvm.so+0x8b0180], sa_mask[0]=11111111011111111101111111111110, sa_flags=SA_RESTART|SA_SIGINFO
SIGILL: [libjvm.so+0x8b0180], sa_mask[0]=11111111011111111101111111111110, sa_flags=SA_RESTART|SA_SIGINFO
SIGUSR1: SIG_DFL, sa_mask[0]=00000000000000000000000000000000, sa_flags=none
SIGUSR2: [libjvm.so+0x8b0030], sa_mask[0]=00100000000000000000000000000000, sa_flags=SA_RESTART|SA_SIGINFO
SIGHUP: SIG_IGN, sa_mask[0]=00000000000000000000000000000000, sa_flags=none
SIGINT: [libjvm.so+0x8b0500], sa_mask[0]=11111111011111111101111111111110, sa_flags=SA_RESTART|SA_SIGINFO
SIGTERM: [libjvm.so+0x8b0500], sa_mask[0]=11111111011111111101111111111110, sa_flags=SA_RESTART|SA_SIGINFO
SIGQUIT: [libjvm.so+0x8b0500], sa_mask[0]=11111111011111111101111111111110, sa_flags=SA_RESTART|SA_SIGINFO


---------------  S Y S T E M  ---------------

OS:DISTRIB_ID=Ubuntu
DISTRIB_RELEASE=16.04
DISTRIB_CODENAME=xenial
DISTRIB_DESCRIPTION="Ubuntu 16.04.1 LTS"

uname:Linux 4.4.0-62-generic #83-Ubuntu SMP Wed Jan 18 14:10:15 UTC 2017 x86_64
libc:glibc 2.23 NPTL 2.23 
rlimit: STACK 8192k, CORE 0k, NPROC 31545, NOFILE 65536, AS infinity
load average:3.55 3.48 2.13

/proc/meminfo:
MemTotal:        8115884 kB
MemFree:         1140008 kB
MemAvailable:    1567212 kB
Buffers:           38136 kB
Cached:           742920 kB
SwapCached:       186204 kB
Active:          5127052 kB
Inactive:        1532048 kB
Active(anon):    4787288 kB
Inactive(anon):  1271044 kB
Active(file):     339764 kB
Inactive(file):   261004 kB
Unevictable:          32 kB
Mlocked:              32 kB
SwapTotal:       8328188 kB
SwapFree:        6741096 kB
Dirty:              1988 kB
Writeback:             0 kB
AnonPages:       5800148 kB
Mapped:           335472 kB
Shmem:            180284 kB
Slab:             146260 kB
SReclaimable:      91520 kB
SUnreclaim:        54740 kB
KernelStack:       21408 kB
PageTables:        59192 kB
NFS_Unstable:          0 kB
Bounce:                0 kB
WritebackTmp:          0 kB
CommitLimit:    12386128 kB
Committed_AS:   14376344 kB
VmallocTotal:   34359738367 kB
VmallocUsed:           0 kB
VmallocChunk:          0 kB
HardwareCorrupted:     0 kB
AnonHugePages:   2195456 kB
CmaTotal:              0 kB
CmaFree:               0 kB
HugePages_Total:       0
HugePages_Free:        0
HugePages_Rsvd:        0
HugePages_Surp:        0
Hugepagesize:       2048 kB
DirectMap4k:     3261100 kB
DirectMap2M:     5068800 kB
DirectMap1G:     1048576 kB


CPU:total 8 (4 cores per cpu, 2 threads per core) family 6 model 60 stepping 3, cmov, cx8, fxsr, mmx, sse, sse2, sse3, ssse3, sse4.1, sse4.2, popcnt, avx, avx2, aes, clmul, erms, lzcnt, ht, tsc, tscinvbit, bmi1, bmi2

/proc/cpuinfo:
processor	: 0
vendor_id	: GenuineIntel
cpu family	: 6
model		: 60
model name	: Intel(R) Core(TM) i7-4770 CPU @ 3.40GHz
stepping	: 3
microcode	: 0x1e
cpu MHz		: 3786.617
cache size	: 8192 KB
physical id	: 0
siblings	: 8
core id		: 0
cpu cores	: 4
apicid		: 0
initial apicid	: 0
fpu		: yes
fpu_exception	: yes
cpuid level	: 13
wp		: yes
flags		: fpu vme de pse tsc msr pae mce cx8 apic sep mtrr pge mca cmov pat pse36 clflush dts acpi mmx fxsr sse sse2 ss ht tm pbe syscall nx pdpe1gb rdtscp lm constant_tsc arch_perfmon pebs bts rep_good nopl xtopology nonstop_tsc aperfmperf eagerfpu pni pclmulqdq dtes64 monitor ds_cpl vmx smx est tm2 ssse3 sdbg fma cx16 xtpr pdcm pcid sse4_1 sse4_2 x2apic movbe popcnt tsc_deadline_timer aes xsave avx f16c rdrand lahf_lm abm epb tpr_shadow vnmi flexpriority ept vpid fsgsbase tsc_adjust bmi1 avx2 smep bmi2 erms invpcid xsaveopt dtherm ida arat pln pts
bugs		:
bogomips	: 6784.59
clflush size	: 64
cache_alignment	: 64
address sizes	: 39 bits physical, 48 bits virtual
power management:

processor	: 1
vendor_id	: GenuineIntel
cpu family	: 6
model		: 60
model name	: Intel(R) Core(TM) i7-4770 CPU @ 3.40GHz
stepping	: 3
microcode	: 0x1e
cpu MHz		: 3826.992
cache size	: 8192 KB
physical id	: 0
siblings	: 8
core id		: 1
cpu cores	: 4
apicid		: 2
initial apicid	: 2
fpu		: yes
fpu_exception	: yes
cpuid level	: 13
wp		: yes
flags		: fpu vme de pse tsc msr pae mce cx8 apic sep mtrr pge mca cmov pat pse36 clflush dts acpi mmx fxsr sse sse2 ss ht tm pbe syscall nx pdpe1gb rdtscp lm constant_tsc arch_perfmon pebs bts rep_good nopl xtopology nonstop_tsc aperfmperf eagerfpu pni pclmulqdq dtes64 monitor ds_cpl vmx smx est tm2 ssse3 sdbg fma cx16 xtpr pdcm pcid sse4_1 sse4_2 x2apic movbe popcnt tsc_deadline_timer aes xsave avx f16c rdrand lahf_lm abm epb tpr_shadow vnmi flexpriority ept vpid fsgsbase tsc_adjust bmi1 avx2 smep bmi2 erms invpcid xsaveopt dtherm ida arat pln pts
bugs		:
bogomips	: 6784.59
clflush size	: 64
cache_alignment	: 64
address sizes	: 39 bits physical, 48 bits virtual
power management:

processor	: 2
vendor_id	: GenuineIntel
cpu family	: 6
model		: 60
model name	: Intel(R) Core(TM) i7-4770 CPU @ 3.40GHz
stepping	: 3
microcode	: 0x1e
cpu MHz		: 3720.476
cache size	: 8192 KB
physical id	: 0
siblings	: 8
core id		: 2
cpu cores	: 4
apicid		: 4
initial apicid	: 4
fpu		: yes
fpu_exception	: yes
cpuid level	: 13
wp		: yes
flags		: fpu vme de pse tsc msr pae mce cx8 apic sep mtrr pge mca cmov pat pse36 clflush dts acpi mmx fxsr sse sse2 ss ht tm pbe syscall nx pdpe1gb rdtscp lm constant_tsc arch_perfmon pebs bts rep_good nopl xtopology nonstop_tsc aperfmperf eagerfpu pni pclmulqdq dtes64 monitor ds_cpl vmx smx est tm2 ssse3 sdbg fma cx16 xtpr pdcm pcid sse4_1 sse4_2 x2apic movbe popcnt tsc_deadline_timer aes xsave avx f16c rdrand lahf_lm abm epb tpr_shadow vnmi flexpriority ept vpid fsgsbase tsc_adjust bmi1 avx2 smep bmi2 erms invpcid xsaveopt dtherm ida arat pln pts
bugs		:
bogomips	: 6784.59
clflush size	: 64
cache_alignment	: 64
address sizes	: 39 bits physical, 48 bits virtual
power management:

processor	: 3
vendor_id	: GenuineIntel
cpu family	: 6
model		: 60
model name	: Intel(R) Core(TM) i7-4770 CPU @ 3.40GHz
stepping	: 3
microcode	: 0x1e
cpu MHz		: 3839.343
cache size	: 8192 KB
physical id	: 0
siblings	: 8
core id		: 3
cpu cores	: 4
apicid		: 6
initial apicid	: 6
fpu		: yes
fpu_exception	: yes
cpuid level	: 13
wp		: yes
flags		: fpu vme de pse tsc msr pae mce cx8 apic sep mtrr pge mca cmov pat pse36 clflush dts acpi mmx fxsr sse sse2 ss ht tm pbe syscall nx pdpe1gb rdtscp lm constant_tsc arch_perfmon pebs bts rep_good nopl xtopology nonstop_tsc aperfmperf eagerfpu pni pclmulqdq dtes64 monitor ds_cpl vmx smx est tm2 ssse3 sdbg fma cx16 xtpr pdcm pcid sse4_1 sse4_2 x2apic movbe popcnt tsc_deadline_timer aes xsave avx f16c rdrand lahf_lm abm epb tpr_shadow vnmi flexpriority ept vpid fsgsbase tsc_adjust bmi1 avx2 smep bmi2 erms invpcid xsaveopt dtherm ida arat pln pts
bugs		:
bogomips	: 6784.59
clflush size	: 64
cache_alignment	: 64
address sizes	: 39 bits physical, 48 bits virtual
power management:

processor	: 4
vendor_id	: GenuineIntel
cpu family	: 6
model		: 60
model name	: Intel(R) Core(TM) i7-4770 CPU @ 3.40GHz
stepping	: 3
microcode	: 0x1e
cpu MHz		: 3897.648
cache size	: 8192 KB
physical id	: 0
siblings	: 8
core id		: 0
cpu cores	: 4
apicid		: 1
initial apicid	: 1
fpu		: yes
fpu_exception	: yes
cpuid level	: 13
wp		: yes
flags		: fpu vme de pse tsc msr pae mce cx8 apic sep mtrr pge mca cmov pat pse36 clflush dts acpi mmx fxsr sse sse2 ss ht tm pbe syscall nx pdpe1gb rdtscp lm constant_tsc arch_perfmon pebs bts rep_good nopl xtopology nonstop_tsc aperfmperf eagerfpu pni pclmulqdq dtes64 monitor ds_cpl vmx smx est tm2 ssse3 sdbg fma cx16 xtpr pdcm pcid sse4_1 sse4_2 x2apic movbe popcnt tsc_deadline_timer aes xsave avx f16c rdrand lahf_lm abm epb tpr_shadow vnmi flexpriority ept vpid fsgsbase tsc_adjust bmi1 avx2 smep bmi2 erms invpcid xsaveopt dtherm ida arat pln pts
bugs		:
bogomips	: 6784.59
clflush size	: 64
cache_alignment	: 64
address sizes	: 39 bits physical, 48 bits virtual
power management:

processor	: 5
vendor_id	: GenuineIntel
cpu family	: 6
model		: 60
model name	: Intel(R) Core(TM) i7-4770 CPU @ 3.40GHz
stepping	: 3
microcode	: 0x1e
cpu MHz		: 3727.382
cache size	: 8192 KB
physical id	: 0
siblings	: 8
core id		: 1
cpu cores	: 4
apicid		: 3
initial apicid	: 3
fpu		: yes
fpu_exception	: yes
cpuid level	: 13
wp		: yes
flags		: fpu vme de pse tsc msr pae mce cx8 apic sep mtrr pge mca cmov pat pse36 clflush dts acpi mmx fxsr sse sse2 ss ht tm pbe syscall nx pdpe1gb rdtscp lm constant_tsc arch_perfmon pebs bts rep_good nopl xtopology nonstop_tsc aperfmperf eagerfpu pni pclmulqdq dtes64 monitor ds_cpl vmx smx est tm2 ssse3 sdbg fma cx16 xtpr pdcm pcid sse4_1 sse4_2 x2apic movbe popcnt tsc_deadline_timer aes xsave avx f16c rdrand lahf_lm abm epb tpr_shadow vnmi flexpriority ept vpid fsgsbase tsc_adjust bmi1 avx2 smep bmi2 erms invpcid xsaveopt dtherm ida arat pln pts
bugs		:
bogomips	: 6784.59
clflush size	: 64
cache_alignment	: 64
address sizes	: 39 bits physical, 48 bits virtual
power management:

processor	: 6
vendor_id	: GenuineIntel
cpu family	: 6
model		: 60
model name	: Intel(R) Core(TM) i7-4770 CPU @ 3.40GHz
stepping	: 3
microcode	: 0x1e
cpu MHz		: 3727.250
cache size	: 8192 KB
physical id	: 0
siblings	: 8
core id		: 2
cpu cores	: 4
apicid		: 5
initial apicid	: 5
fpu		: yes
fpu_exception	: yes
cpuid level	: 13
wp		: yes
flags		: fpu vme de pse tsc msr pae mce cx8 apic sep mtrr pge mca cmov pat pse36 clflush dts acpi mmx fxsr sse sse2 ss ht tm pbe syscall nx pdpe1gb rdtscp lm constant_tsc arch_perfmon pebs bts rep_good nopl xtopology nonstop_tsc aperfmperf eagerfpu pni pclmulqdq dtes64 monitor ds_cpl vmx smx est tm2 ssse3 sdbg fma cx16 xtpr pdcm pcid sse4_1 sse4_2 x2apic movbe popcnt tsc_deadline_timer aes xsave avx f16c rdrand lahf_lm abm epb tpr_shadow vnmi flexpriority ept vpid fsgsbase tsc_adjust bmi1 avx2 smep bmi2 erms invpcid xsaveopt dtherm ida arat pln pts
bugs		:
bogomips	: 6784.59
clflush size	: 64
cache_alignment	: 64
address sizes	: 39 bits physical, 48 bits virtual
power management:

processor	: 7
vendor_id	: GenuineIntel
cpu family	: 6
model		: 60
model name	: Intel(R) Core(TM) i7-4770 CPU @ 3.40GHz
stepping	: 3
microcode	: 0x1e
cpu MHz		: 3774.000
cache size	: 8192 KB
physical id	: 0
siblings	: 8
core id		: 3
cpu cores	: 4
apicid		: 7
initial apicid	: 7
fpu		: yes
fpu_exception	: yes
cpuid level	: 13
wp		: yes
flags		: fpu vme de pse tsc msr pae mce cx8 apic sep mtrr pge mca cmov pat pse36 clflush dts acpi mmx fxsr sse sse2 ss ht tm pbe syscall nx pdpe1gb rdtscp lm constant_tsc arch_perfmon pebs bts rep_good nopl xtopology nonstop_tsc aperfmperf eagerfpu pni pclmulqdq dtes64 monitor ds_cpl vmx smx est tm2 ssse3 sdbg fma cx16 xtpr pdcm pcid sse4_1 sse4_2 x2apic movbe popcnt tsc_deadline_timer aes xsave avx f16c rdrand lahf_lm abm epb tpr_shadow vnmi flexpriority ept vpid fsgsbase tsc_adjust bmi1 avx2 smep bmi2 erms invpcid xsaveopt dtherm ida arat pln pts
bugs		:
bogomips	: 6784.59
clflush size	: 64
cache_alignment	: 64
address sizes	: 39 bits physical, 48 bits virtual
power management:



Memory: 4k page, physical 8115884k(1140008k free), swap 8328188k(6741096k free)

vm_info: OpenJDK 64-Bit Server VM (25.121-b13) for linux-amd64 JRE (1.8.0_121-8u121-b13-0ubuntu1.16.04.2-b13), built on Jan 23 2017 15:51:29 by "buildd" with gcc 5.4.0 20160609

time: Wed Feb 22 20:22:20 2017
elapsed time: 29 seconds (0d 0h 0m 29s)

