#
# A fatal error has been detected by the Java Runtime Environment:
#
#  SIGSEGV (0xb) at pc=0x0000000000465cfc, pid=16832, tid=0x00007f6b8fb297c0
#
# JRE version: OpenJDK Runtime Environment (8.0_121-b13) (build 1.8.0_121-8u121-b13-0ubuntu1.16.04.2-b13)
# Java VM: OpenJDK 64-Bit Server VM (25.121-b13 mixed mode linux-amd64 compressed oops)
# Problematic frame:
# C  [FastLSH+0x65cfc]  std::vector<double, std::allocator<double> >::operator[](unsigned long)+0x10
#
# Failed to write core dump. Core dumps have been disabled. To enable core dumping, try "ulimit -c unlimited" before starting Java again
#
# If you would like to submit a bug report, please visit:
#   http://bugreport.java.com/bugreport/crash.jsp
# The crash happened outside the Java Virtual Machine in native code.
# See problematic frame for where to report the bug.
#

---------------  T H R E A D  ---------------

Current thread (0x0000000000d90800):  JavaThread "main" [_thread_in_native, id=16832, stack(0x00007ffc7d021000,0x00007ffc7d121000)]

siginfo: si_signo: 11 (SIGSEGV), si_code: 1 (SEGV_MAPERR), si_addr: 0x0000000000000000

Registers:
RAX=0x0000000000000000, RBX=0x0000000000000000, RCX=0x0000000000000000, RDX=0x0000000000000000
RSP=0x00007ffc7d11bd60, RBP=0x00007ffc7d11bd60, RSI=0x0000000000000000, RDI=0x0000000000000000
R8 =0x000000000241f500, R9 =0x0000000000000001, R10=0x00007f6b8e5f4d38, R11=0x0000000000000020
R12=0x00000000004901f0, R13=0x0000000000000000, R14=0x0000000000000021, R15=0x0000000000000000
RIP=0x0000000000465cfc, EFLAGS=0x0000000000010246, CSGSFS=0x0000000000000033, ERR=0x0000000000000004
  TRAPNO=0x000000000000000e

Top of Stack: (sp=0x00007ffc7d11bd60)
0x00007ffc7d11bd60:   00007ffc7d11be00 000000000047110c
0x00007ffc7d11bd70:   00007ffc7d11bdb0 01000000004670d9
0x00007ffc7d11bd80:   00000000000003e8 00007ffc7d11bed0
0x00007ffc7d11bd90:   00000000023d25d0 00007ffc7d11bef0
0x00007ffc7d11bda0:   0000000000000000 0000000000000000
0x00007ffc7d11bdb0:   0000000000000000 0000000000000000
0x00007ffc7d11bdc0:   0000000000000000 00007ffc7d11bed0
0x00007ffc7d11bdd0:   0000000000000000 0000000000000000
0x00007ffc7d11bde0:   0000000000000000 8bb02b951adea600
0x00007ffc7d11bdf0:   00000000000003e8 00000000004901f0
0x00007ffc7d11be00:   00007ffc7d11bf20 00000000004779a6
0x00007ffc7d11be10:   000000007d11be50 00000000023d25c0
0x00007ffc7d11be20:   00007ffc7d11be30 0000000000000000
0x00007ffc7d11be30:   3239313137313000 0000003733393133
0x00007ffc7d11be40:   0000000000000000 0000000000000000
0x00007ffc7d11be50:   0000000000d478c0 0000000000d4d680
0x00007ffc7d11be60:   0000000000d4d680 0000000000000000
0x00007ffc7d11be70:   0000000000000000 0000000000000000
0x00007ffc7d11be80:   0000000000000000 0000000000000000
0x00007ffc7d11be90:   0000000000000000 0000000000000000
0x00007ffc7d11bea0:   0000000000000000 0000000000000000
0x00007ffc7d11beb0:   0000000000000000 0000000000000000
0x00007ffc7d11bec0:   0000000000000000 0000000000000000
0x00007ffc7d11bed0:   0000000000000000 0000000000000000
0x00007ffc7d11bee0:   0000000000000000 0000000000000000
0x00007ffc7d11bef0:   0000000000000000 0000000000000000
0x00007ffc7d11bf00:   0000000000000000 8bb02b951adea600
0x00007ffc7d11bf10:   00007ffc7d11bf50 0000000000000000
0x00007ffc7d11bf20:   00007ffc7d11bf50 00000000004aad23
0x00007ffc7d11bf30:   0000000000000021 0000000000000000
0x00007ffc7d11bf40:   00000000004bc79b 00000000023d25c0
0x00007ffc7d11bf50:   00007ffc7d11bfd0 00000000004a4653 

Instructions: (pc=0x0000000000465cfc)
0x0000000000465cdc:   48 01 c0 48 01 d0 48 c1 e0 03 48 01 c8 5d c3 90
0x0000000000465cec:   55 48 89 e5 48 89 7d f8 48 89 75 f0 48 8b 45 f8
0x0000000000465cfc:   48 8b 00 48 8b 55 f0 48 c1 e2 03 48 01 d0 5d c3
0x0000000000465d0c:   55 48 89 e5 48 83 ec 10 48 89 7d f8 48 89 75 f0 

Register to memory mapping:

RAX=0x0000000000000000 is an unknown value
RBX=0x0000000000000000 is an unknown value
RCX=0x0000000000000000 is an unknown value
RDX=0x0000000000000000 is an unknown value
RSP=0x00007ffc7d11bd60 is pointing into the stack for thread: 0x0000000000d90800
RBP=0x00007ffc7d11bd60 is pointing into the stack for thread: 0x0000000000d90800
RSI=0x0000000000000000 is an unknown value
RDI=0x0000000000000000 is an unknown value
R8 =0x000000000241f500 is an unknown value
R9 =0x0000000000000001 is an unknown value
R10=0x00007f6b8e5f4d38: <offset 0x3c3d38> in /lib/x86_64-linux-gnu/libc.so.6 at 0x00007f6b8e231000
R11=0x0000000000000020 is an unknown value
R12=0x00000000004901f0: _ZN7testing8internal12UnitTestImpl11RunAllTestsEv+0 in /home/peter/FYP/FastLSH/cmake-build-debug/FastLSH at 0x0000000000400000
R13=0x0000000000000000 is an unknown value
R14=0x0000000000000021 is an unknown value
R15=0x0000000000000000 is an unknown value


Stack: [0x00007ffc7d021000,0x00007ffc7d121000],  sp=0x00007ffc7d11bd60,  free space=1003k
Native frames: (J=compiled Java code, j=interpreted, Vv=VM code, C=native code)
C  [FastLSH+0x65cfc]  std::vector<double, std::allocator<double> >::operator[](unsigned long)+0x10
C  [FastLSH+0x7110c]  LSH::computeHash(std::vector<std::vector<double, std::allocator<double> >, std::allocator<std::vector<double, std::allocator<double> > > >, unsigned long)+0xea
C  [FastLSH+0x779a6]  metaTest_hashValueTest_Test::TestBody()+0x10e
C  [FastLSH+0xaad23]  void testing::internal::HandleSehExceptionsInMethodIfSupported<testing::Test, void>(testing::Test*, void (testing::Test::*)(), char const*)+0x65
C  [FastLSH+0xa4653]  void testing::internal::HandleExceptionsInMethodIfSupported<testing::Test, void>(testing::Test*, void (testing::Test::*)(), char const*)+0x5a
C  [FastLSH+0x882d6]  testing::Test::Run()+0xd0
C  [FastLSH+0x88c6e]  testing::TestInfo::Run()+0x108
C  [FastLSH+0x89361]  testing::TestCase::Run()+0x101
C  [FastLSH+0x904a8]  testing::internal::UnitTestImpl::RunAllTests()+0x2b8
C  [FastLSH+0xac2fb]  bool testing::internal::HandleSehExceptionsInMethodIfSupported<testing::internal::UnitTestImpl, bool>(testing::internal::UnitTestImpl*, bool (testing::internal::UnitTestImpl::*)(), char const*)+0x65
C  [FastLSH+0xa5495]  bool testing::internal::HandleExceptionsInMethodIfSupported<testing::internal::UnitTestImpl, bool>(testing::internal::UnitTestImpl*, bool (testing::internal::UnitTestImpl::*)(), char const*)+0x5a
C  [FastLSH+0x8ef44]  testing::UnitTest::Run()+0xb6
C  [FastLSH+0x63a02]  RUN_ALL_TESTS()+0x11
C  [FastLSH+0x6394d]  main+0x87
C  [libc.so.6+0x20830]  __libc_start_main+0xf0


---------------  P R O C E S S  ---------------

Java Threads: ( => current thread )
  0x0000000002005800 JavaThread "org.apache.hadoop.fs.FileSystem$Statistics$StatisticsDataReferenceCleaner" daemon [_thread_blocked, id=16876, stack(0x00007f6b588e6000,0x00007f6b589e7000)]
  0x0000000001fb6800 JavaThread "process reaper" daemon [_thread_blocked, id=16874, stack(0x00007f6b589e7000,0x00007f6b58a20000)]
  0x00000000014bd000 JavaThread "Service Thread" daemon [_thread_blocked, id=16871, stack(0x00007f6b59457000,0x00007f6b59558000)]
  0x00000000014b6000 JavaThread "C1 CompilerThread3" daemon [_thread_blocked, id=16870, stack(0x00007f6b59558000,0x00007f6b59659000)]
  0x00000000014b4000 JavaThread "C2 CompilerThread2" daemon [_thread_blocked, id=16869, stack(0x00007f6b59659000,0x00007f6b5975a000)]
  0x00000000014b2800 JavaThread "C2 CompilerThread1" daemon [_thread_blocked, id=16868, stack(0x00007f6b5975a000,0x00007f6b5985b000)]
  0x00000000014af800 JavaThread "C2 CompilerThread0" daemon [_thread_blocked, id=16867, stack(0x00007f6b5985b000,0x00007f6b5995c000)]
  0x00000000014ad800 JavaThread "Signal Dispatcher" daemon [_thread_blocked, id=16866, stack(0x00007f6b5995c000,0x00007f6b59a5d000)]
  0x000000000107d800 JavaThread "Finalizer" daemon [_thread_blocked, id=16865, stack(0x00007f6b59ee7000,0x00007f6b59fe8000)]
  0x0000000001079000 JavaThread "Reference Handler" daemon [_thread_blocked, id=16864, stack(0x00007f6b59fe8000,0x00007f6b5a0e9000)]
=>0x0000000000d90800 JavaThread "main" [_thread_in_native, id=16832, stack(0x00007ffc7d021000,0x00007ffc7d121000)]

Other Threads:
  0x0000000001251000 VMThread [stack: 0x00007f6b5a0e9000,0x00007f6b5a1ea000] [id=16863]
  0x00000000014c0000 WatcherThread [stack: 0x00007f6b59356000,0x00007f6b59457000] [id=16872]

VM state:not at safepoint (normal execution)

VM Mutex/Monitor currently owned by a thread: None

Heap:
 PSYoungGen      total 68608K, used 36971K [0x00000000d6b80000, 0x00000000db380000, 0x0000000100000000)
  eden space 63488K, 50% used [0x00000000d6b80000,0x00000000d8a9ebf0,0x00000000da980000)
  from space 5120K, 99% used [0x00000000dae80000,0x00000000db37c260,0x00000000db380000)
  to   space 5120K, 0% used [0x00000000da980000,0x00000000da980000,0x00000000dae80000)
 ParOldGen       total 84992K, used 2037K [0x0000000084200000, 0x0000000089500000, 0x00000000d6b80000)
  object space 84992K, 2% used [0x0000000084200000,0x00000000843fd6b8,0x0000000089500000)
 Metaspace       used 20620K, capacity 20844K, committed 21248K, reserved 1069056K
  class space    used 2381K, capacity 2472K, committed 2560K, reserved 1048576K

Card table byte_map: [0x00007f6b78ea0000,0x00007f6b79280000] byte_map_base: 0x00007f6b78a7f000

Marking Bits: (ParMarkBitMap*) 0x00007f6b8e214220
 Begin Bits: [0x00007f6b70210000, 0x00007f6b72108000)
 End Bits:   [0x00007f6b72108000, 0x00007f6b74000000)

Polling page: 0x00007f6b8fb4c000

CodeCache: size=245760Kb used=4415Kb max_used=4431Kb free=241344Kb
 bounds [0x00007f6b79640000, 0x00007f6b79aa0000, 0x00007f6b88640000]
 total_blobs=1628 nmethods=1219 adapters=324
 compilation: enabled

Compilation events (10 events):
Event: 1.048 Thread 0x00000000014b6000 nmethod 1215 0x00007f6b79a8bc90 code [0x00007f6b79a8be00, 0x00007f6b79a8c0e8]
Event: 1.048 Thread 0x00000000014b6000 1214       3       com.google.protobuf.WireFormat::makeTag (6 bytes)
Event: 1.048 Thread 0x00000000014b6000 nmethod 1214 0x00007f6b79a8b990 code [0x00007f6b79a8bae0, 0x00007f6b79a8bc10]
Event: 1.048 Thread 0x00000000014b6000 1217       3       java.nio.Bits::copyToArray (68 bytes)
Event: 1.049 Thread 0x00000000014b6000 nmethod 1217 0x00007f6b79a8afd0 code [0x00007f6b79a8b160, 0x00007f6b79a8b4c8]
Event: 1.049 Thread 0x00000000014b6000 1218       3       java.nio.ByteBuffer::get (9 bytes)
Event: 1.049 Thread 0x00000000014b6000 nmethod 1218 0x00007f6b79a8ab90 code [0x00007f6b79a8ad00, 0x00007f6b79a8af28]
Event: 1.049 Thread 0x00000000014b6000 1219       1       java.nio.Buffer::capacity (5 bytes)
Event: 1.049 Thread 0x00000000014b6000 nmethod 1219 0x00007f6b79a8a8d0 code [0x00007f6b79a8aa20, 0x00007f6b79a8ab30]
Event: 1.056 Thread 0x00000000014b4000 nmethod 1188 0x00007f6b79a953d0 code [0x00007f6b79a956c0, 0x00007f6b79a96790]

GC Heap History (8 events):
Event: 0.362 GC heap before
{Heap before GC invocations=1 (full 0):
 PSYoungGen      total 36864K, used 31744K [0x00000000d6b80000, 0x00000000d9480000, 0x0000000100000000)
  eden space 31744K, 100% used [0x00000000d6b80000,0x00000000d8a80000,0x00000000d8a80000)
  from space 5120K, 0% used [0x00000000d8f80000,0x00000000d8f80000,0x00000000d9480000)
  to   space 5120K, 0% used [0x00000000d8a80000,0x00000000d8a80000,0x00000000d8f80000)
 ParOldGen       total 84992K, used 0K [0x0000000084200000, 0x0000000089500000, 0x00000000d6b80000)
  object space 84992K, 0% used [0x0000000084200000,0x0000000084200000,0x0000000089500000)
 Metaspace       used 8142K, capacity 8250K, committed 8448K, reserved 1056768K
  class space    used 957K, capacity 1009K, committed 1024K, reserved 1048576K
Event: 0.366 GC heap after
Heap after GC invocations=1 (full 0):
 PSYoungGen      total 36864K, used 4856K [0x00000000d6b80000, 0x00000000d9480000, 0x0000000100000000)
  eden space 31744K, 0% used [0x00000000d6b80000,0x00000000d6b80000,0x00000000d8a80000)
  from space 5120K, 94% used [0x00000000d8a80000,0x00000000d8f3e370,0x00000000d8f80000)
  to   space 5120K, 0% used [0x00000000d8f80000,0x00000000d8f80000,0x00000000d9480000)
 ParOldGen       total 84992K, used 80K [0x0000000084200000, 0x0000000089500000, 0x00000000d6b80000)
  object space 84992K, 0% used [0x0000000084200000,0x0000000084214028,0x0000000089500000)
 Metaspace       used 8142K, capacity 8250K, committed 8448K, reserved 1056768K
  class space    used 957K, capacity 1009K, committed 1024K, reserved 1048576K
}
Event: 0.578 GC heap before
{Heap before GC invocations=2 (full 0):
 PSYoungGen      total 36864K, used 36600K [0x00000000d6b80000, 0x00000000d9480000, 0x0000000100000000)
  eden space 31744K, 100% used [0x00000000d6b80000,0x00000000d8a80000,0x00000000d8a80000)
  from space 5120K, 94% used [0x00000000d8a80000,0x00000000d8f3e370,0x00000000d8f80000)
  to   space 5120K, 0% used [0x00000000d8f80000,0x00000000d8f80000,0x00000000d9480000)
 ParOldGen       total 84992K, used 80K [0x0000000084200000, 0x0000000089500000, 0x00000000d6b80000)
  object space 84992K, 0% used [0x0000000084200000,0x0000000084214028,0x0000000089500000)
 Metaspace       used 12355K, capacity 12554K, committed 12928K, reserved 1060864K
  class space    used 1461K, capacity 1543K, committed 1664K, reserved 1048576K
Event: 0.582 GC heap after
Heap after GC invocations=2 (full 0):
 PSYoungGen      total 36864K, used 5119K [0x00000000d6b80000, 0x00000000db380000, 0x0000000100000000)
  eden space 31744K, 0% used [0x00000000d6b80000,0x00000000d6b80000,0x00000000d8a80000)
  from space 5120K, 99% used [0x00000000d8f80000,0x00000000d947ff38,0x00000000d9480000)
  to   space 5120K, 0% used [0x00000000d8a80000,0x00000000d8a80000,0x00000000d8f80000)
 ParOldGen       total 84992K, used 715K [0x0000000084200000, 0x0000000089500000, 0x00000000d6b80000)
  object space 84992K, 0% used [0x0000000084200000,0x00000000842b2ff8,0x0000000089500000)
 Metaspace       used 12355K, capacity 12554K, committed 12928K, reserved 1060864K
  class space    used 1461K, capacity 1543K, committed 1664K, reserved 1048576K
}
Event: 0.699 GC heap before
{Heap before GC invocations=3 (full 0):
 PSYoungGen      total 36864K, used 36863K [0x00000000d6b80000, 0x00000000db380000, 0x0000000100000000)
  eden space 31744K, 100% used [0x00000000d6b80000,0x00000000d8a80000,0x00000000d8a80000)
  from space 5120K, 99% used [0x00000000d8f80000,0x00000000d947ff38,0x00000000d9480000)
  to   space 5120K, 0% used [0x00000000d8a80000,0x00000000d8a80000,0x00000000d8f80000)
 ParOldGen       total 84992K, used 715K [0x0000000084200000, 0x0000000089500000, 0x00000000d6b80000)
  object space 84992K, 0% used [0x0000000084200000,0x00000000842b2ff8,0x0000000089500000)
 Metaspace       used 15399K, capacity 15626K, committed 16000K, reserved 1062912K
  class space    used 1769K, capacity 1863K, committed 1920K, reserved 1048576K
Event: 0.702 GC heap after
Heap after GC invocations=3 (full 0):
 PSYoungGen      total 36864K, used 5117K [0x00000000d6b80000, 0x00000000db380000, 0x0000000100000000)
  eden space 31744K, 0% used [0x00000000d6b80000,0x00000000d6b80000,0x00000000d8a80000)
  from space 5120K, 99% used [0x00000000d8a80000,0x00000000d8f7f600,0x00000000d8f80000)
  to   space 5120K, 0% used [0x00000000dae80000,0x00000000dae80000,0x00000000db380000)
 ParOldGen       total 84992K, used 1498K [0x0000000084200000, 0x0000000089500000, 0x00000000d6b80000)
  object space 84992K, 1% used [0x0000000084200000,0x0000000084376940,0x0000000089500000)
 Metaspace       used 15399K, capacity 15626K, committed 16000K, reserved 1062912K
  class space    used 1769K, capacity 1863K, committed 1920K, reserved 1048576K
}
Event: 0.795 GC heap before
{Heap before GC invocations=4 (full 0):
 PSYoungGen      total 36864K, used 36861K [0x00000000d6b80000, 0x00000000db380000, 0x0000000100000000)
  eden space 31744K, 100% used [0x00000000d6b80000,0x00000000d8a80000,0x00000000d8a80000)
  from space 5120K, 99% used [0x00000000d8a80000,0x00000000d8f7f600,0x00000000d8f80000)
  to   space 5120K, 0% used [0x00000000dae80000,0x00000000dae80000,0x00000000db380000)
 ParOldGen       total 84992K, used 1498K [0x0000000084200000, 0x0000000089500000, 0x00000000d6b80000)
  object space 84992K, 1% used [0x0000000084200000,0x0000000084376940,0x0000000089500000)
 Metaspace       used 17720K, capacity 17898K, committed 18048K, reserved 1064960K
  class space    used 2056K, capacity 2151K, committed 2176K, reserved 1048576K
Event: 0.799 GC heap after
Heap after GC invocations=4 (full 0):
 PSYoungGen      total 68608K, used 5104K [0x00000000d6b80000, 0x00000000db380000, 0x0000000100000000)
  eden space 63488K, 0% used [0x00000000d6b80000,0x00000000d6b80000,0x00000000da980000)
  from space 5120K, 99% used [0x00000000dae80000,0x00000000db37c260,0x00000000db380000)
  to   space 5120K, 0% used [0x00000000da980000,0x00000000da980000,0x00000000dae80000)
 ParOldGen       total 84992K, used 2037K [0x0000000084200000, 0x0000000089500000, 0x00000000d6b80000)
  object space 84992K, 2% used [0x0000000084200000,0x00000000843fd6b8,0x0000000089500000)
 Metaspace       used 17720K, capacity 17898K, committed 18048K, reserved 1064960K
  class space    used 2056K, capacity 2151K, committed 2176K, reserved 1048576K
}

Deoptimization events (10 events):
Event: 0.151 Thread 0x0000000000d90800 Uncommon trap: reason=unstable_if action=reinterpret pc=0x00007f6b797cc160 method=java.lang.String.indexOf([CII[CIII)I @ 3
Event: 0.366 Thread 0x0000000000d90800 Uncommon trap: reason=unstable_if action=reinterpret pc=0x00007f6b798c8cdc method=org.apache.xerces.impl.XMLEntityScanner.skipChar(I)Z @ 14
Event: 0.476 Thread 0x0000000000d90800 Uncommon trap: reason=unstable_if action=reinterpret pc=0x00007f6b7990684c method=org.apache.xerces.dom.DeferredDocumentImpl.clearChunkIndex([[III)I @ 47
Event: 0.585 Thread 0x0000000000d90800 Uncommon trap: reason=unstable_if action=reinterpret pc=0x00007f6b7987ff94 method=sun.net.www.ParseUtil.encodePath(Ljava/lang/String;Z)Ljava/lang/String; @ 109
Event: 0.842 Thread 0x0000000000d90800 Uncommon trap: reason=class_check action=maybe_recompile pc=0x00007f6b79a5b1e8 method=java.io.DataOutputStream.write(I)V @ 5
Event: 0.842 Thread 0x0000000000d90800 Uncommon trap: reason=class_check action=maybe_recompile pc=0x00007f6b79a5b1e8 method=java.io.DataOutputStream.write(I)V @ 5
Event: 0.842 Thread 0x0000000000d90800 Uncommon trap: reason=class_check action=maybe_recompile pc=0x00007f6b79a5b1e8 method=java.io.DataOutputStream.write(I)V @ 5
Event: 0.906 Thread 0x0000000000d90800 Uncommon trap: reason=bimorphic action=maybe_recompile pc=0x00007f6b79a40244 method=java.io.DataOutputStream.writeShort(I)V @ 12
Event: 0.906 Thread 0x0000000000d90800 Uncommon trap: reason=class_check action=maybe_recompile pc=0x00007f6b79a5b1e8 method=java.io.DataOutputStream.write(I)V @ 5
Event: 1.047 Thread 0x0000000000d90800 Uncommon trap: reason=bimorphic action=maybe_recompile pc=0x00007f6b79a40244 method=java.io.DataOutputStream.writeShort(I)V @ 12

Internal exceptions (10 events):
Event: 0.146 Thread 0x0000000000d90800 Exception <a 'java/lang/ClassNotFoundException': org/apache/log4j/AppenderSkeletonCustomizer> (0x00000000d73f8ad8) thrown at [/build/openjdk-8-YiEakL/openjdk-8-8u121-b13/src/hotspot/src/share/vm/classfile/systemDictionary.cpp, line 210]
Event: 0.147 Thread 0x0000000000d90800 Exception <a 'java/lang/ClassNotFoundException': org/apache/log4j/WriterAppenderCustomizer> (0x00000000d7431e48) thrown at [/build/openjdk-8-YiEakL/openjdk-8-8u121-b13/src/hotspot/src/share/vm/classfile/systemDictionary.cpp, line 210]
Event: 0.148 Thread 0x0000000000d90800 Exception <a 'java/lang/ClassNotFoundException': org/apache/log4j/ConsoleAppenderCustomizer> (0x00000000d7461e30) thrown at [/build/openjdk-8-YiEakL/openjdk-8-8u121-b13/src/hotspot/src/share/vm/classfile/systemDictionary.cpp, line 210]
Event: 0.418 Thread 0x0000000000d90800 Exception <a 'java/lang/NoSuchFieldError': method resolution failed> (0x00000000d6f68338) thrown at [/build/openjdk-8-YiEakL/openjdk-8-8u121-b13/src/hotspot/src/share/vm/prims/methodHandles.cpp, line 1146]
Event: 0.420 Thread 0x0000000000d90800 Exception <a 'java/lang/NoSuchFieldError': method resolution failed> (0x00000000d6f759f8) thrown at [/build/openjdk-8-YiEakL/openjdk-8-8u121-b13/src/hotspot/src/share/vm/prims/methodHandles.cpp, line 1146]
Event: 0.443 Thread 0x0000000000d90800 Exception <a 'java/io/FileNotFoundException'> (0x00000000d711a7d8) thrown at [/build/openjdk-8-YiEakL/openjdk-8-8u121-b13/src/hotspot/src/share/vm/prims/jni.cpp, line 709]
Event: 0.443 Thread 0x0000000000d90800 Exception <a 'java/security/PrivilegedActionException'> (0x00000000d711ac40) thrown at [/build/openjdk-8-YiEakL/openjdk-8-8u121-b13/src/hotspot/src/share/vm/prims/jvm.cpp, line 1390]
Event: 0.443 Thread 0x0000000000d90800 Exception <a 'java/lang/reflect/InvocationTargetException'> (0x00000000d711cd00) thrown at [/build/openjdk-8-YiEakL/openjdk-8-8u121-b13/src/hotspot/src/share/vm/runtime/reflection.cpp, line 1092]
Event: 0.918 Thread 0x000000000234e000 Exception <a 'java/lang/InterruptedException'> (0x00000000d7f02298) thrown at [/build/openjdk-8-YiEakL/openjdk-8-8u121-b13/src/hotspot/src/share/vm/runtime/objectMonitor.cpp, line 1684]
Event: 1.049 Thread 0x0000000002449800 Exception <a 'java/lang/InterruptedException'> (0x00000000d8964000) thrown at [/build/openjdk-8-YiEakL/openjdk-8-8u121-b13/src/hotspot/src/share/vm/runtime/objectMonitor.cpp, line 1684]

Events (10 events):
Event: 1.019 Thread 0x0000000002350800 Thread exited: 0x0000000002350800
Event: 1.042 loading class javax/security/auth/Subject$ClassSet$1
Event: 1.042 loading class javax/security/auth/Subject$ClassSet$1 done
Event: 1.044 Thread 0x0000000002449800 Thread added: 0x0000000002449800
Event: 1.044 Thread 0x000000000244a000 Thread added: 0x000000000244a000
Event: 1.047 Thread 0x0000000000d90800 Uncommon trap: trap_request=0xffffffc6 fr.pc=0x00007f6b79a40244
Event: 1.047 Thread 0x0000000000d90800 DEOPT PACKING pc=0x00007f6b79a40244 sp=0x00007ffc7d11aea0
Event: 1.047 Thread 0x0000000000d90800 DEOPT UNPACKING pc=0x00007f6b79644f69 sp=0x00007ffc7d11aeb0 mode 2
Event: 1.049 Thread 0x0000000002449800 Thread exited: 0x0000000002449800
Event: 1.149 Thread 0x000000000244a000 Thread exited: 0x000000000244a000


Dynamic libraries:
00400000-004e7000 r-xp 00000000 08:01 38801530                           /home/peter/FYP/FastLSH/cmake-build-debug/FastLSH
006e6000-006e7000 r--p 000e6000 08:01 38801530                           /home/peter/FYP/FastLSH/cmake-build-debug/FastLSH
006e7000-006e8000 rw-p 000e7000 08:01 38801530                           /home/peter/FYP/FastLSH/cmake-build-debug/FastLSH
006e8000-006e9000 rw-p 00000000 00:00 0 
00ba0000-02525000 rw-p 00000000 00:00 0                                  [heap]
84200000-89500000 rw-p 00000000 00:00 0 
89500000-d6b80000 ---p 00000000 00:00 0 
d6b80000-db380000 rw-p 00000000 00:00 0 
db380000-100000000 ---p 00000000 00:00 0 
100000000-100280000 rw-p 00000000 00:00 0 
100280000-140000000 ---p 00000000 00:00 0 
7f6b10000000-7f6b10021000 rw-p 00000000 00:00 0 
7f6b10021000-7f6b14000000 ---p 00000000 00:00 0 
7f6b18000000-7f6b18026000 rw-p 00000000 00:00 0 
7f6b18026000-7f6b1c000000 ---p 00000000 00:00 0 
7f6b1c000000-7f6b1c021000 rw-p 00000000 00:00 0 
7f6b1c021000-7f6b20000000 ---p 00000000 00:00 0 
7f6b232ea000-7f6b2332a000 rw-p 00000000 00:00 0 
7f6b2332a000-7f6b234ed000 ---p 00000000 00:00 0 
7f6b234ed000-7f6b235eb000 rw-p 00000000 00:00 0 
7f6b235eb000-7f6b235ee000 ---p 00000000 00:00 0 
7f6b235ee000-7f6b236ec000 rw-p 00000000 00:00 0 
7f6b236ec000-7f6b236fd000 r-xp 00000000 08:01 56888874                   /usr/lib/jvm/java-8-openjdk-amd64/jre/lib/amd64/libnio.so
7f6b236fd000-7f6b238fd000 ---p 00011000 08:01 56888874                   /usr/lib/jvm/java-8-openjdk-amd64/jre/lib/amd64/libnio.so
7f6b238fd000-7f6b238fe000 r--p 00011000 08:01 56888874                   /usr/lib/jvm/java-8-openjdk-amd64/jre/lib/amd64/libnio.so
7f6b238fe000-7f6b238ff000 rw-p 00012000 08:01 56888874                   /usr/lib/jvm/java-8-openjdk-amd64/jre/lib/amd64/libnio.so
7f6b238ff000-7f6b23aff000 rw-p 00000000 00:00 0 
7f6b23aff000-7f6b23cff000 rw-p 00000000 00:00 0 
7f6b23cff000-7f6b24000000 rw-p 00000000 00:00 0 
7f6b24000000-7f6b24021000 rw-p 00000000 00:00 0 
7f6b24021000-7f6b28000000 ---p 00000000 00:00 0 
7f6b28000000-7f6b28021000 rw-p 00000000 00:00 0 
7f6b28021000-7f6b2c000000 ---p 00000000 00:00 0 
7f6b2c000000-7f6b2c1d0000 rw-p 00000000 00:00 0 
7f6b2c1d0000-7f6b30000000 ---p 00000000 00:00 0 
7f6b30000000-7f6b30021000 rw-p 00000000 00:00 0 
7f6b30021000-7f6b34000000 ---p 00000000 00:00 0 
7f6b34000000-7f6b34392000 rw-p 00000000 00:00 0 
7f6b34392000-7f6b38000000 ---p 00000000 00:00 0 
7f6b38000000-7f6b3820d000 rw-p 00000000 00:00 0 
7f6b3820d000-7f6b3c000000 ---p 00000000 00:00 0 
7f6b3c000000-7f6b3c021000 rw-p 00000000 00:00 0 
7f6b3c021000-7f6b40000000 ---p 00000000 00:00 0 
7f6b40000000-7f6b4029c000 rw-p 00000000 00:00 0 
7f6b4029c000-7f6b44000000 ---p 00000000 00:00 0 
7f6b44000000-7f6b44021000 rw-p 00000000 00:00 0 
7f6b44021000-7f6b48000000 ---p 00000000 00:00 0 
7f6b48000000-7f6b48021000 rw-p 00000000 00:00 0 
7f6b48021000-7f6b4c000000 ---p 00000000 00:00 0 
7f6b4c000000-7f6b4c021000 rw-p 00000000 00:00 0 
7f6b4c021000-7f6b50000000 ---p 00000000 00:00 0 
7f6b50000000-7f6b50021000 rw-p 00000000 00:00 0 
7f6b50021000-7f6b54000000 ---p 00000000 00:00 0 
7f6b54000000-7f6b54021000 rw-p 00000000 00:00 0 
7f6b54021000-7f6b58000000 ---p 00000000 00:00 0 
7f6b580c5000-7f6b582c5000 rw-p 00000000 00:00 0 
7f6b582c5000-7f6b582dc000 r-xp 00000000 08:01 56888866                   /usr/lib/jvm/java-8-openjdk-amd64/jre/lib/amd64/libnet.so
7f6b582dc000-7f6b584db000 ---p 00017000 08:01 56888866                   /usr/lib/jvm/java-8-openjdk-amd64/jre/lib/amd64/libnet.so
7f6b584db000-7f6b584dc000 r--p 00016000 08:01 56888866                   /usr/lib/jvm/java-8-openjdk-amd64/jre/lib/amd64/libnet.so
7f6b584dc000-7f6b584dd000 rw-p 00017000 08:01 56888866                   /usr/lib/jvm/java-8-openjdk-amd64/jre/lib/amd64/libnet.so
7f6b584dd000-7f6b584e0000 r--s 00015000 08:01 56363511                   /usr/lib/jvm/java-8-openjdk-amd64/jre/lib/jce.jar
7f6b584e0000-7f6b584e4000 r--s 0009a000 08:01 56363510                   /usr/lib/jvm/java-8-openjdk-amd64/jre/lib/jsse.jar
7f6b584e4000-7f6b586e4000 rw-p 00000000 00:00 0 
7f6b586e4000-7f6b586e5000 r-xp 00000000 08:01 56888858                   /usr/lib/jvm/java-8-openjdk-amd64/jre/lib/amd64/libjaas_unix.so
7f6b586e5000-7f6b588e4000 ---p 00001000 08:01 56888858                   /usr/lib/jvm/java-8-openjdk-amd64/jre/lib/amd64/libjaas_unix.so
7f6b588e4000-7f6b588e5000 r--p 00000000 08:01 56888858                   /usr/lib/jvm/java-8-openjdk-amd64/jre/lib/amd64/libjaas_unix.so
7f6b588e5000-7f6b588e6000 rw-p 00001000 08:01 56888858                   /usr/lib/jvm/java-8-openjdk-amd64/jre/lib/amd64/libjaas_unix.so
7f6b588e6000-7f6b588e9000 ---p 00000000 00:00 0 
7f6b588e9000-7f6b589e7000 rw-p 00000000 00:00 0 
7f6b589e7000-7f6b589ea000 ---p 00000000 00:00 0 
7f6b589ea000-7f6b58c20000 rw-p 00000000 00:00 0 
7f6b58c20000-7f6b58c29000 r-xp 00000000 08:01 56888880                   /usr/lib/jvm/java-8-openjdk-amd64/jre/lib/amd64/libmanagement.so
7f6b58c29000-7f6b58e28000 ---p 00009000 08:01 56888880                   /usr/lib/jvm/java-8-openjdk-amd64/jre/lib/amd64/libmanagement.so
7f6b58e28000-7f6b58e29000 r--p 00008000 08:01 56888880                   /usr/lib/jvm/java-8-openjdk-amd64/jre/lib/amd64/libmanagement.so
7f6b58e29000-7f6b58e2a000 rw-p 00009000 08:01 56888880                   /usr/lib/jvm/java-8-openjdk-amd64/jre/lib/amd64/libmanagement.so
7f6b58e2a000-7f6b58e2c000 r--s 0000e000 08:01 37358641                   /usr/local/hadoop/share/hadoop/mapreduce/hadoop-mapreduce-client-jobclient-2.7.3.jar
7f6b58e2c000-7f6b58e39000 r--s 000b0000 08:01 37358637                   /usr/local/hadoop/share/hadoop/mapreduce/hadoop-mapreduce-client-common-2.7.3.jar
7f6b58e39000-7f6b58e3b000 r--s 00010000 08:01 37358638                   /usr/local/hadoop/share/hadoop/mapreduce/hadoop-mapreduce-client-shuffle-2.7.3.jar
7f6b58e3b000-7f6b58e53000 r--s 00164000 08:01 37358636                   /usr/local/hadoop/share/hadoop/mapreduce/hadoop-mapreduce-client-core-2.7.3.jar
7f6b58e53000-7f6b58e57000 r--s 0002b000 08:01 37358640                   /usr/local/hadoop/share/hadoop/mapreduce/hadoop-mapreduce-client-hs-2.7.3.jar
7f6b58e57000-7f6b58e58000 r--s 00006000 08:01 37358642                   /usr/local/hadoop/share/hadoop/mapreduce/hadoop-mapreduce-client-hs-plugins-2.7.3.jar
7f6b58e58000-7f6b58e6e000 r--s 00165000 08:01 37358644                   /usr/local/hadoop/share/hadoop/mapreduce/hadoop-mapreduce-client-jobclient-2.7.3-tests.jar
7f6b58e6e000-7f6b58e73000 r--s 00044000 08:01 37358643                   /usr/local/hadoop/share/hadoop/mapreduce/hadoop-mapreduce-examples-2.7.3.jar
7f6b58e73000-7f6b58e7d000 r--s 0007a000 08:01 37358639                   /usr/local/hadoop/share/hadoop/mapreduce/hadoop-mapreduce-client-app-2.7.3.jar
7f6b58e7d000-7f6b58e84000 r--s 00044000 08:01 37358612                   /usr/local/hadoop/share/hadoop/mapreduce/lib/avro-1.7.4.jar
7f6b58e84000-7f6b58e8a000 r--s 00036000 08:01 37358632                   /usr/local/hadoop/share/hadoop/mapreduce/lib/junit-4.11.jar
7f6b58e8a000-7f6b58e92000 r--s 0007b000 08:01 37358611                   /usr/local/hadoop/share/hadoop/mapreduce/lib/protobuf-java-2.5.0.jar
7f6b58e92000-7f6b58e93000 r--s 0000a000 08:01 37358623                   /usr/local/hadoop/share/hadoop/mapreduce/lib/asm-3.2.jar
7f6b58e93000-7f6b58e9d000 r--s 00066000 08:01 37358621                   /usr/local/hadoop/share/hadoop/mapreduce/lib/jersey-core-1.9.jar
7f6b58e9d000-7f6b58e9e000 r--s 00003000 08:01 37358630                   /usr/local/hadoop/share/hadoop/mapreduce/lib/jersey-guice-1.9.jar
7f6b58e9e000-7f6b58ea2000 r--s 0002a000 08:01 37358620                   /usr/local/hadoop/share/hadoop/mapreduce/lib/commons-io-2.4.jar
7f6b58ea2000-7f6b58eb9000 r--s 0010e000 08:01 37358625                   /usr/local/hadoop/share/hadoop/mapreduce/lib/netty-3.6.2.Final.jar
7f6b58eb9000-7f6b58ebb000 r--s 000f2000 08:01 37358616                   /usr/local/hadoop/share/hadoop/mapreduce/lib/snappy-java-1.0.4.1.jar
7f6b58ebb000-7f6b58ebd000 r--s 00009000 08:01 37358633                   /usr/local/hadoop/share/hadoop/mapreduce/lib/hamcrest-core-1.3.jar
7f6b58ebd000-7f6b58ec6000 r--s 0006f000 08:01 37358624                   /usr/local/hadoop/share/hadoop/mapreduce/lib/log4j-1.2.17.jar
7f6b58ec6000-7f6b58ed8000 r--s 0009d000 08:01 37358622                   /usr/local/hadoop/share/hadoop/mapreduce/lib/jersey-server-1.9.jar
7f6b58ed8000-7f6b58ed9000 r--s 00009000 08:01 37358619                   /usr/local/hadoop/share/hadoop/mapreduce/lib/hadoop-annotations-2.7.3.jar
7f6b58ed9000-7f6b58eda000 r--s 00000000 08:01 37358628                   /usr/local/hadoop/share/hadoop/mapreduce/lib/javax.inject-1.jar
7f6b58eda000-7f6b58edc000 r--s 00006000 08:01 37358615                   /usr/local/hadoop/share/hadoop/mapreduce/lib/paranamer-2.3.jar
7f6b58edc000-7f6b58ee0000 r--s 00014000 08:01 37358618                   /usr/local/hadoop/share/hadoop/mapreduce/lib/xz-1.0.jar
7f6b58ee0000-7f6b58ee4000 r--s 00035000 08:01 37358613                   /usr/local/hadoop/share/hadoop/mapreduce/lib/jackson-core-asl-1.9.13.jar
7f6b58ee4000-7f6b58ee6000 r--s 00000000 08:01 37358629                   /usr/local/hadoop/share/hadoop/mapreduce/lib/aopalliance-1.0.jar
7f6b58ee6000-7f6b58ef4000 r--s 000b1000 08:01 37358614                   /usr/local/hadoop/share/hadoop/mapreduce/lib/jackson-mapper-asl-1.9.13.jar
7f6b58ef4000-7f6b58ef9000 r--s 00036000 08:01 37358617                   /usr/local/hadoop/share/hadoop/mapreduce/lib/commons-compress-1.4.1.jar
7f6b58ef9000-7f6b58f08000 r--s 0009f000 08:01 37358627                   /usr/local/hadoop/share/hadoop/mapreduce/lib/guice-3.0.jar
7f6b58f08000-7f6b58f0b000 r--s 000fd000 08:01 37358626                   /usr/local/hadoop/share/hadoop/mapreduce/lib/leveldbjni-all-1.8.jar
7f6b58f0b000-7f6b58f0d000 r--s 0000e000 08:01 37358631                   /usr/local/hadoop/share/hadoop/mapreduce/lib/guice-servlet-3.0.jar
7f6b58f0d000-7f6b58f1b000 r--s 000a1000 08:01 37358582                   /usr/local/hadoop/share/hadoop/yarn/hadoop-yarn-server-nodemanager-2.7.3.jar
7f6b58f1b000-7f6b58f31000 r--s 00122000 08:01 37358585                   /usr/local/hadoop/share/hadoop/yarn/hadoop-yarn-server-resourcemanager-2.7.3.jar
7f6b58f31000-7f6b58f34000 r--s 0001b000 08:01 37358591                   /usr/local/hadoop/share/hadoop/yarn/hadoop-yarn-registry-2.7.3.jar
7f6b58f34000-7f6b58f51000 r--s 001d3000 08:01 37358579                   /usr/local/hadoop/share/hadoop/yarn/hadoop-yarn-api-2.7.3.jar
7f6b58f51000-7f6b58f53000 r--s 00011000 08:01 37358588                   /usr/local/hadoop/share/hadoop/yarn/hadoop-yarn-server-sharedcachemanager-2.7.3.jar
7f6b58f53000-7f6b58f54000 r--s 00010000 08:01 37358589                   /usr/local/hadoop/share/hadoop/yarn/hadoop-yarn-applications-distributedshell-2.7.3.jar
7f6b58f54000-7f6b58f5c000 r--s 00057000 08:01 37358581                   /usr/local/hadoop/share/hadoop/yarn/hadoop-yarn-server-common-2.7.3.jar
7f6b58f5c000-7f6b58f61000 r--s 00031000 08:01 37358584                   /usr/local/hadoop/share/hadoop/yarn/hadoop-yarn-server-applicationhistoryservice-2.7.3.jar
7f6b58f61000-7f6b58f63000 r--s 00008000 08:01 37358590                   /usr/local/hadoop/share/hadoop/yarn/hadoop-yarn-applications-unmanaged-am-launcher-2.7.3.jar
7f6b58f63000-7f6b58f65000 r--s 0000e000 08:01 37358586                   /usr/local/hadoop/share/hadoop/yarn/hadoop-yarn-server-tests-2.7.3.jar
7f6b58f65000-7f6b58f67000 r--s 0000d000 08:01 37358583                   /usr/local/hadoop/share/hadoop/yarn/hadoop-yarn-server-web-proxy-2.7.3.jar
7f6b58f67000-7f6b58f6a000 r--s 00026000 08:01 37358587                   /usr/local/hadoop/share/hadoop/yarn/hadoop-yarn-client-2.7.3.jar
7f6b58f6a000-7f6b58f82000 r--s 00182000 08:01 37358580                   /usr/local/hadoop/share/hadoop/yarn/hadoop-yarn-common-2.7.3.jar
7f6b58f82000-7f6b58f95000 r--s 000c7000 08:01 37358570                   /usr/local/hadoop/share/hadoop/yarn/lib/jaxb-impl-2.2.3-1.jar
7f6b58f95000-7f6b58fb6000 r--s 00172000 08:01 37358541                   /usr/local/hadoop/share/hadoop/yarn/lib/guava-11.0.2.jar
7f6b58fb6000-7f6b58fbe000 r--s 0007b000 08:01 37358544                   /usr/local/hadoop/share/hadoop/yarn/lib/protobuf-java-2.5.0.jar
7f6b58fbe000-7f6b58fbf000 r--s 0000a000 08:01 37358567                   /usr/local/hadoop/share/hadoop/yarn/lib/asm-3.2.jar
7f6b58fbf000-7f6b58fc3000 r--s 00021000 08:01 37358568                   /usr/local/hadoop/share/hadoop/yarn/lib/jersey-json-1.9.jar
7f6b58fc3000-7f6b58fc6000 r--s 00006000 08:01 37358542                   /usr/local/hadoop/share/hadoop/yarn/lib/jsr305-3.0.0.jar
7f6b58fc6000-7f6b58fd2000 r--s 000b6000 08:01 37358572                   /usr/local/hadoop/share/hadoop/yarn/lib/zookeeper-3.4.6.jar
7f6b58fd2000-7f6b58fdc000 r--s 00066000 08:01 37358555                   /usr/local/hadoop/share/hadoop/yarn/lib/jersey-core-1.9.jar
7f6b58fdc000-7f6b58fdd000 r--s 00003000 08:01 37358571                   /usr/local/hadoop/share/hadoop/yarn/lib/jersey-guice-1.9.jar
7f6b58fdd000-7f6b58fe1000 r--s 0002a000 08:01 37358565                   /usr/local/hadoop/share/hadoop/yarn/lib/commons-io-2.4.jar
7f6b58fe1000-7f6b58ff8000 r--s 0010e000 08:01 37358573                   /usr/local/hadoop/share/hadoop/yarn/lib/netty-3.6.2.Final.jar
7f6b58ff8000-7f6b59001000 r--s 0007b000 08:01 37358539                   /usr/local/hadoop/share/hadoop/yarn/lib/zookeeper-3.4.6-tests.jar
7f6b59001000-7f6b59003000 r--s 0000d000 08:01 37358553                   /usr/local/hadoop/share/hadoop/yarn/lib/commons-codec-1.4.jar
7f6b59003000-7f6b5900c000 r--s 0006f000 08:01 37358546                   /usr/local/hadoop/share/hadoop/yarn/lib/log4j-1.2.17.jar
7f6b5900c000-7f6b5901e000 r--s 0009d000 08:01 37358566                   /usr/local/hadoop/share/hadoop/yarn/lib/jersey-server-1.9.jar
7f6b5901e000-7f6b59021000 r--s 00017000 08:01 37358547                   /usr/local/hadoop/share/hadoop/yarn/lib/jaxb-api-2.2.2.jar
7f6b59021000-7f6b59022000 r--s 00004000 08:01 37358559                   /usr/local/hadoop/share/hadoop/yarn/lib/jackson-jaxrs-1.9.13.jar
7f6b59022000-7f6b59025000 r--s 0001d000 08:01 37358556                   /usr/local/hadoop/share/hadoop/yarn/lib/jersey-client-1.9.jar
7f6b59025000-7f6b5902c000 r--s 0007d000 08:01 37358576                   /usr/local/hadoop/share/hadoop/yarn/lib/jetty-6.1.26.jar
7f6b5902c000-7f6b5902e000 r--s 0000e000 08:01 37358543                   /usr/local/hadoop/share/hadoop/yarn/lib/commons-logging-1.1.3.jar
7f6b5902e000-7f6b59030000 r--s 00009000 08:01 37358545                   /usr/local/hadoop/share/hadoop/yarn/lib/commons-cli-1.2.jar
7f6b59030000-7f6b59031000 r--s 00000000 08:01 37358563                   /usr/local/hadoop/share/hadoop/yarn/lib/javax.inject-1.jar
7f6b59031000-7f6b59035000 r--s 00028000 08:01 37358554                   /usr/local/hadoop/share/hadoop/yarn/lib/jetty-util-6.1.26.jar
7f6b59035000-7f6b59039000 r--s 00014000 08:01 37358551                   /usr/local/hadoop/share/hadoop/yarn/lib/xz-1.0.jar
7f6b59039000-7f6b5903b000 r--s 0000e000 08:01 37358549                   /usr/local/hadoop/share/hadoop/yarn/lib/activation-1.1.jar
7f6b5903b000-7f6b5903d000 r--s 00004000 08:01 37358548                   /usr/local/hadoop/share/hadoop/yarn/lib/stax-api-1.0-2.jar
7f6b5903d000-7f6b5903e000 r--s 00006000 08:01 37358560                   /usr/local/hadoop/share/hadoop/yarn/lib/jackson-xc-1.9.13.jar
7f6b5903e000-7f6b5904b000 r--s 00083000 08:01 37358575                   /usr/local/hadoop/share/hadoop/yarn/lib/commons-collections-3.2.2.jar
7f6b5904b000-7f6b5904f000 r--s 00035000 08:01 37358557                   /usr/local/hadoop/share/hadoop/yarn/lib/jackson-core-asl-1.9.13.jar
7f6b5904f000-7f6b59051000 r--s 00000000 08:01 37358564                   /usr/local/hadoop/share/hadoop/yarn/lib/aopalliance-1.0.jar
7f6b59051000-7f6b59053000 r--s 00018000 08:01 37358552                   /usr/local/hadoop/share/hadoop/yarn/lib/servlet-api-2.5.jar
7f6b59053000-7f6b59061000 r--s 000b1000 08:01 37358558                   /usr/local/hadoop/share/hadoop/yarn/lib/jackson-mapper-asl-1.9.13.jar
7f6b59061000-7f6b59066000 r--s 00041000 08:01 37358540                   /usr/local/hadoop/share/hadoop/yarn/lib/commons-lang-2.6.jar
7f6b59066000-7f6b59068000 r--s 0000f000 08:01 37358569                   /usr/local/hadoop/share/hadoop/yarn/lib/jettison-1.1.jar
7f6b59068000-7f6b5906d000 r--s 00036000 08:01 37358550                   /usr/local/hadoop/share/hadoop/yarn/lib/commons-compress-1.4.1.jar
7f6b5906d000-7f6b5907c000 r--s 0009f000 08:01 37358562                   /usr/local/hadoop/share/hadoop/yarn/lib/guice-3.0.jar
7f6b5907c000-7f6b5907f000 r--s 000fd000 08:01 37358574                   /usr/local/hadoop/share/hadoop/yarn/lib/leveldbjni-all-1.8.jar
7f6b5907f000-7f6b59081000 r--s 0000e000 08:01 37358561                   /usr/local/hadoop/share/hadoop/yarn/lib/guice-servlet-3.0.jar
7f6b59081000-7f6b59083000 r--s 0001d000 08:01 37358098                   /usr/local/hadoop/share/hadoop/hdfs/hadoop-hdfs-nfs-2.7.3.jar
7f6b59083000-7f6b590ee000 r--s 0077b000 08:01 37358096                   /usr/local/hadoop/share/hadoop/hdfs/hadoop-hdfs-2.7.3.jar
7f6b590ee000-7f6b59111000 r--s 00308000 08:01 37358097                   /usr/local/hadoop/share/hadoop/hdfs/hadoop-hdfs-2.7.3-tests.jar
7f6b59111000-7f6b5912a000 r--s 00150000 08:01 37358090                   /usr/local/hadoop/share/hadoop/hdfs/lib/htrace-core-3.1.0-incubating.jar
7f6b5912a000-7f6b5914b000 r--s 00172000 08:01 37358075                   /usr/local/hadoop/share/hadoop/hdfs/lib/guava-11.0.2.jar
7f6b5914b000-7f6b59168000 r--s 00196000 08:01 37358092                   /usr/local/hadoop/share/hadoop/hdfs/lib/netty-all-4.0.23.Final.jar
7f6b59168000-7f6b59170000 r--s 0007b000 08:01 37358089                   /usr/local/hadoop/share/hadoop/hdfs/lib/protobuf-java-2.5.0.jar
7f6b59170000-7f6b59171000 r--s 0000a000 08:01 37358087                   /usr/local/hadoop/share/hadoop/hdfs/lib/asm-3.2.jar
7f6b59171000-7f6b59174000 r--s 00006000 08:01 37358076                   /usr/local/hadoop/share/hadoop/hdfs/lib/jsr305-3.0.0.jar
7f6b59174000-7f6b5917e000 r--s 00066000 08:01 37358083                   /usr/local/hadoop/share/hadoop/hdfs/lib/jersey-core-1.9.jar
7f6b5917e000-7f6b59182000 r--s 0002a000 08:01 37358079                   /usr/local/hadoop/share/hadoop/hdfs/lib/commons-io-2.4.jar
7f6b59182000-7f6b59199000 r--s 0010e000 08:01 37358074                   /usr/local/hadoop/share/hadoop/hdfs/lib/netty-3.6.2.Final.jar
7f6b59199000-7f6b5919b000 r--s 0000d000 08:01 37358071                   /usr/local/hadoop/share/hadoop/hdfs/lib/commons-codec-1.4.jar
7f6b5919b000-7f6b591a4000 r--s 0006f000 08:01 37358072                   /usr/local/hadoop/share/hadoop/hdfs/lib/log4j-1.2.17.jar
7f6b591a4000-7f6b591a5000 r--s 00003000 08:01 37358078                   /usr/local/hadoop/share/hadoop/hdfs/lib/xmlenc-0.52.jar
7f6b591a5000-7f6b591b7000 r--s 0009d000 08:01 37358086                   /usr/local/hadoop/share/hadoop/hdfs/lib/jersey-server-1.9.jar
7f6b591b7000-7f6b591be000 r--s 0007d000 08:01 37358081                   /usr/local/hadoop/share/hadoop/hdfs/lib/jetty-6.1.26.jar
7f6b591be000-7f6b591c0000 r--s 0000e000 08:01 37358073                   /usr/local/hadoop/share/hadoop/hdfs/lib/commons-logging-1.1.3.jar
7f6b591c0000-7f6b591c2000 r--s 00009000 08:01 37358077                   /usr/local/hadoop/share/hadoop/hdfs/lib/commons-cli-1.2.jar
7f6b591c2000-7f6b591c3000 r--s 00005000 08:01 37358091                   /usr/local/hadoop/share/hadoop/hdfs/lib/commons-daemon-1.0.13.jar
7f6b591c3000-7f6b591c7000 r--s 00028000 08:01 37358082                   /usr/local/hadoop/share/hadoop/hdfs/lib/jetty-util-6.1.26.jar
7f6b591c7000-7f6b591cf000 r--s 00028000 08:01 37358094                   /usr/local/hadoop/share/hadoop/hdfs/lib/xml-apis-1.3.04.jar
7f6b591cf000-7f6b591d3000 r--s 00035000 08:01 37358084                   /usr/local/hadoop/share/hadoop/hdfs/lib/jackson-core-asl-1.9.13.jar
7f6b591d3000-7f6b591eb000 r--s 00115000 08:01 37358093                   /usr/local/hadoop/share/hadoop/hdfs/lib/xercesImpl-2.9.1.jar
7f6b591eb000-7f6b591ed000 r--s 00018000 08:01 37358080                   /usr/local/hadoop/share/hadoop/hdfs/lib/servlet-api-2.5.jar
7f6b591ed000-7f6b591fb000 r--s 000b1000 08:01 37358085                   /usr/local/hadoop/share/hadoop/hdfs/lib/jackson-mapper-asl-1.9.13.jar
7f6b591fb000-7f6b59200000 r--s 00041000 08:01 37358088                   /usr/local/hadoop/share/hadoop/hdfs/lib/commons-lang-2.6.jar
7f6b59200000-7f6b59203000 r--s 000fd000 08:01 37358095                   /usr/local/hadoop/share/hadoop/hdfs/lib/leveldbjni-all-1.8.jar
7f6b59203000-7f6b59239000 r--s 0031a000 08:01 37358012                   /usr/local/hadoop/share/hadoop/common/hadoop-common-2.7.3.jar
7f6b59239000-7f6b59256000 r--s 001b6000 08:01 37358013                   /usr/local/hadoop/share/hadoop/common/hadoop-common-2.7.3-tests.jar
7f6b59256000-7f6b5925a000 r--s 00029000 08:01 37358014                   /usr/local/hadoop/share/hadoop/common/hadoop-nfs-2.7.3.jar
7f6b5925a000-7f6b59261000 r--s 00044000 08:01 37357971                   /usr/local/hadoop/share/hadoop/common/lib/avro-1.7.4.jar
7f6b59261000-7f6b5927a000 r--s 00150000 08:01 37357989                   /usr/local/hadoop/share/hadoop/common/lib/htrace-core-3.1.0-incubating.jar
7f6b5927a000-7f6b5928d000 r--s 000c7000 08:01 37357949                   /usr/local/hadoop/share/hadoop/common/lib/jaxb-impl-2.2.3-1.jar
7f6b5928d000-7f6b592ae000 r--s 00172000 08:01 37357994                   /usr/local/hadoop/share/hadoop/common/lib/guava-11.0.2.jar
7f6b592ae000-7f6b592b0000 r--s 00003000 08:01 37357981                   /usr/local/hadoop/share/hadoop/common/lib/api-asn1-api-1.0.0-M20.jar
7f6b592b0000-7f6b592b6000 r--s 00036000 08:01 37357990                   /usr/local/hadoop/share/hadoop/common/lib/junit-4.11.jar
7f6b592b6000-7f6b592bf000 r--s 0007b000 08:01 37357960                   /usr/local/hadoop/share/hadoop/common/lib/jets3t-0.9.0.jar
7f6b592bf000-7f6b592c7000 r--s 0007b000 08:01 37357976                   /usr/local/hadoop/share/hadoop/common/lib/protobuf-java-2.5.0.jar
7f6b592c7000-7f6b592e4000 r--s 0013e000 08:01 37357992                   /usr/local/hadoop/share/hadoop/common/lib/mockito-all-1.8.5.jar
7f6b592e4000-7f6b592e8000 r--s 00021000 08:01 37358010                   /usr/local/hadoop/share/hadoop/common/lib/jersey-json-1.9.jar
7f6b592e8000-7f6b592eb000 r--s 0002b000 08:01 37357987                   /usr/local/hadoop/share/hadoop/common/lib/jsch-0.1.42.jar
7f6b592eb000-7f6b592ee000 r--s 00006000 08:01 37357995                   /usr/local/hadoop/share/hadoop/common/lib/jsr305-3.0.0.jar
7f6b592ee000-7f6b592fa000 r--s 000b6000 08:01 37357983                   /usr/local/hadoop/share/hadoop/common/lib/zookeeper-3.4.6.jar
7f6b592fa000-7f6b59317000 r--s 0016a000 08:01 37357997                   /usr/local/hadoop/share/hadoop/common/lib/commons-math3-3.1.1.jar
7f6b59317000-7f6b5931f000 r--s 0003b000 08:01 37357988                   /usr/local/hadoop/share/hadoop/common/lib/curator-recipes-2.7.1.jar
7f6b5931f000-7f6b59329000 r--s 00066000 08:01 37358009                   /usr/local/hadoop/share/hadoop/common/lib/jersey-core-1.9.jar
7f6b59329000-7f6b5932d000 r--s 0002a000 08:01 37358002                   /usr/local/hadoop/share/hadoop/common/lib/commons-io-2.4.jar
7f6b5932d000-7f6b59331000 r--s 00020000 08:01 37357966                   /usr/local/hadoop/share/hadoop/common/lib/commons-digester-1.8.jar
7f6b59331000-7f6b59348000 r--s 0010e000 08:01 37357984                   /usr/local/hadoop/share/hadoop/common/lib/netty-3.6.2.Final.jar
7f6b59348000-7f6b5934d000 r--s 0002a000 08:01 37357977                   /usr/local/hadoop/share/hadoop/common/lib/gson-2.2.4.jar
7f6b5934d000-7f6b59356000 r--s 0006f000 08:01 37357959                   /usr/local/hadoop/share/hadoop/common/lib/log4j-1.2.17.jar
7f6b59356000-7f6b59357000 ---p 00000000 00:00 0 
7f6b59357000-7f6b59457000 rw-p 00000000 00:00 0 
7f6b59457000-7f6b5945a000 ---p 00000000 00:00 0 
7f6b5945a000-7f6b59558000 rw-p 00000000 00:00 0 
7f6b59558000-7f6b5955b000 ---p 00000000 00:00 0 
7f6b5955b000-7f6b59659000 rw-p 00000000 00:00 0 
7f6b59659000-7f6b5965c000 ---p 00000000 00:00 0 
7f6b5965c000-7f6b5975a000 rw-p 00000000 00:00 0 
7f6b5975a000-7f6b5975d000 ---p 00000000 00:00 0 
7f6b5975d000-7f6b5985b000 rw-p 00000000 00:00 0 
7f6b5985b000-7f6b5985e000 ---p 00000000 00:00 0 
7f6b5985e000-7f6b5995c000 rw-p 00000000 00:00 0 
7f6b5995c000-7f6b5995f000 ---p 00000000 00:00 0 
7f6b5995f000-7f6b59a5d000 rw-p 00000000 00:00 0 
7f6b59a5d000-7f6b59ee7000 r--p 00000000 08:01 53871508                   /usr/lib/locale/locale-archive
7f6b59ee7000-7f6b59eea000 ---p 00000000 00:00 0 
7f6b59eea000-7f6b59fe8000 rw-p 00000000 00:00 0 
7f6b59fe8000-7f6b59feb000 ---p 00000000 00:00 0 
7f6b59feb000-7f6b5a0e9000 rw-p 00000000 00:00 0 
7f6b5a0e9000-7f6b5a0ea000 ---p 00000000 00:00 0 
7f6b5a0ea000-7f6b5c000000 rw-p 00000000 00:00 0 
7f6b5c000000-7f6b5c021000 rw-p 00000000 00:00 0 
7f6b5c021000-7f6b60000000 ---p 00000000 00:00 0 
7f6b60000000-7f6b60021000 rw-p 00000000 00:00 0 
7f6b60021000-7f6b64000000 ---p 00000000 00:00 0 
7f6b64000000-7f6b64021000 rw-p 00000000 00:00 0 
7f6b64021000-7f6b68000000 ---p 00000000 00:00 0 
7f6b68000000-7f6b68021000 rw-p 00000000 00:00 0 
7f6b68021000-7f6b6c000000 ---p 00000000 00:00 0 
7f6b6c000000-7f6b6c021000 rw-p 00000000 00:00 0 
7f6b6c021000-7f6b70000000 ---p 00000000 00:00 0 
7f6b70000000-7f6b70001000 r--s 0000a000 08:01 37357958                   /usr/local/hadoop/share/hadoop/common/lib/asm-3.2.jar
7f6b70001000-7f6b70003000 r--s 000f2000 08:01 37357973                   /usr/local/hadoop/share/hadoop/common/lib/snappy-java-1.0.4.1.jar
7f6b70003000-7f6b70004000 r--s 00007000 08:01 37357969                   /usr/local/hadoop/share/hadoop/common/lib/slf4j-api-1.7.10.jar
7f6b70004000-7f6b70006000 r--s 00009000 08:01 37357991                   /usr/local/hadoop/share/hadoop/common/lib/hamcrest-core-1.3.jar
7f6b70006000-7f6b70008000 r--s 0000d000 08:01 37358001                   /usr/local/hadoop/share/hadoop/common/lib/commons-codec-1.4.jar
7f6b70008000-7f6b7000a000 r--s 0000f000 08:01 37357986                   /usr/local/hadoop/share/hadoop/common/lib/curator-client-2.7.1.jar
7f6b7000a000-7f6b7000b000 r--s 0000a000 08:01 37357980                   /usr/local/hadoop/share/hadoop/common/lib/apacheds-i18n-2.0.0-M15.jar
7f6b7000b000-7f6b7000d000 r--s 00015000 08:01 37357978                   /usr/local/hadoop/share/hadoop/common/lib/hadoop-auth-2.7.3.jar
7f6b7000d000-7f6b7000e000 r--s 00003000 08:01 37357998                   /usr/local/hadoop/share/hadoop/common/lib/xmlenc-0.52.jar
7f6b7000e000-7f6b70020000 r--s 0009d000 08:01 37357957                   /usr/local/hadoop/share/hadoop/common/lib/jersey-server-1.9.jar
7f6b70020000-7f6b70023000 r--s 00017000 08:01 37357950                   /usr/local/hadoop/share/hadoop/common/lib/jaxb-api-2.2.2.jar
7f6b70023000-7f6b70024000 r--s 00004000 08:01 37357955                   /usr/local/hadoop/share/hadoop/common/lib/jackson-jaxrs-1.9.13.jar
7f6b70024000-7f6b70025000 r--s 00009000 08:01 37357993                   /usr/local/hadoop/share/hadoop/common/lib/hadoop-annotations-2.7.3.jar
7f6b70025000-7f6b7002c000 r--s 0007d000 08:01 37358006                   /usr/local/hadoop/share/hadoop/common/lib/jetty-6.1.26.jar
7f6b7002c000-7f6b7002d000 r--s 00004000 08:01 37357963                   /usr/local/hadoop/share/hadoop/common/lib/java-xmlbuilder-0.4.jar
7f6b7002d000-7f6b70032000 r--s 0003e000 08:01 37358003                   /usr/local/hadoop/share/hadoop/common/lib/commons-net-3.1.jar
7f6b70032000-7f6b70034000 r--s 0000e000 08:01 37358000                   /usr/local/hadoop/share/hadoop/common/lib/commons-logging-1.1.3.jar
7f6b70034000-7f6b7003a000 r--s 00032000 08:01 37357962                   /usr/local/hadoop/share/hadoop/common/lib/httpcore-4.2.5.jar
7f6b7003a000-7f6b70040000 r--s 00045000 08:01 37357999                   /usr/local/hadoop/share/hadoop/common/lib/commons-httpclient-3.1.jar
7f6b70040000-7f6b70042000 r--s 00009000 08:01 37357996                   /usr/local/hadoop/share/hadoop/common/lib/commons-cli-1.2.jar
7f6b70042000-7f6b70210000 r--s 03c06000 08:01 56363514                   /usr/lib/jvm/java-8-openjdk-amd64/jre/lib/rt.jar
7f6b70210000-7f6b74000000 rw-p 00000000 00:00 0 
7f6b74000000-7f6b74021000 rw-p 00000000 00:00 0 
7f6b74021000-7f6b78000000 ---p 00000000 00:00 0 
7f6b78000000-7f6b78006000 r--s 00043000 08:01 37357965                   /usr/local/hadoop/share/hadoop/common/lib/commons-configuration-1.6.jar
7f6b78006000-7f6b7800a000 r--s 00028000 08:01 37358007                   /usr/local/hadoop/share/hadoop/common/lib/jetty-util-6.1.26.jar
7f6b7800a000-7f6b7800e000 r--s 00014000 08:01 37357975                   /usr/local/hadoop/share/hadoop/common/lib/xz-1.0.jar
7f6b7800e000-7f6b78011000 r--s 00016000 08:01 37358008                   /usr/local/hadoop/share/hadoop/common/lib/jsp-api-2.1.jar
7f6b78011000-7f6b78017000 r--s 00028000 08:01 37357985                   /usr/local/hadoop/share/hadoop/common/lib/curator-framework-2.7.1.jar
7f6b78017000-7f6b78024000 r--s 00083000 08:01 37358004                   /usr/local/hadoop/share/hadoop/common/lib/commons-collections-3.2.2.jar
7f6b78024000-7f6b78504000 rw-p 00000000 00:00 0 
7f6b78504000-7f6b78505000 ---p 00000000 00:00 0 
7f6b78505000-7f6b78605000 rw-p 00000000 00:00 0 
7f6b78605000-7f6b78606000 ---p 00000000 00:00 0 
7f6b78606000-7f6b78706000 rw-p 00000000 00:00 0 
7f6b78706000-7f6b78707000 ---p 00000000 00:00 0 
7f6b78707000-7f6b78807000 rw-p 00000000 00:00 0 
7f6b78807000-7f6b78808000 ---p 00000000 00:00 0 
7f6b78808000-7f6b78908000 rw-p 00000000 00:00 0 
7f6b78908000-7f6b78909000 ---p 00000000 00:00 0 
7f6b78909000-7f6b78a09000 rw-p 00000000 00:00 0 
7f6b78a09000-7f6b78a0a000 ---p 00000000 00:00 0 
7f6b78a0a000-7f6b78b0a000 rw-p 00000000 00:00 0 
7f6b78b0a000-7f6b78b0b000 ---p 00000000 00:00 0 
7f6b78b0b000-7f6b78c35000 rw-p 00000000 00:00 0 
7f6b78c35000-7f6b78ea0000 ---p 00000000 00:00 0 
7f6b78ea0000-7f6b78eca000 rw-p 00000000 00:00 0 
7f6b78eca000-7f6b79134000 ---p 00000000 00:00 0 
7f6b79134000-7f6b79159000 rw-p 00000000 00:00 0 
7f6b79159000-7f6b7927f000 ---p 00000000 00:00 0 
7f6b7927f000-7f6b79292000 rw-p 00000000 00:00 0 
7f6b79292000-7f6b79640000 ---p 00000000 00:00 0 
7f6b79640000-7f6b79aa0000 rwxp 00000000 00:00 0 
7f6b79aa0000-7f6b88640000 ---p 00000000 00:00 0 
7f6b88640000-7f6b88659000 r-xp 00000000 08:01 55316970                   /lib/x86_64-linux-gnu/libz.so.1.2.8
7f6b88659000-7f6b88858000 ---p 00019000 08:01 55316970                   /lib/x86_64-linux-gnu/libz.so.1.2.8
7f6b88858000-7f6b88859000 r--p 00018000 08:01 55316970                   /lib/x86_64-linux-gnu/libz.so.1.2.8
7f6b88859000-7f6b8885a000 rw-p 00019000 08:01 55316970                   /lib/x86_64-linux-gnu/libz.so.1.2.8
7f6b8885a000-7f6b88862000 r-xp 00000000 08:01 56888864                   /usr/lib/jvm/java-8-openjdk-amd64/jre/lib/amd64/libzip.so
7f6b88862000-7f6b88a61000 ---p 00008000 08:01 56888864                   /usr/lib/jvm/java-8-openjdk-amd64/jre/lib/amd64/libzip.so
7f6b88a61000-7f6b88a62000 r--p 00007000 08:01 56888864                   /usr/lib/jvm/java-8-openjdk-amd64/jre/lib/amd64/libzip.so
7f6b88a62000-7f6b88a63000 rw-p 00008000 08:01 56888864                   /usr/lib/jvm/java-8-openjdk-amd64/jre/lib/amd64/libzip.so
7f6b88a63000-7f6b88a6e000 r-xp 00000000 08:01 55316797                   /lib/x86_64-linux-gnu/libnss_files-2.23.so
7f6b88a6e000-7f6b88c6d000 ---p 0000b000 08:01 55316797                   /lib/x86_64-linux-gnu/libnss_files-2.23.so
7f6b88c6d000-7f6b88c6e000 r--p 0000a000 08:01 55316797                   /lib/x86_64-linux-gnu/libnss_files-2.23.so
7f6b88c6e000-7f6b88c6f000 rw-p 0000b000 08:01 55316797                   /lib/x86_64-linux-gnu/libnss_files-2.23.so
7f6b88c6f000-7f6b88c75000 rw-p 00000000 00:00 0 
7f6b88c75000-7f6b88c80000 r-xp 00000000 08:01 55312470                   /lib/x86_64-linux-gnu/libnss_nis-2.23.so
7f6b88c80000-7f6b88e7f000 ---p 0000b000 08:01 55312470                   /lib/x86_64-linux-gnu/libnss_nis-2.23.so
7f6b88e7f000-7f6b88e80000 r--p 0000a000 08:01 55312470                   /lib/x86_64-linux-gnu/libnss_nis-2.23.so
7f6b88e80000-7f6b88e81000 rw-p 0000b000 08:01 55312470                   /lib/x86_64-linux-gnu/libnss_nis-2.23.so
7f6b88e81000-7f6b88e97000 r-xp 00000000 08:01 55312481                   /lib/x86_64-linux-gnu/libnsl-2.23.so
7f6b88e97000-7f6b89096000 ---p 00016000 08:01 55312481                   /lib/x86_64-linux-gnu/libnsl-2.23.so
7f6b89096000-7f6b89097000 r--p 00015000 08:01 55312481                   /lib/x86_64-linux-gnu/libnsl-2.23.so
7f6b89097000-7f6b89098000 rw-p 00016000 08:01 55312481                   /lib/x86_64-linux-gnu/libnsl-2.23.so
7f6b89098000-7f6b8909a000 rw-p 00000000 00:00 0 
7f6b8909a000-7f6b890a2000 r-xp 00000000 08:01 55312482                   /lib/x86_64-linux-gnu/libnss_compat-2.23.so
7f6b890a2000-7f6b892a1000 ---p 00008000 08:01 55312482                   /lib/x86_64-linux-gnu/libnss_compat-2.23.so
7f6b892a1000-7f6b892a2000 r--p 00007000 08:01 55312482                   /lib/x86_64-linux-gnu/libnss_compat-2.23.so
7f6b892a2000-7f6b892a3000 rw-p 00008000 08:01 55312482                   /lib/x86_64-linux-gnu/libnss_compat-2.23.so
7f6b892a3000-7f6b892d0000 r-xp 00000000 08:01 56888886                   /usr/lib/jvm/java-8-openjdk-amd64/jre/lib/amd64/libjava.so
7f6b892d0000-7f6b894cf000 ---p 0002d000 08:01 56888886                   /usr/lib/jvm/java-8-openjdk-amd64/jre/lib/amd64/libjava.so
7f6b894cf000-7f6b894d0000 r--p 0002c000 08:01 56888886                   /usr/lib/jvm/java-8-openjdk-amd64/jre/lib/amd64/libjava.so
7f6b894d0000-7f6b894d2000 rw-p 0002d000 08:01 56888886                   /usr/lib/jvm/java-8-openjdk-amd64/jre/lib/amd64/libjava.so
7f6b894d2000-7f6b894e1000 r-xp 00000000 08:01 56888857                   /usr/lib/jvm/java-8-openjdk-amd64/jre/lib/amd64/libverify.so
7f6b894e1000-7f6b896e0000 ---p 0000f000 08:01 56888857                   /usr/lib/jvm/java-8-openjdk-amd64/jre/lib/amd64/libverify.so
7f6b896e0000-7f6b896e2000 r--p 0000e000 08:01 56888857                   /usr/lib/jvm/java-8-openjdk-amd64/jre/lib/amd64/libverify.so
7f6b896e2000-7f6b896e3000 rw-p 00010000 08:01 56888857                   /usr/lib/jvm/java-8-openjdk-amd64/jre/lib/amd64/libverify.so
7f6b896e3000-7f6b896ea000 r-xp 00000000 08:01 55312469                   /lib/x86_64-linux-gnu/librt-2.23.so
7f6b896ea000-7f6b898e9000 ---p 00007000 08:01 55312469                   /lib/x86_64-linux-gnu/librt-2.23.so
7f6b898e9000-7f6b898ea000 r--p 00006000 08:01 55312469                   /lib/x86_64-linux-gnu/librt-2.23.so
7f6b898ea000-7f6b898eb000 rw-p 00007000 08:01 55312469                   /lib/x86_64-linux-gnu/librt-2.23.so
7f6b898eb000-7f6b898ec000 ---p 00000000 00:00 0 
7f6b898ec000-7f6b8a0ec000 rw-p 00000000 00:00 0 
7f6b8a0ec000-7f6b8a0ed000 ---p 00000000 00:00 0 
7f6b8a0ed000-7f6b8a8ed000 rw-p 00000000 00:00 0 
7f6b8a8ed000-7f6b8a8ee000 ---p 00000000 00:00 0 
7f6b8a8ee000-7f6b8b0ee000 rw-p 00000000 00:00 0 
7f6b8b0ee000-7f6b8b0ef000 ---p 00000000 00:00 0 
7f6b8b0ef000-7f6b8b8ef000 rw-p 00000000 00:00 0 
7f6b8b8ef000-7f6b8b8f0000 ---p 00000000 00:00 0 
7f6b8b8f0000-7f6b8c0f0000 rw-p 00000000 00:00 0 
7f6b8c0f0000-7f6b8c0f1000 ---p 00000000 00:00 0 
7f6b8c0f1000-7f6b8c8f1000 rw-p 00000000 00:00 0 
7f6b8c8f1000-7f6b8c8f2000 ---p 00000000 00:00 0 
7f6b8c8f2000-7f6b8d0f2000 rw-p 00000000 00:00 0 
7f6b8d0f2000-7f6b8d0f5000 r-xp 00000000 08:01 55312473                   /lib/x86_64-linux-gnu/libdl-2.23.so
7f6b8d0f5000-7f6b8d2f4000 ---p 00003000 08:01 55312473                   /lib/x86_64-linux-gnu/libdl-2.23.so
7f6b8d2f4000-7f6b8d2f5000 r--p 00002000 08:01 55312473                   /lib/x86_64-linux-gnu/libdl-2.23.so
7f6b8d2f5000-7f6b8d2f6000 rw-p 00003000 08:01 55312473                   /lib/x86_64-linux-gnu/libdl-2.23.so
7f6b8d2f6000-7f6b8df46000 r-xp 00000000 08:01 57150129                   /usr/lib/jvm/java-8-openjdk-amd64/jre/lib/amd64/server/libjvm.so
7f6b8df46000-7f6b8e145000 ---p 00c50000 08:01 57150129                   /usr/lib/jvm/java-8-openjdk-amd64/jre/lib/amd64/server/libjvm.so
7f6b8e145000-7f6b8e1d8000 r--p 00c4f000 08:01 57150129                   /usr/lib/jvm/java-8-openjdk-amd64/jre/lib/amd64/server/libjvm.so
7f6b8e1d8000-7f6b8e201000 rw-p 00ce2000 08:01 57150129                   /usr/lib/jvm/java-8-openjdk-amd64/jre/lib/amd64/server/libjvm.so
7f6b8e201000-7f6b8e231000 rw-p 00000000 00:00 0 
7f6b8e231000-7f6b8e3f0000 r-xp 00000000 08:01 55312474                   /lib/x86_64-linux-gnu/libc-2.23.so
7f6b8e3f0000-7f6b8e5f0000 ---p 001bf000 08:01 55312474                   /lib/x86_64-linux-gnu/libc-2.23.so
7f6b8e5f0000-7f6b8e5f4000 r--p 001bf000 08:01 55312474                   /lib/x86_64-linux-gnu/libc-2.23.so
7f6b8e5f4000-7f6b8e5f6000 rw-p 001c3000 08:01 55312474                   /lib/x86_64-linux-gnu/libc-2.23.so
7f6b8e5f6000-7f6b8e5fa000 rw-p 00000000 00:00 0 
7f6b8e5fa000-7f6b8e610000 r-xp 00000000 08:01 55316817                   /lib/x86_64-linux-gnu/libgcc_s.so.1
7f6b8e610000-7f6b8e80f000 ---p 00016000 08:01 55316817                   /lib/x86_64-linux-gnu/libgcc_s.so.1
7f6b8e80f000-7f6b8e810000 rw-p 00015000 08:01 55316817                   /lib/x86_64-linux-gnu/libgcc_s.so.1
7f6b8e810000-7f6b8e831000 r-xp 00000000 08:01 53871020                   /usr/lib/x86_64-linux-gnu/libgomp.so.1.0.0
7f6b8e831000-7f6b8ea30000 ---p 00021000 08:01 53871020                   /usr/lib/x86_64-linux-gnu/libgomp.so.1.0.0
7f6b8ea30000-7f6b8ea31000 r--p 00020000 08:01 53871020                   /usr/lib/x86_64-linux-gnu/libgomp.so.1.0.0
7f6b8ea31000-7f6b8ea32000 rw-p 00021000 08:01 53871020                   /usr/lib/x86_64-linux-gnu/libgomp.so.1.0.0
7f6b8ea32000-7f6b8eb3a000 r-xp 00000000 08:01 55312479                   /lib/x86_64-linux-gnu/libm-2.23.so
7f6b8eb3a000-7f6b8ed39000 ---p 00108000 08:01 55312479                   /lib/x86_64-linux-gnu/libm-2.23.so
7f6b8ed39000-7f6b8ed3a000 r--p 00107000 08:01 55312479                   /lib/x86_64-linux-gnu/libm-2.23.so
7f6b8ed3a000-7f6b8ed3b000 rw-p 00108000 08:01 55312479                   /lib/x86_64-linux-gnu/libm-2.23.so
7f6b8ed3b000-7f6b8eead000 r-xp 00000000 08:01 53872769                   /usr/lib/x86_64-linux-gnu/libstdc++.so.6.0.21
7f6b8eead000-7f6b8f0ad000 ---p 00172000 08:01 53872769                   /usr/lib/x86_64-linux-gnu/libstdc++.so.6.0.21
7f6b8f0ad000-7f6b8f0b7000 r--p 00172000 08:01 53872769                   /usr/lib/x86_64-linux-gnu/libstdc++.so.6.0.21
7f6b8f0b7000-7f6b8f0b9000 rw-p 0017c000 08:01 53872769                   /usr/lib/x86_64-linux-gnu/libstdc++.so.6.0.21
7f6b8f0b9000-7f6b8f0bd000 rw-p 00000000 00:00 0 
7f6b8f0bd000-7f6b8f0d5000 r-xp 00000000 08:01 55312480                   /lib/x86_64-linux-gnu/libpthread-2.23.so
7f6b8f0d5000-7f6b8f2d4000 ---p 00018000 08:01 55312480                   /lib/x86_64-linux-gnu/libpthread-2.23.so
7f6b8f2d4000-7f6b8f2d5000 r--p 00017000 08:01 55312480                   /lib/x86_64-linux-gnu/libpthread-2.23.so
7f6b8f2d5000-7f6b8f2d6000 rw-p 00018000 08:01 55312480                   /lib/x86_64-linux-gnu/libpthread-2.23.so
7f6b8f2d6000-7f6b8f2da000 rw-p 00000000 00:00 0 
7f6b8f2da000-7f6b8f2ea000 r-xp 00000000 08:01 54408037                   /usr/local/lib/libhiredis.so.0.13
7f6b8f2ea000-7f6b8f4e9000 ---p 00010000 08:01 54408037                   /usr/local/lib/libhiredis.so.0.13
7f6b8f4e9000-7f6b8f4ea000 r--p 0000f000 08:01 54408037                   /usr/local/lib/libhiredis.so.0.13
7f6b8f4ea000-7f6b8f4eb000 rw-p 00010000 08:01 54408037                   /usr/local/lib/libhiredis.so.0.13
7f6b8f4eb000-7f6b8f51a000 r-xp 00000000 08:01 54408007                   /usr/local/lib/libmemcached.so.11.0.0
7f6b8f51a000-7f6b8f719000 ---p 0002f000 08:01 54408007                   /usr/local/lib/libmemcached.so.11.0.0
7f6b8f719000-7f6b8f71a000 r--p 0002e000 08:01 54408007                   /usr/local/lib/libmemcached.so.11.0.0
7f6b8f71a000-7f6b8f71b000 rw-p 0002f000 08:01 54408007                   /usr/local/lib/libmemcached.so.11.0.0
7f6b8f71b000-7f6b8f72a000 r-xp 00000000 08:01 37224655                   /usr/local/hadoop/lib/native/libhdfs.so.0.0.0
7f6b8f72a000-7f6b8f929000 ---p 0000f000 08:01 37224655                   /usr/local/hadoop/lib/native/libhdfs.so.0.0.0
7f6b8f929000-7f6b8f92a000 rw-p 0000e000 08:01 37224655                   /usr/local/hadoop/lib/native/libhdfs.so.0.0.0
7f6b8f92a000-7f6b8f950000 r-xp 00000000 08:01 55312389                   /lib/x86_64-linux-gnu/ld-2.23.so
7f6b8f950000-7f6b8f952000 r--s 00006000 08:01 37357972                   /usr/local/hadoop/share/hadoop/common/lib/paranamer-2.3.jar
7f6b8f952000-7f6b8f954000 r--s 0000e000 08:01 37357952                   /usr/local/hadoop/share/hadoop/common/lib/activation-1.1.jar
7f6b8f954000-7f6b8f956000 r--s 00004000 08:01 37357951                   /usr/local/hadoop/share/hadoop/common/lib/stax-api-1.0-2.jar
7f6b8f956000-7f6b8f957000 r--s 00006000 08:01 37357956                   /usr/local/hadoop/share/hadoop/common/lib/jackson-xc-1.9.13.jar
7f6b8f957000-7f6b8f959000 r--s 00012000 08:01 37357982                   /usr/local/hadoop/share/hadoop/common/lib/api-util-1.0.0-M20.jar
7f6b8f959000-7f6b8f95d000 r--s 00035000 08:01 37357953                   /usr/local/hadoop/share/hadoop/common/lib/jackson-core-asl-1.9.13.jar
7f6b8f95d000-7f6b8f95f000 r--s 00018000 08:01 37358005                   /usr/local/hadoop/share/hadoop/common/lib/servlet-api-2.5.jar
7f6b8f95f000-7f6b8f963000 r--s 0002f000 08:01 37357968                   /usr/local/hadoop/share/hadoop/common/lib/commons-beanutils-core-1.8.0.jar
7f6b8f963000-7f6b8f968000 r--s 0002a000 08:01 37357967                   /usr/local/hadoop/share/hadoop/common/lib/commons-beanutils-1.7.0.jar
7f6b8f968000-7f6b8f976000 r--s 000b1000 08:01 37357954                   /usr/local/hadoop/share/hadoop/common/lib/jackson-mapper-asl-1.9.13.jar
7f6b8f976000-7f6b8f97b000 r--s 00041000 08:01 37357964                   /usr/local/hadoop/share/hadoop/common/lib/commons-lang-2.6.jar
7f6b8f97b000-7f6b8f97d000 r--s 0000f000 08:01 37358011                   /usr/local/hadoop/share/hadoop/common/lib/jettison-1.1.jar
7f6b8f97d000-7f6b8f982000 r--s 00036000 08:01 37357974                   /usr/local/hadoop/share/hadoop/common/lib/commons-compress-1.4.1.jar
7f6b8f982000-7f6b8f98b000 r--s 00061000 08:01 37357961                   /usr/local/hadoop/share/hadoop/common/lib/httpclient-4.2.5.jar
7f6b8f98b000-7f6b8f98d000 r--s 00001000 08:01 37357970                   /usr/local/hadoop/share/hadoop/common/lib/slf4j-log4j12-1.7.10.jar
7f6b8f98d000-7f6b8f99f000 r--s 00097000 08:01 37357979                   /usr/local/hadoop/share/hadoop/common/lib/apacheds-kerberos-codec-2.0.0-M15.jar
7f6b8f99f000-7f6b8f9a9000 r--s 00116000 08:01 57542327                   /usr/lib/jvm/java-8-openjdk-amd64/jre/lib/ext/localedata.jar
7f6b8f9a9000-7f6b8f9c4000 r--s 00394000 08:01 57542324                   /usr/lib/jvm/java-8-openjdk-amd64/jre/lib/ext/cldrdata.jar
7f6b8f9c4000-7f6b8f9df000 r--s 001d6000 08:01 57542321                   /usr/lib/jvm/java-8-openjdk-amd64/jre/lib/ext/nashorn.jar
7f6b8f9df000-7f6b8fa27000 rw-p 00000000 00:00 0 
7f6b8fa27000-7f6b8fa28000 ---p 00000000 00:00 0 
7f6b8fa28000-7f6b8fb31000 rw-p 00000000 00:00 0 
7f6b8fb31000-7f6b8fb36000 r--s 0003b000 08:01 57542328                   /usr/lib/jvm/java-8-openjdk-amd64/jre/lib/ext/sunjce_provider.jar
7f6b8fb36000-7f6b8fb3a000 r--s 00037000 08:01 57542326                   /usr/lib/jvm/java-8-openjdk-amd64/jre/lib/ext/sunpkcs11.jar
7f6b8fb3a000-7f6b8fb3b000 r--s 00010000 08:01 57542325                   /usr/lib/jvm/java-8-openjdk-amd64/jre/lib/ext/zipfs.jar
7f6b8fb3b000-7f6b8fb3d000 r--s 00001000 08:01 57542322                   /usr/lib/jvm/java-8-openjdk-amd64/jre/lib/ext/dnsns.jar
7f6b8fb3d000-7f6b8fb3f000 r--s 00008000 08:01 57542320                   /usr/lib/jvm/java-8-openjdk-amd64/jre/lib/ext/sunec.jar
7f6b8fb3f000-7f6b8fb42000 r--s 0000f000 08:01 57542323                   /usr/lib/jvm/java-8-openjdk-amd64/jre/lib/ext/icedtea-sound.jar
7f6b8fb42000-7f6b8fb43000 r--s 0000a000 08:01 57542329                   /usr/lib/jvm/java-8-openjdk-amd64/jre/lib/ext/jaccess.jar
7f6b8fb43000-7f6b8fb4b000 rw-s 00000000 08:01 17563929                   /tmp/hsperfdata_peter/16832
7f6b8fb4b000-7f6b8fb4c000 rw-p 00000000 00:00 0 
7f6b8fb4c000-7f6b8fb4d000 r--p 00000000 00:00 0 
7f6b8fb4d000-7f6b8fb4f000 rw-p 00000000 00:00 0 
7f6b8fb4f000-7f6b8fb50000 r--p 00025000 08:01 55312389                   /lib/x86_64-linux-gnu/ld-2.23.so
7f6b8fb50000-7f6b8fb51000 rw-p 00026000 08:01 55312389                   /lib/x86_64-linux-gnu/ld-2.23.so
7f6b8fb51000-7f6b8fb52000 rw-p 00000000 00:00 0 
7ffc7d021000-7ffc7d024000 ---p 00000000 00:00 0 
7ffc7d025000-7ffc7d121000 rw-p 00000000 00:00 0                          [stack]
7ffc7d12a000-7ffc7d12c000 r--p 00000000 00:00 0                          [vvar]
7ffc7d12c000-7ffc7d12e000 r-xp 00000000 00:00 0                          [vdso]
ffffffffff600000-ffffffffff601000 r-xp 00000000 00:00 0                  [vsyscall]

VM Arguments:
java_command: <unknown>
java_class_path (initial): /usr/local/hadoop/etc/hadoop:/usr/local/hadoop/share/hadoop/common/lib/apacheds-kerberos-codec-2.0.0-M15.jar:/usr/local/hadoop/share/hadoop/common/lib/slf4j-log4j12-1.7.10.jar:/usr/local/hadoop/share/hadoop/common/lib/httpclient-4.2.5.jar:/usr/local/hadoop/share/hadoop/common/lib/commons-compress-1.4.1.jar:/usr/local/hadoop/share/hadoop/common/lib/jettison-1.1.jar:/usr/local/hadoop/share/hadoop/common/lib/commons-lang-2.6.jar:/usr/local/hadoop/share/hadoop/common/lib/jackson-mapper-asl-1.9.13.jar:/usr/local/hadoop/share/hadoop/common/lib/commons-beanutils-1.7.0.jar:/usr/local/hadoop/share/hadoop/common/lib/commons-beanutils-core-1.8.0.jar:/usr/local/hadoop/share/hadoop/common/lib/servlet-api-2.5.jar:/usr/local/hadoop/share/hadoop/common/lib/jackson-core-asl-1.9.13.jar:/usr/local/hadoop/share/hadoop/common/lib/api-util-1.0.0-M20.jar:/usr/local/hadoop/share/hadoop/common/lib/commons-collections-3.2.2.jar:/usr/local/hadoop/share/hadoop/common/lib/jackson-xc-1.9.13.jar:/usr/local/hadoop/share/hadoop/common/lib/stax-api-1.0-2.jar:/usr/local/hadoop/share/hadoop/common/lib/curator-framework-2.7.1.jar:/usr/local/hadoop/share/hadoop/common/lib/activation-1.1.jar:/usr/local/hadoop/share/hadoop/common/lib/jsp-api-2.1.jar:/usr/local/hadoop/share/hadoop/common/lib/xz-1.0.jar:/usr/local/hadoop/share/hadoop/common/lib/jetty-util-6.1.26.jar:/usr/local/hadoop/share/hadoop/common/lib/commons-configuration-1.6.jar:/usr/local/hadoop/share/hadoop/common/lib/paranamer-2.3.jar:/usr/local/hadoop/share/hadoop/common/lib/commons-cli-1.2.jar:/usr/local/hadoop/share/hadoop/common/lib/commons-httpclient-3.1.jar:/usr/local/hadoop/share/hadoop/common/lib/httpcore-4.2.5.jar:/usr/local/hadoop/share/hadoop/common/lib/commons-logging-1.1.3.jar:/usr/local/hadoop/share/hadoop/common/lib/commons-net-3.1.jar:/usr/local/hadoop/share/hadoop/common/lib/java-xmlbuilder-0.4.jar:/usr/local/hadoop/share/hadoop/common/lib/jetty-6.1.26.jar:/usr/local/hadoop/share/hadoop/common/lib/had
Launcher Type: generic

Environment Variables:
PATH=/home/peter/bin:/home/peter/.local/bin:/usr/local/sbin:/usr/local/bin:/usr/sbin:/usr/bin:/sbin:/bin:/usr/games:/usr/local/games:/snap/bin
LD_LIBRARY_PATH=/home/peter/clion-2016.3.2/bin:/home/peter/clion-2016.3.2/bin:
SHELL=/bin/bash
DISPLAY=:0

Signal Handlers:
SIGSEGV: [libjvm.so+0xa66fd0], sa_mask[0]=11111111011111111101111111111110, sa_flags=SA_RESTART|SA_SIGINFO
SIGBUS: [libjvm.so+0xa66fd0], sa_mask[0]=11111111011111111101111111111110, sa_flags=SA_RESTART|SA_SIGINFO
SIGFPE: [libjvm.so+0x8b0180], sa_mask[0]=11111111011111111101111111111110, sa_flags=SA_RESTART|SA_SIGINFO
SIGPIPE: [libjvm.so+0x8b0180], sa_mask[0]=11111111011111111101111111111110, sa_flags=SA_RESTART|SA_SIGINFO
SIGXFSZ: [libjvm.so+0x8b0180], sa_mask[0]=11111111011111111101111111111110, sa_flags=SA_RESTART|SA_SIGINFO
SIGILL: [libjvm.so+0x8b0180], sa_mask[0]=11111111011111111101111111111110, sa_flags=SA_RESTART|SA_SIGINFO
SIGUSR1: SIG_DFL, sa_mask[0]=00000000000000000000000000000000, sa_flags=none
SIGUSR2: [libjvm.so+0x8b0030], sa_mask[0]=00100000000000000000000000000000, sa_flags=SA_RESTART|SA_SIGINFO
SIGHUP: SIG_IGN, sa_mask[0]=00000000000000000000000000000000, sa_flags=none
SIGINT: [libjvm.so+0x8b0500], sa_mask[0]=11111111011111111101111111111110, sa_flags=SA_RESTART|SA_SIGINFO
SIGTERM: [libjvm.so+0x8b0500], sa_mask[0]=11111111011111111101111111111110, sa_flags=SA_RESTART|SA_SIGINFO
SIGQUIT: [libjvm.so+0x8b0500], sa_mask[0]=11111111011111111101111111111110, sa_flags=SA_RESTART|SA_SIGINFO


---------------  S Y S T E M  ---------------

OS:DISTRIB_ID=Ubuntu
DISTRIB_RELEASE=16.04
DISTRIB_CODENAME=xenial
DISTRIB_DESCRIPTION="Ubuntu 16.04.1 LTS"

uname:Linux 4.4.0-62-generic #83-Ubuntu SMP Wed Jan 18 14:10:15 UTC 2017 x86_64
libc:glibc 2.23 NPTL 2.23 
rlimit: STACK 8192k, CORE 0k, NPROC 31545, NOFILE 65536, AS infinity
load average:1.22 0.49 0.23

/proc/meminfo:
MemTotal:        8115884 kB
MemFree:          293628 kB
MemAvailable:     548112 kB
Buffers:           37044 kB
Cached:           660508 kB
SwapCached:        17720 kB
Active:          6043600 kB
Inactive:        1484260 kB
Active(anon):    5842852 kB
Inactive(anon):  1242528 kB
Active(file):     200748 kB
Inactive(file):   241732 kB
Unevictable:          32 kB
Mlocked:              32 kB
SwapTotal:       8328188 kB
SwapFree:        7598828 kB
Dirty:             10932 kB
Writeback:             0 kB
AnonPages:       6817328 kB
Mapped:           435640 kB
Shmem:            255072 kB
Slab:             116528 kB
SReclaimable:      62652 kB
SUnreclaim:        53876 kB
KernelStack:       21760 kB
PageTables:        57684 kB
NFS_Unstable:          0 kB
Bounce:                0 kB
WritebackTmp:          0 kB
CommitLimit:    12386128 kB
Committed_AS:   15758816 kB
VmallocTotal:   34359738367 kB
VmallocUsed:           0 kB
VmallocChunk:          0 kB
HardwareCorrupted:     0 kB
AnonHugePages:   2365440 kB
CmaTotal:              0 kB
CmaFree:               0 kB
HugePages_Total:       0
HugePages_Free:        0
HugePages_Rsvd:        0
HugePages_Surp:        0
Hugepagesize:       2048 kB
DirectMap4k:     3236524 kB
DirectMap2M:     4044800 kB
DirectMap1G:     2097152 kB


CPU:total 8 (4 cores per cpu, 2 threads per core) family 6 model 60 stepping 3, cmov, cx8, fxsr, mmx, sse, sse2, sse3, ssse3, sse4.1, sse4.2, popcnt, avx, avx2, aes, clmul, erms, lzcnt, ht, tsc, tscinvbit, bmi1, bmi2

/proc/cpuinfo:
processor	: 0
vendor_id	: GenuineIntel
cpu family	: 6
model		: 60
model name	: Intel(R) Core(TM) i7-4770 CPU @ 3.40GHz
stepping	: 3
microcode	: 0x1e
cpu MHz		: 3368.125
cache size	: 8192 KB
physical id	: 0
siblings	: 8
core id		: 0
cpu cores	: 4
apicid		: 0
initial apicid	: 0
fpu		: yes
fpu_exception	: yes
cpuid level	: 13
wp		: yes
flags		: fpu vme de pse tsc msr pae mce cx8 apic sep mtrr pge mca cmov pat pse36 clflush dts acpi mmx fxsr sse sse2 ss ht tm pbe syscall nx pdpe1gb rdtscp lm constant_tsc arch_perfmon pebs bts rep_good nopl xtopology nonstop_tsc aperfmperf eagerfpu pni pclmulqdq dtes64 monitor ds_cpl vmx smx est tm2 ssse3 sdbg fma cx16 xtpr pdcm pcid sse4_1 sse4_2 x2apic movbe popcnt tsc_deadline_timer aes xsave avx f16c rdrand lahf_lm abm epb tpr_shadow vnmi flexpriority ept vpid fsgsbase tsc_adjust bmi1 avx2 smep bmi2 erms invpcid xsaveopt dtherm ida arat pln pts
bugs		:
bogomips	: 6784.59
clflush size	: 64
cache_alignment	: 64
address sizes	: 39 bits physical, 48 bits virtual
power management:

processor	: 1
vendor_id	: GenuineIntel
cpu family	: 6
model		: 60
model name	: Intel(R) Core(TM) i7-4770 CPU @ 3.40GHz
stepping	: 3
microcode	: 0x1e
cpu MHz		: 3786.484
cache size	: 8192 KB
physical id	: 0
siblings	: 8
core id		: 1
cpu cores	: 4
apicid		: 2
initial apicid	: 2
fpu		: yes
fpu_exception	: yes
cpuid level	: 13
wp		: yes
flags		: fpu vme de pse tsc msr pae mce cx8 apic sep mtrr pge mca cmov pat pse36 clflush dts acpi mmx fxsr sse sse2 ss ht tm pbe syscall nx pdpe1gb rdtscp lm constant_tsc arch_perfmon pebs bts rep_good nopl xtopology nonstop_tsc aperfmperf eagerfpu pni pclmulqdq dtes64 monitor ds_cpl vmx smx est tm2 ssse3 sdbg fma cx16 xtpr pdcm pcid sse4_1 sse4_2 x2apic movbe popcnt tsc_deadline_timer aes xsave avx f16c rdrand lahf_lm abm epb tpr_shadow vnmi flexpriority ept vpid fsgsbase tsc_adjust bmi1 avx2 smep bmi2 erms invpcid xsaveopt dtherm ida arat pln pts
bugs		:
bogomips	: 6784.59
clflush size	: 64
cache_alignment	: 64
address sizes	: 39 bits physical, 48 bits virtual
power management:

processor	: 2
vendor_id	: GenuineIntel
cpu family	: 6
model		: 60
model name	: Intel(R) Core(TM) i7-4770 CPU @ 3.40GHz
stepping	: 3
microcode	: 0x1e
cpu MHz		: 3885.429
cache size	: 8192 KB
physical id	: 0
siblings	: 8
core id		: 2
cpu cores	: 4
apicid		: 4
initial apicid	: 4
fpu		: yes
fpu_exception	: yes
cpuid level	: 13
wp		: yes
flags		: fpu vme de pse tsc msr pae mce cx8 apic sep mtrr pge mca cmov pat pse36 clflush dts acpi mmx fxsr sse sse2 ss ht tm pbe syscall nx pdpe1gb rdtscp lm constant_tsc arch_perfmon pebs bts rep_good nopl xtopology nonstop_tsc aperfmperf eagerfpu pni pclmulqdq dtes64 monitor ds_cpl vmx smx est tm2 ssse3 sdbg fma cx16 xtpr pdcm pcid sse4_1 sse4_2 x2apic movbe popcnt tsc_deadline_timer aes xsave avx f16c rdrand lahf_lm abm epb tpr_shadow vnmi flexpriority ept vpid fsgsbase tsc_adjust bmi1 avx2 smep bmi2 erms invpcid xsaveopt dtherm ida arat pln pts
bugs		:
bogomips	: 6784.59
clflush size	: 64
cache_alignment	: 64
address sizes	: 39 bits physical, 48 bits virtual
power management:

processor	: 3
vendor_id	: GenuineIntel
cpu family	: 6
model		: 60
model name	: Intel(R) Core(TM) i7-4770 CPU @ 3.40GHz
stepping	: 3
microcode	: 0x1e
cpu MHz		: 3816.765
cache size	: 8192 KB
physical id	: 0
siblings	: 8
core id		: 3
cpu cores	: 4
apicid		: 6
initial apicid	: 6
fpu		: yes
fpu_exception	: yes
cpuid level	: 13
wp		: yes
flags		: fpu vme de pse tsc msr pae mce cx8 apic sep mtrr pge mca cmov pat pse36 clflush dts acpi mmx fxsr sse sse2 ss ht tm pbe syscall nx pdpe1gb rdtscp lm constant_tsc arch_perfmon pebs bts rep_good nopl xtopology nonstop_tsc aperfmperf eagerfpu pni pclmulqdq dtes64 monitor ds_cpl vmx smx est tm2 ssse3 sdbg fma cx16 xtpr pdcm pcid sse4_1 sse4_2 x2apic movbe popcnt tsc_deadline_timer aes xsave avx f16c rdrand lahf_lm abm epb tpr_shadow vnmi flexpriority ept vpid fsgsbase tsc_adjust bmi1 avx2 smep bmi2 erms invpcid xsaveopt dtherm ida arat pln pts
bugs		:
bogomips	: 6784.59
clflush size	: 64
cache_alignment	: 64
address sizes	: 39 bits physical, 48 bits virtual
power management:

processor	: 4
vendor_id	: GenuineIntel
cpu family	: 6
model		: 60
model name	: Intel(R) Core(TM) i7-4770 CPU @ 3.40GHz
stepping	: 3
microcode	: 0x1e
cpu MHz		: 3701.085
cache size	: 8192 KB
physical id	: 0
siblings	: 8
core id		: 0
cpu cores	: 4
apicid		: 1
initial apicid	: 1
fpu		: yes
fpu_exception	: yes
cpuid level	: 13
wp		: yes
flags		: fpu vme de pse tsc msr pae mce cx8 apic sep mtrr pge mca cmov pat pse36 clflush dts acpi mmx fxsr sse sse2 ss ht tm pbe syscall nx pdpe1gb rdtscp lm constant_tsc arch_perfmon pebs bts rep_good nopl xtopology nonstop_tsc aperfmperf eagerfpu pni pclmulqdq dtes64 monitor ds_cpl vmx smx est tm2 ssse3 sdbg fma cx16 xtpr pdcm pcid sse4_1 sse4_2 x2apic movbe popcnt tsc_deadline_timer aes xsave avx f16c rdrand lahf_lm abm epb tpr_shadow vnmi flexpriority ept vpid fsgsbase tsc_adjust bmi1 avx2 smep bmi2 erms invpcid xsaveopt dtherm ida arat pln pts
bugs		:
bogomips	: 6784.59
clflush size	: 64
cache_alignment	: 64
address sizes	: 39 bits physical, 48 bits virtual
power management:

processor	: 5
vendor_id	: GenuineIntel
cpu family	: 6
model		: 60
model name	: Intel(R) Core(TM) i7-4770 CPU @ 3.40GHz
stepping	: 3
microcode	: 0x1e
cpu MHz		: 3700.023
cache size	: 8192 KB
physical id	: 0
siblings	: 8
core id		: 1
cpu cores	: 4
apicid		: 3
initial apicid	: 3
fpu		: yes
fpu_exception	: yes
cpuid level	: 13
wp		: yes
flags		: fpu vme de pse tsc msr pae mce cx8 apic sep mtrr pge mca cmov pat pse36 clflush dts acpi mmx fxsr sse sse2 ss ht tm pbe syscall nx pdpe1gb rdtscp lm constant_tsc arch_perfmon pebs bts rep_good nopl xtopology nonstop_tsc aperfmperf eagerfpu pni pclmulqdq dtes64 monitor ds_cpl vmx smx est tm2 ssse3 sdbg fma cx16 xtpr pdcm pcid sse4_1 sse4_2 x2apic movbe popcnt tsc_deadline_timer aes xsave avx f16c rdrand lahf_lm abm epb tpr_shadow vnmi flexpriority ept vpid fsgsbase tsc_adjust bmi1 avx2 smep bmi2 erms invpcid xsaveopt dtherm ida arat pln pts
bugs		:
bogomips	: 6784.59
clflush size	: 64
cache_alignment	: 64
address sizes	: 39 bits physical, 48 bits virtual
power management:

processor	: 6
vendor_id	: GenuineIntel
cpu family	: 6
model		: 60
model name	: Intel(R) Core(TM) i7-4770 CPU @ 3.40GHz
stepping	: 3
microcode	: 0x1e
cpu MHz		: 3732.164
cache size	: 8192 KB
physical id	: 0
siblings	: 8
core id		: 2
cpu cores	: 4
apicid		: 5
initial apicid	: 5
fpu		: yes
fpu_exception	: yes
cpuid level	: 13
wp		: yes
flags		: fpu vme de pse tsc msr pae mce cx8 apic sep mtrr pge mca cmov pat pse36 clflush dts acpi mmx fxsr sse sse2 ss ht tm pbe syscall nx pdpe1gb rdtscp lm constant_tsc arch_perfmon pebs bts rep_good nopl xtopology nonstop_tsc aperfmperf eagerfpu pni pclmulqdq dtes64 monitor ds_cpl vmx smx est tm2 ssse3 sdbg fma cx16 xtpr pdcm pcid sse4_1 sse4_2 x2apic movbe popcnt tsc_deadline_timer aes xsave avx f16c rdrand lahf_lm abm epb tpr_shadow vnmi flexpriority ept vpid fsgsbase tsc_adjust bmi1 avx2 smep bmi2 erms invpcid xsaveopt dtherm ida arat pln pts
bugs		:
bogomips	: 6784.59
clflush size	: 64
cache_alignment	: 64
address sizes	: 39 bits physical, 48 bits virtual
power management:

processor	: 7
vendor_id	: GenuineIntel
cpu family	: 6
model		: 60
model name	: Intel(R) Core(TM) i7-4770 CPU @ 3.40GHz
stepping	: 3
microcode	: 0x1e
cpu MHz		: 3718.882
cache size	: 8192 KB
physical id	: 0
siblings	: 8
core id		: 3
cpu cores	: 4
apicid		: 7
initial apicid	: 7
fpu		: yes
fpu_exception	: yes
cpuid level	: 13
wp		: yes
flags		: fpu vme de pse tsc msr pae mce cx8 apic sep mtrr pge mca cmov pat pse36 clflush dts acpi mmx fxsr sse sse2 ss ht tm pbe syscall nx pdpe1gb rdtscp lm constant_tsc arch_perfmon pebs bts rep_good nopl xtopology nonstop_tsc aperfmperf eagerfpu pni pclmulqdq dtes64 monitor ds_cpl vmx smx est tm2 ssse3 sdbg fma cx16 xtpr pdcm pcid sse4_1 sse4_2 x2apic movbe popcnt tsc_deadline_timer aes xsave avx f16c rdrand lahf_lm abm epb tpr_shadow vnmi flexpriority ept vpid fsgsbase tsc_adjust bmi1 avx2 smep bmi2 erms invpcid xsaveopt dtherm ida arat pln pts
bugs		:
bogomips	: 6784.59
clflush size	: 64
cache_alignment	: 64
address sizes	: 39 bits physical, 48 bits virtual
power management:



Memory: 4k page, physical 8115884k(293628k free), swap 8328188k(7598828k free)

vm_info: OpenJDK 64-Bit Server VM (25.121-b13) for linux-amd64 JRE (1.8.0_121-8u121-b13-0ubuntu1.16.04.2-b13), built on Jan 23 2017 15:51:29 by "buildd" with gcc 5.4.0 20160609

time: Sun Feb 19 23:19:37 2017
elapsed time: 1 seconds (0d 0h 0m 1s)

