#
# A fatal error has been detected by the Java Runtime Environment:
#
#  SIGSEGV (0xb) at pc=0x000000000047eb82, pid=23563, tid=0x00007f84349d87c0
#
# JRE version: OpenJDK Runtime Environment (8.0_121-b13) (build 1.8.0_121-8u121-b13-0ubuntu1.16.04.2-b13)
# Java VM: OpenJDK 64-Bit Server VM (25.121-b13 mixed mode linux-amd64 compressed oops)
# Problematic frame:
# C  [FastLSH+0x7eb82]  std::vector<double, std::allocator<double> >::operator[](unsigned long)+0x10
#
# Failed to write core dump. Core dumps have been disabled. To enable core dumping, try "ulimit -c unlimited" before starting Java again
#
# If you would like to submit a bug report, please visit:
#   http://bugreport.java.com/bugreport/crash.jsp
# The crash happened outside the Java Virtual Machine in native code.
# See problematic frame for where to report the bug.
#

---------------  T H R E A D  ---------------

Current thread (0x0000000000b79000):  JavaThread "main" [_thread_in_native, id=23563, stack(0x00007ffe03777000,0x00007ffe03877000)]

siginfo: si_signo: 11 (SIGSEGV), si_code: 128 (SI_KERNEL), si_addr: 0x0000000000000000

Registers:
RAX=0x4094840000000000, RBX=0x0000000000000000, RCX=0x4094840000000000, RDX=0x0000000000000000
RSP=0x00007ffe03871820, RBP=0x00007ffe03871820, RSI=0x0000000000000000, RDI=0x4094840000000000
R8 =0x00000000049ac9f0, R9 =0x0000000000000001, R10=0x00000000049ac9f0, R11=0x0000000000000010
R12=0x0000000000000000, R13=0x0000000000000000, R14=0x0000000000000021, R15=0x0000000000000000
RIP=0x000000000047eb82, EFLAGS=0x0000000000010206, CSGSFS=0x0000000000000033, ERR=0x0000000000000000
  TRAPNO=0x000000000000000d

Top of Stack: (sp=0x00007ffe03871820)
0x00007ffe03871820:   00007ffe038718c0 000000000049db70
0x00007ffe03871830:   00007ffe03871870 4094580000000000
0x00007ffe03871840:   00000000000003e8 00007ffe038718f0
0x00007ffe03871850:   0000000004aff080 00007ffe03871a20
0x00007ffe03871860:   0000000000e6ae60 0000000000000000
0x00007ffe03871870:   0000000000000000 0000000000000000
0x00007ffe03871880:   0000000000000000 00007ffe038718f0
0x00007ffe03871890:   0000000000000000 0000000000000000
0x00007ffe038718a0:   0000000000000000 f097ac533c900d00
0x00007ffe038718b0:   000000000049da30 00000000004bd6b6
0x00007ffe038718c0:   00007ffe03871920 00000000004a9df8
0x00007ffe038718d0:   00000000000003e8 00007ffe03871a40
0x00007ffe038718e0:   0000000004aff270 00007ffe03871a20
0x00007ffe038718f0:   0000000003d20730 0000000003d264f0
0x00007ffe03871900:   0000000003d264f0 f097ac533c900d00
0x00007ffe03871910:   00000000004bd6b6 00000000000003e8
0x00007ffe03871920:   00007ffe03871b90 00000000004acbe3
0x00007ffe03871930:   000000000000000d 0000000004a96730
0x00007ffe03871940:   0000003632383139 0000000003c1d640
0x00007ffe03871950:   00000000000003e8 00000000000003e8
0x00007ffe03871960:   0000000000000039 00000000000000c8
0x00007ffe03871970:   0000000000000001 3ff3333333333333
0x00007ffe03871980:   0000000000000064 0000000000b472a0
0x00007ffe03871990:   0000000000b48560 0000000000b48aa0
0x00007ffe038719a0:   0000000004ae82f0 0000000004ae82f8
0x00007ffe038719b0:   0000000004ae82f8 0000000000000000
0x00007ffe038719c0:   0000000000cdd040 0000000000ce2e00
0x00007ffe038719d0:   0000000000ce3040 0000000000000000
0x00007ffe038719e0:   0000000003ccb120 0000000003cd0ee0
0x00007ffe038719f0:   0000000003cd1120 0000000000000000
0x00007ffe03871a00:   0000000000e6ae60 0000000000e70c20
0x00007ffe03871a10:   0000000000e70c20 0000000000000000 

Instructions: (pc=0x000000000047eb82)
0x000000000047eb62:   d8 48 89 c7 e8 35 69 ff ff 48 83 c4 28 5b 5d c3
0x000000000047eb72:   55 48 89 e5 48 89 7d f8 48 89 75 f0 48 8b 45 f8
0x000000000047eb82:   48 8b 00 48 8b 55 f0 48 c1 e2 03 48 01 d0 5d c3
0x000000000047eb92:   55 48 89 e5 48 89 7d f8 48 89 75 f0 48 8b 45 f8 

Register to memory mapping:

RAX=0x4094840000000000 is an unknown value
RBX=0x0000000000000000 is an unknown value
RCX=0x4094840000000000 is an unknown value
RDX=0x0000000000000000 is an unknown value
RSP=0x00007ffe03871820 is pointing into the stack for thread: 0x0000000000b79000
RBP=0x00007ffe03871820 is pointing into the stack for thread: 0x0000000000b79000
RSI=0x0000000000000000 is an unknown value
RDI=0x4094840000000000 is an unknown value
R8 =0x00000000049ac9f0 is an unknown value
R9 =0x0000000000000001 is an unknown value
R10=0x00000000049ac9f0 is an unknown value
R11=0x0000000000000010 is an unknown value
R12=0x0000000000000000 is an unknown value
R13=0x0000000000000000 is an unknown value
R14=0x0000000000000021 is an unknown value
R15=0x0000000000000000 is an unknown value


Stack: [0x00007ffe03777000,0x00007ffe03877000],  sp=0x00007ffe03871820,  free space=1002k
Native frames: (J=compiled Java code, j=interpreted, Vv=VM code, C=native code)
C  [FastLSH+0x7eb82]  std::vector<double, std::allocator<double> >::operator[](unsigned long)+0x10
C  [FastLSH+0x9db70]  ComputerSingleThread::computeHash(std::vector<std::vector<double, std::allocator<double> >, std::allocator<std::vector<double, std::allocator<double> > > >, unsigned long)+0x140
C  [FastLSH+0xa9df8]  Generator::generateHash(std::vector<std::vector<double, std::allocator<double> >, std::allocator<std::vector<double, std::allocator<double> > > >, unsigned long)+0x60
C  [FastLSH+0xacbe3]  GeneratorTest_geTest_Test::TestBody()+0x143
C  [FastLSH+0xd81e9]  void testing::internal::HandleSehExceptionsInMethodIfSupported<testing::Test, void>(testing::Test*, void (testing::Test::*)(), char const*)+0x65
C  [FastLSH+0xd1b19]  void testing::internal::HandleExceptionsInMethodIfSupported<testing::Test, void>(testing::Test*, void (testing::Test::*)(), char const*)+0x5a
C  [FastLSH+0xb579c]  testing::Test::Run()+0xd0
C  [FastLSH+0xb6134]  testing::TestInfo::Run()+0x108
C  [FastLSH+0xb6827]  testing::TestCase::Run()+0x101
C  [FastLSH+0xbd96e]  testing::internal::UnitTestImpl::RunAllTests()+0x2b8
C  [FastLSH+0xd97c1]  bool testing::internal::HandleSehExceptionsInMethodIfSupported<testing::internal::UnitTestImpl, bool>(testing::internal::UnitTestImpl*, bool (testing::internal::UnitTestImpl::*)(), char const*)+0x65
C  [FastLSH+0xd295b]  bool testing::internal::HandleExceptionsInMethodIfSupported<testing::internal::UnitTestImpl, bool>(testing::internal::UnitTestImpl*, bool (testing::internal::UnitTestImpl::*)(), char const*)+0x5a
C  [FastLSH+0xbc40a]  testing::UnitTest::Run()+0xb6
C  [FastLSH+0x758f2]  RUN_ALL_TESTS()+0x11
C  [FastLSH+0x7583d]  main+0x87
C  [libc.so.6+0x20830]  __libc_start_main+0xf0


---------------  P R O C E S S  ---------------

Java Threads: ( => current thread )
  0x00000000039b8800 JavaThread "org.apache.hadoop.fs.FileSystem$Statistics$StatisticsDataReferenceCleaner" daemon [_thread_blocked, id=23661, stack(0x00007f83f8ec6000,0x00007f83f8fc7000)]
  0x0000000000cbc000 JavaThread "Service Thread" daemon [_thread_blocked, id=23655, stack(0x00007f841c822000,0x00007f841c923000)]
  0x0000000000ca7000 JavaThread "C1 CompilerThread3" daemon [_thread_blocked, id=23654, stack(0x00007f841c923000,0x00007f841ca24000)]
  0x0000000000ca2800 JavaThread "C2 CompilerThread2" daemon [_thread_blocked, id=23653, stack(0x00007f841ca24000,0x00007f841cb25000)]
  0x0000000000ca0800 JavaThread "C2 CompilerThread1" daemon [_thread_blocked, id=23652, stack(0x00007f841cb25000,0x00007f841cc26000)]
  0x0000000000c9d800 JavaThread "C2 CompilerThread0" daemon [_thread_blocked, id=23651, stack(0x00007f841cc26000,0x00007f841cd27000)]
  0x0000000000c9b800 JavaThread "Signal Dispatcher" daemon [_thread_blocked, id=23650, stack(0x00007f841cd27000,0x00007f841ce28000)]
  0x0000000000c73800 JavaThread "Finalizer" daemon [_thread_blocked, id=23649, stack(0x00007f841d2b2000,0x00007f841d3b3000)]
  0x0000000001700000 JavaThread "Reference Handler" daemon [_thread_blocked, id=23648, stack(0x00007f841d3b3000,0x00007f841d4b4000)]
=>0x0000000000b79000 JavaThread "main" [_thread_in_native, id=23563, stack(0x00007ffe03777000,0x00007ffe03877000)]

Other Threads:
  0x00000000016f8800 VMThread [stack: 0x00007f841d4b4000,0x00007f841d5b5000] [id=23647]
  0x0000000000cc6000 WatcherThread [stack: 0x00007f841c721000,0x00007f841c822000] [id=23656]

VM state:not at safepoint (normal execution)

VM Mutex/Monitor currently owned by a thread: None

Heap:
 PSYoungGen      total 36864K, used 35699K [0x00000000d6b80000, 0x00000000d9480000, 0x0000000100000000)
  eden space 31744K, 96% used [0x00000000d6b80000,0x00000000d8964a60,0x00000000d8a80000)
  from space 5120K, 99% used [0x00000000d8f80000,0x00000000d9478350,0x00000000d9480000)
  to   space 5120K, 0% used [0x00000000d8a80000,0x00000000d8a80000,0x00000000d8f80000)
 ParOldGen       total 84992K, used 2005K [0x0000000084200000, 0x0000000089500000, 0x00000000d6b80000)
  object space 84992K, 2% used [0x0000000084200000,0x00000000843f55a8,0x0000000089500000)
 Metaspace       used 20640K, capacity 20844K, committed 21248K, reserved 1069056K
  class space    used 2382K, capacity 2472K, committed 2560K, reserved 1048576K

Card table byte_map: [0x00007f841ebfd000,0x00007f841efdd000] byte_map_base: 0x00007f841e7dc000

Marking Bits: (ParMarkBitMap*) 0x00007f84330c8220
 Begin Bits: [0x00007f8414210000, 0x00007f8416108000)
 End Bits:   [0x00007f8416108000, 0x00007f8418000000)

Polling page: 0x00007f8434a00000

CodeCache: size=245760Kb used=4530Kb max_used=4530Kb free=241229Kb
 bounds [0x00007f83f9000000, 0x00007f83f9480000, 0x00007f8408000000]
 total_blobs=1664 nmethods=1255 adapters=324
 compilation: enabled

Compilation events (10 events):
Event: 8.242 Thread 0x0000000000ca7000 1249       3       com.google.protobuf.WireFormat::makeTag (6 bytes)
Event: 8.242 Thread 0x0000000000ca7000 nmethod 1249 0x00007f83f946c190 code [0x00007f83f946c2e0, 0x00007f83f946c410]
Event: 8.380 Thread 0x0000000000ca7000 1251       1       java.lang.Integer::intValue (5 bytes)
Event: 8.381 Thread 0x0000000000ca7000 nmethod 1251 0x00007f83f946bed0 code [0x00007f83f946c020, 0x00007f83f946c130]
Event: 8.381 Thread 0x0000000000ca7000 1253       3       java.nio.Bits::copyToArray (68 bytes)
Event: 8.381 Thread 0x0000000000ca7000 nmethod 1253 0x00007f83f946b510 code [0x00007f83f946b6a0, 0x00007f83f946ba08]
Event: 8.381 Thread 0x0000000000ca7000 1254       3       java.nio.ByteBuffer::get (9 bytes)
Event: 8.381 Thread 0x0000000000ca7000 nmethod 1254 0x00007f83f946b0d0 code [0x00007f83f946b240, 0x00007f83f946b468]
Event: 8.381 Thread 0x0000000000ca7000 1255       1       java.nio.Buffer::capacity (5 bytes)
Event: 8.381 Thread 0x0000000000ca7000 nmethod 1255 0x00007f83f946ae10 code [0x00007f83f946af60, 0x00007f83f946b070]

GC Heap History (8 events):
Event: 3.601 GC heap before
{Heap before GC invocations=1 (full 0):
 PSYoungGen      total 36864K, used 31744K [0x00000000d6b80000, 0x00000000d9480000, 0x0000000100000000)
  eden space 31744K, 100% used [0x00000000d6b80000,0x00000000d8a80000,0x00000000d8a80000)
  from space 5120K, 0% used [0x00000000d8f80000,0x00000000d8f80000,0x00000000d9480000)
  to   space 5120K, 0% used [0x00000000d8a80000,0x00000000d8a80000,0x00000000d8f80000)
 ParOldGen       total 84992K, used 0K [0x0000000084200000, 0x0000000089500000, 0x00000000d6b80000)
  object space 84992K, 0% used [0x0000000084200000,0x0000000084200000,0x0000000089500000)
 Metaspace       used 8179K, capacity 8314K, committed 8448K, reserved 1056768K
  class space    used 957K, capacity 1009K, committed 1024K, reserved 1048576K
Event: 3.620 GC heap after
Heap after GC invocations=1 (full 0):
 PSYoungGen      total 36864K, used 4819K [0x00000000d6b80000, 0x00000000d9480000, 0x0000000100000000)
  eden space 31744K, 0% used [0x00000000d6b80000,0x00000000d6b80000,0x00000000d8a80000)
  from space 5120K, 94% used [0x00000000d8a80000,0x00000000d8f34cc8,0x00000000d8f80000)
  to   space 5120K, 0% used [0x00000000d8f80000,0x00000000d8f80000,0x00000000d9480000)
 ParOldGen       total 84992K, used 80K [0x0000000084200000, 0x0000000089500000, 0x00000000d6b80000)
  object space 84992K, 0% used [0x0000000084200000,0x0000000084214028,0x0000000089500000)
 Metaspace       used 8179K, capacity 8314K, committed 8448K, reserved 1056768K
  class space    used 957K, capacity 1009K, committed 1024K, reserved 1048576K
}
Event: 4.603 GC heap before
{Heap before GC invocations=2 (full 0):
 PSYoungGen      total 36864K, used 36563K [0x00000000d6b80000, 0x00000000d9480000, 0x0000000100000000)
  eden space 31744K, 100% used [0x00000000d6b80000,0x00000000d8a80000,0x00000000d8a80000)
  from space 5120K, 94% used [0x00000000d8a80000,0x00000000d8f34cc8,0x00000000d8f80000)
  to   space 5120K, 0% used [0x00000000d8f80000,0x00000000d8f80000,0x00000000d9480000)
 ParOldGen       total 84992K, used 80K [0x0000000084200000, 0x0000000089500000, 0x00000000d6b80000)
  object space 84992K, 0% used [0x0000000084200000,0x0000000084214028,0x0000000089500000)
 Metaspace       used 12371K, capacity 12554K, committed 12928K, reserved 1060864K
  class space    used 1461K, capacity 1543K, committed 1664K, reserved 1048576K
Event: 4.608 GC heap after
Heap after GC invocations=2 (full 0):
 PSYoungGen      total 36864K, used 5110K [0x00000000d6b80000, 0x00000000d9480000, 0x0000000100000000)
  eden space 31744K, 0% used [0x00000000d6b80000,0x00000000d6b80000,0x00000000d8a80000)
  from space 5120K, 99% used [0x00000000d8f80000,0x00000000d947da08,0x00000000d9480000)
  to   space 5120K, 0% used [0x00000000d8a80000,0x00000000d8a80000,0x00000000d8f80000)
 ParOldGen       total 84992K, used 717K [0x0000000084200000, 0x0000000089500000, 0x00000000d6b80000)
  object space 84992K, 0% used [0x0000000084200000,0x00000000842b37c8,0x0000000089500000)
 Metaspace       used 12371K, capacity 12554K, committed 12928K, reserved 1060864K
  class space    used 1461K, capacity 1543K, committed 1664K, reserved 1048576K
}
Event: 5.160 GC heap before
{Heap before GC invocations=3 (full 0):
 PSYoungGen      total 36864K, used 36854K [0x00000000d6b80000, 0x00000000d9480000, 0x0000000100000000)
  eden space 31744K, 100% used [0x00000000d6b80000,0x00000000d8a80000,0x00000000d8a80000)
  from space 5120K, 99% used [0x00000000d8f80000,0x00000000d947da08,0x00000000d9480000)
  to   space 5120K, 0% used [0x00000000d8a80000,0x00000000d8a80000,0x00000000d8f80000)
 ParOldGen       total 84992K, used 717K [0x0000000084200000, 0x0000000089500000, 0x00000000d6b80000)
  object space 84992K, 0% used [0x0000000084200000,0x00000000842b37c8,0x0000000089500000)
 Metaspace       used 15401K, capacity 15626K, committed 16000K, reserved 1062912K
  class space    used 1769K, capacity 1863K, committed 1920K, reserved 1048576K
Event: 5.164 GC heap after
Heap after GC invocations=3 (full 0):
 PSYoungGen      total 36864K, used 5098K [0x00000000d6b80000, 0x00000000d9480000, 0x0000000100000000)
  eden space 31744K, 0% used [0x00000000d6b80000,0x00000000d6b80000,0x00000000d8a80000)
  from space 5120K, 99% used [0x00000000d8a80000,0x00000000d8f7aa20,0x00000000d8f80000)
  to   space 5120K, 0% used [0x00000000d8f80000,0x00000000d8f80000,0x00000000d9480000)
 ParOldGen       total 84992K, used 1521K [0x0000000084200000, 0x0000000089500000, 0x00000000d6b80000)
  object space 84992K, 1% used [0x0000000084200000,0x000000008437c600,0x0000000089500000)
 Metaspace       used 15401K, capacity 15626K, committed 16000K, reserved 1062912K
  class space    used 1769K, capacity 1863K, committed 1920K, reserved 1048576K
}
Event: 5.282 GC heap before
{Heap before GC invocations=4 (full 0):
 PSYoungGen      total 36864K, used 36842K [0x00000000d6b80000, 0x00000000d9480000, 0x0000000100000000)
  eden space 31744K, 100% used [0x00000000d6b80000,0x00000000d8a80000,0x00000000d8a80000)
  from space 5120K, 99% used [0x00000000d8a80000,0x00000000d8f7aa20,0x00000000d8f80000)
  to   space 5120K, 0% used [0x00000000d8f80000,0x00000000d8f80000,0x00000000d9480000)
 ParOldGen       total 84992K, used 1521K [0x0000000084200000, 0x0000000089500000, 0x00000000d6b80000)
  object space 84992K, 1% used [0x0000000084200000,0x000000008437c600,0x0000000089500000)
 Metaspace       used 17726K, capacity 17898K, committed 18048K, reserved 1064960K
  class space    used 2058K, capacity 2151K, committed 2176K, reserved 1048576K
Event: 5.285 GC heap after
Heap after GC invocations=4 (full 0):
 PSYoungGen      total 36864K, used 5088K [0x00000000d6b80000, 0x00000000d9480000, 0x0000000100000000)
  eden space 31744K, 0% used [0x00000000d6b80000,0x00000000d6b80000,0x00000000d8a80000)
  from space 5120K, 99% used [0x00000000d8f80000,0x00000000d9478350,0x00000000d9480000)
  to   space 5120K, 0% used [0x00000000d8a80000,0x00000000d8a80000,0x00000000d8f80000)
 ParOldGen       total 84992K, used 2005K [0x0000000084200000, 0x0000000089500000, 0x00000000d6b80000)
  object space 84992K, 2% used [0x0000000084200000,0x00000000843f55a8,0x0000000089500000)
 Metaspace       used 17726K, capacity 17898K, committed 18048K, reserved 1064960K
  class space    used 2058K, capacity 2151K, committed 2176K, reserved 1048576K
}

Deoptimization events (10 events):
Event: 4.223 Thread 0x0000000000b79000 Uncommon trap: reason=unstable_if action=reinterpret pc=0x00007f83f9396564 method=org.apache.xerces.dom.ParentNode.nodeListItem(I)Lorg/w3c/dom/Node; @ 4
Event: 4.599 Thread 0x0000000000b79000 Uncommon trap: reason=unstable_if action=reinterpret pc=0x00007f83f939b35c method=org.apache.xerces.dom.ParentNode.nodeListGetLength()I @ 35
Event: 4.599 Thread 0x0000000000b79000 Uncommon trap: reason=unstable_if action=reinterpret pc=0x00007f83f939b964 method=org.apache.xerces.dom.ParentNode.nodeListItem(I)Lorg/w3c/dom/Node; @ 4
Event: 4.674 Thread 0x0000000000b79000 Uncommon trap: reason=unstable_if action=reinterpret pc=0x00007f83f9249154 method=sun.net.www.ParseUtil.encodePath(Ljava/lang/String;Z)Ljava/lang/String; @ 109
Event: 5.757 Thread 0x0000000000b79000 Uncommon trap: reason=class_check action=maybe_recompile pc=0x00007f83f9438838 method=java.io.DataOutputStream.write(I)V @ 5
Event: 5.757 Thread 0x0000000000b79000 Uncommon trap: reason=class_check action=maybe_recompile pc=0x00007f83f9438838 method=java.io.DataOutputStream.write(I)V @ 5
Event: 5.757 Thread 0x0000000000b79000 Uncommon trap: reason=class_check action=maybe_recompile pc=0x00007f83f9438838 method=java.io.DataOutputStream.write(I)V @ 5
Event: 6.095 Thread 0x0000000000b79000 Uncommon trap: reason=bimorphic action=maybe_recompile pc=0x00007f83f9416304 method=java.io.DataOutputStream.writeShort(I)V @ 12
Event: 6.096 Thread 0x0000000000b79000 Uncommon trap: reason=class_check action=maybe_recompile pc=0x00007f83f9438838 method=java.io.DataOutputStream.write(I)V @ 5
Event: 8.242 Thread 0x0000000000b79000 Uncommon trap: reason=bimorphic action=maybe_recompile pc=0x00007f83f9416304 method=java.io.DataOutputStream.writeShort(I)V @ 12

Internal exceptions (10 events):
Event: 2.897 Thread 0x0000000000b79000 Exception <a 'java/lang/ClassNotFoundException': org/apache/log4j/ConsoleAppenderCustomizer> (0x00000000d7461da8) thrown at [/build/openjdk-8-YiEakL/openjdk-8-8u121-b13/src/hotspot/src/share/vm/classfile/systemDictionary.cpp, line 210]
Event: 3.678 Thread 0x0000000000b79000 Exception <a 'java/lang/NoSuchFieldError': method resolution failed> (0x00000000d6f66470) thrown at [/build/openjdk-8-YiEakL/openjdk-8-8u121-b13/src/hotspot/src/share/vm/prims/methodHandles.cpp, line 1146]
Event: 3.679 Thread 0x0000000000b79000 Exception <a 'java/lang/NoSuchFieldError': method resolution failed> (0x00000000d6f73b30) thrown at [/build/openjdk-8-YiEakL/openjdk-8-8u121-b13/src/hotspot/src/share/vm/prims/methodHandles.cpp, line 1146]
Event: 4.076 Thread 0x0000000000b79000 Exception <a 'java/io/FileNotFoundException'> (0x00000000d711a198) thrown at [/build/openjdk-8-YiEakL/openjdk-8-8u121-b13/src/hotspot/src/share/vm/prims/jni.cpp, line 709]
Event: 4.076 Thread 0x0000000000b79000 Exception <a 'java/security/PrivilegedActionException'> (0x00000000d711a600) thrown at [/build/openjdk-8-YiEakL/openjdk-8-8u121-b13/src/hotspot/src/share/vm/prims/jvm.cpp, line 1390]
Event: 4.077 Thread 0x0000000000b79000 Exception <a 'java/lang/reflect/InvocationTargetException'> (0x00000000d711c6c0) thrown at [/build/openjdk-8-YiEakL/openjdk-8-8u121-b13/src/hotspot/src/share/vm/runtime/reflection.cpp, line 1092]
Event: 4.223 Thread 0x0000000000b79000 Implicit null exception at 0x00007f83f93963b2 to 0x00007f83f939654d
Event: 4.599 Thread 0x0000000000b79000 Implicit null exception at 0x00007f83f939b7b2 to 0x00007f83f939b94d
Event: 8.076 Thread 0x0000000002eb0000 Exception <a 'java/lang/InterruptedException'> (0x00000000d7ea1528) thrown at [/build/openjdk-8-YiEakL/openjdk-8-8u121-b13/src/hotspot/src/share/vm/runtime/objectMonitor.cpp, line 1684]
Event: 8.381 Thread 0x0000000000e68800 Exception <a 'java/lang/InterruptedException'> (0x00000000d88c89f0) thrown at [/build/openjdk-8-YiEakL/openjdk-8-8u121-b13/src/hotspot/src/share/vm/runtime/objectMonitor.cpp, line 1684]

Events (10 events):
Event: 8.381 Executing VM operation: RevokeBias done
Event: 8.381 Executing VM operation: RevokeBias
Event: 8.381 Executing VM operation: RevokeBias done
Event: 8.381 Thread 0x0000000000e68800 Thread exited: 0x0000000000e68800
Event: 8.481 Executing VM operation: RevokeBias
Event: 8.481 Executing VM operation: RevokeBias done
Event: 8.481 Executing VM operation: RevokeBias
Event: 8.481 Executing VM operation: RevokeBias done
Event: 8.481 Thread 0x0000000000e69800 Thread exited: 0x0000000000e69800
Event: 64.013 Thread 0x000000000387e800 Thread exited: 0x000000000387e800


Dynamic libraries:
00400000-00523000 r-xp 00000000 08:01 38802442                           /home/peter/FYP/FastLSH/cmake-build-debug/FastLSH
00722000-00723000 r--p 00122000 08:01 38802442                           /home/peter/FYP/FastLSH/cmake-build-debug/FastLSH
00723000-00724000 rw-p 00123000 08:01 38802442                           /home/peter/FYP/FastLSH/cmake-build-debug/FastLSH
00724000-00725000 rw-p 00000000 00:00 0 
00b1d000-079f3000 rw-p 00000000 00:00 0                                  [heap]
84200000-89500000 rw-p 00000000 00:00 0 
89500000-d6b80000 ---p 00000000 00:00 0 
d6b80000-d9480000 rw-p 00000000 00:00 0 
d9480000-100000000 ---p 00000000 00:00 0 
100000000-100280000 rw-p 00000000 00:00 0 
100280000-140000000 ---p 00000000 00:00 0 
7f8374000000-7f8374080000 rw-p 00000000 00:00 0 
7f8374080000-7f8378000000 ---p 00000000 00:00 0 
7f8378000000-7f83780ec000 rw-p 00000000 00:00 0 
7f83780ec000-7f837c000000 ---p 00000000 00:00 0 
7f837c000000-7f837c160000 rw-p 00000000 00:00 0 
7f837c160000-7f8380000000 ---p 00000000 00:00 0 
7f8380000000-7f838015b000 rw-p 00000000 00:00 0 
7f838015b000-7f8384000000 ---p 00000000 00:00 0 
7f8384000000-7f83840f9000 rw-p 00000000 00:00 0 
7f83840f9000-7f8388000000 ---p 00000000 00:00 0 
7f8388000000-7f838815b000 rw-p 00000000 00:00 0 
7f838815b000-7f838c000000 ---p 00000000 00:00 0 
7f838c000000-7f838c021000 rw-p 00000000 00:00 0 
7f838c021000-7f8390000000 ---p 00000000 00:00 0 
7f8390000000-7f83900fd000 rw-p 00000000 00:00 0 
7f83900fd000-7f8394000000 ---p 00000000 00:00 0 
7f8394000000-7f8394021000 rw-p 00000000 00:00 0 
7f8394021000-7f8398000000 ---p 00000000 00:00 0 
7f8398000000-7f8398147000 rw-p 00000000 00:00 0 
7f8398147000-7f839c000000 ---p 00000000 00:00 0 
7f839c000000-7f839c258000 rw-p 00000000 00:00 0 
7f839c258000-7f83a0000000 ---p 00000000 00:00 0 
7f83a0000000-7f83a0021000 rw-p 00000000 00:00 0 
7f83a0021000-7f83a4000000 ---p 00000000 00:00 0 
7f83a4000000-7f83a42a2000 rw-p 00000000 00:00 0 
7f83a42a2000-7f83a8000000 ---p 00000000 00:00 0 
7f83a8000000-7f83a828b000 rw-p 00000000 00:00 0 
7f83a828b000-7f83ac000000 ---p 00000000 00:00 0 
7f83ac000000-7f83ac021000 rw-p 00000000 00:00 0 
7f83ac021000-7f83b0000000 ---p 00000000 00:00 0 
7f83b0000000-7f83b04ed000 rw-p 00000000 00:00 0 
7f83b04ed000-7f83b4000000 ---p 00000000 00:00 0 
7f83b4000000-7f83b4021000 rw-p 00000000 00:00 0 
7f83b4021000-7f83b8000000 ---p 00000000 00:00 0 
7f83b8000000-7f83b8021000 rw-p 00000000 00:00 0 
7f83b8021000-7f83bc000000 ---p 00000000 00:00 0 
7f83bc000000-7f83bc021000 rw-p 00000000 00:00 0 
7f83bc021000-7f83c0000000 ---p 00000000 00:00 0 
7f83c0000000-7f83c0021000 rw-p 00000000 00:00 0 
7f83c0021000-7f83c4000000 ---p 00000000 00:00 0 
7f83c4000000-7f83c4021000 rw-p 00000000 00:00 0 
7f83c4021000-7f83c8000000 ---p 00000000 00:00 0 
7f83cc000000-7f83cc021000 rw-p 00000000 00:00 0 
7f83cc021000-7f83d0000000 ---p 00000000 00:00 0 
7f83d4000000-7f83d4021000 rw-p 00000000 00:00 0 
7f83d4021000-7f83d8000000 ---p 00000000 00:00 0 
7f83dc000000-7f83dc021000 rw-p 00000000 00:00 0 
7f83dc021000-7f83e0000000 ---p 00000000 00:00 0 
7f83e4000000-7f83e4021000 rw-p 00000000 00:00 0 
7f83e4021000-7f83e8000000 ---p 00000000 00:00 0 
7f83e8000000-7f83e80dd000 rw-p 00000000 00:00 0 
7f83e80dd000-7f83ec000000 ---p 00000000 00:00 0 
7f83ec000000-7f83ec021000 rw-p 00000000 00:00 0 
7f83ec021000-7f83f0000000 ---p 00000000 00:00 0 
7f83f38ec000-7f83f392c000 rw-p 00000000 00:00 0 
7f83f392c000-7f83f3aec000 ---p 00000000 00:00 0 
7f83f3bed000-7f83f3bfe000 r-xp 00000000 08:01 56888874                   /usr/lib/jvm/java-8-openjdk-amd64/jre/lib/amd64/libnio.so
7f83f3bfe000-7f83f3dfe000 ---p 00011000 08:01 56888874                   /usr/lib/jvm/java-8-openjdk-amd64/jre/lib/amd64/libnio.so
7f83f3dfe000-7f83f3dff000 r--p 00011000 08:01 56888874                   /usr/lib/jvm/java-8-openjdk-amd64/jre/lib/amd64/libnio.so
7f83f3dff000-7f83f3e00000 rw-p 00012000 08:01 56888874                   /usr/lib/jvm/java-8-openjdk-amd64/jre/lib/amd64/libnio.so
7f83f3e00000-7f83f4000000 rw-p 00000000 00:00 0 
7f83f4000000-7f83f4021000 rw-p 00000000 00:00 0 
7f83f4021000-7f83f8000000 ---p 00000000 00:00 0 
7f83f81a8000-7f83f83a8000 rw-p 00000000 00:00 0 
7f83f83a8000-7f83f85a8000 rw-p 00000000 00:00 0 
7f83f85a8000-7f83f88a9000 rw-p 00000000 00:00 0 
7f83f88a9000-7f83f88c0000 r-xp 00000000 08:01 56888866                   /usr/lib/jvm/java-8-openjdk-amd64/jre/lib/amd64/libnet.so
7f83f88c0000-7f83f8abf000 ---p 00017000 08:01 56888866                   /usr/lib/jvm/java-8-openjdk-amd64/jre/lib/amd64/libnet.so
7f83f8abf000-7f83f8ac0000 r--p 00016000 08:01 56888866                   /usr/lib/jvm/java-8-openjdk-amd64/jre/lib/amd64/libnet.so
7f83f8ac0000-7f83f8ac1000 rw-p 00017000 08:01 56888866                   /usr/lib/jvm/java-8-openjdk-amd64/jre/lib/amd64/libnet.so
7f83f8ac1000-7f83f8ac4000 r--s 00015000 08:01 56363511                   /usr/lib/jvm/java-8-openjdk-amd64/jre/lib/jce.jar
7f83f8ac4000-7f83f8cc4000 rw-p 00000000 00:00 0 
7f83f8cc4000-7f83f8cc5000 r-xp 00000000 08:01 56888858                   /usr/lib/jvm/java-8-openjdk-amd64/jre/lib/amd64/libjaas_unix.so
7f83f8cc5000-7f83f8ec4000 ---p 00001000 08:01 56888858                   /usr/lib/jvm/java-8-openjdk-amd64/jre/lib/amd64/libjaas_unix.so
7f83f8ec4000-7f83f8ec5000 r--p 00000000 08:01 56888858                   /usr/lib/jvm/java-8-openjdk-amd64/jre/lib/amd64/libjaas_unix.so
7f83f8ec5000-7f83f8ec6000 rw-p 00001000 08:01 56888858                   /usr/lib/jvm/java-8-openjdk-amd64/jre/lib/amd64/libjaas_unix.so
7f83f8ec6000-7f83f8ec9000 ---p 00000000 00:00 0 
7f83f8ec9000-7f83f8fc7000 rw-p 00000000 00:00 0 
7f83f9000000-7f83f9480000 rwxp 00000000 00:00 0 
7f83f9480000-7f8408000000 ---p 00000000 00:00 0 
7f8408000000-7f84080ec000 rw-p 00000000 00:00 0 
7f84080ec000-7f840c000000 ---p 00000000 00:00 0 
7f840c000000-7f840c0ec000 rw-p 00000000 00:00 0 
7f840c0ec000-7f8410000000 ---p 00000000 00:00 0 
7f8410000000-7f8410101000 rw-p 00000000 00:00 0 
7f8410101000-7f8414000000 ---p 00000000 00:00 0 
7f8414002000-7f8414006000 r--s 0009a000 08:01 56363510                   /usr/lib/jvm/java-8-openjdk-amd64/jre/lib/jsse.jar
7f8414006000-7f841400f000 r-xp 00000000 08:01 56888880                   /usr/lib/jvm/java-8-openjdk-amd64/jre/lib/amd64/libmanagement.so
7f841400f000-7f841420e000 ---p 00009000 08:01 56888880                   /usr/lib/jvm/java-8-openjdk-amd64/jre/lib/amd64/libmanagement.so
7f841420e000-7f841420f000 r--p 00008000 08:01 56888880                   /usr/lib/jvm/java-8-openjdk-amd64/jre/lib/amd64/libmanagement.so
7f841420f000-7f8414210000 rw-p 00009000 08:01 56888880                   /usr/lib/jvm/java-8-openjdk-amd64/jre/lib/amd64/libmanagement.so
7f8414210000-7f8418000000 rw-p 00000000 00:00 0 
7f8418000000-7f841810a000 rw-p 00000000 00:00 0 
7f841810a000-7f841c000000 ---p 00000000 00:00 0 
7f841c002000-7f841c202000 rw-p 00000000 00:00 0 
7f841c202000-7f841c204000 r--s 0000e000 08:01 37358641                   /usr/local/hadoop/share/hadoop/mapreduce/hadoop-mapreduce-client-jobclient-2.7.3.jar
7f841c204000-7f841c211000 r--s 000b0000 08:01 37358637                   /usr/local/hadoop/share/hadoop/mapreduce/hadoop-mapreduce-client-common-2.7.3.jar
7f841c211000-7f841c213000 r--s 00010000 08:01 37358638                   /usr/local/hadoop/share/hadoop/mapreduce/hadoop-mapreduce-client-shuffle-2.7.3.jar
7f841c213000-7f841c22b000 r--s 00164000 08:01 37358636                   /usr/local/hadoop/share/hadoop/mapreduce/hadoop-mapreduce-client-core-2.7.3.jar
7f841c22b000-7f841c22f000 r--s 0002b000 08:01 37358640                   /usr/local/hadoop/share/hadoop/mapreduce/hadoop-mapreduce-client-hs-2.7.3.jar
7f841c22f000-7f841c230000 r--s 00006000 08:01 37358642                   /usr/local/hadoop/share/hadoop/mapreduce/hadoop-mapreduce-client-hs-plugins-2.7.3.jar
7f841c230000-7f841c246000 r--s 00165000 08:01 37358644                   /usr/local/hadoop/share/hadoop/mapreduce/hadoop-mapreduce-client-jobclient-2.7.3-tests.jar
7f841c246000-7f841c24b000 r--s 00044000 08:01 37358643                   /usr/local/hadoop/share/hadoop/mapreduce/hadoop-mapreduce-examples-2.7.3.jar
7f841c24b000-7f841c255000 r--s 0007a000 08:01 37358639                   /usr/local/hadoop/share/hadoop/mapreduce/hadoop-mapreduce-client-app-2.7.3.jar
7f841c255000-7f841c25c000 r--s 00044000 08:01 37358612                   /usr/local/hadoop/share/hadoop/mapreduce/lib/avro-1.7.4.jar
7f841c25c000-7f841c262000 r--s 00036000 08:01 37358632                   /usr/local/hadoop/share/hadoop/mapreduce/lib/junit-4.11.jar
7f841c262000-7f841c26a000 r--s 0007b000 08:01 37358611                   /usr/local/hadoop/share/hadoop/mapreduce/lib/protobuf-java-2.5.0.jar
7f841c26a000-7f841c26b000 r--s 0000a000 08:01 37358623                   /usr/local/hadoop/share/hadoop/mapreduce/lib/asm-3.2.jar
7f841c26b000-7f841c275000 r--s 00066000 08:01 37358621                   /usr/local/hadoop/share/hadoop/mapreduce/lib/jersey-core-1.9.jar
7f841c275000-7f841c276000 r--s 00003000 08:01 37358630                   /usr/local/hadoop/share/hadoop/mapreduce/lib/jersey-guice-1.9.jar
7f841c276000-7f841c27a000 r--s 0002a000 08:01 37358620                   /usr/local/hadoop/share/hadoop/mapreduce/lib/commons-io-2.4.jar
7f841c27a000-7f841c291000 r--s 0010e000 08:01 37358625                   /usr/local/hadoop/share/hadoop/mapreduce/lib/netty-3.6.2.Final.jar
7f841c291000-7f841c293000 r--s 000f2000 08:01 37358616                   /usr/local/hadoop/share/hadoop/mapreduce/lib/snappy-java-1.0.4.1.jar
7f841c293000-7f841c295000 r--s 00009000 08:01 37358633                   /usr/local/hadoop/share/hadoop/mapreduce/lib/hamcrest-core-1.3.jar
7f841c295000-7f841c29e000 r--s 0006f000 08:01 37358624                   /usr/local/hadoop/share/hadoop/mapreduce/lib/log4j-1.2.17.jar
7f841c29e000-7f841c2b0000 r--s 0009d000 08:01 37358622                   /usr/local/hadoop/share/hadoop/mapreduce/lib/jersey-server-1.9.jar
7f841c2b0000-7f841c2b1000 r--s 00009000 08:01 37358619                   /usr/local/hadoop/share/hadoop/mapreduce/lib/hadoop-annotations-2.7.3.jar
7f841c2b1000-7f841c2b2000 r--s 00000000 08:01 37358628                   /usr/local/hadoop/share/hadoop/mapreduce/lib/javax.inject-1.jar
7f841c2b2000-7f841c2b4000 r--s 00006000 08:01 37358615                   /usr/local/hadoop/share/hadoop/mapreduce/lib/paranamer-2.3.jar
7f841c2b4000-7f841c2b8000 r--s 00014000 08:01 37358618                   /usr/local/hadoop/share/hadoop/mapreduce/lib/xz-1.0.jar
7f841c2b8000-7f841c2bc000 r--s 00035000 08:01 37358613                   /usr/local/hadoop/share/hadoop/mapreduce/lib/jackson-core-asl-1.9.13.jar
7f841c2bc000-7f841c2be000 r--s 00000000 08:01 37358629                   /usr/local/hadoop/share/hadoop/mapreduce/lib/aopalliance-1.0.jar
7f841c2be000-7f841c2cc000 r--s 000b1000 08:01 37358614                   /usr/local/hadoop/share/hadoop/mapreduce/lib/jackson-mapper-asl-1.9.13.jar
7f841c2cc000-7f841c2d1000 r--s 00036000 08:01 37358617                   /usr/local/hadoop/share/hadoop/mapreduce/lib/commons-compress-1.4.1.jar
7f841c2d1000-7f841c2e0000 r--s 0009f000 08:01 37358627                   /usr/local/hadoop/share/hadoop/mapreduce/lib/guice-3.0.jar
7f841c2e0000-7f841c2e3000 r--s 000fd000 08:01 37358626                   /usr/local/hadoop/share/hadoop/mapreduce/lib/leveldbjni-all-1.8.jar
7f841c2e3000-7f841c2e5000 r--s 0000e000 08:01 37358631                   /usr/local/hadoop/share/hadoop/mapreduce/lib/guice-servlet-3.0.jar
7f841c2e5000-7f841c2f3000 r--s 000a1000 08:01 37358582                   /usr/local/hadoop/share/hadoop/yarn/hadoop-yarn-server-nodemanager-2.7.3.jar
7f841c2f3000-7f841c309000 r--s 00122000 08:01 37358585                   /usr/local/hadoop/share/hadoop/yarn/hadoop-yarn-server-resourcemanager-2.7.3.jar
7f841c309000-7f841c30c000 r--s 0001b000 08:01 37358591                   /usr/local/hadoop/share/hadoop/yarn/hadoop-yarn-registry-2.7.3.jar
7f841c30c000-7f841c329000 r--s 001d3000 08:01 37358579                   /usr/local/hadoop/share/hadoop/yarn/hadoop-yarn-api-2.7.3.jar
7f841c329000-7f841c32b000 r--s 00011000 08:01 37358588                   /usr/local/hadoop/share/hadoop/yarn/hadoop-yarn-server-sharedcachemanager-2.7.3.jar
7f841c32b000-7f841c32c000 r--s 00010000 08:01 37358589                   /usr/local/hadoop/share/hadoop/yarn/hadoop-yarn-applications-distributedshell-2.7.3.jar
7f841c32c000-7f841c334000 r--s 00057000 08:01 37358581                   /usr/local/hadoop/share/hadoop/yarn/hadoop-yarn-server-common-2.7.3.jar
7f841c334000-7f841c339000 r--s 00031000 08:01 37358584                   /usr/local/hadoop/share/hadoop/yarn/hadoop-yarn-server-applicationhistoryservice-2.7.3.jar
7f841c339000-7f841c33b000 r--s 00008000 08:01 37358590                   /usr/local/hadoop/share/hadoop/yarn/hadoop-yarn-applications-unmanaged-am-launcher-2.7.3.jar
7f841c33b000-7f841c33d000 r--s 0000e000 08:01 37358586                   /usr/local/hadoop/share/hadoop/yarn/hadoop-yarn-server-tests-2.7.3.jar
7f841c33d000-7f841c33f000 r--s 0000d000 08:01 37358583                   /usr/local/hadoop/share/hadoop/yarn/hadoop-yarn-server-web-proxy-2.7.3.jar
7f841c33f000-7f841c342000 r--s 00026000 08:01 37358587                   /usr/local/hadoop/share/hadoop/yarn/hadoop-yarn-client-2.7.3.jar
7f841c342000-7f841c35a000 r--s 00182000 08:01 37358580                   /usr/local/hadoop/share/hadoop/yarn/hadoop-yarn-common-2.7.3.jar
7f841c35a000-7f841c36d000 r--s 000c7000 08:01 37358570                   /usr/local/hadoop/share/hadoop/yarn/lib/jaxb-impl-2.2.3-1.jar
7f841c36d000-7f841c38e000 r--s 00172000 08:01 37358541                   /usr/local/hadoop/share/hadoop/yarn/lib/guava-11.0.2.jar
7f841c38e000-7f841c396000 r--s 0007b000 08:01 37358544                   /usr/local/hadoop/share/hadoop/yarn/lib/protobuf-java-2.5.0.jar
7f841c396000-7f841c397000 r--s 0000a000 08:01 37358567                   /usr/local/hadoop/share/hadoop/yarn/lib/asm-3.2.jar
7f841c397000-7f841c39b000 r--s 00021000 08:01 37358568                   /usr/local/hadoop/share/hadoop/yarn/lib/jersey-json-1.9.jar
7f841c39b000-7f841c39e000 r--s 00006000 08:01 37358542                   /usr/local/hadoop/share/hadoop/yarn/lib/jsr305-3.0.0.jar
7f841c39e000-7f841c3aa000 r--s 000b6000 08:01 37358572                   /usr/local/hadoop/share/hadoop/yarn/lib/zookeeper-3.4.6.jar
7f841c3aa000-7f841c3b4000 r--s 00066000 08:01 37358555                   /usr/local/hadoop/share/hadoop/yarn/lib/jersey-core-1.9.jar
7f841c3b4000-7f841c3b5000 r--s 00003000 08:01 37358571                   /usr/local/hadoop/share/hadoop/yarn/lib/jersey-guice-1.9.jar
7f841c3b5000-7f841c3b9000 r--s 0002a000 08:01 37358565                   /usr/local/hadoop/share/hadoop/yarn/lib/commons-io-2.4.jar
7f841c3b9000-7f841c3d0000 r--s 0010e000 08:01 37358573                   /usr/local/hadoop/share/hadoop/yarn/lib/netty-3.6.2.Final.jar
7f841c3d0000-7f841c3d9000 r--s 0007b000 08:01 37358539                   /usr/local/hadoop/share/hadoop/yarn/lib/zookeeper-3.4.6-tests.jar
7f841c3d9000-7f841c3db000 r--s 0000d000 08:01 37358553                   /usr/local/hadoop/share/hadoop/yarn/lib/commons-codec-1.4.jar
7f841c3db000-7f841c3e4000 r--s 0006f000 08:01 37358546                   /usr/local/hadoop/share/hadoop/yarn/lib/log4j-1.2.17.jar
7f841c3e4000-7f841c3f6000 r--s 0009d000 08:01 37358566                   /usr/local/hadoop/share/hadoop/yarn/lib/jersey-server-1.9.jar
7f841c3f6000-7f841c3f9000 r--s 00017000 08:01 37358547                   /usr/local/hadoop/share/hadoop/yarn/lib/jaxb-api-2.2.2.jar
7f841c3f9000-7f841c3fa000 r--s 00004000 08:01 37358559                   /usr/local/hadoop/share/hadoop/yarn/lib/jackson-jaxrs-1.9.13.jar
7f841c3fa000-7f841c3fd000 r--s 0001d000 08:01 37358556                   /usr/local/hadoop/share/hadoop/yarn/lib/jersey-client-1.9.jar
7f841c3fd000-7f841c404000 r--s 0007d000 08:01 37358576                   /usr/local/hadoop/share/hadoop/yarn/lib/jetty-6.1.26.jar
7f841c404000-7f841c406000 r--s 0000e000 08:01 37358543                   /usr/local/hadoop/share/hadoop/yarn/lib/commons-logging-1.1.3.jar
7f841c406000-7f841c408000 r--s 00009000 08:01 37358545                   /usr/local/hadoop/share/hadoop/yarn/lib/commons-cli-1.2.jar
7f841c408000-7f841c409000 r--s 00000000 08:01 37358563                   /usr/local/hadoop/share/hadoop/yarn/lib/javax.inject-1.jar
7f841c409000-7f841c40d000 r--s 00028000 08:01 37358554                   /usr/local/hadoop/share/hadoop/yarn/lib/jetty-util-6.1.26.jar
7f841c40d000-7f841c411000 r--s 00014000 08:01 37358551                   /usr/local/hadoop/share/hadoop/yarn/lib/xz-1.0.jar
7f841c411000-7f841c413000 r--s 0000e000 08:01 37358549                   /usr/local/hadoop/share/hadoop/yarn/lib/activation-1.1.jar
7f841c413000-7f841c415000 r--s 00004000 08:01 37358548                   /usr/local/hadoop/share/hadoop/yarn/lib/stax-api-1.0-2.jar
7f841c415000-7f841c416000 r--s 00006000 08:01 37358560                   /usr/local/hadoop/share/hadoop/yarn/lib/jackson-xc-1.9.13.jar
7f841c416000-7f841c423000 r--s 00083000 08:01 37358575                   /usr/local/hadoop/share/hadoop/yarn/lib/commons-collections-3.2.2.jar
7f841c423000-7f841c427000 r--s 00035000 08:01 37358557                   /usr/local/hadoop/share/hadoop/yarn/lib/jackson-core-asl-1.9.13.jar
7f841c427000-7f841c429000 r--s 00000000 08:01 37358564                   /usr/local/hadoop/share/hadoop/yarn/lib/aopalliance-1.0.jar
7f841c429000-7f841c42b000 r--s 00018000 08:01 37358552                   /usr/local/hadoop/share/hadoop/yarn/lib/servlet-api-2.5.jar
7f841c42b000-7f841c439000 r--s 000b1000 08:01 37358558                   /usr/local/hadoop/share/hadoop/yarn/lib/jackson-mapper-asl-1.9.13.jar
7f841c439000-7f841c43e000 r--s 00041000 08:01 37358540                   /usr/local/hadoop/share/hadoop/yarn/lib/commons-lang-2.6.jar
7f841c43e000-7f841c440000 r--s 0000f000 08:01 37358569                   /usr/local/hadoop/share/hadoop/yarn/lib/jettison-1.1.jar
7f841c440000-7f841c445000 r--s 00036000 08:01 37358550                   /usr/local/hadoop/share/hadoop/yarn/lib/commons-compress-1.4.1.jar
7f841c445000-7f841c454000 r--s 0009f000 08:01 37358562                   /usr/local/hadoop/share/hadoop/yarn/lib/guice-3.0.jar
7f841c454000-7f841c457000 r--s 000fd000 08:01 37358574                   /usr/local/hadoop/share/hadoop/yarn/lib/leveldbjni-all-1.8.jar
7f841c457000-7f841c459000 r--s 0000e000 08:01 37358561                   /usr/local/hadoop/share/hadoop/yarn/lib/guice-servlet-3.0.jar
7f841c459000-7f841c45b000 r--s 0001d000 08:01 37358098                   /usr/local/hadoop/share/hadoop/hdfs/hadoop-hdfs-nfs-2.7.3.jar
7f841c45b000-7f841c4c6000 r--s 0077b000 08:01 37358096                   /usr/local/hadoop/share/hadoop/hdfs/hadoop-hdfs-2.7.3.jar
7f841c4c6000-7f841c4e9000 r--s 00308000 08:01 37358097                   /usr/local/hadoop/share/hadoop/hdfs/hadoop-hdfs-2.7.3-tests.jar
7f841c4e9000-7f841c502000 r--s 00150000 08:01 37358090                   /usr/local/hadoop/share/hadoop/hdfs/lib/htrace-core-3.1.0-incubating.jar
7f841c502000-7f841c523000 r--s 00172000 08:01 37358075                   /usr/local/hadoop/share/hadoop/hdfs/lib/guava-11.0.2.jar
7f841c523000-7f841c540000 r--s 00196000 08:01 37358092                   /usr/local/hadoop/share/hadoop/hdfs/lib/netty-all-4.0.23.Final.jar
7f841c540000-7f841c548000 r--s 0007b000 08:01 37358089                   /usr/local/hadoop/share/hadoop/hdfs/lib/protobuf-java-2.5.0.jar
7f841c548000-7f841c549000 r--s 0000a000 08:01 37358087                   /usr/local/hadoop/share/hadoop/hdfs/lib/asm-3.2.jar
7f841c549000-7f841c54c000 r--s 00006000 08:01 37358076                   /usr/local/hadoop/share/hadoop/hdfs/lib/jsr305-3.0.0.jar
7f841c54c000-7f841c556000 r--s 00066000 08:01 37358083                   /usr/local/hadoop/share/hadoop/hdfs/lib/jersey-core-1.9.jar
7f841c556000-7f841c55a000 r--s 0002a000 08:01 37358079                   /usr/local/hadoop/share/hadoop/hdfs/lib/commons-io-2.4.jar
7f841c55a000-7f841c571000 r--s 0010e000 08:01 37358074                   /usr/local/hadoop/share/hadoop/hdfs/lib/netty-3.6.2.Final.jar
7f841c571000-7f841c573000 r--s 0000d000 08:01 37358071                   /usr/local/hadoop/share/hadoop/hdfs/lib/commons-codec-1.4.jar
7f841c573000-7f841c57c000 r--s 0006f000 08:01 37358072                   /usr/local/hadoop/share/hadoop/hdfs/lib/log4j-1.2.17.jar
7f841c57c000-7f841c57d000 r--s 00003000 08:01 37358078                   /usr/local/hadoop/share/hadoop/hdfs/lib/xmlenc-0.52.jar
7f841c57d000-7f841c58f000 r--s 0009d000 08:01 37358086                   /usr/local/hadoop/share/hadoop/hdfs/lib/jersey-server-1.9.jar
7f841c58f000-7f841c596000 r--s 0007d000 08:01 37358081                   /usr/local/hadoop/share/hadoop/hdfs/lib/jetty-6.1.26.jar
7f841c596000-7f841c598000 r--s 0000e000 08:01 37358073                   /usr/local/hadoop/share/hadoop/hdfs/lib/commons-logging-1.1.3.jar
7f841c598000-7f841c59a000 r--s 00009000 08:01 37358077                   /usr/local/hadoop/share/hadoop/hdfs/lib/commons-cli-1.2.jar
7f841c59a000-7f841c59b000 r--s 00005000 08:01 37358091                   /usr/local/hadoop/share/hadoop/hdfs/lib/commons-daemon-1.0.13.jar
7f841c59b000-7f841c59f000 r--s 00028000 08:01 37358082                   /usr/local/hadoop/share/hadoop/hdfs/lib/jetty-util-6.1.26.jar
7f841c59f000-7f841c5a7000 r--s 00028000 08:01 37358094                   /usr/local/hadoop/share/hadoop/hdfs/lib/xml-apis-1.3.04.jar
7f841c5a7000-7f841c5ab000 r--s 00035000 08:01 37358084                   /usr/local/hadoop/share/hadoop/hdfs/lib/jackson-core-asl-1.9.13.jar
7f841c5ab000-7f841c5c3000 r--s 00115000 08:01 37358093                   /usr/local/hadoop/share/hadoop/hdfs/lib/xercesImpl-2.9.1.jar
7f841c5c3000-7f841c5c5000 r--s 00018000 08:01 37358080                   /usr/local/hadoop/share/hadoop/hdfs/lib/servlet-api-2.5.jar
7f841c5c5000-7f841c5d3000 r--s 000b1000 08:01 37358085                   /usr/local/hadoop/share/hadoop/hdfs/lib/jackson-mapper-asl-1.9.13.jar
7f841c5d3000-7f841c5d8000 r--s 00041000 08:01 37358088                   /usr/local/hadoop/share/hadoop/hdfs/lib/commons-lang-2.6.jar
7f841c5d8000-7f841c5db000 r--s 000fd000 08:01 37358095                   /usr/local/hadoop/share/hadoop/hdfs/lib/leveldbjni-all-1.8.jar
7f841c5db000-7f841c611000 r--s 0031a000 08:01 37358012                   /usr/local/hadoop/share/hadoop/common/hadoop-common-2.7.3.jar
7f841c611000-7f841c62e000 r--s 001b6000 08:01 37358013                   /usr/local/hadoop/share/hadoop/common/hadoop-common-2.7.3-tests.jar
7f841c62e000-7f841c632000 r--s 00029000 08:01 37358014                   /usr/local/hadoop/share/hadoop/common/hadoop-nfs-2.7.3.jar
7f841c632000-7f841c639000 r--s 00044000 08:01 37357971                   /usr/local/hadoop/share/hadoop/common/lib/avro-1.7.4.jar
7f841c639000-7f841c652000 r--s 00150000 08:01 37357989                   /usr/local/hadoop/share/hadoop/common/lib/htrace-core-3.1.0-incubating.jar
7f841c652000-7f841c665000 r--s 000c7000 08:01 37357949                   /usr/local/hadoop/share/hadoop/common/lib/jaxb-impl-2.2.3-1.jar
7f841c665000-7f841c686000 r--s 00172000 08:01 37357994                   /usr/local/hadoop/share/hadoop/common/lib/guava-11.0.2.jar
7f841c686000-7f841c688000 r--s 00003000 08:01 37357981                   /usr/local/hadoop/share/hadoop/common/lib/api-asn1-api-1.0.0-M20.jar
7f841c688000-7f841c68e000 r--s 00036000 08:01 37357990                   /usr/local/hadoop/share/hadoop/common/lib/junit-4.11.jar
7f841c68e000-7f841c697000 r--s 0007b000 08:01 37357960                   /usr/local/hadoop/share/hadoop/common/lib/jets3t-0.9.0.jar
7f841c697000-7f841c69f000 r--s 0007b000 08:01 37357976                   /usr/local/hadoop/share/hadoop/common/lib/protobuf-java-2.5.0.jar
7f841c69f000-7f841c6a0000 r--s 0000a000 08:01 37357958                   /usr/local/hadoop/share/hadoop/common/lib/asm-3.2.jar
7f841c6a0000-7f841c6bd000 r--s 0013e000 08:01 37357992                   /usr/local/hadoop/share/hadoop/common/lib/mockito-all-1.8.5.jar
7f841c6bd000-7f841c6c1000 r--s 00021000 08:01 37358010                   /usr/local/hadoop/share/hadoop/common/lib/jersey-json-1.9.jar
7f841c6c1000-7f841c6c4000 r--s 0002b000 08:01 37357987                   /usr/local/hadoop/share/hadoop/common/lib/jsch-0.1.42.jar
7f841c6c4000-7f841c6c7000 r--s 00006000 08:01 37357995                   /usr/local/hadoop/share/hadoop/common/lib/jsr305-3.0.0.jar
7f841c6c7000-7f841c6d3000 r--s 000b6000 08:01 37357983                   /usr/local/hadoop/share/hadoop/common/lib/zookeeper-3.4.6.jar
7f841c6d3000-7f841c6f0000 r--s 0016a000 08:01 37357997                   /usr/local/hadoop/share/hadoop/common/lib/commons-math3-3.1.1.jar
7f841c6f0000-7f841c6f8000 r--s 0003b000 08:01 37357988                   /usr/local/hadoop/share/hadoop/common/lib/curator-recipes-2.7.1.jar
7f841c6f8000-7f841c702000 r--s 00066000 08:01 37358009                   /usr/local/hadoop/share/hadoop/common/lib/jersey-core-1.9.jar
7f841c702000-7f841c706000 r--s 0002a000 08:01 37358002                   /usr/local/hadoop/share/hadoop/common/lib/commons-io-2.4.jar
7f841c706000-7f841c70a000 r--s 00020000 08:01 37357966                   /usr/local/hadoop/share/hadoop/common/lib/commons-digester-1.8.jar
7f841c70a000-7f841c721000 r--s 0010e000 08:01 37357984                   /usr/local/hadoop/share/hadoop/common/lib/netty-3.6.2.Final.jar
7f841c721000-7f841c722000 ---p 00000000 00:00 0 
7f841c722000-7f841c822000 rw-p 00000000 00:00 0 
7f841c822000-7f841c825000 ---p 00000000 00:00 0 
7f841c825000-7f841c923000 rw-p 00000000 00:00 0 
7f841c923000-7f841c926000 ---p 00000000 00:00 0 
7f841c926000-7f841ca24000 rw-p 00000000 00:00 0 
7f841ca24000-7f841ca27000 ---p 00000000 00:00 0 
7f841ca27000-7f841cb25000 rw-p 00000000 00:00 0 
7f841cb25000-7f841cb28000 ---p 00000000 00:00 0 
7f841cb28000-7f841cc26000 rw-p 00000000 00:00 0 
7f841cc26000-7f841cc29000 ---p 00000000 00:00 0 
7f841cc29000-7f841cd27000 rw-p 00000000 00:00 0 
7f841cd27000-7f841cd2a000 ---p 00000000 00:00 0 
7f841cd2a000-7f841ce28000 rw-p 00000000 00:00 0 
7f841ce28000-7f841d2b2000 r--p 00000000 08:01 53871508                   /usr/lib/locale/locale-archive
7f841d2b2000-7f841d2b5000 ---p 00000000 00:00 0 
7f841d2b5000-7f841d3b3000 rw-p 00000000 00:00 0 
7f841d3b3000-7f841d3b6000 ---p 00000000 00:00 0 
7f841d3b6000-7f841d4b4000 rw-p 00000000 00:00 0 
7f841d4b4000-7f841d4b5000 ---p 00000000 00:00 0 
7f841d4b5000-7f841d5b5000 rw-p 00000000 00:00 0 
7f841d5b5000-7f841d783000 r--s 03c06000 08:01 56363514                   /usr/lib/jvm/java-8-openjdk-amd64/jre/lib/rt.jar
7f841d783000-7f841e362000 rw-p 00000000 00:00 0 
7f841e362000-7f841e363000 ---p 00000000 00:00 0 
7f841e363000-7f841e463000 rw-p 00000000 00:00 0 
7f841e463000-7f841e464000 ---p 00000000 00:00 0 
7f841e464000-7f841e564000 rw-p 00000000 00:00 0 
7f841e564000-7f841e565000 ---p 00000000 00:00 0 
7f841e565000-7f841e665000 rw-p 00000000 00:00 0 
7f841e665000-7f841e666000 ---p 00000000 00:00 0 
7f841e666000-7f841e766000 rw-p 00000000 00:00 0 
7f841e766000-7f841e767000 ---p 00000000 00:00 0 
7f841e767000-7f841e867000 rw-p 00000000 00:00 0 
7f841e867000-7f841e868000 ---p 00000000 00:00 0 
7f841e868000-7f841e992000 rw-p 00000000 00:00 0 
7f841e992000-7f841ebfd000 ---p 00000000 00:00 0 
7f841ebfd000-7f841ec27000 rw-p 00000000 00:00 0 
7f841ec27000-7f841ee91000 ---p 00000000 00:00 0 
7f841ee91000-7f841eea7000 rw-p 00000000 00:00 0 
7f841eea7000-7f841efdc000 ---p 00000000 00:00 0 
7f841efdc000-7f841efef000 rw-p 00000000 00:00 0 
7f841efef000-7f841f39d000 ---p 00000000 00:00 0 
7f841f39d000-7f841f3b6000 r-xp 00000000 08:01 55316970                   /lib/x86_64-linux-gnu/libz.so.1.2.8
7f841f3b6000-7f841f5b5000 ---p 00019000 08:01 55316970                   /lib/x86_64-linux-gnu/libz.so.1.2.8
7f841f5b5000-7f841f5b6000 r--p 00018000 08:01 55316970                   /lib/x86_64-linux-gnu/libz.so.1.2.8
7f841f5b6000-7f841f5b7000 rw-p 00019000 08:01 55316970                   /lib/x86_64-linux-gnu/libz.so.1.2.8
7f841f5b7000-7f841f5bf000 r-xp 00000000 08:01 56888864                   /usr/lib/jvm/java-8-openjdk-amd64/jre/lib/amd64/libzip.so
7f841f5bf000-7f841f7be000 ---p 00008000 08:01 56888864                   /usr/lib/jvm/java-8-openjdk-amd64/jre/lib/amd64/libzip.so
7f841f7be000-7f841f7bf000 r--p 00007000 08:01 56888864                   /usr/lib/jvm/java-8-openjdk-amd64/jre/lib/amd64/libzip.so
7f841f7bf000-7f841f7c0000 rw-p 00008000 08:01 56888864                   /usr/lib/jvm/java-8-openjdk-amd64/jre/lib/amd64/libzip.so
7f841f7c0000-7f841f7cb000 r-xp 00000000 08:01 55316797                   /lib/x86_64-linux-gnu/libnss_files-2.23.so
7f841f7cb000-7f841f9ca000 ---p 0000b000 08:01 55316797                   /lib/x86_64-linux-gnu/libnss_files-2.23.so
7f841f9ca000-7f841f9cb000 r--p 0000a000 08:01 55316797                   /lib/x86_64-linux-gnu/libnss_files-2.23.so
7f841f9cb000-7f841f9cc000 rw-p 0000b000 08:01 55316797                   /lib/x86_64-linux-gnu/libnss_files-2.23.so
7f841f9cc000-7f841f9d2000 rw-p 00000000 00:00 0 
7f841f9d2000-7f841f9dd000 r-xp 00000000 08:01 55312470                   /lib/x86_64-linux-gnu/libnss_nis-2.23.so
7f841f9dd000-7f841fbdc000 ---p 0000b000 08:01 55312470                   /lib/x86_64-linux-gnu/libnss_nis-2.23.so
7f841fbdc000-7f841fbdd000 r--p 0000a000 08:01 55312470                   /lib/x86_64-linux-gnu/libnss_nis-2.23.so
7f841fbdd000-7f841fbde000 rw-p 0000b000 08:01 55312470                   /lib/x86_64-linux-gnu/libnss_nis-2.23.so
7f841fbde000-7f841fbf4000 r-xp 00000000 08:01 55312481                   /lib/x86_64-linux-gnu/libnsl-2.23.so
7f841fbf4000-7f841fdf3000 ---p 00016000 08:01 55312481                   /lib/x86_64-linux-gnu/libnsl-2.23.so
7f841fdf3000-7f841fdf4000 r--p 00015000 08:01 55312481                   /lib/x86_64-linux-gnu/libnsl-2.23.so
7f841fdf4000-7f841fdf5000 rw-p 00016000 08:01 55312481                   /lib/x86_64-linux-gnu/libnsl-2.23.so
7f841fdf5000-7f841fdf7000 rw-p 00000000 00:00 0 
7f841fdf7000-7f841fdff000 r-xp 00000000 08:01 55312482                   /lib/x86_64-linux-gnu/libnss_compat-2.23.so
7f841fdff000-7f841fffe000 ---p 00008000 08:01 55312482                   /lib/x86_64-linux-gnu/libnss_compat-2.23.so
7f841fffe000-7f841ffff000 r--p 00007000 08:01 55312482                   /lib/x86_64-linux-gnu/libnss_compat-2.23.so
7f841ffff000-7f8420000000 rw-p 00008000 08:01 55312482                   /lib/x86_64-linux-gnu/libnss_compat-2.23.so
7f8420000000-7f8420100000 rw-p 00000000 00:00 0 
7f8420100000-7f8424000000 ---p 00000000 00:00 0 
7f8424000000-7f84240e5000 rw-p 00000000 00:00 0 
7f84240e5000-7f8428000000 ---p 00000000 00:00 0 
7f8428000000-7f84280d1000 rw-p 00000000 00:00 0 
7f84280d1000-7f842c000000 ---p 00000000 00:00 0 
7f842c000000-7f842c005000 r--s 0002a000 08:01 37357977                   /usr/local/hadoop/share/hadoop/common/lib/gson-2.2.4.jar
7f842c005000-7f842c007000 r--s 000f2000 08:01 37357973                   /usr/local/hadoop/share/hadoop/common/lib/snappy-java-1.0.4.1.jar
7f842c007000-7f842c008000 r--s 00007000 08:01 37357969                   /usr/local/hadoop/share/hadoop/common/lib/slf4j-api-1.7.10.jar
7f842c008000-7f842c00a000 r--s 00009000 08:01 37357991                   /usr/local/hadoop/share/hadoop/common/lib/hamcrest-core-1.3.jar
7f842c00a000-7f842c00c000 r--s 0000d000 08:01 37358001                   /usr/local/hadoop/share/hadoop/common/lib/commons-codec-1.4.jar
7f842c00c000-7f842c015000 r--s 0006f000 08:01 37357959                   /usr/local/hadoop/share/hadoop/common/lib/log4j-1.2.17.jar
7f842c015000-7f842c017000 r--s 0000f000 08:01 37357986                   /usr/local/hadoop/share/hadoop/common/lib/curator-client-2.7.1.jar
7f842c017000-7f842c018000 r--s 0000a000 08:01 37357980                   /usr/local/hadoop/share/hadoop/common/lib/apacheds-i18n-2.0.0-M15.jar
7f842c018000-7f842c01a000 r--s 00015000 08:01 37357978                   /usr/local/hadoop/share/hadoop/common/lib/hadoop-auth-2.7.3.jar
7f842c01a000-7f842c01b000 r--s 00003000 08:01 37357998                   /usr/local/hadoop/share/hadoop/common/lib/xmlenc-0.52.jar
7f842c01b000-7f842c02d000 r--s 0009d000 08:01 37357957                   /usr/local/hadoop/share/hadoop/common/lib/jersey-server-1.9.jar
7f842c02d000-7f842c030000 r--s 00017000 08:01 37357950                   /usr/local/hadoop/share/hadoop/common/lib/jaxb-api-2.2.2.jar
7f842c030000-7f842c031000 r--s 00004000 08:01 37357955                   /usr/local/hadoop/share/hadoop/common/lib/jackson-jaxrs-1.9.13.jar
7f842c031000-7f842c032000 r--s 00009000 08:01 37357993                   /usr/local/hadoop/share/hadoop/common/lib/hadoop-annotations-2.7.3.jar
7f842c032000-7f842c039000 r--s 0007d000 08:01 37358006                   /usr/local/hadoop/share/hadoop/common/lib/jetty-6.1.26.jar
7f842c039000-7f842c03e000 r--s 0003e000 08:01 37358003                   /usr/local/hadoop/share/hadoop/common/lib/commons-net-3.1.jar
7f842c03e000-7f842c040000 r--s 0000e000 08:01 37358000                   /usr/local/hadoop/share/hadoop/common/lib/commons-logging-1.1.3.jar
7f842c040000-7f842c046000 r--s 00032000 08:01 37357962                   /usr/local/hadoop/share/hadoop/common/lib/httpcore-4.2.5.jar
7f842c046000-7f842c04c000 r--s 00045000 08:01 37357999                   /usr/local/hadoop/share/hadoop/common/lib/commons-httpclient-3.1.jar
7f842c04c000-7f842c052000 r--s 00043000 08:01 37357965                   /usr/local/hadoop/share/hadoop/common/lib/commons-configuration-1.6.jar
7f842c052000-7f842c053000 ---p 00000000 00:00 0 
7f842c053000-7f842c153000 rw-p 00000000 00:00 0 
7f842c153000-7f842c180000 r-xp 00000000 08:01 56888886                   /usr/lib/jvm/java-8-openjdk-amd64/jre/lib/amd64/libjava.so
7f842c180000-7f842c37f000 ---p 0002d000 08:01 56888886                   /usr/lib/jvm/java-8-openjdk-amd64/jre/lib/amd64/libjava.so
7f842c37f000-7f842c380000 r--p 0002c000 08:01 56888886                   /usr/lib/jvm/java-8-openjdk-amd64/jre/lib/amd64/libjava.so
7f842c380000-7f842c382000 rw-p 0002d000 08:01 56888886                   /usr/lib/jvm/java-8-openjdk-amd64/jre/lib/amd64/libjava.so
7f842c382000-7f842c391000 r-xp 00000000 08:01 56888857                   /usr/lib/jvm/java-8-openjdk-amd64/jre/lib/amd64/libverify.so
7f842c391000-7f842c590000 ---p 0000f000 08:01 56888857                   /usr/lib/jvm/java-8-openjdk-amd64/jre/lib/amd64/libverify.so
7f842c590000-7f842c592000 r--p 0000e000 08:01 56888857                   /usr/lib/jvm/java-8-openjdk-amd64/jre/lib/amd64/libverify.so
7f842c592000-7f842c593000 rw-p 00010000 08:01 56888857                   /usr/lib/jvm/java-8-openjdk-amd64/jre/lib/amd64/libverify.so
7f842c593000-7f842c59a000 r-xp 00000000 08:01 55312469                   /lib/x86_64-linux-gnu/librt-2.23.so
7f842c59a000-7f842c799000 ---p 00007000 08:01 55312469                   /lib/x86_64-linux-gnu/librt-2.23.so
7f842c799000-7f842c79a000 r--p 00006000 08:01 55312469                   /lib/x86_64-linux-gnu/librt-2.23.so
7f842c79a000-7f842c79b000 rw-p 00007000 08:01 55312469                   /lib/x86_64-linux-gnu/librt-2.23.so
7f842c79b000-7f842c79c000 ---p 00000000 00:00 0 
7f842c79c000-7f842cf9c000 rw-p 00000000 00:00 0 
7f842cf9c000-7f842cf9d000 ---p 00000000 00:00 0 
7f842cf9d000-7f842d79d000 rw-p 00000000 00:00 0 
7f842d79d000-7f842d79e000 ---p 00000000 00:00 0 
7f842d79e000-7f842df9e000 rw-p 00000000 00:00 0 
7f842df9e000-7f842df9f000 ---p 00000000 00:00 0 
7f842df9f000-7f842e79f000 rw-p 00000000 00:00 0 
7f842e79f000-7f842e7a0000 ---p 00000000 00:00 0 
7f842e7a0000-7f842efa0000 rw-p 00000000 00:00 0 
7f842efa0000-7f842efa1000 ---p 00000000 00:00 0 
7f842efa1000-7f842f7a1000 rw-p 00000000 00:00 0 
7f842f7a1000-7f842f7a2000 ---p 00000000 00:00 0 
7f842f7a2000-7f842ffa2000 rw-p 00000000 00:00 0 
7f842ffa2000-7f842ffa3000 ---p 00000000 00:00 0 
7f842ffa3000-7f84307a3000 rw-p 00000000 00:00 0 
7f84307a3000-7f84307a4000 ---p 00000000 00:00 0 
7f84307a4000-7f8430fa4000 rw-p 00000000 00:00 0 
7f8430fa4000-7f8430fa5000 ---p 00000000 00:00 0 
7f8430fa5000-7f84317a5000 rw-p 00000000 00:00 0 
7f84317a5000-7f84317a6000 ---p 00000000 00:00 0 
7f84317a6000-7f8431fa6000 rw-p 00000000 00:00 0 
7f8431fa6000-7f8431fa9000 r-xp 00000000 08:01 55312473                   /lib/x86_64-linux-gnu/libdl-2.23.so
7f8431fa9000-7f84321a8000 ---p 00003000 08:01 55312473                   /lib/x86_64-linux-gnu/libdl-2.23.so
7f84321a8000-7f84321a9000 r--p 00002000 08:01 55312473                   /lib/x86_64-linux-gnu/libdl-2.23.so
7f84321a9000-7f84321aa000 rw-p 00003000 08:01 55312473                   /lib/x86_64-linux-gnu/libdl-2.23.so
7f84321aa000-7f8432dfa000 r-xp 00000000 08:01 57150129                   /usr/lib/jvm/java-8-openjdk-amd64/jre/lib/amd64/server/libjvm.so
7f8432dfa000-7f8432ff9000 ---p 00c50000 08:01 57150129                   /usr/lib/jvm/java-8-openjdk-amd64/jre/lib/amd64/server/libjvm.so
7f8432ff9000-7f843308c000 r--p 00c4f000 08:01 57150129                   /usr/lib/jvm/java-8-openjdk-amd64/jre/lib/amd64/server/libjvm.so
7f843308c000-7f84330b5000 rw-p 00ce2000 08:01 57150129                   /usr/lib/jvm/java-8-openjdk-amd64/jre/lib/amd64/server/libjvm.so
7f84330b5000-7f84330e5000 rw-p 00000000 00:00 0 
7f84330e5000-7f84332a4000 r-xp 00000000 08:01 55312474                   /lib/x86_64-linux-gnu/libc-2.23.so
7f84332a4000-7f84334a4000 ---p 001bf000 08:01 55312474                   /lib/x86_64-linux-gnu/libc-2.23.so
7f84334a4000-7f84334a8000 r--p 001bf000 08:01 55312474                   /lib/x86_64-linux-gnu/libc-2.23.so
7f84334a8000-7f84334aa000 rw-p 001c3000 08:01 55312474                   /lib/x86_64-linux-gnu/libc-2.23.so
7f84334aa000-7f84334ae000 rw-p 00000000 00:00 0 
7f84334ae000-7f84334c4000 r-xp 00000000 08:01 55316817                   /lib/x86_64-linux-gnu/libgcc_s.so.1
7f84334c4000-7f84336c3000 ---p 00016000 08:01 55316817                   /lib/x86_64-linux-gnu/libgcc_s.so.1
7f84336c3000-7f84336c4000 rw-p 00015000 08:01 55316817                   /lib/x86_64-linux-gnu/libgcc_s.so.1
7f84336c4000-7f84336e5000 r-xp 00000000 08:01 53871020                   /usr/lib/x86_64-linux-gnu/libgomp.so.1.0.0
7f84336e5000-7f84338e4000 ---p 00021000 08:01 53871020                   /usr/lib/x86_64-linux-gnu/libgomp.so.1.0.0
7f84338e4000-7f84338e5000 r--p 00020000 08:01 53871020                   /usr/lib/x86_64-linux-gnu/libgomp.so.1.0.0
7f84338e5000-7f84338e6000 rw-p 00021000 08:01 53871020                   /usr/lib/x86_64-linux-gnu/libgomp.so.1.0.0
7f84338e6000-7f84339ee000 r-xp 00000000 08:01 55312479                   /lib/x86_64-linux-gnu/libm-2.23.so
7f84339ee000-7f8433bed000 ---p 00108000 08:01 55312479                   /lib/x86_64-linux-gnu/libm-2.23.so
7f8433bed000-7f8433bee000 r--p 00107000 08:01 55312479                   /lib/x86_64-linux-gnu/libm-2.23.so
7f8433bee000-7f8433bef000 rw-p 00108000 08:01 55312479                   /lib/x86_64-linux-gnu/libm-2.23.so
7f8433bef000-7f8433d61000 r-xp 00000000 08:01 53872769                   /usr/lib/x86_64-linux-gnu/libstdc++.so.6.0.21
7f8433d61000-7f8433f61000 ---p 00172000 08:01 53872769                   /usr/lib/x86_64-linux-gnu/libstdc++.so.6.0.21
7f8433f61000-7f8433f6b000 r--p 00172000 08:01 53872769                   /usr/lib/x86_64-linux-gnu/libstdc++.so.6.0.21
7f8433f6b000-7f8433f6d000 rw-p 0017c000 08:01 53872769                   /usr/lib/x86_64-linux-gnu/libstdc++.so.6.0.21
7f8433f6d000-7f8433f71000 rw-p 00000000 00:00 0 
7f8433f71000-7f8433f89000 r-xp 00000000 08:01 55312480                   /lib/x86_64-linux-gnu/libpthread-2.23.so
7f8433f89000-7f8434188000 ---p 00018000 08:01 55312480                   /lib/x86_64-linux-gnu/libpthread-2.23.so
7f8434188000-7f8434189000 r--p 00017000 08:01 55312480                   /lib/x86_64-linux-gnu/libpthread-2.23.so
7f8434189000-7f843418a000 rw-p 00018000 08:01 55312480                   /lib/x86_64-linux-gnu/libpthread-2.23.so
7f843418a000-7f843418e000 rw-p 00000000 00:00 0 
7f843418e000-7f843419e000 r-xp 00000000 08:01 54408037                   /usr/local/lib/libhiredis.so.0.13
7f843419e000-7f843439d000 ---p 00010000 08:01 54408037                   /usr/local/lib/libhiredis.so.0.13
7f843439d000-7f843439e000 r--p 0000f000 08:01 54408037                   /usr/local/lib/libhiredis.so.0.13
7f843439e000-7f843439f000 rw-p 00010000 08:01 54408037                   /usr/local/lib/libhiredis.so.0.13
7f843439f000-7f84343ce000 r-xp 00000000 08:01 54408007                   /usr/local/lib/libmemcached.so.11.0.0
7f84343ce000-7f84345cd000 ---p 0002f000 08:01 54408007                   /usr/local/lib/libmemcached.so.11.0.0
7f84345cd000-7f84345ce000 r--p 0002e000 08:01 54408007                   /usr/local/lib/libmemcached.so.11.0.0
7f84345ce000-7f84345cf000 rw-p 0002f000 08:01 54408007                   /usr/local/lib/libmemcached.so.11.0.0
7f84345cf000-7f84345de000 r-xp 00000000 08:01 37224655                   /usr/local/hadoop/lib/native/libhdfs.so.0.0.0
7f84345de000-7f84347dd000 ---p 0000f000 08:01 37224655                   /usr/local/hadoop/lib/native/libhdfs.so.0.0.0
7f84347dd000-7f84347de000 rw-p 0000e000 08:01 37224655                   /usr/local/hadoop/lib/native/libhdfs.so.0.0.0
7f84347de000-7f8434804000 r-xp 00000000 08:01 55312389                   /lib/x86_64-linux-gnu/ld-2.23.so
7f8434804000-7f8434805000 r--s 00004000 08:01 37357963                   /usr/local/hadoop/share/hadoop/common/lib/java-xmlbuilder-0.4.jar
7f8434805000-7f8434807000 r--s 00009000 08:01 37357996                   /usr/local/hadoop/share/hadoop/common/lib/commons-cli-1.2.jar
7f8434807000-7f8434809000 r--s 00006000 08:01 37357972                   /usr/local/hadoop/share/hadoop/common/lib/paranamer-2.3.jar
7f8434809000-7f843480d000 r--s 00028000 08:01 37358007                   /usr/local/hadoop/share/hadoop/common/lib/jetty-util-6.1.26.jar
7f843480d000-7f8434811000 r--s 00014000 08:01 37357975                   /usr/local/hadoop/share/hadoop/common/lib/xz-1.0.jar
7f8434811000-7f8434814000 r--s 00016000 08:01 37358008                   /usr/local/hadoop/share/hadoop/common/lib/jsp-api-2.1.jar
7f8434814000-7f8434816000 r--s 0000e000 08:01 37357952                   /usr/local/hadoop/share/hadoop/common/lib/activation-1.1.jar
7f8434816000-7f843481c000 r--s 00028000 08:01 37357985                   /usr/local/hadoop/share/hadoop/common/lib/curator-framework-2.7.1.jar
7f843481c000-7f843481e000 r--s 00004000 08:01 37357951                   /usr/local/hadoop/share/hadoop/common/lib/stax-api-1.0-2.jar
7f843481e000-7f843482b000 r--s 00083000 08:01 37358004                   /usr/local/hadoop/share/hadoop/common/lib/commons-collections-3.2.2.jar
7f843482b000-7f843482d000 r--s 00012000 08:01 37357982                   /usr/local/hadoop/share/hadoop/common/lib/api-util-1.0.0-M20.jar
7f843482d000-7f8434831000 r--s 00035000 08:01 37357953                   /usr/local/hadoop/share/hadoop/common/lib/jackson-core-asl-1.9.13.jar
7f8434831000-7f8434833000 r--s 00018000 08:01 37358005                   /usr/local/hadoop/share/hadoop/common/lib/servlet-api-2.5.jar
7f8434833000-7f8434837000 r--s 0002f000 08:01 37357968                   /usr/local/hadoop/share/hadoop/common/lib/commons-beanutils-core-1.8.0.jar
7f8434837000-7f843483c000 r--s 0002a000 08:01 37357967                   /usr/local/hadoop/share/hadoop/common/lib/commons-beanutils-1.7.0.jar
7f843483c000-7f843484a000 r--s 000b1000 08:01 37357954                   /usr/local/hadoop/share/hadoop/common/lib/jackson-mapper-asl-1.9.13.jar
7f843484a000-7f843484f000 r--s 00041000 08:01 37357964                   /usr/local/hadoop/share/hadoop/common/lib/commons-lang-2.6.jar
7f843484f000-7f8434854000 r--s 00036000 08:01 37357974                   /usr/local/hadoop/share/hadoop/common/lib/commons-compress-1.4.1.jar
7f8434854000-7f843485d000 r--s 00061000 08:01 37357961                   /usr/local/hadoop/share/hadoop/common/lib/httpclient-4.2.5.jar
7f843485d000-7f843486f000 r--s 00097000 08:01 37357979                   /usr/local/hadoop/share/hadoop/common/lib/apacheds-kerberos-codec-2.0.0-M15.jar
7f843486f000-7f8434879000 r--s 00116000 08:01 57542327                   /usr/lib/jvm/java-8-openjdk-amd64/jre/lib/ext/localedata.jar
7f8434879000-7f8434894000 r--s 00394000 08:01 57542324                   /usr/lib/jvm/java-8-openjdk-amd64/jre/lib/ext/cldrdata.jar
7f8434894000-7f84348af000 r--s 001d6000 08:01 57542321                   /usr/lib/jvm/java-8-openjdk-amd64/jre/lib/ext/nashorn.jar
7f84348af000-7f84348d6000 rw-p 00000000 00:00 0 
7f84348d6000-7f84348d7000 ---p 00000000 00:00 0 
7f84348d7000-7f84349e0000 rw-p 00000000 00:00 0 
7f84349e0000-7f84349e1000 r--s 00006000 08:01 37357956                   /usr/local/hadoop/share/hadoop/common/lib/jackson-xc-1.9.13.jar
7f84349e1000-7f84349e3000 r--s 0000f000 08:01 37358011                   /usr/local/hadoop/share/hadoop/common/lib/jettison-1.1.jar
7f84349e3000-7f84349e5000 r--s 00001000 08:01 37357970                   /usr/local/hadoop/share/hadoop/common/lib/slf4j-log4j12-1.7.10.jar
7f84349e5000-7f84349ea000 r--s 0003b000 08:01 57542328                   /usr/lib/jvm/java-8-openjdk-amd64/jre/lib/ext/sunjce_provider.jar
7f84349ea000-7f84349ee000 r--s 00037000 08:01 57542326                   /usr/lib/jvm/java-8-openjdk-amd64/jre/lib/ext/sunpkcs11.jar
7f84349ee000-7f84349ef000 r--s 00010000 08:01 57542325                   /usr/lib/jvm/java-8-openjdk-amd64/jre/lib/ext/zipfs.jar
7f84349ef000-7f84349f1000 r--s 00001000 08:01 57542322                   /usr/lib/jvm/java-8-openjdk-amd64/jre/lib/ext/dnsns.jar
7f84349f1000-7f84349f3000 r--s 00008000 08:01 57542320                   /usr/lib/jvm/java-8-openjdk-amd64/jre/lib/ext/sunec.jar
7f84349f3000-7f84349f6000 r--s 0000f000 08:01 57542323                   /usr/lib/jvm/java-8-openjdk-amd64/jre/lib/ext/icedtea-sound.jar
7f84349f6000-7f84349f7000 r--s 0000a000 08:01 57542329                   /usr/lib/jvm/java-8-openjdk-amd64/jre/lib/ext/jaccess.jar
7f84349f7000-7f84349ff000 rw-s 00000000 08:01 17564859                   /tmp/hsperfdata_peter/23563
7f84349ff000-7f8434a00000 rw-p 00000000 00:00 0 
7f8434a00000-7f8434a01000 r--p 00000000 00:00 0 
7f8434a01000-7f8434a03000 rw-p 00000000 00:00 0 
7f8434a03000-7f8434a04000 r--p 00025000 08:01 55312389                   /lib/x86_64-linux-gnu/ld-2.23.so
7f8434a04000-7f8434a05000 rw-p 00026000 08:01 55312389                   /lib/x86_64-linux-gnu/ld-2.23.so
7f8434a05000-7f8434a06000 rw-p 00000000 00:00 0 
7ffe03777000-7ffe0377a000 ---p 00000000 00:00 0 
7ffe0377b000-7ffe03877000 rw-p 00000000 00:00 0                          [stack]
7ffe03906000-7ffe03908000 r--p 00000000 00:00 0                          [vvar]
7ffe03908000-7ffe0390a000 r-xp 00000000 00:00 0                          [vdso]
ffffffffff600000-ffffffffff601000 r-xp 00000000 00:00 0                  [vsyscall]

VM Arguments:
java_command: <unknown>
java_class_path (initial): /usr/local/hadoop/etc/hadoop:/usr/local/hadoop/share/hadoop/common/lib/apacheds-kerberos-codec-2.0.0-M15.jar:/usr/local/hadoop/share/hadoop/common/lib/slf4j-log4j12-1.7.10.jar:/usr/local/hadoop/share/hadoop/common/lib/httpclient-4.2.5.jar:/usr/local/hadoop/share/hadoop/common/lib/commons-compress-1.4.1.jar:/usr/local/hadoop/share/hadoop/common/lib/jettison-1.1.jar:/usr/local/hadoop/share/hadoop/common/lib/commons-lang-2.6.jar:/usr/local/hadoop/share/hadoop/common/lib/jackson-mapper-asl-1.9.13.jar:/usr/local/hadoop/share/hadoop/common/lib/commons-beanutils-1.7.0.jar:/usr/local/hadoop/share/hadoop/common/lib/commons-beanutils-core-1.8.0.jar:/usr/local/hadoop/share/hadoop/common/lib/servlet-api-2.5.jar:/usr/local/hadoop/share/hadoop/common/lib/jackson-core-asl-1.9.13.jar:/usr/local/hadoop/share/hadoop/common/lib/api-util-1.0.0-M20.jar:/usr/local/hadoop/share/hadoop/common/lib/commons-collections-3.2.2.jar:/usr/local/hadoop/share/hadoop/common/lib/jackson-xc-1.9.13.jar:/usr/local/hadoop/share/hadoop/common/lib/stax-api-1.0-2.jar:/usr/local/hadoop/share/hadoop/common/lib/curator-framework-2.7.1.jar:/usr/local/hadoop/share/hadoop/common/lib/activation-1.1.jar:/usr/local/hadoop/share/hadoop/common/lib/jsp-api-2.1.jar:/usr/local/hadoop/share/hadoop/common/lib/xz-1.0.jar:/usr/local/hadoop/share/hadoop/common/lib/jetty-util-6.1.26.jar:/usr/local/hadoop/share/hadoop/common/lib/commons-configuration-1.6.jar:/usr/local/hadoop/share/hadoop/common/lib/paranamer-2.3.jar:/usr/local/hadoop/share/hadoop/common/lib/commons-cli-1.2.jar:/usr/local/hadoop/share/hadoop/common/lib/commons-httpclient-3.1.jar:/usr/local/hadoop/share/hadoop/common/lib/httpcore-4.2.5.jar:/usr/local/hadoop/share/hadoop/common/lib/commons-logging-1.1.3.jar:/usr/local/hadoop/share/hadoop/common/lib/commons-net-3.1.jar:/usr/local/hadoop/share/hadoop/common/lib/java-xmlbuilder-0.4.jar:/usr/local/hadoop/share/hadoop/common/lib/jetty-6.1.26.jar:/usr/local/hadoop/share/hadoop/common/lib/had
Launcher Type: generic

Environment Variables:
PATH=/home/peter/bin:/home/peter/.local/bin:/usr/local/sbin:/usr/local/bin:/usr/sbin:/usr/bin:/sbin:/bin:/usr/games:/usr/local/games:/snap/bin
LD_LIBRARY_PATH=/home/peter/clion-2016.3.2/bin:
SHELL=/bin/bash
DISPLAY=:0

Signal Handlers:
SIGSEGV: [libjvm.so+0xa66fd0], sa_mask[0]=11111111011111111101111111111110, sa_flags=SA_RESTART|SA_SIGINFO
SIGBUS: [libjvm.so+0xa66fd0], sa_mask[0]=11111111011111111101111111111110, sa_flags=SA_RESTART|SA_SIGINFO
SIGFPE: [libjvm.so+0x8b0180], sa_mask[0]=11111111011111111101111111111110, sa_flags=SA_RESTART|SA_SIGINFO
SIGPIPE: [libjvm.so+0x8b0180], sa_mask[0]=11111111011111111101111111111110, sa_flags=SA_RESTART|SA_SIGINFO
SIGXFSZ: [libjvm.so+0x8b0180], sa_mask[0]=11111111011111111101111111111110, sa_flags=SA_RESTART|SA_SIGINFO
SIGILL: [libjvm.so+0x8b0180], sa_mask[0]=11111111011111111101111111111110, sa_flags=SA_RESTART|SA_SIGINFO
SIGUSR1: SIG_DFL, sa_mask[0]=00000000000000000000000000000000, sa_flags=none
SIGUSR2: [libjvm.so+0x8b0030], sa_mask[0]=00100000000000000000000000000000, sa_flags=SA_RESTART|SA_SIGINFO
SIGHUP: [libjvm.so+0x8b0500], sa_mask[0]=11111111011111111101111111111110, sa_flags=SA_RESTART|SA_SIGINFO
SIGINT: [libjvm.so+0x8b0500], sa_mask[0]=11111111011111111101111111111110, sa_flags=SA_RESTART|SA_SIGINFO
SIGTERM: [libjvm.so+0x8b0500], sa_mask[0]=11111111011111111101111111111110, sa_flags=SA_RESTART|SA_SIGINFO
SIGQUIT: [libjvm.so+0x8b0500], sa_mask[0]=11111111011111111101111111111110, sa_flags=SA_RESTART|SA_SIGINFO


---------------  S Y S T E M  ---------------

OS:DISTRIB_ID=Ubuntu
DISTRIB_RELEASE=16.04
DISTRIB_CODENAME=xenial
DISTRIB_DESCRIPTION="Ubuntu 16.04.1 LTS"

uname:Linux 4.4.0-62-generic #83-Ubuntu SMP Wed Jan 18 14:10:15 UTC 2017 x86_64
libc:glibc 2.23 NPTL 2.23 
rlimit: STACK 8192k, CORE 0k, NPROC 31545, NOFILE 65536, AS infinity
load average:3.74 2.36 1.14

/proc/meminfo:
MemTotal:        8115884 kB
MemFree:         1496200 kB
MemAvailable:    1659924 kB
Buffers:           22300 kB
Cached:           397868 kB
SwapCached:       181872 kB
Active:          4956672 kB
Inactive:        1363576 kB
Active(anon):    4850060 kB
Inactive(anon):  1122816 kB
Active(file):     106612 kB
Inactive(file):   240760 kB
Unevictable:          32 kB
Mlocked:              32 kB
SwapTotal:       8328188 kB
SwapFree:        5388208 kB
Dirty:             17508 kB
Writeback:             0 kB
AnonPages:       5827160 kB
Mapped:           210300 kB
Shmem:             72432 kB
Slab:             127032 kB
SReclaimable:      71352 kB
SUnreclaim:        55680 kB
KernelStack:       22432 kB
PageTables:        60400 kB
NFS_Unstable:          0 kB
Bounce:                0 kB
WritebackTmp:          0 kB
CommitLimit:    12386128 kB
Committed_AS:   15980000 kB
VmallocTotal:   34359738367 kB
VmallocUsed:           0 kB
VmallocChunk:          0 kB
HardwareCorrupted:     0 kB
AnonHugePages:   1417216 kB
CmaTotal:              0 kB
CmaFree:               0 kB
HugePages_Total:       0
HugePages_Free:        0
HugePages_Rsvd:        0
HugePages_Surp:        0
Hugepagesize:       2048 kB
DirectMap4k:     6359724 kB
DirectMap2M:     1970176 kB
DirectMap1G:     1048576 kB


CPU:total 8 (4 cores per cpu, 2 threads per core) family 6 model 60 stepping 3, cmov, cx8, fxsr, mmx, sse, sse2, sse3, ssse3, sse4.1, sse4.2, popcnt, avx, avx2, aes, clmul, erms, lzcnt, ht, tsc, tscinvbit, bmi1, bmi2

/proc/cpuinfo:
processor	: 0
vendor_id	: GenuineIntel
cpu family	: 6
model		: 60
model name	: Intel(R) Core(TM) i7-4770 CPU @ 3.40GHz
stepping	: 3
microcode	: 0x1e
cpu MHz		: 3803.484
cache size	: 8192 KB
physical id	: 0
siblings	: 8
core id		: 0
cpu cores	: 4
apicid		: 0
initial apicid	: 0
fpu		: yes
fpu_exception	: yes
cpuid level	: 13
wp		: yes
flags		: fpu vme de pse tsc msr pae mce cx8 apic sep mtrr pge mca cmov pat pse36 clflush dts acpi mmx fxsr sse sse2 ss ht tm pbe syscall nx pdpe1gb rdtscp lm constant_tsc arch_perfmon pebs bts rep_good nopl xtopology nonstop_tsc aperfmperf eagerfpu pni pclmulqdq dtes64 monitor ds_cpl vmx smx est tm2 ssse3 sdbg fma cx16 xtpr pdcm pcid sse4_1 sse4_2 x2apic movbe popcnt tsc_deadline_timer aes xsave avx f16c rdrand lahf_lm abm epb tpr_shadow vnmi flexpriority ept vpid fsgsbase tsc_adjust bmi1 avx2 smep bmi2 erms invpcid xsaveopt dtherm ida arat pln pts
bugs		:
bogomips	: 6784.59
clflush size	: 64
cache_alignment	: 64
address sizes	: 39 bits physical, 48 bits virtual
power management:

processor	: 1
vendor_id	: GenuineIntel
cpu family	: 6
model		: 60
model name	: Intel(R) Core(TM) i7-4770 CPU @ 3.40GHz
stepping	: 3
microcode	: 0x1e
cpu MHz		: 3818.226
cache size	: 8192 KB
physical id	: 0
siblings	: 8
core id		: 1
cpu cores	: 4
apicid		: 2
initial apicid	: 2
fpu		: yes
fpu_exception	: yes
cpuid level	: 13
wp		: yes
flags		: fpu vme de pse tsc msr pae mce cx8 apic sep mtrr pge mca cmov pat pse36 clflush dts acpi mmx fxsr sse sse2 ss ht tm pbe syscall nx pdpe1gb rdtscp lm constant_tsc arch_perfmon pebs bts rep_good nopl xtopology nonstop_tsc aperfmperf eagerfpu pni pclmulqdq dtes64 monitor ds_cpl vmx smx est tm2 ssse3 sdbg fma cx16 xtpr pdcm pcid sse4_1 sse4_2 x2apic movbe popcnt tsc_deadline_timer aes xsave avx f16c rdrand lahf_lm abm epb tpr_shadow vnmi flexpriority ept vpid fsgsbase tsc_adjust bmi1 avx2 smep bmi2 erms invpcid xsaveopt dtherm ida arat pln pts
bugs		:
bogomips	: 6784.59
clflush size	: 64
cache_alignment	: 64
address sizes	: 39 bits physical, 48 bits virtual
power management:

processor	: 2
vendor_id	: GenuineIntel
cpu family	: 6
model		: 60
model name	: Intel(R) Core(TM) i7-4770 CPU @ 3.40GHz
stepping	: 3
microcode	: 0x1e
cpu MHz		: 3818.492
cache size	: 8192 KB
physical id	: 0
siblings	: 8
core id		: 2
cpu cores	: 4
apicid		: 4
initial apicid	: 4
fpu		: yes
fpu_exception	: yes
cpuid level	: 13
wp		: yes
flags		: fpu vme de pse tsc msr pae mce cx8 apic sep mtrr pge mca cmov pat pse36 clflush dts acpi mmx fxsr sse sse2 ss ht tm pbe syscall nx pdpe1gb rdtscp lm constant_tsc arch_perfmon pebs bts rep_good nopl xtopology nonstop_tsc aperfmperf eagerfpu pni pclmulqdq dtes64 monitor ds_cpl vmx smx est tm2 ssse3 sdbg fma cx16 xtpr pdcm pcid sse4_1 sse4_2 x2apic movbe popcnt tsc_deadline_timer aes xsave avx f16c rdrand lahf_lm abm epb tpr_shadow vnmi flexpriority ept vpid fsgsbase tsc_adjust bmi1 avx2 smep bmi2 erms invpcid xsaveopt dtherm ida arat pln pts
bugs		:
bogomips	: 6784.59
clflush size	: 64
cache_alignment	: 64
address sizes	: 39 bits physical, 48 bits virtual
power management:

processor	: 3
vendor_id	: GenuineIntel
cpu family	: 6
model		: 60
model name	: Intel(R) Core(TM) i7-4770 CPU @ 3.40GHz
stepping	: 3
microcode	: 0x1e
cpu MHz		: 3862.718
cache size	: 8192 KB
physical id	: 0
siblings	: 8
core id		: 3
cpu cores	: 4
apicid		: 6
initial apicid	: 6
fpu		: yes
fpu_exception	: yes
cpuid level	: 13
wp		: yes
flags		: fpu vme de pse tsc msr pae mce cx8 apic sep mtrr pge mca cmov pat pse36 clflush dts acpi mmx fxsr sse sse2 ss ht tm pbe syscall nx pdpe1gb rdtscp lm constant_tsc arch_perfmon pebs bts rep_good nopl xtopology nonstop_tsc aperfmperf eagerfpu pni pclmulqdq dtes64 monitor ds_cpl vmx smx est tm2 ssse3 sdbg fma cx16 xtpr pdcm pcid sse4_1 sse4_2 x2apic movbe popcnt tsc_deadline_timer aes xsave avx f16c rdrand lahf_lm abm epb tpr_shadow vnmi flexpriority ept vpid fsgsbase tsc_adjust bmi1 avx2 smep bmi2 erms invpcid xsaveopt dtherm ida arat pln pts
bugs		:
bogomips	: 6784.59
clflush size	: 64
cache_alignment	: 64
address sizes	: 39 bits physical, 48 bits virtual
power management:

processor	: 4
vendor_id	: GenuineIntel
cpu family	: 6
model		: 60
model name	: Intel(R) Core(TM) i7-4770 CPU @ 3.40GHz
stepping	: 3
microcode	: 0x1e
cpu MHz		: 2644.429
cache size	: 8192 KB
physical id	: 0
siblings	: 8
core id		: 0
cpu cores	: 4
apicid		: 1
initial apicid	: 1
fpu		: yes
fpu_exception	: yes
cpuid level	: 13
wp		: yes
flags		: fpu vme de pse tsc msr pae mce cx8 apic sep mtrr pge mca cmov pat pse36 clflush dts acpi mmx fxsr sse sse2 ss ht tm pbe syscall nx pdpe1gb rdtscp lm constant_tsc arch_perfmon pebs bts rep_good nopl xtopology nonstop_tsc aperfmperf eagerfpu pni pclmulqdq dtes64 monitor ds_cpl vmx smx est tm2 ssse3 sdbg fma cx16 xtpr pdcm pcid sse4_1 sse4_2 x2apic movbe popcnt tsc_deadline_timer aes xsave avx f16c rdrand lahf_lm abm epb tpr_shadow vnmi flexpriority ept vpid fsgsbase tsc_adjust bmi1 avx2 smep bmi2 erms invpcid xsaveopt dtherm ida arat pln pts
bugs		:
bogomips	: 6784.59
clflush size	: 64
cache_alignment	: 64
address sizes	: 39 bits physical, 48 bits virtual
power management:

processor	: 5
vendor_id	: GenuineIntel
cpu family	: 6
model		: 60
model name	: Intel(R) Core(TM) i7-4770 CPU @ 3.40GHz
stepping	: 3
microcode	: 0x1e
cpu MHz		: 3881.976
cache size	: 8192 KB
physical id	: 0
siblings	: 8
core id		: 1
cpu cores	: 4
apicid		: 3
initial apicid	: 3
fpu		: yes
fpu_exception	: yes
cpuid level	: 13
wp		: yes
flags		: fpu vme de pse tsc msr pae mce cx8 apic sep mtrr pge mca cmov pat pse36 clflush dts acpi mmx fxsr sse sse2 ss ht tm pbe syscall nx pdpe1gb rdtscp lm constant_tsc arch_perfmon pebs bts rep_good nopl xtopology nonstop_tsc aperfmperf eagerfpu pni pclmulqdq dtes64 monitor ds_cpl vmx smx est tm2 ssse3 sdbg fma cx16 xtpr pdcm pcid sse4_1 sse4_2 x2apic movbe popcnt tsc_deadline_timer aes xsave avx f16c rdrand lahf_lm abm epb tpr_shadow vnmi flexpriority ept vpid fsgsbase tsc_adjust bmi1 avx2 smep bmi2 erms invpcid xsaveopt dtherm ida arat pln pts
bugs		:
bogomips	: 6784.59
clflush size	: 64
cache_alignment	: 64
address sizes	: 39 bits physical, 48 bits virtual
power management:

processor	: 6
vendor_id	: GenuineIntel
cpu family	: 6
model		: 60
model name	: Intel(R) Core(TM) i7-4770 CPU @ 3.40GHz
stepping	: 3
microcode	: 0x1e
cpu MHz		: 3857.804
cache size	: 8192 KB
physical id	: 0
siblings	: 8
core id		: 2
cpu cores	: 4
apicid		: 5
initial apicid	: 5
fpu		: yes
fpu_exception	: yes
cpuid level	: 13
wp		: yes
flags		: fpu vme de pse tsc msr pae mce cx8 apic sep mtrr pge mca cmov pat pse36 clflush dts acpi mmx fxsr sse sse2 ss ht tm pbe syscall nx pdpe1gb rdtscp lm constant_tsc arch_perfmon pebs bts rep_good nopl xtopology nonstop_tsc aperfmperf eagerfpu pni pclmulqdq dtes64 monitor ds_cpl vmx smx est tm2 ssse3 sdbg fma cx16 xtpr pdcm pcid sse4_1 sse4_2 x2apic movbe popcnt tsc_deadline_timer aes xsave avx f16c rdrand lahf_lm abm epb tpr_shadow vnmi flexpriority ept vpid fsgsbase tsc_adjust bmi1 avx2 smep bmi2 erms invpcid xsaveopt dtherm ida arat pln pts
bugs		:
bogomips	: 6784.59
clflush size	: 64
cache_alignment	: 64
address sizes	: 39 bits physical, 48 bits virtual
power management:

processor	: 7
vendor_id	: GenuineIntel
cpu family	: 6
model		: 60
model name	: Intel(R) Core(TM) i7-4770 CPU @ 3.40GHz
stepping	: 3
microcode	: 0x1e
cpu MHz		: 3731.101
cache size	: 8192 KB
physical id	: 0
siblings	: 8
core id		: 3
cpu cores	: 4
apicid		: 7
initial apicid	: 7
fpu		: yes
fpu_exception	: yes
cpuid level	: 13
wp		: yes
flags		: fpu vme de pse tsc msr pae mce cx8 apic sep mtrr pge mca cmov pat pse36 clflush dts acpi mmx fxsr sse sse2 ss ht tm pbe syscall nx pdpe1gb rdtscp lm constant_tsc arch_perfmon pebs bts rep_good nopl xtopology nonstop_tsc aperfmperf eagerfpu pni pclmulqdq dtes64 monitor ds_cpl vmx smx est tm2 ssse3 sdbg fma cx16 xtpr pdcm pcid sse4_1 sse4_2 x2apic movbe popcnt tsc_deadline_timer aes xsave avx f16c rdrand lahf_lm abm epb tpr_shadow vnmi flexpriority ept vpid fsgsbase tsc_adjust bmi1 avx2 smep bmi2 erms invpcid xsaveopt dtherm ida arat pln pts
bugs		:
bogomips	: 6784.59
clflush size	: 64
cache_alignment	: 64
address sizes	: 39 bits physical, 48 bits virtual
power management:



Memory: 4k page, physical 8115884k(1496200k free), swap 8328188k(5388208k free)

vm_info: OpenJDK 64-Bit Server VM (25.121-b13) for linux-amd64 JRE (1.8.0_121-8u121-b13-0ubuntu1.16.04.2-b13), built on Jan 23 2017 15:51:29 by "buildd" with gcc 5.4.0 20160609

time: Fri Mar 10 19:18:27 2017
elapsed time: 77 seconds (0d 0h 1m 17s)

