#
# A fatal error has been detected by the Java Runtime Environment:
#
#  SIGSEGV (0xb) at pc=0x000000000045aaf6, pid=31287, tid=0x00007f5bda1f77c0
#
# JRE version: OpenJDK Runtime Environment (8.0_121-b13) (build 1.8.0_121-8u121-b13-0ubuntu1.16.04.2-b13)
# Java VM: OpenJDK 64-Bit Server VM (25.121-b13 mixed mode linux-amd64 compressed oops)
# Problematic frame:
# C  [FastLSH+0x5aaf6]  std::vector<double, std::allocator<double> >::size() const+0xc
#
# Failed to write core dump. Core dumps have been disabled. To enable core dumping, try "ulimit -c unlimited" before starting Java again
#
# If you would like to submit a bug report, please visit:
#   http://bugreport.java.com/bugreport/crash.jsp
# The crash happened outside the Java Virtual Machine in native code.
# See problematic frame for where to report the bug.
#

---------------  T H R E A D  ---------------

Current thread (0x0000000001894800):  JavaThread "main" [_thread_in_native, id=31287, stack(0x00007ffc200b7000,0x00007ffc201b7000)]

siginfo: si_signo: 11 (SIGSEGV), si_code: 1 (SEGV_MAPERR), si_addr: 0x0000000000000008

Registers:
RAX=0x0000000000000000, RBX=0x0000000000000001, RCX=0x0000000000000000, RDX=0x0000000000000000
RSP=0x00007ffc201b2220, RBP=0x00007ffc201b2220, RSI=0x0000000000000000, RDI=0x0000000000000000
R8 =0x00007ffc201b2250, R9 =0x0000000000000000, R10=0x00000000018149d0, R11=0x00007f5bd8ed0390
R12=0x000000000047245c, R13=0x0000000000000000, R14=0x0000000000000021, R15=0x0000000000000000
RIP=0x000000000045aaf6, EFLAGS=0x0000000000010246, CSGSFS=0x0000000000000033, ERR=0x0000000000000004
  TRAPNO=0x000000000000000e

Top of Stack: (sp=0x00007ffc201b2220)
0x00007ffc201b2220:   00007ffc201b2290 000000000046028d
0x00007ffc201b2230:   0000000000000000 0000000001692fd0
0x00007ffc201b2240:   0000000000000000 0000000000000000
0x00007ffc201b2250:   0000000000000000 0000000000000000
0x00007ffc201b2260:   0000000000000001 0000000000000000
0x00007ffc201b2270:   00007ffc201b22b0 69d9fa736eafd900
0x00007ffc201b2280:   00007ffc201b22c0 0000000000000000
0x00007ffc201b2290:   00007ffc201b22c0 000000000048d74b
0x00007ffc201b22a0:   0000000000000021 0000000000000000
0x00007ffc201b22b0:   000000000049cffb 0000000001692fd0
0x00007ffc201b22c0:   00007ffc201b2340 0000000000486f9b
0x00007ffc201b22d0:   0000000000000021 0000000000000000
0x00007ffc201b22e0:   000000000049cffb 0000000001692fd0
0x00007ffc201b22f0:   0000000000000000 000000000168a7c0
0x00007ffc201b2300:   0000000000000000 69d9fa736eafd900
0x00007ffc201b2310:   00007ffc201b2330 0000000000469ad5
0x00007ffc201b2320:   00007ffc201b2330 69d9fa736eafd900
0x00007ffc201b2330:   00007ffc201b2340 0000000000000000
0x00007ffc201b2340:   00007ffc201b23b0 000000000046a542
0x00007ffc201b2350:   0000000000000011 0000000000000000
0x00007ffc201b2360:   0000000000000000 0000000001692fd0
0x00007ffc201b2370:   0000000000000000 000000000168a7c0
0x00007ffc201b2380:   00007ffc201b23a0 0000000000000000
0x00007ffc201b2390:   000000000047245c 0000000000000000
0x00007ffc201b23a0:   0000000000000011 0000000000000000
0x00007ffc201b23b0:   00007ffc201b2420 000000000046aeda
0x00007ffc201b23c0:   0000000000000001 000000000168b160
0x00007ffc201b23d0:   000000000168a7c0 000000000168a9e0
0x00007ffc201b23e0:   0000015a181c0ea0 0000000001692fd0
0x00007ffc201b23f0:   00007ffc201b2420 0000000000000000
0x00007ffc201b2400:   000000000047245c 0000000000000000
0x00007ffc201b2410:   000000000047fdda 0000000000000000 

Instructions: (pc=0x000000000045aaf6)
0x000000000045aad6:   0c 25 28 00 00 00 74 05 e8 1d b3 ff ff 48 83 c4
0x000000000045aae6:   48 5b 5d c3 55 48 89 e5 48 89 7d f8 48 8b 45 f8
0x000000000045aaf6:   48 8b 40 08 48 89 c2 48 8b 45 f8 48 8b 00 48 29
0x000000000045ab06:   c2 48 89 d0 48 c1 f8 03 5d c3 55 48 89 e5 53 48 

Register to memory mapping:

RAX=0x0000000000000000 is an unknown value
RBX=0x0000000000000001 is an unknown value
RCX=0x0000000000000000 is an unknown value
RDX=0x0000000000000000 is an unknown value
RSP=0x00007ffc201b2220 is pointing into the stack for thread: 0x0000000001894800
RBP=0x00007ffc201b2220 is pointing into the stack for thread: 0x0000000001894800
RSI=0x0000000000000000 is an unknown value
RDI=0x0000000000000000 is an unknown value
R8 =0x00007ffc201b2250 is pointing into the stack for thread: 0x0000000001894800
R9 =0x0000000000000000 is an unknown value
R10=0x00000000018149d0 is an unknown value
R11=0x00007f5bd8ed0390: <offset 0x194390> in /lib/x86_64-linux-gnu/libc.so.6 at 0x00007f5bd8d3c000
R12=0x000000000047245c: _ZN7testing8internal12UnitTestImpl11RunAllTestsEv+0 in /home/peter/FYP/FastLSH/cmake-build-debug/FastLSH at 0x0000000000400000
R13=0x0000000000000000 is an unknown value
R14=0x0000000000000021 is an unknown value
R15=0x0000000000000000 is an unknown value


Stack: [0x00007ffc200b7000,0x00007ffc201b7000],  sp=0x00007ffc201b2220,  free space=1004k
Native frames: (J=compiled Java code, j=interpreted, Vv=VM code, C=native code)
C  [FastLSH+0x5aaf6]  std::vector<double, std::allocator<double> >::size() const+0xc
C  [FastLSH+0x6028d]  hdfsTest_sizeTest_Test::TestBody()+0x121
C  [FastLSH+0x8d74b]  void testing::internal::HandleSehExceptionsInMethodIfSupported<testing::Test, void>(testing::Test*, void (testing::Test::*)(), char const*)+0x65
C  [FastLSH+0x86f9b]  void testing::internal::HandleExceptionsInMethodIfSupported<testing::Test, void>(testing::Test*, void (testing::Test::*)(), char const*)+0x5a
C  [FastLSH+0x6a542]  testing::Test::Run()+0xd0
C  [FastLSH+0x6aeda]  testing::TestInfo::Run()+0x108
C  [FastLSH+0x6b5cd]  testing::TestCase::Run()+0x101
C  [FastLSH+0x72714]  testing::internal::UnitTestImpl::RunAllTests()+0x2b8
C  [FastLSH+0x8ed23]  bool testing::internal::HandleSehExceptionsInMethodIfSupported<testing::internal::UnitTestImpl, bool>(testing::internal::UnitTestImpl*, bool (testing::internal::UnitTestImpl::*)(), char const*)+0x65
C  [FastLSH+0x87ddd]  bool testing::internal::HandleExceptionsInMethodIfSupported<testing::internal::UnitTestImpl, bool>(testing::internal::UnitTestImpl*, bool (testing::internal::UnitTestImpl::*)(), char const*)+0x5a
C  [FastLSH+0x711b0]  testing::UnitTest::Run()+0xb6
C  [FastLSH+0x566f2]  RUN_ALL_TESTS()+0x11
C  [FastLSH+0x5668c]  main+0x36
C  [libc.so.6+0x20830]  __libc_start_main+0xf0


---------------  P R O C E S S  ---------------

Java Threads: ( => current thread )
  0x00000000029e8000 JavaThread "org.apache.hadoop.fs.FileSystem$Statistics$StatisticsDataReferenceCleaner" daemon [_thread_blocked, id=31319, stack(0x00007f5b7b30b000,0x00007f5b7b40c000)]
  0x00000000028dd000 JavaThread "process reaper" daemon [_thread_blocked, id=31317, stack(0x00007f5b7b40c000,0x00007f5b7b445000)]
  0x0000000001ed4000 JavaThread "Service Thread" daemon [_thread_blocked, id=31314, stack(0x00007f5b7beff000,0x00007f5b7c000000)]
  0x0000000001eae800 JavaThread "C1 CompilerThread3" daemon [_thread_blocked, id=31313, stack(0x00007f5ba800e000,0x00007f5ba810f000)]
  0x0000000001eaa000 JavaThread "C2 CompilerThread2" daemon [_thread_blocked, id=31312, stack(0x00007f5ba810f000,0x00007f5ba8210000)]
  0x0000000001ea8000 JavaThread "C2 CompilerThread1" daemon [_thread_blocked, id=31311, stack(0x00007f5bc0058000,0x00007f5bc0159000)]
  0x0000000001ea5800 JavaThread "C2 CompilerThread0" daemon [_thread_blocked, id=31310, stack(0x00007f5bc0159000,0x00007f5bc025a000)]
  0x0000000001ea3000 JavaThread "Signal Dispatcher" daemon [_thread_blocked, id=31309, stack(0x00007f5bc025a000,0x00007f5bc035b000)]
  0x0000000001e7b800 JavaThread "Finalizer" daemon [_thread_blocked, id=31308, stack(0x00007f5bc07e5000,0x00007f5bc08e6000)]
  0x0000000001e55800 JavaThread "Reference Handler" daemon [_thread_blocked, id=31307, stack(0x00007f5bc08e6000,0x00007f5bc09e7000)]
=>0x0000000001894800 JavaThread "main" [_thread_in_native, id=31287, stack(0x00007ffc200b7000,0x00007ffc201b7000)]

Other Threads:
  0x0000000001e4e000 VMThread [stack: 0x00007f5bc09e7000,0x00007f5bc0ae8000] [id=31306]
  0x0000000001ed6000 WatcherThread [stack: 0x00007f5b7bdfe000,0x00007f5b7beff000] [id=31315]

VM state:not at safepoint (normal execution)

VM Mutex/Monitor currently owned by a thread: None

Heap:
 PSYoungGen      total 36864K, used 35595K [0x00000000d6b80000, 0x00000000d9480000, 0x0000000100000000)
  eden space 31744K, 96% used [0x00000000d6b80000,0x00000000d8948d40,0x00000000d8a80000)
  from space 5120K, 99% used [0x00000000d8f80000,0x00000000d947a2a8,0x00000000d9480000)
  to   space 5120K, 0% used [0x00000000d8a80000,0x00000000d8a80000,0x00000000d8f80000)
 ParOldGen       total 84992K, used 2038K [0x0000000084200000, 0x0000000089500000, 0x00000000d6b80000)
  object space 84992K, 2% used [0x0000000084200000,0x00000000843fda08,0x0000000089500000)
 Metaspace       used 20624K, capacity 20844K, committed 21248K, reserved 1069056K
  class space    used 2381K, capacity 2472K, committed 2560K, reserved 1048576K

Card table byte_map: [0x00007f5bc39ab000,0x00007f5bc3d8b000] byte_map_base: 0x00007f5bc358a000

Marking Bits: (ParMarkBitMap*) 0x00007f5bd8d1f220
 Begin Bits: [0x00007f5ba8210000, 0x00007f5baa108000)
 End Bits:   [0x00007f5baa108000, 0x00007f5bac000000)

Polling page: 0x00007f5bda216000

CodeCache: size=245760Kb used=4417Kb max_used=4423Kb free=241342Kb
 bounds [0x00007f5bc414b000, 0x00007f5bc45ab000, 0x00007f5bd314b000]
 total_blobs=1635 nmethods=1226 adapters=324
 compilation: enabled

Compilation events (10 events):
Event: 4.807 Thread 0x0000000001eae800 1221       1       java.nio.channels.spi.AbstractInterruptibleChannel::isOpen (5 bytes)
Event: 4.807 Thread 0x0000000001eae800 nmethod 1221 0x00007f5bc459d490 code [0x00007f5bc459d5e0, 0x00007f5bc459d6f0]
Event: 4.838 Thread 0x0000000001eae800 1222       1       java.lang.Integer::intValue (5 bytes)
Event: 4.838 Thread 0x0000000001eae800 nmethod 1222 0x00007f5bc459d1d0 code [0x00007f5bc459d320, 0x00007f5bc459d430]
Event: 4.839 Thread 0x0000000001eae800 1224       3       java.nio.Bits::copyToArray (68 bytes)
Event: 4.839 Thread 0x0000000001eae800 nmethod 1224 0x00007f5bc459c810 code [0x00007f5bc459c9a0, 0x00007f5bc459cd08]
Event: 4.839 Thread 0x0000000001eae800 1225       3       java.nio.ByteBuffer::get (9 bytes)
Event: 4.839 Thread 0x0000000001eae800 nmethod 1225 0x00007f5bc459c3d0 code [0x00007f5bc459c540, 0x00007f5bc459c768]
Event: 4.839 Thread 0x0000000001eae800 1226       1       java.nio.Buffer::capacity (5 bytes)
Event: 4.839 Thread 0x0000000001eae800 nmethod 1226 0x00007f5bc459c110 code [0x00007f5bc459c260, 0x00007f5bc459c370]

GC Heap History (8 events):
Event: 2.865 GC heap before
{Heap before GC invocations=1 (full 0):
 PSYoungGen      total 36864K, used 31744K [0x00000000d6b80000, 0x00000000d9480000, 0x0000000100000000)
  eden space 31744K, 100% used [0x00000000d6b80000,0x00000000d8a80000,0x00000000d8a80000)
  from space 5120K, 0% used [0x00000000d8f80000,0x00000000d8f80000,0x00000000d9480000)
  to   space 5120K, 0% used [0x00000000d8a80000,0x00000000d8a80000,0x00000000d8f80000)
 ParOldGen       total 84992K, used 0K [0x0000000084200000, 0x0000000089500000, 0x00000000d6b80000)
  object space 84992K, 0% used [0x0000000084200000,0x0000000084200000,0x0000000089500000)
 Metaspace       used 8148K, capacity 8314K, committed 8448K, reserved 1056768K
  class space    used 957K, capacity 1009K, committed 1024K, reserved 1048576K
Event: 2.871 GC heap after
Heap after GC invocations=1 (full 0):
 PSYoungGen      total 36864K, used 4869K [0x00000000d6b80000, 0x00000000d9480000, 0x0000000100000000)
  eden space 31744K, 0% used [0x00000000d6b80000,0x00000000d6b80000,0x00000000d8a80000)
  from space 5120K, 95% used [0x00000000d8a80000,0x00000000d8f416d0,0x00000000d8f80000)
  to   space 5120K, 0% used [0x00000000d8f80000,0x00000000d8f80000,0x00000000d9480000)
 ParOldGen       total 84992K, used 80K [0x0000000084200000, 0x0000000089500000, 0x00000000d6b80000)
  object space 84992K, 0% used [0x0000000084200000,0x0000000084214028,0x0000000089500000)
 Metaspace       used 8148K, capacity 8314K, committed 8448K, reserved 1056768K
  class space    used 957K, capacity 1009K, committed 1024K, reserved 1048576K
}
Event: 3.628 GC heap before
{Heap before GC invocations=2 (full 0):
 PSYoungGen      total 36864K, used 36613K [0x00000000d6b80000, 0x00000000d9480000, 0x0000000100000000)
  eden space 31744K, 100% used [0x00000000d6b80000,0x00000000d8a80000,0x00000000d8a80000)
  from space 5120K, 95% used [0x00000000d8a80000,0x00000000d8f416d0,0x00000000d8f80000)
  to   space 5120K, 0% used [0x00000000d8f80000,0x00000000d8f80000,0x00000000d9480000)
 ParOldGen       total 84992K, used 80K [0x0000000084200000, 0x0000000089500000, 0x00000000d6b80000)
  object space 84992K, 0% used [0x0000000084200000,0x0000000084214028,0x0000000089500000)
 Metaspace       used 12356K, capacity 12554K, committed 12928K, reserved 1060864K
  class space    used 1461K, capacity 1543K, committed 1664K, reserved 1048576K
Event: 3.633 GC heap after
Heap after GC invocations=2 (full 0):
 PSYoungGen      total 36864K, used 5102K [0x00000000d6b80000, 0x00000000d9480000, 0x0000000100000000)
  eden space 31744K, 0% used [0x00000000d6b80000,0x00000000d6b80000,0x00000000d8a80000)
  from space 5120K, 99% used [0x00000000d8f80000,0x00000000d947bbe8,0x00000000d9480000)
  to   space 5120K, 0% used [0x00000000d8a80000,0x00000000d8a80000,0x00000000d8f80000)
 ParOldGen       total 84992K, used 717K [0x0000000084200000, 0x0000000089500000, 0x00000000d6b80000)
  object space 84992K, 0% used [0x0000000084200000,0x00000000842b37c8,0x0000000089500000)
 Metaspace       used 12356K, capacity 12554K, committed 12928K, reserved 1060864K
  class space    used 1461K, capacity 1543K, committed 1664K, reserved 1048576K
}
Event: 4.112 GC heap before
{Heap before GC invocations=3 (full 0):
 PSYoungGen      total 36864K, used 36846K [0x00000000d6b80000, 0x00000000d9480000, 0x0000000100000000)
  eden space 31744K, 100% used [0x00000000d6b80000,0x00000000d8a80000,0x00000000d8a80000)
  from space 5120K, 99% used [0x00000000d8f80000,0x00000000d947bbe8,0x00000000d9480000)
  to   space 5120K, 0% used [0x00000000d8a80000,0x00000000d8a80000,0x00000000d8f80000)
 ParOldGen       total 84992K, used 717K [0x0000000084200000, 0x0000000089500000, 0x00000000d6b80000)
  object space 84992K, 0% used [0x0000000084200000,0x00000000842b37c8,0x0000000089500000)
 Metaspace       used 15395K, capacity 15626K, committed 16000K, reserved 1062912K
  class space    used 1769K, capacity 1863K, committed 1920K, reserved 1048576K
Event: 4.115 GC heap after
Heap after GC invocations=3 (full 0):
 PSYoungGen      total 36864K, used 5100K [0x00000000d6b80000, 0x00000000d9480000, 0x0000000100000000)
  eden space 31744K, 0% used [0x00000000d6b80000,0x00000000d6b80000,0x00000000d8a80000)
  from space 5120K, 99% used [0x00000000d8a80000,0x00000000d8f7b180,0x00000000d8f80000)
  to   space 5120K, 0% used [0x00000000d8f80000,0x00000000d8f80000,0x00000000d9480000)
 ParOldGen       total 84992K, used 1549K [0x0000000084200000, 0x0000000089500000, 0x00000000d6b80000)
  object space 84992K, 1% used [0x0000000084200000,0x0000000084383670,0x0000000089500000)
 Metaspace       used 15395K, capacity 15626K, committed 16000K, reserved 1062912K
  class space    used 1769K, capacity 1863K, committed 1920K, reserved 1048576K
}
Event: 4.282 GC heap before
{Heap before GC invocations=4 (full 0):
 PSYoungGen      total 36864K, used 36844K [0x00000000d6b80000, 0x00000000d9480000, 0x0000000100000000)
  eden space 31744K, 100% used [0x00000000d6b80000,0x00000000d8a80000,0x00000000d8a80000)
  from space 5120K, 99% used [0x00000000d8a80000,0x00000000d8f7b180,0x00000000d8f80000)
  to   space 5120K, 0% used [0x00000000d8f80000,0x00000000d8f80000,0x00000000d9480000)
 ParOldGen       total 84992K, used 1549K [0x0000000084200000, 0x0000000089500000, 0x00000000d6b80000)
  object space 84992K, 1% used [0x0000000084200000,0x0000000084383670,0x0000000089500000)
 Metaspace       used 17723K, capacity 17962K, committed 18304K, reserved 1064960K
  class space    used 2056K, capacity 2151K, committed 2176K, reserved 1048576K
Event: 4.285 GC heap after
Heap after GC invocations=4 (full 0):
 PSYoungGen      total 36864K, used 5096K [0x00000000d6b80000, 0x00000000d9480000, 0x0000000100000000)
  eden space 31744K, 0% used [0x00000000d6b80000,0x00000000d6b80000,0x00000000d8a80000)
  from space 5120K, 99% used [0x00000000d8f80000,0x00000000d947a2a8,0x00000000d9480000)
  to   space 5120K, 0% used [0x00000000d8a80000,0x00000000d8a80000,0x00000000d8f80000)
 ParOldGen       total 84992K, used 2038K [0x0000000084200000, 0x0000000089500000, 0x00000000d6b80000)
  object space 84992K, 2% used [0x0000000084200000,0x00000000843fda08,0x0000000089500000)
 Metaspace       used 17723K, capacity 17962K, committed 18304K, reserved 1064960K
  class space    used 2056K, capacity 2151K, committed 2176K, reserved 1048576K
}

Deoptimization events (10 events):
Event: 2.179 Thread 0x0000000001894800 Uncommon trap: reason=unstable_if action=reinterpret pc=0x00007f5bc42da260 method=java.lang.String.indexOf([CII[CIII)I @ 3
Event: 2.872 Thread 0x0000000001894800 Uncommon trap: reason=unstable_if action=reinterpret pc=0x00007f5bc43c9a9c method=org.apache.xerces.impl.XMLEntityScanner.skipChar(I)Z @ 14
Event: 3.269 Thread 0x0000000001894800 Uncommon trap: reason=unstable_if action=reinterpret pc=0x00007f5bc443a24c method=org.apache.xerces.dom.DeferredDocumentImpl.clearChunkIndex([[III)I @ 47
Event: 3.668 Thread 0x0000000001894800 Uncommon trap: reason=unstable_if action=reinterpret pc=0x00007f5bc438e314 method=sun.net.www.ParseUtil.encodePath(Ljava/lang/String;Z)Ljava/lang/String; @ 109
Event: 4.477 Thread 0x0000000001894800 Uncommon trap: reason=class_check action=maybe_recompile pc=0x00007f5bc456b378 method=java.io.DataOutputStream.write(I)V @ 5
Event: 4.477 Thread 0x0000000001894800 Uncommon trap: reason=class_check action=maybe_recompile pc=0x00007f5bc456b378 method=java.io.DataOutputStream.write(I)V @ 5
Event: 4.477 Thread 0x0000000001894800 Uncommon trap: reason=class_check action=maybe_recompile pc=0x00007f5bc456b378 method=java.io.DataOutputStream.write(I)V @ 5
Event: 4.599 Thread 0x0000000001894800 Uncommon trap: reason=bimorphic action=maybe_recompile pc=0x00007f5bc4550d84 method=java.io.DataOutputStream.writeShort(I)V @ 12
Event: 4.599 Thread 0x0000000001894800 Uncommon trap: reason=class_check action=maybe_recompile pc=0x00007f5bc456b378 method=java.io.DataOutputStream.write(I)V @ 5
Event: 4.807 Thread 0x0000000001894800 Uncommon trap: reason=bimorphic action=maybe_recompile pc=0x00007f5bc4550d84 method=java.io.DataOutputStream.writeShort(I)V @ 12

Internal exceptions (10 events):
Event: 2.161 Thread 0x0000000001894800 Exception <a 'java/lang/ClassNotFoundException': org/apache/log4j/AppenderSkeletonCustomizer> (0x00000000d73f7788) thrown at [/build/openjdk-8-YiEakL/openjdk-8-8u121-b13/src/hotspot/src/share/vm/classfile/systemDictionary.cpp, line 210]
Event: 2.162 Thread 0x0000000001894800 Exception <a 'java/lang/ClassNotFoundException': org/apache/log4j/WriterAppenderCustomizer> (0x00000000d7430b18) thrown at [/build/openjdk-8-YiEakL/openjdk-8-8u121-b13/src/hotspot/src/share/vm/classfile/systemDictionary.cpp, line 210]
Event: 2.163 Thread 0x0000000001894800 Exception <a 'java/lang/ClassNotFoundException': org/apache/log4j/ConsoleAppenderCustomizer> (0x00000000d7460b00) thrown at [/build/openjdk-8-YiEakL/openjdk-8-8u121-b13/src/hotspot/src/share/vm/classfile/systemDictionary.cpp, line 210]
Event: 2.946 Thread 0x0000000001894800 Exception <a 'java/lang/NoSuchFieldError': method resolution failed> (0x00000000d6f662a0) thrown at [/build/openjdk-8-YiEakL/openjdk-8-8u121-b13/src/hotspot/src/share/vm/prims/methodHandles.cpp, line 1146]
Event: 2.947 Thread 0x0000000001894800 Exception <a 'java/lang/NoSuchFieldError': method resolution failed> (0x00000000d6f73990) thrown at [/build/openjdk-8-YiEakL/openjdk-8-8u121-b13/src/hotspot/src/share/vm/prims/methodHandles.cpp, line 1146]
Event: 3.154 Thread 0x0000000001894800 Exception <a 'java/io/FileNotFoundException'> (0x00000000d7119cb8) thrown at [/build/openjdk-8-YiEakL/openjdk-8-8u121-b13/src/hotspot/src/share/vm/prims/jni.cpp, line 709]
Event: 3.154 Thread 0x0000000001894800 Exception <a 'java/security/PrivilegedActionException'> (0x00000000d711a120) thrown at [/build/openjdk-8-YiEakL/openjdk-8-8u121-b13/src/hotspot/src/share/vm/prims/jvm.cpp, line 1390]
Event: 3.154 Thread 0x0000000001894800 Exception <a 'java/lang/reflect/InvocationTargetException'> (0x00000000d711c1e0) thrown at [/build/openjdk-8-YiEakL/openjdk-8-8u121-b13/src/hotspot/src/share/vm/runtime/reflection.cpp, line 1092]
Event: 4.678 Thread 0x0000000002c4c800 Exception <a 'java/lang/InterruptedException'> (0x00000000d7e91568) thrown at [/build/openjdk-8-YiEakL/openjdk-8-8u121-b13/src/hotspot/src/share/vm/runtime/objectMonitor.cpp, line 1684]
Event: 4.839 Thread 0x0000000002d47800 Exception <a 'java/lang/InterruptedException'> (0x00000000d88accd0) thrown at [/build/openjdk-8-YiEakL/openjdk-8-8u121-b13/src/hotspot/src/share/vm/runtime/objectMonitor.cpp, line 1684]

Events (10 events):
Event: 4.839 Executing VM operation: RevokeBias
Event: 4.839 Executing VM operation: RevokeBias done
Event: 4.839 Executing VM operation: RevokeBias
Event: 4.839 Executing VM operation: RevokeBias done
Event: 4.839 Thread 0x0000000002d47800 Thread exited: 0x0000000002d47800
Event: 4.939 Executing VM operation: RevokeBias
Event: 4.939 Executing VM operation: RevokeBias done
Event: 4.939 Executing VM operation: RevokeBias
Event: 4.939 Executing VM operation: RevokeBias done
Event: 4.939 Thread 0x0000000002d48800 Thread exited: 0x0000000002d48800


Dynamic libraries:
00400000-004c0000 r-xp 00000000 08:01 38799275                           /home/peter/FYP/FastLSH/cmake-build-debug/FastLSH
006bf000-006c0000 r--p 000bf000 08:01 38799275                           /home/peter/FYP/FastLSH/cmake-build-debug/FastLSH
006c0000-006c1000 rw-p 000c0000 08:01 38799275                           /home/peter/FYP/FastLSH/cmake-build-debug/FastLSH
01678000-02e24000 rw-p 00000000 00:00 0                                  [heap]
84200000-89500000 rw-p 00000000 00:00 0 
89500000-d6b80000 ---p 00000000 00:00 0 
d6b80000-d9480000 rw-p 00000000 00:00 0 
d9480000-100000000 ---p 00000000 00:00 0 
100000000-100280000 rw-p 00000000 00:00 0 
100280000-140000000 ---p 00000000 00:00 0 
7f5b5c000000-7f5b5c021000 rw-p 00000000 00:00 0 
7f5b5c021000-7f5b60000000 ---p 00000000 00:00 0 
7f5b64000000-7f5b64021000 rw-p 00000000 00:00 0 
7f5b64021000-7f5b68000000 ---p 00000000 00:00 0 
7f5b68000000-7f5b68026000 rw-p 00000000 00:00 0 
7f5b68026000-7f5b6c000000 ---p 00000000 00:00 0 
7f5b6c000000-7f5b6c021000 rw-p 00000000 00:00 0 
7f5b6c021000-7f5b70000000 ---p 00000000 00:00 0 
7f5b70000000-7f5b70021000 rw-p 00000000 00:00 0 
7f5b70021000-7f5b74000000 ---p 00000000 00:00 0 
7f5b74000000-7f5b74021000 rw-p 00000000 00:00 0 
7f5b74021000-7f5b78000000 ---p 00000000 00:00 0 
7f5b79dd4000-7f5b79e14000 rw-p 00000000 00:00 0 
7f5b79e14000-7f5b79fd7000 ---p 00000000 00:00 0 
7f5b79fd7000-7f5b7a0d5000 rw-p 00000000 00:00 0 
7f5b7a0d5000-7f5b7a0d8000 ---p 00000000 00:00 0 
7f5b7a0d8000-7f5b7a1d6000 rw-p 00000000 00:00 0 
7f5b7a1d6000-7f5b7a1e7000 r-xp 00000000 08:01 56888874                   /usr/lib/jvm/java-8-openjdk-amd64/jre/lib/amd64/libnio.so
7f5b7a1e7000-7f5b7a3e7000 ---p 00011000 08:01 56888874                   /usr/lib/jvm/java-8-openjdk-amd64/jre/lib/amd64/libnio.so
7f5b7a3e7000-7f5b7a3e8000 r--p 00011000 08:01 56888874                   /usr/lib/jvm/java-8-openjdk-amd64/jre/lib/amd64/libnio.so
7f5b7a3e8000-7f5b7a3e9000 rw-p 00012000 08:01 56888874                   /usr/lib/jvm/java-8-openjdk-amd64/jre/lib/amd64/libnio.so
7f5b7a3e9000-7f5b7a5e9000 rw-p 00000000 00:00 0 
7f5b7a5e9000-7f5b7a7e9000 rw-p 00000000 00:00 0 
7f5b7a7e9000-7f5b7a9e9000 rw-p 00000000 00:00 0 
7f5b7a9e9000-7f5b7acea000 rw-p 00000000 00:00 0 
7f5b7acea000-7f5b7ad01000 r-xp 00000000 08:01 56888866                   /usr/lib/jvm/java-8-openjdk-amd64/jre/lib/amd64/libnet.so
7f5b7ad01000-7f5b7af00000 ---p 00017000 08:01 56888866                   /usr/lib/jvm/java-8-openjdk-amd64/jre/lib/amd64/libnet.so
7f5b7af00000-7f5b7af01000 r--p 00016000 08:01 56888866                   /usr/lib/jvm/java-8-openjdk-amd64/jre/lib/amd64/libnet.so
7f5b7af01000-7f5b7af02000 rw-p 00017000 08:01 56888866                   /usr/lib/jvm/java-8-openjdk-amd64/jre/lib/amd64/libnet.so
7f5b7af02000-7f5b7af05000 r--s 00015000 08:01 56363511                   /usr/lib/jvm/java-8-openjdk-amd64/jre/lib/jce.jar
7f5b7af05000-7f5b7af09000 r--s 0009a000 08:01 56363510                   /usr/lib/jvm/java-8-openjdk-amd64/jre/lib/jsse.jar
7f5b7af09000-7f5b7b109000 rw-p 00000000 00:00 0 
7f5b7b109000-7f5b7b10a000 r-xp 00000000 08:01 56888858                   /usr/lib/jvm/java-8-openjdk-amd64/jre/lib/amd64/libjaas_unix.so
7f5b7b10a000-7f5b7b309000 ---p 00001000 08:01 56888858                   /usr/lib/jvm/java-8-openjdk-amd64/jre/lib/amd64/libjaas_unix.so
7f5b7b309000-7f5b7b30a000 r--p 00000000 08:01 56888858                   /usr/lib/jvm/java-8-openjdk-amd64/jre/lib/amd64/libjaas_unix.so
7f5b7b30a000-7f5b7b30b000 rw-p 00001000 08:01 56888858                   /usr/lib/jvm/java-8-openjdk-amd64/jre/lib/amd64/libjaas_unix.so
7f5b7b30b000-7f5b7b30e000 ---p 00000000 00:00 0 
7f5b7b30e000-7f5b7b40c000 rw-p 00000000 00:00 0 
7f5b7b40c000-7f5b7b40f000 ---p 00000000 00:00 0 
7f5b7b40f000-7f5b7b645000 rw-p 00000000 00:00 0 
7f5b7b645000-7f5b7b64e000 r-xp 00000000 08:01 56888880                   /usr/lib/jvm/java-8-openjdk-amd64/jre/lib/amd64/libmanagement.so
7f5b7b64e000-7f5b7b84d000 ---p 00009000 08:01 56888880                   /usr/lib/jvm/java-8-openjdk-amd64/jre/lib/amd64/libmanagement.so
7f5b7b84d000-7f5b7b84e000 r--p 00008000 08:01 56888880                   /usr/lib/jvm/java-8-openjdk-amd64/jre/lib/amd64/libmanagement.so
7f5b7b84e000-7f5b7b84f000 rw-p 00009000 08:01 56888880                   /usr/lib/jvm/java-8-openjdk-amd64/jre/lib/amd64/libmanagement.so
7f5b7b84f000-7f5b7b851000 r--s 0000e000 08:01 37358641                   /usr/local/hadoop/share/hadoop/mapreduce/hadoop-mapreduce-client-jobclient-2.7.3.jar
7f5b7b851000-7f5b7b85e000 r--s 000b0000 08:01 37358637                   /usr/local/hadoop/share/hadoop/mapreduce/hadoop-mapreduce-client-common-2.7.3.jar
7f5b7b85e000-7f5b7b860000 r--s 00010000 08:01 37358638                   /usr/local/hadoop/share/hadoop/mapreduce/hadoop-mapreduce-client-shuffle-2.7.3.jar
7f5b7b860000-7f5b7b878000 r--s 00164000 08:01 37358636                   /usr/local/hadoop/share/hadoop/mapreduce/hadoop-mapreduce-client-core-2.7.3.jar
7f5b7b878000-7f5b7b87c000 r--s 0002b000 08:01 37358640                   /usr/local/hadoop/share/hadoop/mapreduce/hadoop-mapreduce-client-hs-2.7.3.jar
7f5b7b87c000-7f5b7b87d000 r--s 00006000 08:01 37358642                   /usr/local/hadoop/share/hadoop/mapreduce/hadoop-mapreduce-client-hs-plugins-2.7.3.jar
7f5b7b87d000-7f5b7b893000 r--s 00165000 08:01 37358644                   /usr/local/hadoop/share/hadoop/mapreduce/hadoop-mapreduce-client-jobclient-2.7.3-tests.jar
7f5b7b893000-7f5b7b898000 r--s 00044000 08:01 37358643                   /usr/local/hadoop/share/hadoop/mapreduce/hadoop-mapreduce-examples-2.7.3.jar
7f5b7b898000-7f5b7b8a2000 r--s 0007a000 08:01 37358639                   /usr/local/hadoop/share/hadoop/mapreduce/hadoop-mapreduce-client-app-2.7.3.jar
7f5b7b8a2000-7f5b7b8a9000 r--s 00044000 08:01 37358612                   /usr/local/hadoop/share/hadoop/mapreduce/lib/avro-1.7.4.jar
7f5b7b8a9000-7f5b7b8af000 r--s 00036000 08:01 37358632                   /usr/local/hadoop/share/hadoop/mapreduce/lib/junit-4.11.jar
7f5b7b8af000-7f5b7b8b7000 r--s 0007b000 08:01 37358611                   /usr/local/hadoop/share/hadoop/mapreduce/lib/protobuf-java-2.5.0.jar
7f5b7b8b7000-7f5b7b8b8000 r--s 0000a000 08:01 37358623                   /usr/local/hadoop/share/hadoop/mapreduce/lib/asm-3.2.jar
7f5b7b8b8000-7f5b7b8c2000 r--s 00066000 08:01 37358621                   /usr/local/hadoop/share/hadoop/mapreduce/lib/jersey-core-1.9.jar
7f5b7b8c2000-7f5b7b8c3000 r--s 00003000 08:01 37358630                   /usr/local/hadoop/share/hadoop/mapreduce/lib/jersey-guice-1.9.jar
7f5b7b8c3000-7f5b7b8c7000 r--s 0002a000 08:01 37358620                   /usr/local/hadoop/share/hadoop/mapreduce/lib/commons-io-2.4.jar
7f5b7b8c7000-7f5b7b8de000 r--s 0010e000 08:01 37358625                   /usr/local/hadoop/share/hadoop/mapreduce/lib/netty-3.6.2.Final.jar
7f5b7b8de000-7f5b7b8e0000 r--s 000f2000 08:01 37358616                   /usr/local/hadoop/share/hadoop/mapreduce/lib/snappy-java-1.0.4.1.jar
7f5b7b8e0000-7f5b7b8e2000 r--s 00009000 08:01 37358633                   /usr/local/hadoop/share/hadoop/mapreduce/lib/hamcrest-core-1.3.jar
7f5b7b8e2000-7f5b7b8eb000 r--s 0006f000 08:01 37358624                   /usr/local/hadoop/share/hadoop/mapreduce/lib/log4j-1.2.17.jar
7f5b7b8eb000-7f5b7b8fd000 r--s 0009d000 08:01 37358622                   /usr/local/hadoop/share/hadoop/mapreduce/lib/jersey-server-1.9.jar
7f5b7b8fd000-7f5b7b8fe000 r--s 00009000 08:01 37358619                   /usr/local/hadoop/share/hadoop/mapreduce/lib/hadoop-annotations-2.7.3.jar
7f5b7b8fe000-7f5b7b8ff000 r--s 00000000 08:01 37358628                   /usr/local/hadoop/share/hadoop/mapreduce/lib/javax.inject-1.jar
7f5b7b8ff000-7f5b7b901000 r--s 00006000 08:01 37358615                   /usr/local/hadoop/share/hadoop/mapreduce/lib/paranamer-2.3.jar
7f5b7b901000-7f5b7b905000 r--s 00014000 08:01 37358618                   /usr/local/hadoop/share/hadoop/mapreduce/lib/xz-1.0.jar
7f5b7b905000-7f5b7b909000 r--s 00035000 08:01 37358613                   /usr/local/hadoop/share/hadoop/mapreduce/lib/jackson-core-asl-1.9.13.jar
7f5b7b909000-7f5b7b90b000 r--s 00000000 08:01 37358629                   /usr/local/hadoop/share/hadoop/mapreduce/lib/aopalliance-1.0.jar
7f5b7b90b000-7f5b7b919000 r--s 000b1000 08:01 37358614                   /usr/local/hadoop/share/hadoop/mapreduce/lib/jackson-mapper-asl-1.9.13.jar
7f5b7b919000-7f5b7b91e000 r--s 00036000 08:01 37358617                   /usr/local/hadoop/share/hadoop/mapreduce/lib/commons-compress-1.4.1.jar
7f5b7b91e000-7f5b7b92d000 r--s 0009f000 08:01 37358627                   /usr/local/hadoop/share/hadoop/mapreduce/lib/guice-3.0.jar
7f5b7b92d000-7f5b7b930000 r--s 000fd000 08:01 37358626                   /usr/local/hadoop/share/hadoop/mapreduce/lib/leveldbjni-all-1.8.jar
7f5b7b930000-7f5b7b932000 r--s 0000e000 08:01 37358631                   /usr/local/hadoop/share/hadoop/mapreduce/lib/guice-servlet-3.0.jar
7f5b7b932000-7f5b7b940000 r--s 000a1000 08:01 37358582                   /usr/local/hadoop/share/hadoop/yarn/hadoop-yarn-server-nodemanager-2.7.3.jar
7f5b7b940000-7f5b7b956000 r--s 00122000 08:01 37358585                   /usr/local/hadoop/share/hadoop/yarn/hadoop-yarn-server-resourcemanager-2.7.3.jar
7f5b7b956000-7f5b7b959000 r--s 0001b000 08:01 37358591                   /usr/local/hadoop/share/hadoop/yarn/hadoop-yarn-registry-2.7.3.jar
7f5b7b959000-7f5b7b976000 r--s 001d3000 08:01 37358579                   /usr/local/hadoop/share/hadoop/yarn/hadoop-yarn-api-2.7.3.jar
7f5b7b976000-7f5b7b978000 r--s 00011000 08:01 37358588                   /usr/local/hadoop/share/hadoop/yarn/hadoop-yarn-server-sharedcachemanager-2.7.3.jar
7f5b7b978000-7f5b7b979000 r--s 00010000 08:01 37358589                   /usr/local/hadoop/share/hadoop/yarn/hadoop-yarn-applications-distributedshell-2.7.3.jar
7f5b7b979000-7f5b7b981000 r--s 00057000 08:01 37358581                   /usr/local/hadoop/share/hadoop/yarn/hadoop-yarn-server-common-2.7.3.jar
7f5b7b981000-7f5b7b986000 r--s 00031000 08:01 37358584                   /usr/local/hadoop/share/hadoop/yarn/hadoop-yarn-server-applicationhistoryservice-2.7.3.jar
7f5b7b986000-7f5b7b988000 r--s 00008000 08:01 37358590                   /usr/local/hadoop/share/hadoop/yarn/hadoop-yarn-applications-unmanaged-am-launcher-2.7.3.jar
7f5b7b988000-7f5b7b98a000 r--s 0000e000 08:01 37358586                   /usr/local/hadoop/share/hadoop/yarn/hadoop-yarn-server-tests-2.7.3.jar
7f5b7b98a000-7f5b7b98c000 r--s 0000d000 08:01 37358583                   /usr/local/hadoop/share/hadoop/yarn/hadoop-yarn-server-web-proxy-2.7.3.jar
7f5b7b98c000-7f5b7b98f000 r--s 00026000 08:01 37358587                   /usr/local/hadoop/share/hadoop/yarn/hadoop-yarn-client-2.7.3.jar
7f5b7b98f000-7f5b7b9a7000 r--s 00182000 08:01 37358580                   /usr/local/hadoop/share/hadoop/yarn/hadoop-yarn-common-2.7.3.jar
7f5b7b9a7000-7f5b7b9ba000 r--s 000c7000 08:01 37358570                   /usr/local/hadoop/share/hadoop/yarn/lib/jaxb-impl-2.2.3-1.jar
7f5b7b9ba000-7f5b7b9db000 r--s 00172000 08:01 37358541                   /usr/local/hadoop/share/hadoop/yarn/lib/guava-11.0.2.jar
7f5b7b9db000-7f5b7b9e3000 r--s 0007b000 08:01 37358544                   /usr/local/hadoop/share/hadoop/yarn/lib/protobuf-java-2.5.0.jar
7f5b7b9e3000-7f5b7b9e4000 r--s 0000a000 08:01 37358567                   /usr/local/hadoop/share/hadoop/yarn/lib/asm-3.2.jar
7f5b7b9e4000-7f5b7b9e8000 r--s 00021000 08:01 37358568                   /usr/local/hadoop/share/hadoop/yarn/lib/jersey-json-1.9.jar
7f5b7b9e8000-7f5b7b9eb000 r--s 00006000 08:01 37358542                   /usr/local/hadoop/share/hadoop/yarn/lib/jsr305-3.0.0.jar
7f5b7b9eb000-7f5b7b9f7000 r--s 000b6000 08:01 37358572                   /usr/local/hadoop/share/hadoop/yarn/lib/zookeeper-3.4.6.jar
7f5b7b9f7000-7f5b7ba01000 r--s 00066000 08:01 37358555                   /usr/local/hadoop/share/hadoop/yarn/lib/jersey-core-1.9.jar
7f5b7ba01000-7f5b7ba02000 r--s 00003000 08:01 37358571                   /usr/local/hadoop/share/hadoop/yarn/lib/jersey-guice-1.9.jar
7f5b7ba02000-7f5b7ba06000 r--s 0002a000 08:01 37358565                   /usr/local/hadoop/share/hadoop/yarn/lib/commons-io-2.4.jar
7f5b7ba06000-7f5b7ba1d000 r--s 0010e000 08:01 37358573                   /usr/local/hadoop/share/hadoop/yarn/lib/netty-3.6.2.Final.jar
7f5b7ba1d000-7f5b7ba26000 r--s 0007b000 08:01 37358539                   /usr/local/hadoop/share/hadoop/yarn/lib/zookeeper-3.4.6-tests.jar
7f5b7ba26000-7f5b7ba28000 r--s 0000d000 08:01 37358553                   /usr/local/hadoop/share/hadoop/yarn/lib/commons-codec-1.4.jar
7f5b7ba28000-7f5b7ba31000 r--s 0006f000 08:01 37358546                   /usr/local/hadoop/share/hadoop/yarn/lib/log4j-1.2.17.jar
7f5b7ba31000-7f5b7ba43000 r--s 0009d000 08:01 37358566                   /usr/local/hadoop/share/hadoop/yarn/lib/jersey-server-1.9.jar
7f5b7ba43000-7f5b7ba46000 r--s 00017000 08:01 37358547                   /usr/local/hadoop/share/hadoop/yarn/lib/jaxb-api-2.2.2.jar
7f5b7ba46000-7f5b7ba47000 r--s 00004000 08:01 37358559                   /usr/local/hadoop/share/hadoop/yarn/lib/jackson-jaxrs-1.9.13.jar
7f5b7ba47000-7f5b7ba4a000 r--s 0001d000 08:01 37358556                   /usr/local/hadoop/share/hadoop/yarn/lib/jersey-client-1.9.jar
7f5b7ba4a000-7f5b7ba51000 r--s 0007d000 08:01 37358576                   /usr/local/hadoop/share/hadoop/yarn/lib/jetty-6.1.26.jar
7f5b7ba51000-7f5b7ba53000 r--s 0000e000 08:01 37358543                   /usr/local/hadoop/share/hadoop/yarn/lib/commons-logging-1.1.3.jar
7f5b7ba53000-7f5b7ba55000 r--s 00009000 08:01 37358545                   /usr/local/hadoop/share/hadoop/yarn/lib/commons-cli-1.2.jar
7f5b7ba55000-7f5b7ba56000 r--s 00000000 08:01 37358563                   /usr/local/hadoop/share/hadoop/yarn/lib/javax.inject-1.jar
7f5b7ba56000-7f5b7ba5a000 r--s 00028000 08:01 37358554                   /usr/local/hadoop/share/hadoop/yarn/lib/jetty-util-6.1.26.jar
7f5b7ba5a000-7f5b7ba5e000 r--s 00014000 08:01 37358551                   /usr/local/hadoop/share/hadoop/yarn/lib/xz-1.0.jar
7f5b7ba5e000-7f5b7ba60000 r--s 0000e000 08:01 37358549                   /usr/local/hadoop/share/hadoop/yarn/lib/activation-1.1.jar
7f5b7ba60000-7f5b7ba62000 r--s 00004000 08:01 37358548                   /usr/local/hadoop/share/hadoop/yarn/lib/stax-api-1.0-2.jar
7f5b7ba62000-7f5b7ba63000 r--s 00006000 08:01 37358560                   /usr/local/hadoop/share/hadoop/yarn/lib/jackson-xc-1.9.13.jar
7f5b7ba63000-7f5b7ba70000 r--s 00083000 08:01 37358575                   /usr/local/hadoop/share/hadoop/yarn/lib/commons-collections-3.2.2.jar
7f5b7ba70000-7f5b7ba74000 r--s 00035000 08:01 37358557                   /usr/local/hadoop/share/hadoop/yarn/lib/jackson-core-asl-1.9.13.jar
7f5b7ba74000-7f5b7ba76000 r--s 00000000 08:01 37358564                   /usr/local/hadoop/share/hadoop/yarn/lib/aopalliance-1.0.jar
7f5b7ba76000-7f5b7ba78000 r--s 00018000 08:01 37358552                   /usr/local/hadoop/share/hadoop/yarn/lib/servlet-api-2.5.jar
7f5b7ba78000-7f5b7ba86000 r--s 000b1000 08:01 37358558                   /usr/local/hadoop/share/hadoop/yarn/lib/jackson-mapper-asl-1.9.13.jar
7f5b7ba86000-7f5b7ba8b000 r--s 00041000 08:01 37358540                   /usr/local/hadoop/share/hadoop/yarn/lib/commons-lang-2.6.jar
7f5b7ba8b000-7f5b7ba8d000 r--s 0000f000 08:01 37358569                   /usr/local/hadoop/share/hadoop/yarn/lib/jettison-1.1.jar
7f5b7ba8d000-7f5b7ba92000 r--s 00036000 08:01 37358550                   /usr/local/hadoop/share/hadoop/yarn/lib/commons-compress-1.4.1.jar
7f5b7ba92000-7f5b7baa1000 r--s 0009f000 08:01 37358562                   /usr/local/hadoop/share/hadoop/yarn/lib/guice-3.0.jar
7f5b7baa1000-7f5b7baa4000 r--s 000fd000 08:01 37358574                   /usr/local/hadoop/share/hadoop/yarn/lib/leveldbjni-all-1.8.jar
7f5b7baa4000-7f5b7baa6000 r--s 0000e000 08:01 37358561                   /usr/local/hadoop/share/hadoop/yarn/lib/guice-servlet-3.0.jar
7f5b7baa6000-7f5b7baa8000 r--s 0001d000 08:01 37358098                   /usr/local/hadoop/share/hadoop/hdfs/hadoop-hdfs-nfs-2.7.3.jar
7f5b7baa8000-7f5b7bb13000 r--s 0077b000 08:01 37358096                   /usr/local/hadoop/share/hadoop/hdfs/hadoop-hdfs-2.7.3.jar
7f5b7bb13000-7f5b7bb36000 r--s 00308000 08:01 37358097                   /usr/local/hadoop/share/hadoop/hdfs/hadoop-hdfs-2.7.3-tests.jar
7f5b7bb36000-7f5b7bb4f000 r--s 00150000 08:01 37358090                   /usr/local/hadoop/share/hadoop/hdfs/lib/htrace-core-3.1.0-incubating.jar
7f5b7bb4f000-7f5b7bb70000 r--s 00172000 08:01 37358075                   /usr/local/hadoop/share/hadoop/hdfs/lib/guava-11.0.2.jar
7f5b7bb70000-7f5b7bb8d000 r--s 00196000 08:01 37358092                   /usr/local/hadoop/share/hadoop/hdfs/lib/netty-all-4.0.23.Final.jar
7f5b7bb8d000-7f5b7bb95000 r--s 0007b000 08:01 37358089                   /usr/local/hadoop/share/hadoop/hdfs/lib/protobuf-java-2.5.0.jar
7f5b7bb95000-7f5b7bb96000 r--s 0000a000 08:01 37358087                   /usr/local/hadoop/share/hadoop/hdfs/lib/asm-3.2.jar
7f5b7bb96000-7f5b7bb99000 r--s 00006000 08:01 37358076                   /usr/local/hadoop/share/hadoop/hdfs/lib/jsr305-3.0.0.jar
7f5b7bb99000-7f5b7bba3000 r--s 00066000 08:01 37358083                   /usr/local/hadoop/share/hadoop/hdfs/lib/jersey-core-1.9.jar
7f5b7bba3000-7f5b7bba7000 r--s 0002a000 08:01 37358079                   /usr/local/hadoop/share/hadoop/hdfs/lib/commons-io-2.4.jar
7f5b7bba7000-7f5b7bbbe000 r--s 0010e000 08:01 37358074                   /usr/local/hadoop/share/hadoop/hdfs/lib/netty-3.6.2.Final.jar
7f5b7bbbe000-7f5b7bbc0000 r--s 0000d000 08:01 37358071                   /usr/local/hadoop/share/hadoop/hdfs/lib/commons-codec-1.4.jar
7f5b7bbc0000-7f5b7bbc9000 r--s 0006f000 08:01 37358072                   /usr/local/hadoop/share/hadoop/hdfs/lib/log4j-1.2.17.jar
7f5b7bbc9000-7f5b7bbca000 r--s 00003000 08:01 37358078                   /usr/local/hadoop/share/hadoop/hdfs/lib/xmlenc-0.52.jar
7f5b7bbca000-7f5b7bbdc000 r--s 0009d000 08:01 37358086                   /usr/local/hadoop/share/hadoop/hdfs/lib/jersey-server-1.9.jar
7f5b7bbdc000-7f5b7bbe3000 r--s 0007d000 08:01 37358081                   /usr/local/hadoop/share/hadoop/hdfs/lib/jetty-6.1.26.jar
7f5b7bbe3000-7f5b7bbe5000 r--s 0000e000 08:01 37358073                   /usr/local/hadoop/share/hadoop/hdfs/lib/commons-logging-1.1.3.jar
7f5b7bbe5000-7f5b7bbe7000 r--s 00009000 08:01 37358077                   /usr/local/hadoop/share/hadoop/hdfs/lib/commons-cli-1.2.jar
7f5b7bbe7000-7f5b7bbe8000 r--s 00005000 08:01 37358091                   /usr/local/hadoop/share/hadoop/hdfs/lib/commons-daemon-1.0.13.jar
7f5b7bbe8000-7f5b7bbec000 r--s 00028000 08:01 37358082                   /usr/local/hadoop/share/hadoop/hdfs/lib/jetty-util-6.1.26.jar
7f5b7bbec000-7f5b7bbf4000 r--s 00028000 08:01 37358094                   /usr/local/hadoop/share/hadoop/hdfs/lib/xml-apis-1.3.04.jar
7f5b7bbf4000-7f5b7bbf8000 r--s 00035000 08:01 37358084                   /usr/local/hadoop/share/hadoop/hdfs/lib/jackson-core-asl-1.9.13.jar
7f5b7bbf8000-7f5b7bc10000 r--s 00115000 08:01 37358093                   /usr/local/hadoop/share/hadoop/hdfs/lib/xercesImpl-2.9.1.jar
7f5b7bc10000-7f5b7bc12000 r--s 00018000 08:01 37358080                   /usr/local/hadoop/share/hadoop/hdfs/lib/servlet-api-2.5.jar
7f5b7bc12000-7f5b7bc20000 r--s 000b1000 08:01 37358085                   /usr/local/hadoop/share/hadoop/hdfs/lib/jackson-mapper-asl-1.9.13.jar
7f5b7bc20000-7f5b7bc25000 r--s 00041000 08:01 37358088                   /usr/local/hadoop/share/hadoop/hdfs/lib/commons-lang-2.6.jar
7f5b7bc25000-7f5b7bc28000 r--s 000fd000 08:01 37358095                   /usr/local/hadoop/share/hadoop/hdfs/lib/leveldbjni-all-1.8.jar
7f5b7bc28000-7f5b7bc5e000 r--s 0031a000 08:01 37358012                   /usr/local/hadoop/share/hadoop/common/hadoop-common-2.7.3.jar
7f5b7bc5e000-7f5b7bc7b000 r--s 001b6000 08:01 37358013                   /usr/local/hadoop/share/hadoop/common/hadoop-common-2.7.3-tests.jar
7f5b7bc7b000-7f5b7bc7f000 r--s 00029000 08:01 37358014                   /usr/local/hadoop/share/hadoop/common/hadoop-nfs-2.7.3.jar
7f5b7bc7f000-7f5b7bc86000 r--s 00044000 08:01 37357971                   /usr/local/hadoop/share/hadoop/common/lib/avro-1.7.4.jar
7f5b7bc86000-7f5b7bc9f000 r--s 00150000 08:01 37357989                   /usr/local/hadoop/share/hadoop/common/lib/htrace-core-3.1.0-incubating.jar
7f5b7bc9f000-7f5b7bcb2000 r--s 000c7000 08:01 37357949                   /usr/local/hadoop/share/hadoop/common/lib/jaxb-impl-2.2.3-1.jar
7f5b7bcb2000-7f5b7bcd3000 r--s 00172000 08:01 37357994                   /usr/local/hadoop/share/hadoop/common/lib/guava-11.0.2.jar
7f5b7bcd3000-7f5b7bcd5000 r--s 00003000 08:01 37357981                   /usr/local/hadoop/share/hadoop/common/lib/api-asn1-api-1.0.0-M20.jar
7f5b7bcd5000-7f5b7bcdb000 r--s 00036000 08:01 37357990                   /usr/local/hadoop/share/hadoop/common/lib/junit-4.11.jar
7f5b7bcdb000-7f5b7bce4000 r--s 0007b000 08:01 37357960                   /usr/local/hadoop/share/hadoop/common/lib/jets3t-0.9.0.jar
7f5b7bce4000-7f5b7bcec000 r--s 0007b000 08:01 37357976                   /usr/local/hadoop/share/hadoop/common/lib/protobuf-java-2.5.0.jar
7f5b7bcec000-7f5b7bced000 r--s 0000a000 08:01 37357958                   /usr/local/hadoop/share/hadoop/common/lib/asm-3.2.jar
7f5b7bced000-7f5b7bd0a000 r--s 0013e000 08:01 37357992                   /usr/local/hadoop/share/hadoop/common/lib/mockito-all-1.8.5.jar
7f5b7bd0a000-7f5b7bd0e000 r--s 00021000 08:01 37358010                   /usr/local/hadoop/share/hadoop/common/lib/jersey-json-1.9.jar
7f5b7bd0e000-7f5b7bd11000 r--s 0002b000 08:01 37357987                   /usr/local/hadoop/share/hadoop/common/lib/jsch-0.1.42.jar
7f5b7bd11000-7f5b7bd14000 r--s 00006000 08:01 37357995                   /usr/local/hadoop/share/hadoop/common/lib/jsr305-3.0.0.jar
7f5b7bd14000-7f5b7bd20000 r--s 000b6000 08:01 37357983                   /usr/local/hadoop/share/hadoop/common/lib/zookeeper-3.4.6.jar
7f5b7bd20000-7f5b7bd3d000 r--s 0016a000 08:01 37357997                   /usr/local/hadoop/share/hadoop/common/lib/commons-math3-3.1.1.jar
7f5b7bd3d000-7f5b7bd45000 r--s 0003b000 08:01 37357988                   /usr/local/hadoop/share/hadoop/common/lib/curator-recipes-2.7.1.jar
7f5b7bd45000-7f5b7bd4f000 r--s 00066000 08:01 37358009                   /usr/local/hadoop/share/hadoop/common/lib/jersey-core-1.9.jar
7f5b7bd4f000-7f5b7bd53000 r--s 0002a000 08:01 37358002                   /usr/local/hadoop/share/hadoop/common/lib/commons-io-2.4.jar
7f5b7bd53000-7f5b7bd57000 r--s 00020000 08:01 37357966                   /usr/local/hadoop/share/hadoop/common/lib/commons-digester-1.8.jar
7f5b7bd57000-7f5b7bd6e000 r--s 0010e000 08:01 37357984                   /usr/local/hadoop/share/hadoop/common/lib/netty-3.6.2.Final.jar
7f5b7bd6e000-7f5b7bd73000 r--s 0002a000 08:01 37357977                   /usr/local/hadoop/share/hadoop/common/lib/gson-2.2.4.jar
7f5b7bd73000-7f5b7bd75000 r--s 000f2000 08:01 37357973                   /usr/local/hadoop/share/hadoop/common/lib/snappy-java-1.0.4.1.jar
7f5b7bd75000-7f5b7bd76000 r--s 00007000 08:01 37357969                   /usr/local/hadoop/share/hadoop/common/lib/slf4j-api-1.7.10.jar
7f5b7bd76000-7f5b7bd78000 r--s 00009000 08:01 37357991                   /usr/local/hadoop/share/hadoop/common/lib/hamcrest-core-1.3.jar
7f5b7bd78000-7f5b7bd7a000 r--s 0000d000 08:01 37358001                   /usr/local/hadoop/share/hadoop/common/lib/commons-codec-1.4.jar
7f5b7bd7a000-7f5b7bd83000 r--s 0006f000 08:01 37357959                   /usr/local/hadoop/share/hadoop/common/lib/log4j-1.2.17.jar
7f5b7bd83000-7f5b7bd85000 r--s 0000f000 08:01 37357986                   /usr/local/hadoop/share/hadoop/common/lib/curator-client-2.7.1.jar
7f5b7bd85000-7f5b7bd86000 r--s 0000a000 08:01 37357980                   /usr/local/hadoop/share/hadoop/common/lib/apacheds-i18n-2.0.0-M15.jar
7f5b7bd86000-7f5b7bd88000 r--s 00015000 08:01 37357978                   /usr/local/hadoop/share/hadoop/common/lib/hadoop-auth-2.7.3.jar
7f5b7bd88000-7f5b7bd89000 r--s 00003000 08:01 37357998                   /usr/local/hadoop/share/hadoop/common/lib/xmlenc-0.52.jar
7f5b7bd89000-7f5b7bd9b000 r--s 0009d000 08:01 37357957                   /usr/local/hadoop/share/hadoop/common/lib/jersey-server-1.9.jar
7f5b7bd9b000-7f5b7bd9e000 r--s 00017000 08:01 37357950                   /usr/local/hadoop/share/hadoop/common/lib/jaxb-api-2.2.2.jar
7f5b7bd9e000-7f5b7bd9f000 r--s 00004000 08:01 37357955                   /usr/local/hadoop/share/hadoop/common/lib/jackson-jaxrs-1.9.13.jar
7f5b7bd9f000-7f5b7bda0000 r--s 00009000 08:01 37357993                   /usr/local/hadoop/share/hadoop/common/lib/hadoop-annotations-2.7.3.jar
7f5b7bda0000-7f5b7bda7000 r--s 0007d000 08:01 37358006                   /usr/local/hadoop/share/hadoop/common/lib/jetty-6.1.26.jar
7f5b7bda7000-7f5b7bda8000 r--s 00004000 08:01 37357963                   /usr/local/hadoop/share/hadoop/common/lib/java-xmlbuilder-0.4.jar
7f5b7bda8000-7f5b7bdad000 r--s 0003e000 08:01 37358003                   /usr/local/hadoop/share/hadoop/common/lib/commons-net-3.1.jar
7f5b7bdad000-7f5b7bdaf000 r--s 0000e000 08:01 37358000                   /usr/local/hadoop/share/hadoop/common/lib/commons-logging-1.1.3.jar
7f5b7bdaf000-7f5b7bdb5000 r--s 00032000 08:01 37357962                   /usr/local/hadoop/share/hadoop/common/lib/httpcore-4.2.5.jar
7f5b7bdb5000-7f5b7bdbb000 r--s 00045000 08:01 37357999                   /usr/local/hadoop/share/hadoop/common/lib/commons-httpclient-3.1.jar
7f5b7bdbb000-7f5b7bdbd000 r--s 00009000 08:01 37357996                   /usr/local/hadoop/share/hadoop/common/lib/commons-cli-1.2.jar
7f5b7bdbd000-7f5b7bdbf000 r--s 00006000 08:01 37357972                   /usr/local/hadoop/share/hadoop/common/lib/paranamer-2.3.jar
7f5b7bdbf000-7f5b7bdc5000 r--s 00043000 08:01 37357965                   /usr/local/hadoop/share/hadoop/common/lib/commons-configuration-1.6.jar
7f5b7bdc5000-7f5b7bdc9000 r--s 00028000 08:01 37358007                   /usr/local/hadoop/share/hadoop/common/lib/jetty-util-6.1.26.jar
7f5b7bdc9000-7f5b7bdcd000 r--s 00014000 08:01 37357975                   /usr/local/hadoop/share/hadoop/common/lib/xz-1.0.jar
7f5b7bdcd000-7f5b7bdd0000 r--s 00016000 08:01 37358008                   /usr/local/hadoop/share/hadoop/common/lib/jsp-api-2.1.jar
7f5b7bdd0000-7f5b7bdd2000 r--s 0000e000 08:01 37357952                   /usr/local/hadoop/share/hadoop/common/lib/activation-1.1.jar
7f5b7bdd2000-7f5b7bdd8000 r--s 00028000 08:01 37357985                   /usr/local/hadoop/share/hadoop/common/lib/curator-framework-2.7.1.jar
7f5b7bdd8000-7f5b7bdda000 r--s 00004000 08:01 37357951                   /usr/local/hadoop/share/hadoop/common/lib/stax-api-1.0-2.jar
7f5b7bdda000-7f5b7bddb000 r--s 00006000 08:01 37357956                   /usr/local/hadoop/share/hadoop/common/lib/jackson-xc-1.9.13.jar
7f5b7bddb000-7f5b7bde8000 r--s 00083000 08:01 37358004                   /usr/local/hadoop/share/hadoop/common/lib/commons-collections-3.2.2.jar
7f5b7bde8000-7f5b7bdea000 r--s 00012000 08:01 37357982                   /usr/local/hadoop/share/hadoop/common/lib/api-util-1.0.0-M20.jar
7f5b7bdea000-7f5b7bdee000 r--s 00035000 08:01 37357953                   /usr/local/hadoop/share/hadoop/common/lib/jackson-core-asl-1.9.13.jar
7f5b7bdee000-7f5b7bdf0000 r--s 00018000 08:01 37358005                   /usr/local/hadoop/share/hadoop/common/lib/servlet-api-2.5.jar
7f5b7bdf0000-7f5b7bdfe000 r--s 000b1000 08:01 37357954                   /usr/local/hadoop/share/hadoop/common/lib/jackson-mapper-asl-1.9.13.jar
7f5b7bdfe000-7f5b7bdff000 ---p 00000000 00:00 0 
7f5b7bdff000-7f5b7beff000 rw-p 00000000 00:00 0 
7f5b7beff000-7f5b7bf02000 ---p 00000000 00:00 0 
7f5b7bf02000-7f5b7c000000 rw-p 00000000 00:00 0 
7f5b7c000000-7f5b7c276000 rw-p 00000000 00:00 0 
7f5b7c276000-7f5b80000000 ---p 00000000 00:00 0 
7f5b80000000-7f5b8022a000 rw-p 00000000 00:00 0 
7f5b8022a000-7f5b84000000 ---p 00000000 00:00 0 
7f5b84000000-7f5b842b6000 rw-p 00000000 00:00 0 
7f5b842b6000-7f5b88000000 ---p 00000000 00:00 0 
7f5b88000000-7f5b88374000 rw-p 00000000 00:00 0 
7f5b88374000-7f5b8c000000 ---p 00000000 00:00 0 
7f5b8c000000-7f5b8c021000 rw-p 00000000 00:00 0 
7f5b8c021000-7f5b90000000 ---p 00000000 00:00 0 
7f5b90000000-7f5b90021000 rw-p 00000000 00:00 0 
7f5b90021000-7f5b94000000 ---p 00000000 00:00 0 
7f5b94000000-7f5b94021000 rw-p 00000000 00:00 0 
7f5b94021000-7f5b98000000 ---p 00000000 00:00 0 
7f5b98000000-7f5b98021000 rw-p 00000000 00:00 0 
7f5b98021000-7f5b9c000000 ---p 00000000 00:00 0 
7f5b9c000000-7f5b9c021000 rw-p 00000000 00:00 0 
7f5b9c021000-7f5ba0000000 ---p 00000000 00:00 0 
7f5ba0000000-7f5ba0021000 rw-p 00000000 00:00 0 
7f5ba0021000-7f5ba4000000 ---p 00000000 00:00 0 
7f5ba4000000-7f5ba4021000 rw-p 00000000 00:00 0 
7f5ba4021000-7f5ba8000000 ---p 00000000 00:00 0 
7f5ba8000000-7f5ba8004000 r--s 0002f000 08:01 37357968                   /usr/local/hadoop/share/hadoop/common/lib/commons-beanutils-core-1.8.0.jar
7f5ba8004000-7f5ba8009000 r--s 0002a000 08:01 37357967                   /usr/local/hadoop/share/hadoop/common/lib/commons-beanutils-1.7.0.jar
7f5ba8009000-7f5ba800e000 r--s 00041000 08:01 37357964                   /usr/local/hadoop/share/hadoop/common/lib/commons-lang-2.6.jar
7f5ba800e000-7f5ba8011000 ---p 00000000 00:00 0 
7f5ba8011000-7f5ba810f000 rw-p 00000000 00:00 0 
7f5ba810f000-7f5ba8112000 ---p 00000000 00:00 0 
7f5ba8112000-7f5bac000000 rw-p 00000000 00:00 0 
7f5bac000000-7f5bac021000 rw-p 00000000 00:00 0 
7f5bac021000-7f5bb0000000 ---p 00000000 00:00 0 
7f5bb0000000-7f5bb0021000 rw-p 00000000 00:00 0 
7f5bb0021000-7f5bb4000000 ---p 00000000 00:00 0 
7f5bb4000000-7f5bb4021000 rw-p 00000000 00:00 0 
7f5bb4021000-7f5bb8000000 ---p 00000000 00:00 0 
7f5bb8000000-7f5bb8021000 rw-p 00000000 00:00 0 
7f5bb8021000-7f5bbc000000 ---p 00000000 00:00 0 
7f5bbc000000-7f5bbc021000 rw-p 00000000 00:00 0 
7f5bbc021000-7f5bc0000000 ---p 00000000 00:00 0 
7f5bc0000000-7f5bc0002000 r--s 0000f000 08:01 37358011                   /usr/local/hadoop/share/hadoop/common/lib/jettison-1.1.jar
7f5bc0002000-7f5bc0007000 r--s 00036000 08:01 37357974                   /usr/local/hadoop/share/hadoop/common/lib/commons-compress-1.4.1.jar
7f5bc0007000-7f5bc0010000 r--s 00061000 08:01 37357961                   /usr/local/hadoop/share/hadoop/common/lib/httpclient-4.2.5.jar
7f5bc0010000-7f5bc0022000 r--s 00097000 08:01 37357979                   /usr/local/hadoop/share/hadoop/common/lib/apacheds-kerberos-codec-2.0.0-M15.jar
7f5bc0022000-7f5bc003d000 r--s 00394000 08:01 57542324                   /usr/lib/jvm/java-8-openjdk-amd64/jre/lib/ext/cldrdata.jar
7f5bc003d000-7f5bc0058000 r--s 001d6000 08:01 57542321                   /usr/lib/jvm/java-8-openjdk-amd64/jre/lib/ext/nashorn.jar
7f5bc0058000-7f5bc005b000 ---p 00000000 00:00 0 
7f5bc005b000-7f5bc0159000 rw-p 00000000 00:00 0 
7f5bc0159000-7f5bc015c000 ---p 00000000 00:00 0 
7f5bc015c000-7f5bc025a000 rw-p 00000000 00:00 0 
7f5bc025a000-7f5bc025d000 ---p 00000000 00:00 0 
7f5bc025d000-7f5bc035b000 rw-p 00000000 00:00 0 
7f5bc035b000-7f5bc07e5000 r--p 00000000 08:01 53871508                   /usr/lib/locale/locale-archive
7f5bc07e5000-7f5bc07e8000 ---p 00000000 00:00 0 
7f5bc07e8000-7f5bc08e6000 rw-p 00000000 00:00 0 
7f5bc08e6000-7f5bc08e9000 ---p 00000000 00:00 0 
7f5bc08e9000-7f5bc09e7000 rw-p 00000000 00:00 0 
7f5bc09e7000-7f5bc09e8000 ---p 00000000 00:00 0 
7f5bc09e8000-7f5bc2262000 rw-p 00000000 00:00 0 
7f5bc2262000-7f5bc2430000 r--s 03c06000 08:01 56363514                   /usr/lib/jvm/java-8-openjdk-amd64/jre/lib/rt.jar
7f5bc2430000-7f5bc300f000 rw-p 00000000 00:00 0 
7f5bc300f000-7f5bc3010000 ---p 00000000 00:00 0 
7f5bc3010000-7f5bc3110000 rw-p 00000000 00:00 0 
7f5bc3110000-7f5bc3111000 ---p 00000000 00:00 0 
7f5bc3111000-7f5bc3211000 rw-p 00000000 00:00 0 
7f5bc3211000-7f5bc3212000 ---p 00000000 00:00 0 
7f5bc3212000-7f5bc3312000 rw-p 00000000 00:00 0 
7f5bc3312000-7f5bc3313000 ---p 00000000 00:00 0 
7f5bc3313000-7f5bc3413000 rw-p 00000000 00:00 0 
7f5bc3413000-7f5bc3414000 ---p 00000000 00:00 0 
7f5bc3414000-7f5bc3514000 rw-p 00000000 00:00 0 
7f5bc3514000-7f5bc3515000 ---p 00000000 00:00 0 
7f5bc3515000-7f5bc3615000 rw-p 00000000 00:00 0 
7f5bc3615000-7f5bc3616000 ---p 00000000 00:00 0 
7f5bc3616000-7f5bc3740000 rw-p 00000000 00:00 0 
7f5bc3740000-7f5bc39ab000 ---p 00000000 00:00 0 
7f5bc39ab000-7f5bc39d5000 rw-p 00000000 00:00 0 
7f5bc39d5000-7f5bc3c3f000 ---p 00000000 00:00 0 
7f5bc3c3f000-7f5bc3c55000 rw-p 00000000 00:00 0 
7f5bc3c55000-7f5bc3d8a000 ---p 00000000 00:00 0 
7f5bc3d8a000-7f5bc3d9d000 rw-p 00000000 00:00 0 
7f5bc3d9d000-7f5bc414b000 ---p 00000000 00:00 0 
7f5bc414b000-7f5bc45ab000 rwxp 00000000 00:00 0 
7f5bc45ab000-7f5bd314b000 ---p 00000000 00:00 0 
7f5bd314b000-7f5bd3164000 r-xp 00000000 08:01 55316970                   /lib/x86_64-linux-gnu/libz.so.1.2.8
7f5bd3164000-7f5bd3363000 ---p 00019000 08:01 55316970                   /lib/x86_64-linux-gnu/libz.so.1.2.8
7f5bd3363000-7f5bd3364000 r--p 00018000 08:01 55316970                   /lib/x86_64-linux-gnu/libz.so.1.2.8
7f5bd3364000-7f5bd3365000 rw-p 00019000 08:01 55316970                   /lib/x86_64-linux-gnu/libz.so.1.2.8
7f5bd3365000-7f5bd336d000 r-xp 00000000 08:01 56888864                   /usr/lib/jvm/java-8-openjdk-amd64/jre/lib/amd64/libzip.so
7f5bd336d000-7f5bd356c000 ---p 00008000 08:01 56888864                   /usr/lib/jvm/java-8-openjdk-amd64/jre/lib/amd64/libzip.so
7f5bd356c000-7f5bd356d000 r--p 00007000 08:01 56888864                   /usr/lib/jvm/java-8-openjdk-amd64/jre/lib/amd64/libzip.so
7f5bd356d000-7f5bd356e000 rw-p 00008000 08:01 56888864                   /usr/lib/jvm/java-8-openjdk-amd64/jre/lib/amd64/libzip.so
7f5bd356e000-7f5bd3579000 r-xp 00000000 08:01 55316797                   /lib/x86_64-linux-gnu/libnss_files-2.23.so
7f5bd3579000-7f5bd3778000 ---p 0000b000 08:01 55316797                   /lib/x86_64-linux-gnu/libnss_files-2.23.so
7f5bd3778000-7f5bd3779000 r--p 0000a000 08:01 55316797                   /lib/x86_64-linux-gnu/libnss_files-2.23.so
7f5bd3779000-7f5bd377a000 rw-p 0000b000 08:01 55316797                   /lib/x86_64-linux-gnu/libnss_files-2.23.so
7f5bd377a000-7f5bd3780000 rw-p 00000000 00:00 0 
7f5bd3780000-7f5bd378b000 r-xp 00000000 08:01 55312470                   /lib/x86_64-linux-gnu/libnss_nis-2.23.so
7f5bd378b000-7f5bd398a000 ---p 0000b000 08:01 55312470                   /lib/x86_64-linux-gnu/libnss_nis-2.23.so
7f5bd398a000-7f5bd398b000 r--p 0000a000 08:01 55312470                   /lib/x86_64-linux-gnu/libnss_nis-2.23.so
7f5bd398b000-7f5bd398c000 rw-p 0000b000 08:01 55312470                   /lib/x86_64-linux-gnu/libnss_nis-2.23.so
7f5bd398c000-7f5bd39a2000 r-xp 00000000 08:01 55312481                   /lib/x86_64-linux-gnu/libnsl-2.23.so
7f5bd39a2000-7f5bd3ba1000 ---p 00016000 08:01 55312481                   /lib/x86_64-linux-gnu/libnsl-2.23.so
7f5bd3ba1000-7f5bd3ba2000 r--p 00015000 08:01 55312481                   /lib/x86_64-linux-gnu/libnsl-2.23.so
7f5bd3ba2000-7f5bd3ba3000 rw-p 00016000 08:01 55312481                   /lib/x86_64-linux-gnu/libnsl-2.23.so
7f5bd3ba3000-7f5bd3ba5000 rw-p 00000000 00:00 0 
7f5bd3ba5000-7f5bd3bad000 r-xp 00000000 08:01 55312482                   /lib/x86_64-linux-gnu/libnss_compat-2.23.so
7f5bd3bad000-7f5bd3dac000 ---p 00008000 08:01 55312482                   /lib/x86_64-linux-gnu/libnss_compat-2.23.so
7f5bd3dac000-7f5bd3dad000 r--p 00007000 08:01 55312482                   /lib/x86_64-linux-gnu/libnss_compat-2.23.so
7f5bd3dad000-7f5bd3dae000 rw-p 00008000 08:01 55312482                   /lib/x86_64-linux-gnu/libnss_compat-2.23.so
7f5bd3dae000-7f5bd3ddb000 r-xp 00000000 08:01 56888886                   /usr/lib/jvm/java-8-openjdk-amd64/jre/lib/amd64/libjava.so
7f5bd3ddb000-7f5bd3fda000 ---p 0002d000 08:01 56888886                   /usr/lib/jvm/java-8-openjdk-amd64/jre/lib/amd64/libjava.so
7f5bd3fda000-7f5bd3fdb000 r--p 0002c000 08:01 56888886                   /usr/lib/jvm/java-8-openjdk-amd64/jre/lib/amd64/libjava.so
7f5bd3fdb000-7f5bd3fdd000 rw-p 0002d000 08:01 56888886                   /usr/lib/jvm/java-8-openjdk-amd64/jre/lib/amd64/libjava.so
7f5bd3fdd000-7f5bd3fec000 r-xp 00000000 08:01 56888857                   /usr/lib/jvm/java-8-openjdk-amd64/jre/lib/amd64/libverify.so
7f5bd3fec000-7f5bd41eb000 ---p 0000f000 08:01 56888857                   /usr/lib/jvm/java-8-openjdk-amd64/jre/lib/amd64/libverify.so
7f5bd41eb000-7f5bd41ed000 r--p 0000e000 08:01 56888857                   /usr/lib/jvm/java-8-openjdk-amd64/jre/lib/amd64/libverify.so
7f5bd41ed000-7f5bd41ee000 rw-p 00010000 08:01 56888857                   /usr/lib/jvm/java-8-openjdk-amd64/jre/lib/amd64/libverify.so
7f5bd41ee000-7f5bd41f5000 r-xp 00000000 08:01 55312469                   /lib/x86_64-linux-gnu/librt-2.23.so
7f5bd41f5000-7f5bd43f4000 ---p 00007000 08:01 55312469                   /lib/x86_64-linux-gnu/librt-2.23.so
7f5bd43f4000-7f5bd43f5000 r--p 00006000 08:01 55312469                   /lib/x86_64-linux-gnu/librt-2.23.so
7f5bd43f5000-7f5bd43f6000 rw-p 00007000 08:01 55312469                   /lib/x86_64-linux-gnu/librt-2.23.so
7f5bd43f6000-7f5bd43f7000 ---p 00000000 00:00 0 
7f5bd43f7000-7f5bd4bf7000 rw-p 00000000 00:00 0 
7f5bd4bf7000-7f5bd4bf8000 ---p 00000000 00:00 0 
7f5bd4bf8000-7f5bd53f8000 rw-p 00000000 00:00 0 
7f5bd53f8000-7f5bd53f9000 ---p 00000000 00:00 0 
7f5bd53f9000-7f5bd5bf9000 rw-p 00000000 00:00 0 
7f5bd5bf9000-7f5bd5bfa000 ---p 00000000 00:00 0 
7f5bd5bfa000-7f5bd63fa000 rw-p 00000000 00:00 0 
7f5bd63fa000-7f5bd63fb000 ---p 00000000 00:00 0 
7f5bd63fb000-7f5bd6bfb000 rw-p 00000000 00:00 0 
7f5bd6bfb000-7f5bd6bfc000 ---p 00000000 00:00 0 
7f5bd6bfc000-7f5bd73fc000 rw-p 00000000 00:00 0 
7f5bd73fc000-7f5bd73fd000 ---p 00000000 00:00 0 
7f5bd73fd000-7f5bd7bfd000 rw-p 00000000 00:00 0 
7f5bd7bfd000-7f5bd7c00000 r-xp 00000000 08:01 55312473                   /lib/x86_64-linux-gnu/libdl-2.23.so
7f5bd7c00000-7f5bd7dff000 ---p 00003000 08:01 55312473                   /lib/x86_64-linux-gnu/libdl-2.23.so
7f5bd7dff000-7f5bd7e00000 r--p 00002000 08:01 55312473                   /lib/x86_64-linux-gnu/libdl-2.23.so
7f5bd7e00000-7f5bd7e01000 rw-p 00003000 08:01 55312473                   /lib/x86_64-linux-gnu/libdl-2.23.so
7f5bd7e01000-7f5bd8a51000 r-xp 00000000 08:01 57150129                   /usr/lib/jvm/java-8-openjdk-amd64/jre/lib/amd64/server/libjvm.so
7f5bd8a51000-7f5bd8c50000 ---p 00c50000 08:01 57150129                   /usr/lib/jvm/java-8-openjdk-amd64/jre/lib/amd64/server/libjvm.so
7f5bd8c50000-7f5bd8ce3000 r--p 00c4f000 08:01 57150129                   /usr/lib/jvm/java-8-openjdk-amd64/jre/lib/amd64/server/libjvm.so
7f5bd8ce3000-7f5bd8d0c000 rw-p 00ce2000 08:01 57150129                   /usr/lib/jvm/java-8-openjdk-amd64/jre/lib/amd64/server/libjvm.so
7f5bd8d0c000-7f5bd8d3c000 rw-p 00000000 00:00 0 
7f5bd8d3c000-7f5bd8efb000 r-xp 00000000 08:01 55312474                   /lib/x86_64-linux-gnu/libc-2.23.so
7f5bd8efb000-7f5bd90fb000 ---p 001bf000 08:01 55312474                   /lib/x86_64-linux-gnu/libc-2.23.so
7f5bd90fb000-7f5bd90ff000 r--p 001bf000 08:01 55312474                   /lib/x86_64-linux-gnu/libc-2.23.so
7f5bd90ff000-7f5bd9101000 rw-p 001c3000 08:01 55312474                   /lib/x86_64-linux-gnu/libc-2.23.so
7f5bd9101000-7f5bd9105000 rw-p 00000000 00:00 0 
7f5bd9105000-7f5bd911b000 r-xp 00000000 08:01 55316817                   /lib/x86_64-linux-gnu/libgcc_s.so.1
7f5bd911b000-7f5bd931a000 ---p 00016000 08:01 55316817                   /lib/x86_64-linux-gnu/libgcc_s.so.1
7f5bd931a000-7f5bd931b000 rw-p 00015000 08:01 55316817                   /lib/x86_64-linux-gnu/libgcc_s.so.1
7f5bd931b000-7f5bd933c000 r-xp 00000000 08:01 53871020                   /usr/lib/x86_64-linux-gnu/libgomp.so.1.0.0
7f5bd933c000-7f5bd953b000 ---p 00021000 08:01 53871020                   /usr/lib/x86_64-linux-gnu/libgomp.so.1.0.0
7f5bd953b000-7f5bd953c000 r--p 00020000 08:01 53871020                   /usr/lib/x86_64-linux-gnu/libgomp.so.1.0.0
7f5bd953c000-7f5bd953d000 rw-p 00021000 08:01 53871020                   /usr/lib/x86_64-linux-gnu/libgomp.so.1.0.0
7f5bd953d000-7f5bd9645000 r-xp 00000000 08:01 55312479                   /lib/x86_64-linux-gnu/libm-2.23.so
7f5bd9645000-7f5bd9844000 ---p 00108000 08:01 55312479                   /lib/x86_64-linux-gnu/libm-2.23.so
7f5bd9844000-7f5bd9845000 r--p 00107000 08:01 55312479                   /lib/x86_64-linux-gnu/libm-2.23.so
7f5bd9845000-7f5bd9846000 rw-p 00108000 08:01 55312479                   /lib/x86_64-linux-gnu/libm-2.23.so
7f5bd9846000-7f5bd99b8000 r-xp 00000000 08:01 53872769                   /usr/lib/x86_64-linux-gnu/libstdc++.so.6.0.21
7f5bd99b8000-7f5bd9bb8000 ---p 00172000 08:01 53872769                   /usr/lib/x86_64-linux-gnu/libstdc++.so.6.0.21
7f5bd9bb8000-7f5bd9bc2000 r--p 00172000 08:01 53872769                   /usr/lib/x86_64-linux-gnu/libstdc++.so.6.0.21
7f5bd9bc2000-7f5bd9bc4000 rw-p 0017c000 08:01 53872769                   /usr/lib/x86_64-linux-gnu/libstdc++.so.6.0.21
7f5bd9bc4000-7f5bd9bc8000 rw-p 00000000 00:00 0 
7f5bd9bc8000-7f5bd9be0000 r-xp 00000000 08:01 55312480                   /lib/x86_64-linux-gnu/libpthread-2.23.so
7f5bd9be0000-7f5bd9ddf000 ---p 00018000 08:01 55312480                   /lib/x86_64-linux-gnu/libpthread-2.23.so
7f5bd9ddf000-7f5bd9de0000 r--p 00017000 08:01 55312480                   /lib/x86_64-linux-gnu/libpthread-2.23.so
7f5bd9de0000-7f5bd9de1000 rw-p 00018000 08:01 55312480                   /lib/x86_64-linux-gnu/libpthread-2.23.so
7f5bd9de1000-7f5bd9de5000 rw-p 00000000 00:00 0 
7f5bd9de5000-7f5bd9df4000 r-xp 00000000 08:01 37224655                   /usr/local/hadoop/lib/native/libhdfs.so.0.0.0
7f5bd9df4000-7f5bd9ff3000 ---p 0000f000 08:01 37224655                   /usr/local/hadoop/lib/native/libhdfs.so.0.0.0
7f5bd9ff3000-7f5bd9ff4000 rw-p 0000e000 08:01 37224655                   /usr/local/hadoop/lib/native/libhdfs.so.0.0.0
7f5bd9ff4000-7f5bda01a000 r-xp 00000000 08:01 55312389                   /lib/x86_64-linux-gnu/ld-2.23.so
7f5bda01a000-7f5bda024000 r--s 00116000 08:01 57542327                   /usr/lib/jvm/java-8-openjdk-amd64/jre/lib/ext/localedata.jar
7f5bda024000-7f5bda029000 r--s 0003b000 08:01 57542328                   /usr/lib/jvm/java-8-openjdk-amd64/jre/lib/ext/sunjce_provider.jar
7f5bda029000-7f5bda0f5000 rw-p 00000000 00:00 0 
7f5bda0f5000-7f5bda0f6000 ---p 00000000 00:00 0 
7f5bda0f6000-7f5bda1fe000 rw-p 00000000 00:00 0 
7f5bda1fe000-7f5bda200000 r--s 00001000 08:01 37357970                   /usr/local/hadoop/share/hadoop/common/lib/slf4j-log4j12-1.7.10.jar
7f5bda200000-7f5bda204000 r--s 00037000 08:01 57542326                   /usr/lib/jvm/java-8-openjdk-amd64/jre/lib/ext/sunpkcs11.jar
7f5bda204000-7f5bda205000 r--s 00010000 08:01 57542325                   /usr/lib/jvm/java-8-openjdk-amd64/jre/lib/ext/zipfs.jar
7f5bda205000-7f5bda207000 r--s 00001000 08:01 57542322                   /usr/lib/jvm/java-8-openjdk-amd64/jre/lib/ext/dnsns.jar
7f5bda207000-7f5bda209000 r--s 00008000 08:01 57542320                   /usr/lib/jvm/java-8-openjdk-amd64/jre/lib/ext/sunec.jar
7f5bda209000-7f5bda20c000 r--s 0000f000 08:01 57542323                   /usr/lib/jvm/java-8-openjdk-amd64/jre/lib/ext/icedtea-sound.jar
7f5bda20c000-7f5bda20d000 r--s 0000a000 08:01 57542329                   /usr/lib/jvm/java-8-openjdk-amd64/jre/lib/ext/jaccess.jar
7f5bda20d000-7f5bda215000 rw-s 00000000 08:01 17563789                   /tmp/hsperfdata_peter/31287
7f5bda215000-7f5bda216000 rw-p 00000000 00:00 0 
7f5bda216000-7f5bda217000 r--p 00000000 00:00 0 
7f5bda217000-7f5bda219000 rw-p 00000000 00:00 0 
7f5bda219000-7f5bda21a000 r--p 00025000 08:01 55312389                   /lib/x86_64-linux-gnu/ld-2.23.so
7f5bda21a000-7f5bda21b000 rw-p 00026000 08:01 55312389                   /lib/x86_64-linux-gnu/ld-2.23.so
7f5bda21b000-7f5bda21c000 rw-p 00000000 00:00 0 
7ffc200b7000-7ffc200ba000 ---p 00000000 00:00 0 
7ffc200bb000-7ffc201b7000 rw-p 00000000 00:00 0                          [stack]
7ffc201d9000-7ffc201db000 r--p 00000000 00:00 0                          [vvar]
7ffc201db000-7ffc201dd000 r-xp 00000000 00:00 0                          [vdso]
ffffffffff600000-ffffffffff601000 r-xp 00000000 00:00 0                  [vsyscall]

VM Arguments:
java_command: <unknown>
java_class_path (initial): /usr/local/hadoop/etc/hadoop:/usr/local/hadoop/share/hadoop/common/lib/apacheds-kerberos-codec-2.0.0-M15.jar:/usr/local/hadoop/share/hadoop/common/lib/slf4j-log4j12-1.7.10.jar:/usr/local/hadoop/share/hadoop/common/lib/httpclient-4.2.5.jar:/usr/local/hadoop/share/hadoop/common/lib/commons-compress-1.4.1.jar:/usr/local/hadoop/share/hadoop/common/lib/jettison-1.1.jar:/usr/local/hadoop/share/hadoop/common/lib/commons-lang-2.6.jar:/usr/local/hadoop/share/hadoop/common/lib/jackson-mapper-asl-1.9.13.jar:/usr/local/hadoop/share/hadoop/common/lib/commons-beanutils-1.7.0.jar:/usr/local/hadoop/share/hadoop/common/lib/commons-beanutils-core-1.8.0.jar:/usr/local/hadoop/share/hadoop/common/lib/servlet-api-2.5.jar:/usr/local/hadoop/share/hadoop/common/lib/jackson-core-asl-1.9.13.jar:/usr/local/hadoop/share/hadoop/common/lib/api-util-1.0.0-M20.jar:/usr/local/hadoop/share/hadoop/common/lib/commons-collections-3.2.2.jar:/usr/local/hadoop/share/hadoop/common/lib/jackson-xc-1.9.13.jar:/usr/local/hadoop/share/hadoop/common/lib/stax-api-1.0-2.jar:/usr/local/hadoop/share/hadoop/common/lib/curator-framework-2.7.1.jar:/usr/local/hadoop/share/hadoop/common/lib/activation-1.1.jar:/usr/local/hadoop/share/hadoop/common/lib/jsp-api-2.1.jar:/usr/local/hadoop/share/hadoop/common/lib/xz-1.0.jar:/usr/local/hadoop/share/hadoop/common/lib/jetty-util-6.1.26.jar:/usr/local/hadoop/share/hadoop/common/lib/commons-configuration-1.6.jar:/usr/local/hadoop/share/hadoop/common/lib/paranamer-2.3.jar:/usr/local/hadoop/share/hadoop/common/lib/commons-cli-1.2.jar:/usr/local/hadoop/share/hadoop/common/lib/commons-httpclient-3.1.jar:/usr/local/hadoop/share/hadoop/common/lib/httpcore-4.2.5.jar:/usr/local/hadoop/share/hadoop/common/lib/commons-logging-1.1.3.jar:/usr/local/hadoop/share/hadoop/common/lib/commons-net-3.1.jar:/usr/local/hadoop/share/hadoop/common/lib/java-xmlbuilder-0.4.jar:/usr/local/hadoop/share/hadoop/common/lib/jetty-6.1.26.jar:/usr/local/hadoop/share/hadoop/common/lib/had
Launcher Type: generic

Environment Variables:
PATH=/home/peter/bin:/home/peter/.local/bin:/usr/local/sbin:/usr/local/bin:/usr/sbin:/usr/bin:/sbin:/bin:/usr/games:/usr/local/games:/snap/bin
LD_LIBRARY_PATH=/home/peter/clion-2016.3.2/bin:
SHELL=/bin/bash
DISPLAY=:0

Signal Handlers:
SIGSEGV: [libjvm.so+0xa66fd0], sa_mask[0]=11111111011111111101111111111110, sa_flags=SA_RESTART|SA_SIGINFO
SIGBUS: [libjvm.so+0xa66fd0], sa_mask[0]=11111111011111111101111111111110, sa_flags=SA_RESTART|SA_SIGINFO
SIGFPE: [libjvm.so+0x8b0180], sa_mask[0]=11111111011111111101111111111110, sa_flags=SA_RESTART|SA_SIGINFO
SIGPIPE: [libjvm.so+0x8b0180], sa_mask[0]=11111111011111111101111111111110, sa_flags=SA_RESTART|SA_SIGINFO
SIGXFSZ: [libjvm.so+0x8b0180], sa_mask[0]=11111111011111111101111111111110, sa_flags=SA_RESTART|SA_SIGINFO
SIGILL: [libjvm.so+0x8b0180], sa_mask[0]=11111111011111111101111111111110, sa_flags=SA_RESTART|SA_SIGINFO
SIGUSR1: SIG_DFL, sa_mask[0]=00000000000000000000000000000000, sa_flags=none
SIGUSR2: [libjvm.so+0x8b0030], sa_mask[0]=00100000000000000000000000000000, sa_flags=SA_RESTART|SA_SIGINFO
SIGHUP: [libjvm.so+0x8b0500], sa_mask[0]=11111111011111111101111111111110, sa_flags=SA_RESTART|SA_SIGINFO
SIGINT: [libjvm.so+0x8b0500], sa_mask[0]=11111111011111111101111111111110, sa_flags=SA_RESTART|SA_SIGINFO
SIGTERM: [libjvm.so+0x8b0500], sa_mask[0]=11111111011111111101111111111110, sa_flags=SA_RESTART|SA_SIGINFO
SIGQUIT: [libjvm.so+0x8b0500], sa_mask[0]=11111111011111111101111111111110, sa_flags=SA_RESTART|SA_SIGINFO


---------------  S Y S T E M  ---------------

OS:DISTRIB_ID=Ubuntu
DISTRIB_RELEASE=16.04
DISTRIB_CODENAME=xenial
DISTRIB_DESCRIPTION="Ubuntu 16.04.1 LTS"

uname:Linux 4.4.0-62-generic #83-Ubuntu SMP Wed Jan 18 14:10:15 UTC 2017 x86_64
libc:glibc 2.23 NPTL 2.23 
rlimit: STACK 8192k, CORE 0k, NPROC 31545, NOFILE 65536, AS infinity
load average:2.39 1.28 0.97

/proc/meminfo:
MemTotal:        8115884 kB
MemFree:         1311800 kB
MemAvailable:    1754768 kB
Buffers:           58540 kB
Cached:           745548 kB
SwapCached:       102956 kB
Active:          4957496 kB
Inactive:        1528036 kB
Active(anon):    4599604 kB
Inactive(anon):  1288660 kB
Active(file):     357892 kB
Inactive(file):   239376 kB
Unevictable:          48 kB
Mlocked:              48 kB
SwapTotal:       8328188 kB
SwapFree:        7670076 kB
Dirty:              4420 kB
Writeback:             0 kB
AnonPages:       5632912 kB
Mapped:           364232 kB
Shmem:            206468 kB
Slab:             178584 kB
SReclaimable:     130048 kB
SUnreclaim:        48536 kB
KernelStack:       15552 kB
PageTables:        51644 kB
NFS_Unstable:          0 kB
Bounce:                0 kB
WritebackTmp:          0 kB
CommitLimit:    12386128 kB
Committed_AS:   12506036 kB
VmallocTotal:   34359738367 kB
VmallocUsed:           0 kB
VmallocChunk:          0 kB
HardwareCorrupted:     0 kB
AnonHugePages:   2015232 kB
CmaTotal:              0 kB
CmaFree:               0 kB
HugePages_Total:       0
HugePages_Free:        0
HugePages_Rsvd:        0
HugePages_Surp:        0
Hugepagesize:       2048 kB
DirectMap4k:      240300 kB
DirectMap2M:     8089600 kB
DirectMap1G:     1048576 kB


CPU:total 8 (4 cores per cpu, 2 threads per core) family 6 model 60 stepping 3, cmov, cx8, fxsr, mmx, sse, sse2, sse3, ssse3, sse4.1, sse4.2, popcnt, avx, avx2, aes, clmul, erms, lzcnt, ht, tsc, tscinvbit, bmi1, bmi2

/proc/cpuinfo:
processor	: 0
vendor_id	: GenuineIntel
cpu family	: 6
model		: 60
model name	: Intel(R) Core(TM) i7-4770 CPU @ 3.40GHz
stepping	: 3
microcode	: 0x1e
cpu MHz		: 3412.351
cache size	: 8192 KB
physical id	: 0
siblings	: 8
core id		: 0
cpu cores	: 4
apicid		: 0
initial apicid	: 0
fpu		: yes
fpu_exception	: yes
cpuid level	: 13
wp		: yes
flags		: fpu vme de pse tsc msr pae mce cx8 apic sep mtrr pge mca cmov pat pse36 clflush dts acpi mmx fxsr sse sse2 ss ht tm pbe syscall nx pdpe1gb rdtscp lm constant_tsc arch_perfmon pebs bts rep_good nopl xtopology nonstop_tsc aperfmperf eagerfpu pni pclmulqdq dtes64 monitor ds_cpl vmx smx est tm2 ssse3 sdbg fma cx16 xtpr pdcm pcid sse4_1 sse4_2 x2apic movbe popcnt tsc_deadline_timer aes xsave avx f16c rdrand lahf_lm abm epb tpr_shadow vnmi flexpriority ept vpid fsgsbase tsc_adjust bmi1 avx2 smep bmi2 erms invpcid xsaveopt dtherm ida arat pln pts
bugs		:
bogomips	: 6784.08
clflush size	: 64
cache_alignment	: 64
address sizes	: 39 bits physical, 48 bits virtual
power management:

processor	: 1
vendor_id	: GenuineIntel
cpu family	: 6
model		: 60
model name	: Intel(R) Core(TM) i7-4770 CPU @ 3.40GHz
stepping	: 3
microcode	: 0x1e
cpu MHz		: 3552.203
cache size	: 8192 KB
physical id	: 0
siblings	: 8
core id		: 1
cpu cores	: 4
apicid		: 2
initial apicid	: 2
fpu		: yes
fpu_exception	: yes
cpuid level	: 13
wp		: yes
flags		: fpu vme de pse tsc msr pae mce cx8 apic sep mtrr pge mca cmov pat pse36 clflush dts acpi mmx fxsr sse sse2 ss ht tm pbe syscall nx pdpe1gb rdtscp lm constant_tsc arch_perfmon pebs bts rep_good nopl xtopology nonstop_tsc aperfmperf eagerfpu pni pclmulqdq dtes64 monitor ds_cpl vmx smx est tm2 ssse3 sdbg fma cx16 xtpr pdcm pcid sse4_1 sse4_2 x2apic movbe popcnt tsc_deadline_timer aes xsave avx f16c rdrand lahf_lm abm epb tpr_shadow vnmi flexpriority ept vpid fsgsbase tsc_adjust bmi1 avx2 smep bmi2 erms invpcid xsaveopt dtherm ida arat pln pts
bugs		:
bogomips	: 6784.08
clflush size	: 64
cache_alignment	: 64
address sizes	: 39 bits physical, 48 bits virtual
power management:

processor	: 2
vendor_id	: GenuineIntel
cpu family	: 6
model		: 60
model name	: Intel(R) Core(TM) i7-4770 CPU @ 3.40GHz
stepping	: 3
microcode	: 0x1e
cpu MHz		: 3693.250
cache size	: 8192 KB
physical id	: 0
siblings	: 8
core id		: 2
cpu cores	: 4
apicid		: 4
initial apicid	: 4
fpu		: yes
fpu_exception	: yes
cpuid level	: 13
wp		: yes
flags		: fpu vme de pse tsc msr pae mce cx8 apic sep mtrr pge mca cmov pat pse36 clflush dts acpi mmx fxsr sse sse2 ss ht tm pbe syscall nx pdpe1gb rdtscp lm constant_tsc arch_perfmon pebs bts rep_good nopl xtopology nonstop_tsc aperfmperf eagerfpu pni pclmulqdq dtes64 monitor ds_cpl vmx smx est tm2 ssse3 sdbg fma cx16 xtpr pdcm pcid sse4_1 sse4_2 x2apic movbe popcnt tsc_deadline_timer aes xsave avx f16c rdrand lahf_lm abm epb tpr_shadow vnmi flexpriority ept vpid fsgsbase tsc_adjust bmi1 avx2 smep bmi2 erms invpcid xsaveopt dtherm ida arat pln pts
bugs		:
bogomips	: 6784.08
clflush size	: 64
cache_alignment	: 64
address sizes	: 39 bits physical, 48 bits virtual
power management:

processor	: 3
vendor_id	: GenuineIntel
cpu family	: 6
model		: 60
model name	: Intel(R) Core(TM) i7-4770 CPU @ 3.40GHz
stepping	: 3
microcode	: 0x1e
cpu MHz		: 3834.164
cache size	: 8192 KB
physical id	: 0
siblings	: 8
core id		: 3
cpu cores	: 4
apicid		: 6
initial apicid	: 6
fpu		: yes
fpu_exception	: yes
cpuid level	: 13
wp		: yes
flags		: fpu vme de pse tsc msr pae mce cx8 apic sep mtrr pge mca cmov pat pse36 clflush dts acpi mmx fxsr sse sse2 ss ht tm pbe syscall nx pdpe1gb rdtscp lm constant_tsc arch_perfmon pebs bts rep_good nopl xtopology nonstop_tsc aperfmperf eagerfpu pni pclmulqdq dtes64 monitor ds_cpl vmx smx est tm2 ssse3 sdbg fma cx16 xtpr pdcm pcid sse4_1 sse4_2 x2apic movbe popcnt tsc_deadline_timer aes xsave avx f16c rdrand lahf_lm abm epb tpr_shadow vnmi flexpriority ept vpid fsgsbase tsc_adjust bmi1 avx2 smep bmi2 erms invpcid xsaveopt dtherm ida arat pln pts
bugs		:
bogomips	: 6784.08
clflush size	: 64
cache_alignment	: 64
address sizes	: 39 bits physical, 48 bits virtual
power management:

processor	: 4
vendor_id	: GenuineIntel
cpu family	: 6
model		: 60
model name	: Intel(R) Core(TM) i7-4770 CPU @ 3.40GHz
stepping	: 3
microcode	: 0x1e
cpu MHz		: 3885.164
cache size	: 8192 KB
physical id	: 0
siblings	: 8
core id		: 0
cpu cores	: 4
apicid		: 1
initial apicid	: 1
fpu		: yes
fpu_exception	: yes
cpuid level	: 13
wp		: yes
flags		: fpu vme de pse tsc msr pae mce cx8 apic sep mtrr pge mca cmov pat pse36 clflush dts acpi mmx fxsr sse sse2 ss ht tm pbe syscall nx pdpe1gb rdtscp lm constant_tsc arch_perfmon pebs bts rep_good nopl xtopology nonstop_tsc aperfmperf eagerfpu pni pclmulqdq dtes64 monitor ds_cpl vmx smx est tm2 ssse3 sdbg fma cx16 xtpr pdcm pcid sse4_1 sse4_2 x2apic movbe popcnt tsc_deadline_timer aes xsave avx f16c rdrand lahf_lm abm epb tpr_shadow vnmi flexpriority ept vpid fsgsbase tsc_adjust bmi1 avx2 smep bmi2 erms invpcid xsaveopt dtherm ida arat pln pts
bugs		:
bogomips	: 6784.08
clflush size	: 64
cache_alignment	: 64
address sizes	: 39 bits physical, 48 bits virtual
power management:

processor	: 5
vendor_id	: GenuineIntel
cpu family	: 6
model		: 60
model name	: Intel(R) Core(TM) i7-4770 CPU @ 3.40GHz
stepping	: 3
microcode	: 0x1e
cpu MHz		: 3386.984
cache size	: 8192 KB
physical id	: 0
siblings	: 8
core id		: 1
cpu cores	: 4
apicid		: 3
initial apicid	: 3
fpu		: yes
fpu_exception	: yes
cpuid level	: 13
wp		: yes
flags		: fpu vme de pse tsc msr pae mce cx8 apic sep mtrr pge mca cmov pat pse36 clflush dts acpi mmx fxsr sse sse2 ss ht tm pbe syscall nx pdpe1gb rdtscp lm constant_tsc arch_perfmon pebs bts rep_good nopl xtopology nonstop_tsc aperfmperf eagerfpu pni pclmulqdq dtes64 monitor ds_cpl vmx smx est tm2 ssse3 sdbg fma cx16 xtpr pdcm pcid sse4_1 sse4_2 x2apic movbe popcnt tsc_deadline_timer aes xsave avx f16c rdrand lahf_lm abm epb tpr_shadow vnmi flexpriority ept vpid fsgsbase tsc_adjust bmi1 avx2 smep bmi2 erms invpcid xsaveopt dtherm ida arat pln pts
bugs		:
bogomips	: 6784.08
clflush size	: 64
cache_alignment	: 64
address sizes	: 39 bits physical, 48 bits virtual
power management:

processor	: 6
vendor_id	: GenuineIntel
cpu family	: 6
model		: 60
model name	: Intel(R) Core(TM) i7-4770 CPU @ 3.40GHz
stepping	: 3
microcode	: 0x1e
cpu MHz		: 3895.257
cache size	: 8192 KB
physical id	: 0
siblings	: 8
core id		: 2
cpu cores	: 4
apicid		: 5
initial apicid	: 5
fpu		: yes
fpu_exception	: yes
cpuid level	: 13
wp		: yes
flags		: fpu vme de pse tsc msr pae mce cx8 apic sep mtrr pge mca cmov pat pse36 clflush dts acpi mmx fxsr sse sse2 ss ht tm pbe syscall nx pdpe1gb rdtscp lm constant_tsc arch_perfmon pebs bts rep_good nopl xtopology nonstop_tsc aperfmperf eagerfpu pni pclmulqdq dtes64 monitor ds_cpl vmx smx est tm2 ssse3 sdbg fma cx16 xtpr pdcm pcid sse4_1 sse4_2 x2apic movbe popcnt tsc_deadline_timer aes xsave avx f16c rdrand lahf_lm abm epb tpr_shadow vnmi flexpriority ept vpid fsgsbase tsc_adjust bmi1 avx2 smep bmi2 erms invpcid xsaveopt dtherm ida arat pln pts
bugs		:
bogomips	: 6784.08
clflush size	: 64
cache_alignment	: 64
address sizes	: 39 bits physical, 48 bits virtual
power management:

processor	: 7
vendor_id	: GenuineIntel
cpu family	: 6
model		: 60
model name	: Intel(R) Core(TM) i7-4770 CPU @ 3.40GHz
stepping	: 3
microcode	: 0x1e
cpu MHz		: 3694.578
cache size	: 8192 KB
physical id	: 0
siblings	: 8
core id		: 3
cpu cores	: 4
apicid		: 7
initial apicid	: 7
fpu		: yes
fpu_exception	: yes
cpuid level	: 13
wp		: yes
flags		: fpu vme de pse tsc msr pae mce cx8 apic sep mtrr pge mca cmov pat pse36 clflush dts acpi mmx fxsr sse sse2 ss ht tm pbe syscall nx pdpe1gb rdtscp lm constant_tsc arch_perfmon pebs bts rep_good nopl xtopology nonstop_tsc aperfmperf eagerfpu pni pclmulqdq dtes64 monitor ds_cpl vmx smx est tm2 ssse3 sdbg fma cx16 xtpr pdcm pcid sse4_1 sse4_2 x2apic movbe popcnt tsc_deadline_timer aes xsave avx f16c rdrand lahf_lm abm epb tpr_shadow vnmi flexpriority ept vpid fsgsbase tsc_adjust bmi1 avx2 smep bmi2 erms invpcid xsaveopt dtherm ida arat pln pts
bugs		:
bogomips	: 6784.08
clflush size	: 64
cache_alignment	: 64
address sizes	: 39 bits physical, 48 bits virtual
power management:



Memory: 4k page, physical 8115884k(1311800k free), swap 8328188k(7670076k free)

vm_info: OpenJDK 64-Bit Server VM (25.121-b13) for linux-amd64 JRE (1.8.0_121-8u121-b13-0ubuntu1.16.04.2-b13), built on Jan 23 2017 15:51:29 by "buildd" with gcc 5.4.0 20160609

time: Tue Feb  7 18:26:16 2017
elapsed time: 4 seconds (0d 0h 0m 4s)

