#
# A fatal error has been detected by the Java Runtime Environment:
#
#  SIGSEGV (0xb) at pc=0x000000000045aaf6, pid=31385, tid=0x00007fd7280437c0
#
# JRE version: OpenJDK Runtime Environment (8.0_121-b13) (build 1.8.0_121-8u121-b13-0ubuntu1.16.04.2-b13)
# Java VM: OpenJDK 64-Bit Server VM (25.121-b13 mixed mode linux-amd64 compressed oops)
# Problematic frame:
# C  [FastLSH+0x5aaf6]  std::vector<double, std::allocator<double> >::size() const+0xc
#
# Failed to write core dump. Core dumps have been disabled. To enable core dumping, try "ulimit -c unlimited" before starting Java again
#
# If you would like to submit a bug report, please visit:
#   http://bugreport.java.com/bugreport/crash.jsp
# The crash happened outside the Java Virtual Machine in native code.
# See problematic frame for where to report the bug.
#

---------------  T H R E A D  ---------------

Current thread (0x0000000002842800):  JavaThread "main" [_thread_in_native, id=31385, stack(0x00007fff00727000,0x00007fff00827000)]

siginfo: si_signo: 11 (SIGSEGV), si_code: 1 (SEGV_MAPERR), si_addr: 0x0000000000000008

Registers:
RAX=0x0000000000000000, RBX=0x0000000000000001, RCX=0x0000000000000000, RDX=0x0000000000000000
RSP=0x00007fff00822490, RBP=0x00007fff00822490, RSI=0x0000000000000000, RDI=0x0000000000000000
R8 =0x00007fff008224c0, R9 =0x0000000000000000, R10=0x0000000003c70df0, R11=0x00007fd726d1c390
R12=0x00000000004724be, R13=0x0000000000000000, R14=0x0000000000000021, R15=0x0000000000000000
RIP=0x000000000045aaf6, EFLAGS=0x0000000000010246, CSGSFS=0x0000000000000033, ERR=0x0000000000000004
  TRAPNO=0x000000000000000e

Top of Stack: (sp=0x00007fff00822490)
0x00007fff00822490:   00007fff00822500 00000000004602ef
0x00007fff008224a0:   0000000000000000 0000000002640fd0
0x00007fff008224b0:   0000000000000000 0000000000000000
0x00007fff008224c0:   0000000000000000 0000000000000000
0x00007fff008224d0:   0000000000000001 0000000000000000
0x00007fff008224e0:   00007fff00822520 2781e531e0bb0300
0x00007fff008224f0:   00007fff00822530 0000000000000000
0x00007fff00822500:   00007fff00822530 000000000048d7ad
0x00007fff00822510:   0000000000000021 0000000000000000
0x00007fff00822520:   000000000049d05b 0000000002640fd0
0x00007fff00822530:   00007fff008225b0 0000000000486ffd
0x00007fff00822540:   0000000000000021 0000000000000000
0x00007fff00822550:   000000000049d05b 0000000002640fd0
0x00007fff00822560:   0000000000000000 00000000026387c0
0x00007fff00822570:   0000000000000000 2781e531e0bb0300
0x00007fff00822580:   00007fff008225a0 0000000000469b37
0x00007fff00822590:   00007fff008225a0 2781e531e0bb0300
0x00007fff008225a0:   00007fff008225b0 0000000000000000
0x00007fff008225b0:   00007fff00822620 000000000046a5a4
0x00007fff008225c0:   0000000000000011 0000000000000000
0x00007fff008225d0:   0000000000000000 0000000002640fd0
0x00007fff008225e0:   0000000000000000 00000000026387c0
0x00007fff008225f0:   00007fff00822610 0000000000000000
0x00007fff00822600:   00000000004724be 0000000000000000
0x00007fff00822610:   0000000000000011 0000000000000000
0x00007fff00822620:   00007fff00822690 000000000046af3c
0x00007fff00822630:   0000000000000001 0000000002639160
0x00007fff00822640:   00000000026387c0 00000000026389e0
0x00007fff00822650:   0000015a181d3419 0000000002640fd0
0x00007fff00822660:   00007fff00822690 0000000000000000
0x00007fff00822670:   00000000004724be 0000000000000000
0x00007fff00822680:   000000000047fe3c 0000000000000000 

Instructions: (pc=0x000000000045aaf6)
0x000000000045aad6:   0c 25 28 00 00 00 74 05 e8 1d b3 ff ff 48 83 c4
0x000000000045aae6:   48 5b 5d c3 55 48 89 e5 48 89 7d f8 48 8b 45 f8
0x000000000045aaf6:   48 8b 40 08 48 89 c2 48 8b 45 f8 48 8b 00 48 29
0x000000000045ab06:   c2 48 89 d0 48 c1 f8 03 5d c3 55 48 89 e5 53 48 

Register to memory mapping:

RAX=0x0000000000000000 is an unknown value
RBX=0x0000000000000001 is an unknown value
RCX=0x0000000000000000 is an unknown value
RDX=0x0000000000000000 is an unknown value
RSP=0x00007fff00822490 is pointing into the stack for thread: 0x0000000002842800
RBP=0x00007fff00822490 is pointing into the stack for thread: 0x0000000002842800
RSI=0x0000000000000000 is an unknown value
RDI=0x0000000000000000 is an unknown value
R8 =0x00007fff008224c0 is pointing into the stack for thread: 0x0000000002842800
R9 =0x0000000000000000 is an unknown value
R10=0x0000000003c70df0 is an unknown value
R11=0x00007fd726d1c390: <offset 0x194390> in /lib/x86_64-linux-gnu/libc.so.6 at 0x00007fd726b88000
R12=0x00000000004724be: _ZN7testing8internal12UnitTestImpl11RunAllTestsEv+0 in /home/peter/FYP/FastLSH/cmake-build-debug/FastLSH at 0x0000000000400000
R13=0x0000000000000000 is an unknown value
R14=0x0000000000000021 is an unknown value
R15=0x0000000000000000 is an unknown value


Stack: [0x00007fff00727000,0x00007fff00827000],  sp=0x00007fff00822490,  free space=1005k
Native frames: (J=compiled Java code, j=interpreted, Vv=VM code, C=native code)
C  [FastLSH+0x5aaf6]  std::vector<double, std::allocator<double> >::size() const+0xc
C  [FastLSH+0x602ef]  hdfsTest_sizeTest_Test::TestBody()+0x121
C  [FastLSH+0x8d7ad]  void testing::internal::HandleSehExceptionsInMethodIfSupported<testing::Test, void>(testing::Test*, void (testing::Test::*)(), char const*)+0x65
C  [FastLSH+0x86ffd]  void testing::internal::HandleExceptionsInMethodIfSupported<testing::Test, void>(testing::Test*, void (testing::Test::*)(), char const*)+0x5a
C  [FastLSH+0x6a5a4]  testing::Test::Run()+0xd0
C  [FastLSH+0x6af3c]  testing::TestInfo::Run()+0x108
C  [FastLSH+0x6b62f]  testing::TestCase::Run()+0x101
C  [FastLSH+0x72776]  testing::internal::UnitTestImpl::RunAllTests()+0x2b8
C  [FastLSH+0x8ed85]  bool testing::internal::HandleSehExceptionsInMethodIfSupported<testing::internal::UnitTestImpl, bool>(testing::internal::UnitTestImpl*, bool (testing::internal::UnitTestImpl::*)(), char const*)+0x65
C  [FastLSH+0x87e3f]  bool testing::internal::HandleExceptionsInMethodIfSupported<testing::internal::UnitTestImpl, bool>(testing::internal::UnitTestImpl*, bool (testing::internal::UnitTestImpl::*)(), char const*)+0x5a
C  [FastLSH+0x71212]  testing::UnitTest::Run()+0xb6
C  [FastLSH+0x566f2]  RUN_ALL_TESTS()+0x11
C  [FastLSH+0x5668c]  main+0x36
C  [libc.so.6+0x20830]  __libc_start_main+0xf0


---------------  P R O C E S S  ---------------

Java Threads: ( => current thread )
  0x0000000003a26800 JavaThread "org.apache.hadoop.fs.FileSystem$Statistics$StatisticsDataReferenceCleaner" daemon [_thread_blocked, id=31414, stack(0x00007fd709326000,0x00007fd709427000)]
  0x000000000391a800 JavaThread "process reaper" daemon [_thread_blocked, id=31412, stack(0x00007fd709427000,0x00007fd709460000)]
  0x0000000002e61000 JavaThread "Service Thread" daemon [_thread_blocked, id=31409, stack(0x00007fd709f5a000,0x00007fd70a05b000)]
  0x0000000002e5c800 JavaThread "C1 CompilerThread3" daemon [_thread_blocked, id=31408, stack(0x00007fd70a05b000,0x00007fd70a15c000)]
  0x0000000002e58000 JavaThread "C2 CompilerThread2" daemon [_thread_blocked, id=31407, stack(0x00007fd70a15c000,0x00007fd70a25d000)]
  0x0000000002e56000 JavaThread "C2 CompilerThread1" daemon [_thread_blocked, id=31406, stack(0x00007fd70a25d000,0x00007fd70a35e000)]
  0x0000000002e53800 JavaThread "C2 CompilerThread0" daemon [_thread_blocked, id=31405, stack(0x00007fd70a35e000,0x00007fd70a45f000)]
  0x0000000002e51000 JavaThread "Signal Dispatcher" daemon [_thread_blocked, id=31404, stack(0x00007fd70a45f000,0x00007fd70a560000)]
  0x0000000002e29800 JavaThread "Finalizer" daemon [_thread_blocked, id=31403, stack(0x00007fd70a9ea000,0x00007fd70aaeb000)]
  0x0000000002e03800 JavaThread "Reference Handler" daemon [_thread_blocked, id=31402, stack(0x00007fd70aaeb000,0x00007fd70abec000)]
=>0x0000000002842800 JavaThread "main" [_thread_in_native, id=31385, stack(0x00007fff00727000,0x00007fff00827000)]

Other Threads:
  0x0000000002dfc000 VMThread [stack: 0x00007fd70abec000,0x00007fd70aced000] [id=31401]
  0x0000000002e64000 WatcherThread [stack: 0x00007fd709e59000,0x00007fd709f5a000] [id=31410]

VM state:not at safepoint (normal execution)

VM Mutex/Monitor currently owned by a thread: None

Heap:
 PSYoungGen      total 68608K, used 36974K [0x00000000d6b80000, 0x00000000df180000, 0x0000000100000000)
  eden space 63488K, 50% used [0x00000000d6b80000,0x00000000d8aa0350,0x00000000da980000)
  from space 5120K, 99% used [0x00000000da980000,0x00000000dae7b6d0,0x00000000dae80000)
  to   space 5120K, 0% used [0x00000000dec80000,0x00000000dec80000,0x00000000df180000)
 ParOldGen       total 84992K, used 3665K [0x0000000084200000, 0x0000000089500000, 0x00000000d6b80000)
  object space 84992K, 4% used [0x0000000084200000,0x00000000845944e0,0x0000000089500000)
 Metaspace       used 20618K, capacity 20844K, committed 21248K, reserved 1069056K
  class space    used 2381K, capacity 2472K, committed 2560K, reserved 1048576K

Card table byte_map: [0x00007fd7117f7000,0x00007fd711bd7000] byte_map_base: 0x00007fd7113d6000

Marking Bits: (ParMarkBitMap*) 0x00007fd726b6b220
 Begin Bits: [0x00007fd700210000, 0x00007fd702108000)
 End Bits:   [0x00007fd702108000, 0x00007fd704000000)

Polling page: 0x00007fd728062000

CodeCache: size=245760Kb used=4422Kb max_used=4440Kb free=241337Kb
 bounds [0x00007fd711f97000, 0x00007fd7123f7000, 0x00007fd720f97000]
 total_blobs=1631 nmethods=1222 adapters=324
 compilation: enabled

Compilation events (10 events):
Event: 0.958 Thread 0x0000000002e5c800 nmethod 1220 0x00007fd7123e4850 code [0x00007fd7123e49c0, 0x00007fd7123e4be8]
Event: 0.958 Thread 0x0000000002e5c800 1221       3       org.apache.hadoop.util.PureJavaCrc32C::reset (6 bytes)
Event: 0.958 Thread 0x0000000002e5c800 nmethod 1221 0x00007fd7123e7990 code [0x00007fd7123e7ae0, 0x00007fd7123e7c30]
Event: 0.958 Thread 0x0000000002e5c800 1222       1       java.nio.Buffer::capacity (5 bytes)
Event: 0.958 Thread 0x0000000002e5c800 nmethod 1222 0x00007fd7123e7cd0 code [0x00007fd7123e7e20, 0x00007fd7123e7f30]
Event: 0.958 Thread 0x0000000002e56000 nmethod 1180 0x00007fd7123e7f90 code [0x00007fd7123e8260, 0x00007fd7123e97e8]
Event: 0.958 Thread 0x0000000002e56000 1188       4       java.lang.String::indexOf (7 bytes)
Event: 0.959 Thread 0x0000000002e58000 nmethod 1194 0x00007fd7123e4fd0 code [0x00007fd7123e51a0, 0x00007fd7123e5728]
Event: 0.963 Thread 0x0000000002e56000 nmethod 1188 0x00007fd7123f0490 code [0x00007fd7123f0600, 0x00007fd7123f0a78]
Event: 0.963 Thread 0x0000000002e53800 nmethod 1193 0x00007fd7123f0dd0 code [0x00007fd7123f10c0, 0x00007fd7123f2190]

GC Heap History (6 events):
Event: 0.292 GC heap before
{Heap before GC invocations=1 (full 0):
 PSYoungGen      total 36864K, used 31744K [0x00000000d6b80000, 0x00000000d9480000, 0x0000000100000000)
  eden space 31744K, 100% used [0x00000000d6b80000,0x00000000d8a80000,0x00000000d8a80000)
  from space 5120K, 0% used [0x00000000d8f80000,0x00000000d8f80000,0x00000000d9480000)
  to   space 5120K, 0% used [0x00000000d8a80000,0x00000000d8a80000,0x00000000d8f80000)
 ParOldGen       total 84992K, used 0K [0x0000000084200000, 0x0000000089500000, 0x00000000d6b80000)
  object space 84992K, 0% used [0x0000000084200000,0x0000000084200000,0x0000000089500000)
 Metaspace       used 8150K, capacity 8314K, committed 8448K, reserved 1056768K
  class space    used 957K, capacity 1009K, committed 1024K, reserved 1048576K
Event: 0.295 GC heap after
Heap after GC invocations=1 (full 0):
 PSYoungGen      total 36864K, used 4771K [0x00000000d6b80000, 0x00000000db380000, 0x0000000100000000)
  eden space 31744K, 0% used [0x00000000d6b80000,0x00000000d6b80000,0x00000000d8a80000)
  from space 5120K, 93% used [0x00000000d8a80000,0x00000000d8f28dc0,0x00000000d8f80000)
  to   space 5120K, 0% used [0x00000000dae80000,0x00000000dae80000,0x00000000db380000)
 ParOldGen       total 84992K, used 80K [0x0000000084200000, 0x0000000089500000, 0x00000000d6b80000)
  object space 84992K, 0% used [0x0000000084200000,0x0000000084214028,0x0000000089500000)
 Metaspace       used 8150K, capacity 8314K, committed 8448K, reserved 1056768K
  class space    used 957K, capacity 1009K, committed 1024K, reserved 1048576K
}
Event: 0.490 GC heap before
{Heap before GC invocations=2 (full 0):
 PSYoungGen      total 36864K, used 36515K [0x00000000d6b80000, 0x00000000db380000, 0x0000000100000000)
  eden space 31744K, 100% used [0x00000000d6b80000,0x00000000d8a80000,0x00000000d8a80000)
  from space 5120K, 93% used [0x00000000d8a80000,0x00000000d8f28dc0,0x00000000d8f80000)
  to   space 5120K, 0% used [0x00000000dae80000,0x00000000dae80000,0x00000000db380000)
 ParOldGen       total 84992K, used 80K [0x0000000084200000, 0x0000000089500000, 0x00000000d6b80000)
  object space 84992K, 0% used [0x0000000084200000,0x0000000084214028,0x0000000089500000)
 Metaspace       used 12354K, capacity 12554K, committed 12928K, reserved 1060864K
  class space    used 1461K, capacity 1543K, committed 1664K, reserved 1048576K
Event: 0.506 GC heap after
Heap after GC invocations=2 (full 0):
 PSYoungGen      total 68608K, used 5098K [0x00000000d6b80000, 0x00000000db380000, 0x0000000100000000)
  eden space 63488K, 0% used [0x00000000d6b80000,0x00000000d6b80000,0x00000000da980000)
  from space 5120K, 99% used [0x00000000dae80000,0x00000000db37aa98,0x00000000db380000)
  to   space 5120K, 0% used [0x00000000da980000,0x00000000da980000,0x00000000dae80000)
 ParOldGen       total 84992K, used 717K [0x0000000084200000, 0x0000000089500000, 0x00000000d6b80000)
  object space 84992K, 0% used [0x0000000084200000,0x00000000842b37c8,0x0000000089500000)
 Metaspace       used 12354K, capacity 12554K, committed 12928K, reserved 1060864K
  class space    used 1461K, capacity 1543K, committed 1664K, reserved 1048576K
}
Event: 0.702 GC heap before
{Heap before GC invocations=3 (full 0):
 PSYoungGen      total 68608K, used 68586K [0x00000000d6b80000, 0x00000000db380000, 0x0000000100000000)
  eden space 63488K, 100% used [0x00000000d6b80000,0x00000000da980000,0x00000000da980000)
  from space 5120K, 99% used [0x00000000dae80000,0x00000000db37aa98,0x00000000db380000)
  to   space 5120K, 0% used [0x00000000da980000,0x00000000da980000,0x00000000dae80000)
 ParOldGen       total 84992K, used 717K [0x0000000084200000, 0x0000000089500000, 0x00000000d6b80000)
  object space 84992K, 0% used [0x0000000084200000,0x00000000842b37c8,0x0000000089500000)
 Metaspace       used 17715K, capacity 17898K, committed 18048K, reserved 1064960K
  class space    used 2055K, capacity 2151K, committed 2176K, reserved 1048576K
Event: 0.707 GC heap after
Heap after GC invocations=3 (full 0):
 PSYoungGen      total 68608K, used 5101K [0x00000000d6b80000, 0x00000000df180000, 0x0000000100000000)
  eden space 63488K, 0% used [0x00000000d6b80000,0x00000000d6b80000,0x00000000da980000)
  from space 5120K, 99% used [0x00000000da980000,0x00000000dae7b6d0,0x00000000dae80000)
  to   space 5120K, 0% used [0x00000000dec80000,0x00000000dec80000,0x00000000df180000)
 ParOldGen       total 84992K, used 3665K [0x0000000084200000, 0x0000000089500000, 0x00000000d6b80000)
  object space 84992K, 4% used [0x0000000084200000,0x00000000845944e0,0x0000000089500000)
 Metaspace       used 17715K, capacity 17898K, committed 18048K, reserved 1064960K
  class space    used 2055K, capacity 2151K, committed 2176K, reserved 1048576K
}

Deoptimization events (10 events):
Event: 0.133 Thread 0x0000000002842800 Uncommon trap: reason=unstable_if action=reinterpret pc=0x00007fd7121270e0 method=java.lang.String.indexOf([CII[CIII)I @ 3
Event: 0.296 Thread 0x0000000002842800 Uncommon trap: reason=unstable_if action=reinterpret pc=0x00007fd71221769c method=org.apache.xerces.impl.XMLEntityScanner.skipChar(I)Z @ 14
Event: 0.390 Thread 0x0000000002842800 Uncommon trap: reason=unstable_if action=reinterpret pc=0x00007fd71225fb4c method=org.apache.xerces.dom.DeferredDocumentImpl.clearChunkIndex([[III)I @ 47
Event: 0.509 Thread 0x0000000002842800 Uncommon trap: reason=unstable_if action=reinterpret pc=0x00007fd7121d9d94 method=sun.net.www.ParseUtil.encodePath(Ljava/lang/String;Z)Ljava/lang/String; @ 109
Event: 0.752 Thread 0x0000000002842800 Uncommon trap: reason=class_check action=maybe_recompile pc=0x00007fd7123af5b8 method=java.io.DataOutputStream.write(I)V @ 5
Event: 0.752 Thread 0x0000000002842800 Uncommon trap: reason=class_check action=maybe_recompile pc=0x00007fd7123af5b8 method=java.io.DataOutputStream.write(I)V @ 5
Event: 0.752 Thread 0x0000000002842800 Uncommon trap: reason=class_check action=maybe_recompile pc=0x00007fd7123af5b8 method=java.io.DataOutputStream.write(I)V @ 5
Event: 0.815 Thread 0x0000000002842800 Uncommon trap: reason=bimorphic action=maybe_recompile pc=0x00007fd712392084 method=java.io.DataOutputStream.writeShort(I)V @ 12
Event: 0.815 Thread 0x0000000002842800 Uncommon trap: reason=class_check action=maybe_recompile pc=0x00007fd7123af5b8 method=java.io.DataOutputStream.write(I)V @ 5
Event: 0.956 Thread 0x0000000002842800 Uncommon trap: reason=bimorphic action=maybe_recompile pc=0x00007fd712392084 method=java.io.DataOutputStream.writeShort(I)V @ 12

Internal exceptions (10 events):
Event: 0.128 Thread 0x0000000002842800 Exception <a 'java/lang/ClassNotFoundException': org/apache/log4j/AppenderSkeletonCustomizer> (0x00000000d73f7838) thrown at [/build/openjdk-8-YiEakL/openjdk-8-8u121-b13/src/hotspot/src/share/vm/classfile/systemDictionary.cpp, line 210]
Event: 0.130 Thread 0x0000000002842800 Exception <a 'java/lang/ClassNotFoundException': org/apache/log4j/WriterAppenderCustomizer> (0x00000000d7430bd0) thrown at [/build/openjdk-8-YiEakL/openjdk-8-8u121-b13/src/hotspot/src/share/vm/classfile/systemDictionary.cpp, line 210]
Event: 0.131 Thread 0x0000000002842800 Exception <a 'java/lang/ClassNotFoundException': org/apache/log4j/ConsoleAppenderCustomizer> (0x00000000d7460bb8) thrown at [/build/openjdk-8-YiEakL/openjdk-8-8u121-b13/src/hotspot/src/share/vm/classfile/systemDictionary.cpp, line 210]
Event: 0.335 Thread 0x0000000002842800 Exception <a 'java/lang/NoSuchFieldError': method resolution failed> (0x00000000d6f664f0) thrown at [/build/openjdk-8-YiEakL/openjdk-8-8u121-b13/src/hotspot/src/share/vm/prims/methodHandles.cpp, line 1146]
Event: 0.336 Thread 0x0000000002842800 Exception <a 'java/lang/NoSuchFieldError': method resolution failed> (0x00000000d6f73be0) thrown at [/build/openjdk-8-YiEakL/openjdk-8-8u121-b13/src/hotspot/src/share/vm/prims/methodHandles.cpp, line 1146]
Event: 0.356 Thread 0x0000000002842800 Exception <a 'java/io/FileNotFoundException'> (0x00000000d711a0f8) thrown at [/build/openjdk-8-YiEakL/openjdk-8-8u121-b13/src/hotspot/src/share/vm/prims/jni.cpp, line 709]
Event: 0.356 Thread 0x0000000002842800 Exception <a 'java/security/PrivilegedActionException'> (0x00000000d711a560) thrown at [/build/openjdk-8-YiEakL/openjdk-8-8u121-b13/src/hotspot/src/share/vm/prims/jvm.cpp, line 1390]
Event: 0.356 Thread 0x0000000002842800 Exception <a 'java/lang/reflect/InvocationTargetException'> (0x00000000d711c620) thrown at [/build/openjdk-8-YiEakL/openjdk-8-8u121-b13/src/hotspot/src/share/vm/runtime/reflection.cpp, line 1092]
Event: 0.828 Thread 0x0000000003c8c800 Exception <a 'java/lang/InterruptedException'> (0x00000000d7f01c80) thrown at [/build/openjdk-8-YiEakL/openjdk-8-8u121-b13/src/hotspot/src/share/vm/runtime/objectMonitor.cpp, line 1684]
Event: 0.958 Thread 0x0000000003e10000 Exception <a 'java/lang/InterruptedException'> (0x00000000d8965760) thrown at [/build/openjdk-8-YiEakL/openjdk-8-8u121-b13/src/hotspot/src/share/vm/runtime/objectMonitor.cpp, line 1684]

Events (10 events):
Event: 0.929 Thread 0x0000000003c8e800 Thread exited: 0x0000000003c8e800
Event: 0.952 loading class javax/security/auth/Subject$ClassSet$1
Event: 0.952 loading class javax/security/auth/Subject$ClassSet$1 done
Event: 0.953 Thread 0x0000000003e10000 Thread added: 0x0000000003e10000
Event: 0.953 Thread 0x0000000003e10800 Thread added: 0x0000000003e10800
Event: 0.956 Thread 0x0000000002842800 Uncommon trap: trap_request=0xffffffc6 fr.pc=0x00007fd712392084
Event: 0.956 Thread 0x0000000002842800 DEOPT PACKING pc=0x00007fd712392084 sp=0x00007fff00821480
Event: 0.956 Thread 0x0000000002842800 DEOPT UNPACKING pc=0x00007fd711f9bf69 sp=0x00007fff00821490 mode 2
Event: 0.958 Thread 0x0000000003e10000 Thread exited: 0x0000000003e10000
Event: 1.058 Thread 0x0000000003e10800 Thread exited: 0x0000000003e10800


Dynamic libraries:
00400000-004c0000 r-xp 00000000 08:01 38799275                           /home/peter/FYP/FastLSH/cmake-build-debug/FastLSH
006bf000-006c0000 r--p 000bf000 08:01 38799275                           /home/peter/FYP/FastLSH/cmake-build-debug/FastLSH
006c0000-006c1000 rw-p 000c0000 08:01 38799275                           /home/peter/FYP/FastLSH/cmake-build-debug/FastLSH
02626000-03eec000 rw-p 00000000 00:00 0                                  [heap]
84200000-89500000 rw-p 00000000 00:00 0 
89500000-d6b80000 ---p 00000000 00:00 0 
d6b80000-df180000 rw-p 00000000 00:00 0 
df180000-100000000 ---p 00000000 00:00 0 
100000000-100280000 rw-p 00000000 00:00 0 
100280000-140000000 ---p 00000000 00:00 0 
7fd6ac000000-7fd6ac026000 rw-p 00000000 00:00 0 
7fd6ac026000-7fd6b0000000 ---p 00000000 00:00 0 
7fd6b0000000-7fd6b0021000 rw-p 00000000 00:00 0 
7fd6b0021000-7fd6b4000000 ---p 00000000 00:00 0 
7fd6b4000000-7fd6b4021000 rw-p 00000000 00:00 0 
7fd6b4021000-7fd6b8000000 ---p 00000000 00:00 0 
7fd6b8000000-7fd6b8021000 rw-p 00000000 00:00 0 
7fd6b8021000-7fd6bc000000 ---p 00000000 00:00 0 
7fd6bc000000-7fd6bc021000 rw-p 00000000 00:00 0 
7fd6bc021000-7fd6c0000000 ---p 00000000 00:00 0 
7fd6c0000000-7fd6c0021000 rw-p 00000000 00:00 0 
7fd6c0021000-7fd6c4000000 ---p 00000000 00:00 0 
7fd6c4000000-7fd6c4374000 rw-p 00000000 00:00 0 
7fd6c4374000-7fd6c8000000 ---p 00000000 00:00 0 
7fd6c8000000-7fd6c81d9000 rw-p 00000000 00:00 0 
7fd6c81d9000-7fd6cc000000 ---p 00000000 00:00 0 
7fd6cc000000-7fd6cc3d8000 rw-p 00000000 00:00 0 
7fd6cc3d8000-7fd6d0000000 ---p 00000000 00:00 0 
7fd6d0000000-7fd6d028b000 rw-p 00000000 00:00 0 
7fd6d028b000-7fd6d4000000 ---p 00000000 00:00 0 
7fd6d4000000-7fd6d4021000 rw-p 00000000 00:00 0 
7fd6d4021000-7fd6d8000000 ---p 00000000 00:00 0 
7fd6d8000000-7fd6d8021000 rw-p 00000000 00:00 0 
7fd6d8021000-7fd6dc000000 ---p 00000000 00:00 0 
7fd6dc000000-7fd6dc021000 rw-p 00000000 00:00 0 
7fd6dc021000-7fd6e0000000 ---p 00000000 00:00 0 
7fd6e0000000-7fd6e0021000 rw-p 00000000 00:00 0 
7fd6e0021000-7fd6e4000000 ---p 00000000 00:00 0 
7fd6e4000000-7fd6e4021000 rw-p 00000000 00:00 0 
7fd6e4021000-7fd6e8000000 ---p 00000000 00:00 0 
7fd6e8000000-7fd6e8021000 rw-p 00000000 00:00 0 
7fd6e8021000-7fd6ec000000 ---p 00000000 00:00 0 
7fd6ec000000-7fd6ec021000 rw-p 00000000 00:00 0 
7fd6ec021000-7fd6f0000000 ---p 00000000 00:00 0 
7fd6f3aec000-7fd6f3b2c000 rw-p 00000000 00:00 0 
7fd6f3b2c000-7fd6f3cef000 ---p 00000000 00:00 0 
7fd6f3cef000-7fd6f3ded000 rw-p 00000000 00:00 0 
7fd6f3ded000-7fd6f3dfe000 r-xp 00000000 08:01 56888874                   /usr/lib/jvm/java-8-openjdk-amd64/jre/lib/amd64/libnio.so
7fd6f3dfe000-7fd6f3ffe000 ---p 00011000 08:01 56888874                   /usr/lib/jvm/java-8-openjdk-amd64/jre/lib/amd64/libnio.so
7fd6f3ffe000-7fd6f3fff000 r--p 00011000 08:01 56888874                   /usr/lib/jvm/java-8-openjdk-amd64/jre/lib/amd64/libnio.so
7fd6f3fff000-7fd6f4000000 rw-p 00012000 08:01 56888874                   /usr/lib/jvm/java-8-openjdk-amd64/jre/lib/amd64/libnio.so
7fd6f4000000-7fd6f4021000 rw-p 00000000 00:00 0 
7fd6f4021000-7fd6f8000000 ---p 00000000 00:00 0 
7fd6f8000000-7fd6f8021000 rw-p 00000000 00:00 0 
7fd6f8021000-7fd6fc000000 ---p 00000000 00:00 0 
7fd6fc000000-7fd6fc021000 rw-p 00000000 00:00 0 
7fd6fc021000-7fd700000000 ---p 00000000 00:00 0 
7fd700010000-7fd704000000 rw-p 00000000 00:00 0 
7fd704000000-7fd704021000 rw-p 00000000 00:00 0 
7fd704021000-7fd708000000 ---p 00000000 00:00 0 
7fd708062000-7fd708065000 ---p 00000000 00:00 0 
7fd708065000-7fd708363000 rw-p 00000000 00:00 0 
7fd708363000-7fd708563000 rw-p 00000000 00:00 0 
7fd708563000-7fd708864000 rw-p 00000000 00:00 0 
7fd708864000-7fd70887b000 r-xp 00000000 08:01 56888866                   /usr/lib/jvm/java-8-openjdk-amd64/jre/lib/amd64/libnet.so
7fd70887b000-7fd708a7a000 ---p 00017000 08:01 56888866                   /usr/lib/jvm/java-8-openjdk-amd64/jre/lib/amd64/libnet.so
7fd708a7a000-7fd708a7b000 r--p 00016000 08:01 56888866                   /usr/lib/jvm/java-8-openjdk-amd64/jre/lib/amd64/libnet.so
7fd708a7b000-7fd708a7c000 rw-p 00017000 08:01 56888866                   /usr/lib/jvm/java-8-openjdk-amd64/jre/lib/amd64/libnet.so
7fd708a7c000-7fd708e5b000 rw-p 00000000 00:00 0 
7fd708f1d000-7fd708f20000 r--s 00015000 08:01 56363511                   /usr/lib/jvm/java-8-openjdk-amd64/jre/lib/jce.jar
7fd708f20000-7fd708f24000 r--s 0009a000 08:01 56363510                   /usr/lib/jvm/java-8-openjdk-amd64/jre/lib/jsse.jar
7fd708f24000-7fd709124000 rw-p 00000000 00:00 0 
7fd709124000-7fd709125000 r-xp 00000000 08:01 56888858                   /usr/lib/jvm/java-8-openjdk-amd64/jre/lib/amd64/libjaas_unix.so
7fd709125000-7fd709324000 ---p 00001000 08:01 56888858                   /usr/lib/jvm/java-8-openjdk-amd64/jre/lib/amd64/libjaas_unix.so
7fd709324000-7fd709325000 r--p 00000000 08:01 56888858                   /usr/lib/jvm/java-8-openjdk-amd64/jre/lib/amd64/libjaas_unix.so
7fd709325000-7fd709326000 rw-p 00001000 08:01 56888858                   /usr/lib/jvm/java-8-openjdk-amd64/jre/lib/amd64/libjaas_unix.so
7fd709326000-7fd709329000 ---p 00000000 00:00 0 
7fd709329000-7fd709427000 rw-p 00000000 00:00 0 
7fd709427000-7fd70942a000 ---p 00000000 00:00 0 
7fd70942a000-7fd709660000 rw-p 00000000 00:00 0 
7fd709660000-7fd709669000 r-xp 00000000 08:01 56888880                   /usr/lib/jvm/java-8-openjdk-amd64/jre/lib/amd64/libmanagement.so
7fd709669000-7fd709868000 ---p 00009000 08:01 56888880                   /usr/lib/jvm/java-8-openjdk-amd64/jre/lib/amd64/libmanagement.so
7fd709868000-7fd709869000 r--p 00008000 08:01 56888880                   /usr/lib/jvm/java-8-openjdk-amd64/jre/lib/amd64/libmanagement.so
7fd709869000-7fd70986a000 rw-p 00009000 08:01 56888880                   /usr/lib/jvm/java-8-openjdk-amd64/jre/lib/amd64/libmanagement.so
7fd70986a000-7fd70986c000 r--s 0000e000 08:01 37358641                   /usr/local/hadoop/share/hadoop/mapreduce/hadoop-mapreduce-client-jobclient-2.7.3.jar
7fd70986c000-7fd709879000 r--s 000b0000 08:01 37358637                   /usr/local/hadoop/share/hadoop/mapreduce/hadoop-mapreduce-client-common-2.7.3.jar
7fd709879000-7fd70987b000 r--s 00010000 08:01 37358638                   /usr/local/hadoop/share/hadoop/mapreduce/hadoop-mapreduce-client-shuffle-2.7.3.jar
7fd70987b000-7fd709893000 r--s 00164000 08:01 37358636                   /usr/local/hadoop/share/hadoop/mapreduce/hadoop-mapreduce-client-core-2.7.3.jar
7fd709893000-7fd709897000 r--s 0002b000 08:01 37358640                   /usr/local/hadoop/share/hadoop/mapreduce/hadoop-mapreduce-client-hs-2.7.3.jar
7fd709897000-7fd709898000 r--s 00006000 08:01 37358642                   /usr/local/hadoop/share/hadoop/mapreduce/hadoop-mapreduce-client-hs-plugins-2.7.3.jar
7fd709898000-7fd7098ae000 r--s 00165000 08:01 37358644                   /usr/local/hadoop/share/hadoop/mapreduce/hadoop-mapreduce-client-jobclient-2.7.3-tests.jar
7fd7098ae000-7fd7098b3000 r--s 00044000 08:01 37358643                   /usr/local/hadoop/share/hadoop/mapreduce/hadoop-mapreduce-examples-2.7.3.jar
7fd7098b3000-7fd7098bd000 r--s 0007a000 08:01 37358639                   /usr/local/hadoop/share/hadoop/mapreduce/hadoop-mapreduce-client-app-2.7.3.jar
7fd7098bd000-7fd7098c4000 r--s 00044000 08:01 37358612                   /usr/local/hadoop/share/hadoop/mapreduce/lib/avro-1.7.4.jar
7fd7098c4000-7fd7098ca000 r--s 00036000 08:01 37358632                   /usr/local/hadoop/share/hadoop/mapreduce/lib/junit-4.11.jar
7fd7098ca000-7fd7098d2000 r--s 0007b000 08:01 37358611                   /usr/local/hadoop/share/hadoop/mapreduce/lib/protobuf-java-2.5.0.jar
7fd7098d2000-7fd7098d3000 r--s 0000a000 08:01 37358623                   /usr/local/hadoop/share/hadoop/mapreduce/lib/asm-3.2.jar
7fd7098d3000-7fd7098dd000 r--s 00066000 08:01 37358621                   /usr/local/hadoop/share/hadoop/mapreduce/lib/jersey-core-1.9.jar
7fd7098dd000-7fd7098de000 r--s 00003000 08:01 37358630                   /usr/local/hadoop/share/hadoop/mapreduce/lib/jersey-guice-1.9.jar
7fd7098de000-7fd7098e2000 r--s 0002a000 08:01 37358620                   /usr/local/hadoop/share/hadoop/mapreduce/lib/commons-io-2.4.jar
7fd7098e2000-7fd7098f9000 r--s 0010e000 08:01 37358625                   /usr/local/hadoop/share/hadoop/mapreduce/lib/netty-3.6.2.Final.jar
7fd7098f9000-7fd7098fb000 r--s 000f2000 08:01 37358616                   /usr/local/hadoop/share/hadoop/mapreduce/lib/snappy-java-1.0.4.1.jar
7fd7098fb000-7fd7098fd000 r--s 00009000 08:01 37358633                   /usr/local/hadoop/share/hadoop/mapreduce/lib/hamcrest-core-1.3.jar
7fd7098fd000-7fd709906000 r--s 0006f000 08:01 37358624                   /usr/local/hadoop/share/hadoop/mapreduce/lib/log4j-1.2.17.jar
7fd709906000-7fd709918000 r--s 0009d000 08:01 37358622                   /usr/local/hadoop/share/hadoop/mapreduce/lib/jersey-server-1.9.jar
7fd709918000-7fd709919000 r--s 00009000 08:01 37358619                   /usr/local/hadoop/share/hadoop/mapreduce/lib/hadoop-annotations-2.7.3.jar
7fd709919000-7fd70991a000 r--s 00000000 08:01 37358628                   /usr/local/hadoop/share/hadoop/mapreduce/lib/javax.inject-1.jar
7fd70991a000-7fd70991c000 r--s 00006000 08:01 37358615                   /usr/local/hadoop/share/hadoop/mapreduce/lib/paranamer-2.3.jar
7fd70991c000-7fd709920000 r--s 00014000 08:01 37358618                   /usr/local/hadoop/share/hadoop/mapreduce/lib/xz-1.0.jar
7fd709920000-7fd709924000 r--s 00035000 08:01 37358613                   /usr/local/hadoop/share/hadoop/mapreduce/lib/jackson-core-asl-1.9.13.jar
7fd709924000-7fd709926000 r--s 00000000 08:01 37358629                   /usr/local/hadoop/share/hadoop/mapreduce/lib/aopalliance-1.0.jar
7fd709926000-7fd709934000 r--s 000b1000 08:01 37358614                   /usr/local/hadoop/share/hadoop/mapreduce/lib/jackson-mapper-asl-1.9.13.jar
7fd709934000-7fd709939000 r--s 00036000 08:01 37358617                   /usr/local/hadoop/share/hadoop/mapreduce/lib/commons-compress-1.4.1.jar
7fd709939000-7fd709948000 r--s 0009f000 08:01 37358627                   /usr/local/hadoop/share/hadoop/mapreduce/lib/guice-3.0.jar
7fd709948000-7fd70994b000 r--s 000fd000 08:01 37358626                   /usr/local/hadoop/share/hadoop/mapreduce/lib/leveldbjni-all-1.8.jar
7fd70994b000-7fd70994d000 r--s 0000e000 08:01 37358631                   /usr/local/hadoop/share/hadoop/mapreduce/lib/guice-servlet-3.0.jar
7fd70994d000-7fd70995b000 r--s 000a1000 08:01 37358582                   /usr/local/hadoop/share/hadoop/yarn/hadoop-yarn-server-nodemanager-2.7.3.jar
7fd70995b000-7fd709971000 r--s 00122000 08:01 37358585                   /usr/local/hadoop/share/hadoop/yarn/hadoop-yarn-server-resourcemanager-2.7.3.jar
7fd709971000-7fd709974000 r--s 0001b000 08:01 37358591                   /usr/local/hadoop/share/hadoop/yarn/hadoop-yarn-registry-2.7.3.jar
7fd709974000-7fd709991000 r--s 001d3000 08:01 37358579                   /usr/local/hadoop/share/hadoop/yarn/hadoop-yarn-api-2.7.3.jar
7fd709991000-7fd709993000 r--s 00011000 08:01 37358588                   /usr/local/hadoop/share/hadoop/yarn/hadoop-yarn-server-sharedcachemanager-2.7.3.jar
7fd709993000-7fd709994000 r--s 00010000 08:01 37358589                   /usr/local/hadoop/share/hadoop/yarn/hadoop-yarn-applications-distributedshell-2.7.3.jar
7fd709994000-7fd70999c000 r--s 00057000 08:01 37358581                   /usr/local/hadoop/share/hadoop/yarn/hadoop-yarn-server-common-2.7.3.jar
7fd70999c000-7fd7099a1000 r--s 00031000 08:01 37358584                   /usr/local/hadoop/share/hadoop/yarn/hadoop-yarn-server-applicationhistoryservice-2.7.3.jar
7fd7099a1000-7fd7099a3000 r--s 00008000 08:01 37358590                   /usr/local/hadoop/share/hadoop/yarn/hadoop-yarn-applications-unmanaged-am-launcher-2.7.3.jar
7fd7099a3000-7fd7099a5000 r--s 0000e000 08:01 37358586                   /usr/local/hadoop/share/hadoop/yarn/hadoop-yarn-server-tests-2.7.3.jar
7fd7099a5000-7fd7099a7000 r--s 0000d000 08:01 37358583                   /usr/local/hadoop/share/hadoop/yarn/hadoop-yarn-server-web-proxy-2.7.3.jar
7fd7099a7000-7fd7099aa000 r--s 00026000 08:01 37358587                   /usr/local/hadoop/share/hadoop/yarn/hadoop-yarn-client-2.7.3.jar
7fd7099aa000-7fd7099c2000 r--s 00182000 08:01 37358580                   /usr/local/hadoop/share/hadoop/yarn/hadoop-yarn-common-2.7.3.jar
7fd7099c2000-7fd7099d5000 r--s 000c7000 08:01 37358570                   /usr/local/hadoop/share/hadoop/yarn/lib/jaxb-impl-2.2.3-1.jar
7fd7099d5000-7fd7099f6000 r--s 00172000 08:01 37358541                   /usr/local/hadoop/share/hadoop/yarn/lib/guava-11.0.2.jar
7fd7099f6000-7fd7099fe000 r--s 0007b000 08:01 37358544                   /usr/local/hadoop/share/hadoop/yarn/lib/protobuf-java-2.5.0.jar
7fd7099fe000-7fd7099ff000 r--s 0000a000 08:01 37358567                   /usr/local/hadoop/share/hadoop/yarn/lib/asm-3.2.jar
7fd7099ff000-7fd709a03000 r--s 00021000 08:01 37358568                   /usr/local/hadoop/share/hadoop/yarn/lib/jersey-json-1.9.jar
7fd709a03000-7fd709a06000 r--s 00006000 08:01 37358542                   /usr/local/hadoop/share/hadoop/yarn/lib/jsr305-3.0.0.jar
7fd709a06000-7fd709a12000 r--s 000b6000 08:01 37358572                   /usr/local/hadoop/share/hadoop/yarn/lib/zookeeper-3.4.6.jar
7fd709a12000-7fd709a1c000 r--s 00066000 08:01 37358555                   /usr/local/hadoop/share/hadoop/yarn/lib/jersey-core-1.9.jar
7fd709a1c000-7fd709a1d000 r--s 00003000 08:01 37358571                   /usr/local/hadoop/share/hadoop/yarn/lib/jersey-guice-1.9.jar
7fd709a1d000-7fd709a21000 r--s 0002a000 08:01 37358565                   /usr/local/hadoop/share/hadoop/yarn/lib/commons-io-2.4.jar
7fd709a21000-7fd709a38000 r--s 0010e000 08:01 37358573                   /usr/local/hadoop/share/hadoop/yarn/lib/netty-3.6.2.Final.jar
7fd709a38000-7fd709a41000 r--s 0007b000 08:01 37358539                   /usr/local/hadoop/share/hadoop/yarn/lib/zookeeper-3.4.6-tests.jar
7fd709a41000-7fd709a43000 r--s 0000d000 08:01 37358553                   /usr/local/hadoop/share/hadoop/yarn/lib/commons-codec-1.4.jar
7fd709a43000-7fd709a4c000 r--s 0006f000 08:01 37358546                   /usr/local/hadoop/share/hadoop/yarn/lib/log4j-1.2.17.jar
7fd709a4c000-7fd709a5e000 r--s 0009d000 08:01 37358566                   /usr/local/hadoop/share/hadoop/yarn/lib/jersey-server-1.9.jar
7fd709a5e000-7fd709a61000 r--s 00017000 08:01 37358547                   /usr/local/hadoop/share/hadoop/yarn/lib/jaxb-api-2.2.2.jar
7fd709a61000-7fd709a62000 r--s 00004000 08:01 37358559                   /usr/local/hadoop/share/hadoop/yarn/lib/jackson-jaxrs-1.9.13.jar
7fd709a62000-7fd709a65000 r--s 0001d000 08:01 37358556                   /usr/local/hadoop/share/hadoop/yarn/lib/jersey-client-1.9.jar
7fd709a65000-7fd709a6c000 r--s 0007d000 08:01 37358576                   /usr/local/hadoop/share/hadoop/yarn/lib/jetty-6.1.26.jar
7fd709a6c000-7fd709a6e000 r--s 0000e000 08:01 37358543                   /usr/local/hadoop/share/hadoop/yarn/lib/commons-logging-1.1.3.jar
7fd709a6e000-7fd709a70000 r--s 00009000 08:01 37358545                   /usr/local/hadoop/share/hadoop/yarn/lib/commons-cli-1.2.jar
7fd709a70000-7fd709a71000 r--s 00000000 08:01 37358563                   /usr/local/hadoop/share/hadoop/yarn/lib/javax.inject-1.jar
7fd709a71000-7fd709a75000 r--s 00028000 08:01 37358554                   /usr/local/hadoop/share/hadoop/yarn/lib/jetty-util-6.1.26.jar
7fd709a75000-7fd709a79000 r--s 00014000 08:01 37358551                   /usr/local/hadoop/share/hadoop/yarn/lib/xz-1.0.jar
7fd709a79000-7fd709a7b000 r--s 0000e000 08:01 37358549                   /usr/local/hadoop/share/hadoop/yarn/lib/activation-1.1.jar
7fd709a7b000-7fd709a7d000 r--s 00004000 08:01 37358548                   /usr/local/hadoop/share/hadoop/yarn/lib/stax-api-1.0-2.jar
7fd709a7d000-7fd709a7e000 r--s 00006000 08:01 37358560                   /usr/local/hadoop/share/hadoop/yarn/lib/jackson-xc-1.9.13.jar
7fd709a7e000-7fd709a8b000 r--s 00083000 08:01 37358575                   /usr/local/hadoop/share/hadoop/yarn/lib/commons-collections-3.2.2.jar
7fd709a8b000-7fd709a8f000 r--s 00035000 08:01 37358557                   /usr/local/hadoop/share/hadoop/yarn/lib/jackson-core-asl-1.9.13.jar
7fd709a8f000-7fd709a91000 r--s 00000000 08:01 37358564                   /usr/local/hadoop/share/hadoop/yarn/lib/aopalliance-1.0.jar
7fd709a91000-7fd709a93000 r--s 00018000 08:01 37358552                   /usr/local/hadoop/share/hadoop/yarn/lib/servlet-api-2.5.jar
7fd709a93000-7fd709aa1000 r--s 000b1000 08:01 37358558                   /usr/local/hadoop/share/hadoop/yarn/lib/jackson-mapper-asl-1.9.13.jar
7fd709aa1000-7fd709aa6000 r--s 00041000 08:01 37358540                   /usr/local/hadoop/share/hadoop/yarn/lib/commons-lang-2.6.jar
7fd709aa6000-7fd709aa8000 r--s 0000f000 08:01 37358569                   /usr/local/hadoop/share/hadoop/yarn/lib/jettison-1.1.jar
7fd709aa8000-7fd709aad000 r--s 00036000 08:01 37358550                   /usr/local/hadoop/share/hadoop/yarn/lib/commons-compress-1.4.1.jar
7fd709aad000-7fd709abc000 r--s 0009f000 08:01 37358562                   /usr/local/hadoop/share/hadoop/yarn/lib/guice-3.0.jar
7fd709abc000-7fd709abf000 r--s 000fd000 08:01 37358574                   /usr/local/hadoop/share/hadoop/yarn/lib/leveldbjni-all-1.8.jar
7fd709abf000-7fd709ac1000 r--s 0000e000 08:01 37358561                   /usr/local/hadoop/share/hadoop/yarn/lib/guice-servlet-3.0.jar
7fd709ac1000-7fd709ac3000 r--s 0001d000 08:01 37358098                   /usr/local/hadoop/share/hadoop/hdfs/hadoop-hdfs-nfs-2.7.3.jar
7fd709ac3000-7fd709b2e000 r--s 0077b000 08:01 37358096                   /usr/local/hadoop/share/hadoop/hdfs/hadoop-hdfs-2.7.3.jar
7fd709b2e000-7fd709b51000 r--s 00308000 08:01 37358097                   /usr/local/hadoop/share/hadoop/hdfs/hadoop-hdfs-2.7.3-tests.jar
7fd709b51000-7fd709b6a000 r--s 00150000 08:01 37358090                   /usr/local/hadoop/share/hadoop/hdfs/lib/htrace-core-3.1.0-incubating.jar
7fd709b6a000-7fd709b8b000 r--s 00172000 08:01 37358075                   /usr/local/hadoop/share/hadoop/hdfs/lib/guava-11.0.2.jar
7fd709b8b000-7fd709ba8000 r--s 00196000 08:01 37358092                   /usr/local/hadoop/share/hadoop/hdfs/lib/netty-all-4.0.23.Final.jar
7fd709ba8000-7fd709bb0000 r--s 0007b000 08:01 37358089                   /usr/local/hadoop/share/hadoop/hdfs/lib/protobuf-java-2.5.0.jar
7fd709bb0000-7fd709bb1000 r--s 0000a000 08:01 37358087                   /usr/local/hadoop/share/hadoop/hdfs/lib/asm-3.2.jar
7fd709bb1000-7fd709bb4000 r--s 00006000 08:01 37358076                   /usr/local/hadoop/share/hadoop/hdfs/lib/jsr305-3.0.0.jar
7fd709bb4000-7fd709bbe000 r--s 00066000 08:01 37358083                   /usr/local/hadoop/share/hadoop/hdfs/lib/jersey-core-1.9.jar
7fd709bbe000-7fd709bc2000 r--s 0002a000 08:01 37358079                   /usr/local/hadoop/share/hadoop/hdfs/lib/commons-io-2.4.jar
7fd709bc2000-7fd709bd9000 r--s 0010e000 08:01 37358074                   /usr/local/hadoop/share/hadoop/hdfs/lib/netty-3.6.2.Final.jar
7fd709bd9000-7fd709bdb000 r--s 0000d000 08:01 37358071                   /usr/local/hadoop/share/hadoop/hdfs/lib/commons-codec-1.4.jar
7fd709bdb000-7fd709be4000 r--s 0006f000 08:01 37358072                   /usr/local/hadoop/share/hadoop/hdfs/lib/log4j-1.2.17.jar
7fd709be4000-7fd709be5000 r--s 00003000 08:01 37358078                   /usr/local/hadoop/share/hadoop/hdfs/lib/xmlenc-0.52.jar
7fd709be5000-7fd709bf7000 r--s 0009d000 08:01 37358086                   /usr/local/hadoop/share/hadoop/hdfs/lib/jersey-server-1.9.jar
7fd709bf7000-7fd709bfe000 r--s 0007d000 08:01 37358081                   /usr/local/hadoop/share/hadoop/hdfs/lib/jetty-6.1.26.jar
7fd709bfe000-7fd709c00000 r--s 0000e000 08:01 37358073                   /usr/local/hadoop/share/hadoop/hdfs/lib/commons-logging-1.1.3.jar
7fd709c00000-7fd709c02000 r--s 00009000 08:01 37358077                   /usr/local/hadoop/share/hadoop/hdfs/lib/commons-cli-1.2.jar
7fd709c02000-7fd709c03000 r--s 00005000 08:01 37358091                   /usr/local/hadoop/share/hadoop/hdfs/lib/commons-daemon-1.0.13.jar
7fd709c03000-7fd709c07000 r--s 00028000 08:01 37358082                   /usr/local/hadoop/share/hadoop/hdfs/lib/jetty-util-6.1.26.jar
7fd709c07000-7fd709c0f000 r--s 00028000 08:01 37358094                   /usr/local/hadoop/share/hadoop/hdfs/lib/xml-apis-1.3.04.jar
7fd709c0f000-7fd709c13000 r--s 00035000 08:01 37358084                   /usr/local/hadoop/share/hadoop/hdfs/lib/jackson-core-asl-1.9.13.jar
7fd709c13000-7fd709c2b000 r--s 00115000 08:01 37358093                   /usr/local/hadoop/share/hadoop/hdfs/lib/xercesImpl-2.9.1.jar
7fd709c2b000-7fd709c2d000 r--s 00018000 08:01 37358080                   /usr/local/hadoop/share/hadoop/hdfs/lib/servlet-api-2.5.jar
7fd709c2d000-7fd709c3b000 r--s 000b1000 08:01 37358085                   /usr/local/hadoop/share/hadoop/hdfs/lib/jackson-mapper-asl-1.9.13.jar
7fd709c3b000-7fd709c40000 r--s 00041000 08:01 37358088                   /usr/local/hadoop/share/hadoop/hdfs/lib/commons-lang-2.6.jar
7fd709c40000-7fd709c43000 r--s 000fd000 08:01 37358095                   /usr/local/hadoop/share/hadoop/hdfs/lib/leveldbjni-all-1.8.jar
7fd709c43000-7fd709c79000 r--s 0031a000 08:01 37358012                   /usr/local/hadoop/share/hadoop/common/hadoop-common-2.7.3.jar
7fd709c79000-7fd709c96000 r--s 001b6000 08:01 37358013                   /usr/local/hadoop/share/hadoop/common/hadoop-common-2.7.3-tests.jar
7fd709c96000-7fd709c9a000 r--s 00029000 08:01 37358014                   /usr/local/hadoop/share/hadoop/common/hadoop-nfs-2.7.3.jar
7fd709c9a000-7fd709ca1000 r--s 00044000 08:01 37357971                   /usr/local/hadoop/share/hadoop/common/lib/avro-1.7.4.jar
7fd709ca1000-7fd709cba000 r--s 00150000 08:01 37357989                   /usr/local/hadoop/share/hadoop/common/lib/htrace-core-3.1.0-incubating.jar
7fd709cba000-7fd709ccd000 r--s 000c7000 08:01 37357949                   /usr/local/hadoop/share/hadoop/common/lib/jaxb-impl-2.2.3-1.jar
7fd709ccd000-7fd709cee000 r--s 00172000 08:01 37357994                   /usr/local/hadoop/share/hadoop/common/lib/guava-11.0.2.jar
7fd709cee000-7fd709cf0000 r--s 00003000 08:01 37357981                   /usr/local/hadoop/share/hadoop/common/lib/api-asn1-api-1.0.0-M20.jar
7fd709cf0000-7fd709cf6000 r--s 00036000 08:01 37357990                   /usr/local/hadoop/share/hadoop/common/lib/junit-4.11.jar
7fd709cf6000-7fd709cff000 r--s 0007b000 08:01 37357960                   /usr/local/hadoop/share/hadoop/common/lib/jets3t-0.9.0.jar
7fd709cff000-7fd709d07000 r--s 0007b000 08:01 37357976                   /usr/local/hadoop/share/hadoop/common/lib/protobuf-java-2.5.0.jar
7fd709d07000-7fd709d08000 r--s 0000a000 08:01 37357958                   /usr/local/hadoop/share/hadoop/common/lib/asm-3.2.jar
7fd709d08000-7fd709d25000 r--s 0013e000 08:01 37357992                   /usr/local/hadoop/share/hadoop/common/lib/mockito-all-1.8.5.jar
7fd709d25000-7fd709d29000 r--s 00021000 08:01 37358010                   /usr/local/hadoop/share/hadoop/common/lib/jersey-json-1.9.jar
7fd709d29000-7fd709d2c000 r--s 0002b000 08:01 37357987                   /usr/local/hadoop/share/hadoop/common/lib/jsch-0.1.42.jar
7fd709d2c000-7fd709d2f000 r--s 00006000 08:01 37357995                   /usr/local/hadoop/share/hadoop/common/lib/jsr305-3.0.0.jar
7fd709d2f000-7fd709d3b000 r--s 000b6000 08:01 37357983                   /usr/local/hadoop/share/hadoop/common/lib/zookeeper-3.4.6.jar
7fd709d3b000-7fd709d58000 r--s 0016a000 08:01 37357997                   /usr/local/hadoop/share/hadoop/common/lib/commons-math3-3.1.1.jar
7fd709d58000-7fd709d60000 r--s 0003b000 08:01 37357988                   /usr/local/hadoop/share/hadoop/common/lib/curator-recipes-2.7.1.jar
7fd709d60000-7fd709d6a000 r--s 00066000 08:01 37358009                   /usr/local/hadoop/share/hadoop/common/lib/jersey-core-1.9.jar
7fd709d6a000-7fd709d6e000 r--s 0002a000 08:01 37358002                   /usr/local/hadoop/share/hadoop/common/lib/commons-io-2.4.jar
7fd709d6e000-7fd709d72000 r--s 00020000 08:01 37357966                   /usr/local/hadoop/share/hadoop/common/lib/commons-digester-1.8.jar
7fd709d72000-7fd709d89000 r--s 0010e000 08:01 37357984                   /usr/local/hadoop/share/hadoop/common/lib/netty-3.6.2.Final.jar
7fd709d89000-7fd709d8e000 r--s 0002a000 08:01 37357977                   /usr/local/hadoop/share/hadoop/common/lib/gson-2.2.4.jar
7fd709d8e000-7fd709d90000 r--s 000f2000 08:01 37357973                   /usr/local/hadoop/share/hadoop/common/lib/snappy-java-1.0.4.1.jar
7fd709d90000-7fd709d91000 r--s 00007000 08:01 37357969                   /usr/local/hadoop/share/hadoop/common/lib/slf4j-api-1.7.10.jar
7fd709d91000-7fd709d93000 r--s 00009000 08:01 37357991                   /usr/local/hadoop/share/hadoop/common/lib/hamcrest-core-1.3.jar
7fd709d93000-7fd709d95000 r--s 0000d000 08:01 37358001                   /usr/local/hadoop/share/hadoop/common/lib/commons-codec-1.4.jar
7fd709d95000-7fd709d9e000 r--s 0006f000 08:01 37357959                   /usr/local/hadoop/share/hadoop/common/lib/log4j-1.2.17.jar
7fd709d9e000-7fd709da0000 r--s 0000f000 08:01 37357986                   /usr/local/hadoop/share/hadoop/common/lib/curator-client-2.7.1.jar
7fd709da0000-7fd709da1000 r--s 0000a000 08:01 37357980                   /usr/local/hadoop/share/hadoop/common/lib/apacheds-i18n-2.0.0-M15.jar
7fd709da1000-7fd709da3000 r--s 00015000 08:01 37357978                   /usr/local/hadoop/share/hadoop/common/lib/hadoop-auth-2.7.3.jar
7fd709da3000-7fd709da4000 r--s 00003000 08:01 37357998                   /usr/local/hadoop/share/hadoop/common/lib/xmlenc-0.52.jar
7fd709da4000-7fd709db6000 r--s 0009d000 08:01 37357957                   /usr/local/hadoop/share/hadoop/common/lib/jersey-server-1.9.jar
7fd709db6000-7fd709db9000 r--s 00017000 08:01 37357950                   /usr/local/hadoop/share/hadoop/common/lib/jaxb-api-2.2.2.jar
7fd709db9000-7fd709dba000 r--s 00004000 08:01 37357955                   /usr/local/hadoop/share/hadoop/common/lib/jackson-jaxrs-1.9.13.jar
7fd709dba000-7fd709dbb000 r--s 00009000 08:01 37357993                   /usr/local/hadoop/share/hadoop/common/lib/hadoop-annotations-2.7.3.jar
7fd709dbb000-7fd709dc2000 r--s 0007d000 08:01 37358006                   /usr/local/hadoop/share/hadoop/common/lib/jetty-6.1.26.jar
7fd709dc2000-7fd709dc3000 r--s 00004000 08:01 37357963                   /usr/local/hadoop/share/hadoop/common/lib/java-xmlbuilder-0.4.jar
7fd709dc3000-7fd709dc8000 r--s 0003e000 08:01 37358003                   /usr/local/hadoop/share/hadoop/common/lib/commons-net-3.1.jar
7fd709dc8000-7fd709dca000 r--s 0000e000 08:01 37358000                   /usr/local/hadoop/share/hadoop/common/lib/commons-logging-1.1.3.jar
7fd709dca000-7fd709dd0000 r--s 00032000 08:01 37357962                   /usr/local/hadoop/share/hadoop/common/lib/httpcore-4.2.5.jar
7fd709dd0000-7fd709dd6000 r--s 00045000 08:01 37357999                   /usr/local/hadoop/share/hadoop/common/lib/commons-httpclient-3.1.jar
7fd709dd6000-7fd709dd8000 r--s 00009000 08:01 37357996                   /usr/local/hadoop/share/hadoop/common/lib/commons-cli-1.2.jar
7fd709dd8000-7fd709dda000 r--s 00006000 08:01 37357972                   /usr/local/hadoop/share/hadoop/common/lib/paranamer-2.3.jar
7fd709dda000-7fd709de0000 r--s 00043000 08:01 37357965                   /usr/local/hadoop/share/hadoop/common/lib/commons-configuration-1.6.jar
7fd709de0000-7fd709de4000 r--s 00028000 08:01 37358007                   /usr/local/hadoop/share/hadoop/common/lib/jetty-util-6.1.26.jar
7fd709de4000-7fd709de8000 r--s 00014000 08:01 37357975                   /usr/local/hadoop/share/hadoop/common/lib/xz-1.0.jar
7fd709de8000-7fd709deb000 r--s 00016000 08:01 37358008                   /usr/local/hadoop/share/hadoop/common/lib/jsp-api-2.1.jar
7fd709deb000-7fd709ded000 r--s 0000e000 08:01 37357952                   /usr/local/hadoop/share/hadoop/common/lib/activation-1.1.jar
7fd709ded000-7fd709df3000 r--s 00028000 08:01 37357985                   /usr/local/hadoop/share/hadoop/common/lib/curator-framework-2.7.1.jar
7fd709df3000-7fd709df5000 r--s 00004000 08:01 37357951                   /usr/local/hadoop/share/hadoop/common/lib/stax-api-1.0-2.jar
7fd709df5000-7fd709df6000 r--s 00006000 08:01 37357956                   /usr/local/hadoop/share/hadoop/common/lib/jackson-xc-1.9.13.jar
7fd709df6000-7fd709e03000 r--s 00083000 08:01 37358004                   /usr/local/hadoop/share/hadoop/common/lib/commons-collections-3.2.2.jar
7fd709e03000-7fd709e05000 r--s 00012000 08:01 37357982                   /usr/local/hadoop/share/hadoop/common/lib/api-util-1.0.0-M20.jar
7fd709e05000-7fd709e09000 r--s 00035000 08:01 37357953                   /usr/local/hadoop/share/hadoop/common/lib/jackson-core-asl-1.9.13.jar
7fd709e09000-7fd709e0b000 r--s 00018000 08:01 37358005                   /usr/local/hadoop/share/hadoop/common/lib/servlet-api-2.5.jar
7fd709e0b000-7fd709e0f000 r--s 0002f000 08:01 37357968                   /usr/local/hadoop/share/hadoop/common/lib/commons-beanutils-core-1.8.0.jar
7fd709e0f000-7fd709e14000 r--s 0002a000 08:01 37357967                   /usr/local/hadoop/share/hadoop/common/lib/commons-beanutils-1.7.0.jar
7fd709e14000-7fd709e22000 r--s 000b1000 08:01 37357954                   /usr/local/hadoop/share/hadoop/common/lib/jackson-mapper-asl-1.9.13.jar
7fd709e22000-7fd709e27000 r--s 00041000 08:01 37357964                   /usr/local/hadoop/share/hadoop/common/lib/commons-lang-2.6.jar
7fd709e27000-7fd709e2c000 r--s 00036000 08:01 37357974                   /usr/local/hadoop/share/hadoop/common/lib/commons-compress-1.4.1.jar
7fd709e2c000-7fd709e3e000 r--s 00097000 08:01 37357979                   /usr/local/hadoop/share/hadoop/common/lib/apacheds-kerberos-codec-2.0.0-M15.jar
7fd709e3e000-7fd709e59000 r--s 00394000 08:01 57542324                   /usr/lib/jvm/java-8-openjdk-amd64/jre/lib/ext/cldrdata.jar
7fd709e59000-7fd709e5a000 ---p 00000000 00:00 0 
7fd709e5a000-7fd709f5a000 rw-p 00000000 00:00 0 
7fd709f5a000-7fd709f5d000 ---p 00000000 00:00 0 
7fd709f5d000-7fd70a05b000 rw-p 00000000 00:00 0 
7fd70a05b000-7fd70a05e000 ---p 00000000 00:00 0 
7fd70a05e000-7fd70a15c000 rw-p 00000000 00:00 0 
7fd70a15c000-7fd70a15f000 ---p 00000000 00:00 0 
7fd70a15f000-7fd70a25d000 rw-p 00000000 00:00 0 
7fd70a25d000-7fd70a260000 ---p 00000000 00:00 0 
7fd70a260000-7fd70a35e000 rw-p 00000000 00:00 0 
7fd70a35e000-7fd70a361000 ---p 00000000 00:00 0 
7fd70a361000-7fd70a45f000 rw-p 00000000 00:00 0 
7fd70a45f000-7fd70a462000 ---p 00000000 00:00 0 
7fd70a462000-7fd70a560000 rw-p 00000000 00:00 0 
7fd70a560000-7fd70a9ea000 r--p 00000000 08:01 53871508                   /usr/lib/locale/locale-archive
7fd70a9ea000-7fd70a9ed000 ---p 00000000 00:00 0 
7fd70a9ed000-7fd70aaeb000 rw-p 00000000 00:00 0 
7fd70aaeb000-7fd70aaee000 ---p 00000000 00:00 0 
7fd70aaee000-7fd70abec000 rw-p 00000000 00:00 0 
7fd70abec000-7fd70abed000 ---p 00000000 00:00 0 
7fd70abed000-7fd70c000000 rw-p 00000000 00:00 0 
7fd70c000000-7fd70c021000 rw-p 00000000 00:00 0 
7fd70c021000-7fd710000000 ---p 00000000 00:00 0 
7fd710000000-7fd710002000 r--s 0000f000 08:01 37358011                   /usr/local/hadoop/share/hadoop/common/lib/jettison-1.1.jar
7fd710002000-7fd71000b000 r--s 00061000 08:01 37357961                   /usr/local/hadoop/share/hadoop/common/lib/httpclient-4.2.5.jar
7fd71000b000-7fd710026000 r--s 001d6000 08:01 57542321                   /usr/lib/jvm/java-8-openjdk-amd64/jre/lib/ext/nashorn.jar
7fd710026000-7fd71048d000 rw-p 00000000 00:00 0 
7fd71048d000-7fd71065b000 r--s 03c06000 08:01 56363514                   /usr/lib/jvm/java-8-openjdk-amd64/jre/lib/rt.jar
7fd71065b000-7fd710e5b000 rw-p 00000000 00:00 0 
7fd710e5b000-7fd710e5c000 ---p 00000000 00:00 0 
7fd710e5c000-7fd710f5c000 rw-p 00000000 00:00 0 
7fd710f5c000-7fd710f5d000 ---p 00000000 00:00 0 
7fd710f5d000-7fd71105d000 rw-p 00000000 00:00 0 
7fd71105d000-7fd71105e000 ---p 00000000 00:00 0 
7fd71105e000-7fd71115e000 rw-p 00000000 00:00 0 
7fd71115e000-7fd71115f000 ---p 00000000 00:00 0 
7fd71115f000-7fd71125f000 rw-p 00000000 00:00 0 
7fd71125f000-7fd711260000 ---p 00000000 00:00 0 
7fd711260000-7fd711360000 rw-p 00000000 00:00 0 
7fd711360000-7fd711361000 ---p 00000000 00:00 0 
7fd711361000-7fd711461000 rw-p 00000000 00:00 0 
7fd711461000-7fd711462000 ---p 00000000 00:00 0 
7fd711462000-7fd71158c000 rw-p 00000000 00:00 0 
7fd71158c000-7fd7117f7000 ---p 00000000 00:00 0 
7fd7117f7000-7fd711821000 rw-p 00000000 00:00 0 
7fd711821000-7fd711a8b000 ---p 00000000 00:00 0 
7fd711a8b000-7fd711acf000 rw-p 00000000 00:00 0 
7fd711acf000-7fd711bd6000 ---p 00000000 00:00 0 
7fd711bd6000-7fd711be9000 rw-p 00000000 00:00 0 
7fd711be9000-7fd711f97000 ---p 00000000 00:00 0 
7fd711f97000-7fd7123f7000 rwxp 00000000 00:00 0 
7fd7123f7000-7fd720f97000 ---p 00000000 00:00 0 
7fd720f97000-7fd720fb0000 r-xp 00000000 08:01 55316970                   /lib/x86_64-linux-gnu/libz.so.1.2.8
7fd720fb0000-7fd7211af000 ---p 00019000 08:01 55316970                   /lib/x86_64-linux-gnu/libz.so.1.2.8
7fd7211af000-7fd7211b0000 r--p 00018000 08:01 55316970                   /lib/x86_64-linux-gnu/libz.so.1.2.8
7fd7211b0000-7fd7211b1000 rw-p 00019000 08:01 55316970                   /lib/x86_64-linux-gnu/libz.so.1.2.8
7fd7211b1000-7fd7211b9000 r-xp 00000000 08:01 56888864                   /usr/lib/jvm/java-8-openjdk-amd64/jre/lib/amd64/libzip.so
7fd7211b9000-7fd7213b8000 ---p 00008000 08:01 56888864                   /usr/lib/jvm/java-8-openjdk-amd64/jre/lib/amd64/libzip.so
7fd7213b8000-7fd7213b9000 r--p 00007000 08:01 56888864                   /usr/lib/jvm/java-8-openjdk-amd64/jre/lib/amd64/libzip.so
7fd7213b9000-7fd7213ba000 rw-p 00008000 08:01 56888864                   /usr/lib/jvm/java-8-openjdk-amd64/jre/lib/amd64/libzip.so
7fd7213ba000-7fd7213c5000 r-xp 00000000 08:01 55316797                   /lib/x86_64-linux-gnu/libnss_files-2.23.so
7fd7213c5000-7fd7215c4000 ---p 0000b000 08:01 55316797                   /lib/x86_64-linux-gnu/libnss_files-2.23.so
7fd7215c4000-7fd7215c5000 r--p 0000a000 08:01 55316797                   /lib/x86_64-linux-gnu/libnss_files-2.23.so
7fd7215c5000-7fd7215c6000 rw-p 0000b000 08:01 55316797                   /lib/x86_64-linux-gnu/libnss_files-2.23.so
7fd7215c6000-7fd7215cc000 rw-p 00000000 00:00 0 
7fd7215cc000-7fd7215d7000 r-xp 00000000 08:01 55312470                   /lib/x86_64-linux-gnu/libnss_nis-2.23.so
7fd7215d7000-7fd7217d6000 ---p 0000b000 08:01 55312470                   /lib/x86_64-linux-gnu/libnss_nis-2.23.so
7fd7217d6000-7fd7217d7000 r--p 0000a000 08:01 55312470                   /lib/x86_64-linux-gnu/libnss_nis-2.23.so
7fd7217d7000-7fd7217d8000 rw-p 0000b000 08:01 55312470                   /lib/x86_64-linux-gnu/libnss_nis-2.23.so
7fd7217d8000-7fd7217ee000 r-xp 00000000 08:01 55312481                   /lib/x86_64-linux-gnu/libnsl-2.23.so
7fd7217ee000-7fd7219ed000 ---p 00016000 08:01 55312481                   /lib/x86_64-linux-gnu/libnsl-2.23.so
7fd7219ed000-7fd7219ee000 r--p 00015000 08:01 55312481                   /lib/x86_64-linux-gnu/libnsl-2.23.so
7fd7219ee000-7fd7219ef000 rw-p 00016000 08:01 55312481                   /lib/x86_64-linux-gnu/libnsl-2.23.so
7fd7219ef000-7fd7219f1000 rw-p 00000000 00:00 0 
7fd7219f1000-7fd7219f9000 r-xp 00000000 08:01 55312482                   /lib/x86_64-linux-gnu/libnss_compat-2.23.so
7fd7219f9000-7fd721bf8000 ---p 00008000 08:01 55312482                   /lib/x86_64-linux-gnu/libnss_compat-2.23.so
7fd721bf8000-7fd721bf9000 r--p 00007000 08:01 55312482                   /lib/x86_64-linux-gnu/libnss_compat-2.23.so
7fd721bf9000-7fd721bfa000 rw-p 00008000 08:01 55312482                   /lib/x86_64-linux-gnu/libnss_compat-2.23.so
7fd721bfa000-7fd721c27000 r-xp 00000000 08:01 56888886                   /usr/lib/jvm/java-8-openjdk-amd64/jre/lib/amd64/libjava.so
7fd721c27000-7fd721e26000 ---p 0002d000 08:01 56888886                   /usr/lib/jvm/java-8-openjdk-amd64/jre/lib/amd64/libjava.so
7fd721e26000-7fd721e27000 r--p 0002c000 08:01 56888886                   /usr/lib/jvm/java-8-openjdk-amd64/jre/lib/amd64/libjava.so
7fd721e27000-7fd721e29000 rw-p 0002d000 08:01 56888886                   /usr/lib/jvm/java-8-openjdk-amd64/jre/lib/amd64/libjava.so
7fd721e29000-7fd721e38000 r-xp 00000000 08:01 56888857                   /usr/lib/jvm/java-8-openjdk-amd64/jre/lib/amd64/libverify.so
7fd721e38000-7fd722037000 ---p 0000f000 08:01 56888857                   /usr/lib/jvm/java-8-openjdk-amd64/jre/lib/amd64/libverify.so
7fd722037000-7fd722039000 r--p 0000e000 08:01 56888857                   /usr/lib/jvm/java-8-openjdk-amd64/jre/lib/amd64/libverify.so
7fd722039000-7fd72203a000 rw-p 00010000 08:01 56888857                   /usr/lib/jvm/java-8-openjdk-amd64/jre/lib/amd64/libverify.so
7fd72203a000-7fd722041000 r-xp 00000000 08:01 55312469                   /lib/x86_64-linux-gnu/librt-2.23.so
7fd722041000-7fd722240000 ---p 00007000 08:01 55312469                   /lib/x86_64-linux-gnu/librt-2.23.so
7fd722240000-7fd722241000 r--p 00006000 08:01 55312469                   /lib/x86_64-linux-gnu/librt-2.23.so
7fd722241000-7fd722242000 rw-p 00007000 08:01 55312469                   /lib/x86_64-linux-gnu/librt-2.23.so
7fd722242000-7fd722243000 ---p 00000000 00:00 0 
7fd722243000-7fd722a43000 rw-p 00000000 00:00 0 
7fd722a43000-7fd722a44000 ---p 00000000 00:00 0 
7fd722a44000-7fd723244000 rw-p 00000000 00:00 0 
7fd723244000-7fd723245000 ---p 00000000 00:00 0 
7fd723245000-7fd723a45000 rw-p 00000000 00:00 0 
7fd723a45000-7fd723a46000 ---p 00000000 00:00 0 
7fd723a46000-7fd724246000 rw-p 00000000 00:00 0 
7fd724246000-7fd724247000 ---p 00000000 00:00 0 
7fd724247000-7fd724a47000 rw-p 00000000 00:00 0 
7fd724a47000-7fd724a48000 ---p 00000000 00:00 0 
7fd724a48000-7fd725248000 rw-p 00000000 00:00 0 
7fd725248000-7fd725249000 ---p 00000000 00:00 0 
7fd725249000-7fd725a49000 rw-p 00000000 00:00 0 
7fd725a49000-7fd725a4c000 r-xp 00000000 08:01 55312473                   /lib/x86_64-linux-gnu/libdl-2.23.so
7fd725a4c000-7fd725c4b000 ---p 00003000 08:01 55312473                   /lib/x86_64-linux-gnu/libdl-2.23.so
7fd725c4b000-7fd725c4c000 r--p 00002000 08:01 55312473                   /lib/x86_64-linux-gnu/libdl-2.23.so
7fd725c4c000-7fd725c4d000 rw-p 00003000 08:01 55312473                   /lib/x86_64-linux-gnu/libdl-2.23.so
7fd725c4d000-7fd72689d000 r-xp 00000000 08:01 57150129                   /usr/lib/jvm/java-8-openjdk-amd64/jre/lib/amd64/server/libjvm.so
7fd72689d000-7fd726a9c000 ---p 00c50000 08:01 57150129                   /usr/lib/jvm/java-8-openjdk-amd64/jre/lib/amd64/server/libjvm.so
7fd726a9c000-7fd726b2f000 r--p 00c4f000 08:01 57150129                   /usr/lib/jvm/java-8-openjdk-amd64/jre/lib/amd64/server/libjvm.so
7fd726b2f000-7fd726b58000 rw-p 00ce2000 08:01 57150129                   /usr/lib/jvm/java-8-openjdk-amd64/jre/lib/amd64/server/libjvm.so
7fd726b58000-7fd726b88000 rw-p 00000000 00:00 0 
7fd726b88000-7fd726d47000 r-xp 00000000 08:01 55312474                   /lib/x86_64-linux-gnu/libc-2.23.so
7fd726d47000-7fd726f47000 ---p 001bf000 08:01 55312474                   /lib/x86_64-linux-gnu/libc-2.23.so
7fd726f47000-7fd726f4b000 r--p 001bf000 08:01 55312474                   /lib/x86_64-linux-gnu/libc-2.23.so
7fd726f4b000-7fd726f4d000 rw-p 001c3000 08:01 55312474                   /lib/x86_64-linux-gnu/libc-2.23.so
7fd726f4d000-7fd726f51000 rw-p 00000000 00:00 0 
7fd726f51000-7fd726f67000 r-xp 00000000 08:01 55316817                   /lib/x86_64-linux-gnu/libgcc_s.so.1
7fd726f67000-7fd727166000 ---p 00016000 08:01 55316817                   /lib/x86_64-linux-gnu/libgcc_s.so.1
7fd727166000-7fd727167000 rw-p 00015000 08:01 55316817                   /lib/x86_64-linux-gnu/libgcc_s.so.1
7fd727167000-7fd727188000 r-xp 00000000 08:01 53871020                   /usr/lib/x86_64-linux-gnu/libgomp.so.1.0.0
7fd727188000-7fd727387000 ---p 00021000 08:01 53871020                   /usr/lib/x86_64-linux-gnu/libgomp.so.1.0.0
7fd727387000-7fd727388000 r--p 00020000 08:01 53871020                   /usr/lib/x86_64-linux-gnu/libgomp.so.1.0.0
7fd727388000-7fd727389000 rw-p 00021000 08:01 53871020                   /usr/lib/x86_64-linux-gnu/libgomp.so.1.0.0
7fd727389000-7fd727491000 r-xp 00000000 08:01 55312479                   /lib/x86_64-linux-gnu/libm-2.23.so
7fd727491000-7fd727690000 ---p 00108000 08:01 55312479                   /lib/x86_64-linux-gnu/libm-2.23.so
7fd727690000-7fd727691000 r--p 00107000 08:01 55312479                   /lib/x86_64-linux-gnu/libm-2.23.so
7fd727691000-7fd727692000 rw-p 00108000 08:01 55312479                   /lib/x86_64-linux-gnu/libm-2.23.so
7fd727692000-7fd727804000 r-xp 00000000 08:01 53872769                   /usr/lib/x86_64-linux-gnu/libstdc++.so.6.0.21
7fd727804000-7fd727a04000 ---p 00172000 08:01 53872769                   /usr/lib/x86_64-linux-gnu/libstdc++.so.6.0.21
7fd727a04000-7fd727a0e000 r--p 00172000 08:01 53872769                   /usr/lib/x86_64-linux-gnu/libstdc++.so.6.0.21
7fd727a0e000-7fd727a10000 rw-p 0017c000 08:01 53872769                   /usr/lib/x86_64-linux-gnu/libstdc++.so.6.0.21
7fd727a10000-7fd727a14000 rw-p 00000000 00:00 0 
7fd727a14000-7fd727a2c000 r-xp 00000000 08:01 55312480                   /lib/x86_64-linux-gnu/libpthread-2.23.so
7fd727a2c000-7fd727c2b000 ---p 00018000 08:01 55312480                   /lib/x86_64-linux-gnu/libpthread-2.23.so
7fd727c2b000-7fd727c2c000 r--p 00017000 08:01 55312480                   /lib/x86_64-linux-gnu/libpthread-2.23.so
7fd727c2c000-7fd727c2d000 rw-p 00018000 08:01 55312480                   /lib/x86_64-linux-gnu/libpthread-2.23.so
7fd727c2d000-7fd727c31000 rw-p 00000000 00:00 0 
7fd727c31000-7fd727c40000 r-xp 00000000 08:01 37224655                   /usr/local/hadoop/lib/native/libhdfs.so.0.0.0
7fd727c40000-7fd727e3f000 ---p 0000f000 08:01 37224655                   /usr/local/hadoop/lib/native/libhdfs.so.0.0.0
7fd727e3f000-7fd727e40000 rw-p 0000e000 08:01 37224655                   /usr/local/hadoop/lib/native/libhdfs.so.0.0.0
7fd727e40000-7fd727e66000 r-xp 00000000 08:01 55312389                   /lib/x86_64-linux-gnu/ld-2.23.so
7fd727e66000-7fd727e70000 r--s 00116000 08:01 57542327                   /usr/lib/jvm/java-8-openjdk-amd64/jre/lib/ext/localedata.jar
7fd727e70000-7fd727e75000 r--s 0003b000 08:01 57542328                   /usr/lib/jvm/java-8-openjdk-amd64/jre/lib/ext/sunjce_provider.jar
7fd727e75000-7fd727f41000 rw-p 00000000 00:00 0 
7fd727f41000-7fd727f42000 ---p 00000000 00:00 0 
7fd727f42000-7fd72804a000 rw-p 00000000 00:00 0 
7fd72804a000-7fd72804c000 r--s 00001000 08:01 37357970                   /usr/local/hadoop/share/hadoop/common/lib/slf4j-log4j12-1.7.10.jar
7fd72804c000-7fd728050000 r--s 00037000 08:01 57542326                   /usr/lib/jvm/java-8-openjdk-amd64/jre/lib/ext/sunpkcs11.jar
7fd728050000-7fd728051000 r--s 00010000 08:01 57542325                   /usr/lib/jvm/java-8-openjdk-amd64/jre/lib/ext/zipfs.jar
7fd728051000-7fd728053000 r--s 00001000 08:01 57542322                   /usr/lib/jvm/java-8-openjdk-amd64/jre/lib/ext/dnsns.jar
7fd728053000-7fd728055000 r--s 00008000 08:01 57542320                   /usr/lib/jvm/java-8-openjdk-amd64/jre/lib/ext/sunec.jar
7fd728055000-7fd728058000 r--s 0000f000 08:01 57542323                   /usr/lib/jvm/java-8-openjdk-amd64/jre/lib/ext/icedtea-sound.jar
7fd728058000-7fd728059000 r--s 0000a000 08:01 57542329                   /usr/lib/jvm/java-8-openjdk-amd64/jre/lib/ext/jaccess.jar
7fd728059000-7fd728061000 rw-s 00000000 08:01 17563789                   /tmp/hsperfdata_peter/31385
7fd728061000-7fd728062000 rw-p 00000000 00:00 0 
7fd728062000-7fd728063000 r--p 00000000 00:00 0 
7fd728063000-7fd728065000 rw-p 00000000 00:00 0 
7fd728065000-7fd728066000 r--p 00025000 08:01 55312389                   /lib/x86_64-linux-gnu/ld-2.23.so
7fd728066000-7fd728067000 rw-p 00026000 08:01 55312389                   /lib/x86_64-linux-gnu/ld-2.23.so
7fd728067000-7fd728068000 rw-p 00000000 00:00 0 
7fff00727000-7fff0072a000 ---p 00000000 00:00 0 
7fff0072b000-7fff00827000 rw-p 00000000 00:00 0                          [stack]
7fff0086e000-7fff00870000 r--p 00000000 00:00 0                          [vvar]
7fff00870000-7fff00872000 r-xp 00000000 00:00 0                          [vdso]
ffffffffff600000-ffffffffff601000 r-xp 00000000 00:00 0                  [vsyscall]

VM Arguments:
java_command: <unknown>
java_class_path (initial): /usr/local/hadoop/etc/hadoop:/usr/local/hadoop/share/hadoop/common/lib/apacheds-kerberos-codec-2.0.0-M15.jar:/usr/local/hadoop/share/hadoop/common/lib/slf4j-log4j12-1.7.10.jar:/usr/local/hadoop/share/hadoop/common/lib/httpclient-4.2.5.jar:/usr/local/hadoop/share/hadoop/common/lib/commons-compress-1.4.1.jar:/usr/local/hadoop/share/hadoop/common/lib/jettison-1.1.jar:/usr/local/hadoop/share/hadoop/common/lib/commons-lang-2.6.jar:/usr/local/hadoop/share/hadoop/common/lib/jackson-mapper-asl-1.9.13.jar:/usr/local/hadoop/share/hadoop/common/lib/commons-beanutils-1.7.0.jar:/usr/local/hadoop/share/hadoop/common/lib/commons-beanutils-core-1.8.0.jar:/usr/local/hadoop/share/hadoop/common/lib/servlet-api-2.5.jar:/usr/local/hadoop/share/hadoop/common/lib/jackson-core-asl-1.9.13.jar:/usr/local/hadoop/share/hadoop/common/lib/api-util-1.0.0-M20.jar:/usr/local/hadoop/share/hadoop/common/lib/commons-collections-3.2.2.jar:/usr/local/hadoop/share/hadoop/common/lib/jackson-xc-1.9.13.jar:/usr/local/hadoop/share/hadoop/common/lib/stax-api-1.0-2.jar:/usr/local/hadoop/share/hadoop/common/lib/curator-framework-2.7.1.jar:/usr/local/hadoop/share/hadoop/common/lib/activation-1.1.jar:/usr/local/hadoop/share/hadoop/common/lib/jsp-api-2.1.jar:/usr/local/hadoop/share/hadoop/common/lib/xz-1.0.jar:/usr/local/hadoop/share/hadoop/common/lib/jetty-util-6.1.26.jar:/usr/local/hadoop/share/hadoop/common/lib/commons-configuration-1.6.jar:/usr/local/hadoop/share/hadoop/common/lib/paranamer-2.3.jar:/usr/local/hadoop/share/hadoop/common/lib/commons-cli-1.2.jar:/usr/local/hadoop/share/hadoop/common/lib/commons-httpclient-3.1.jar:/usr/local/hadoop/share/hadoop/common/lib/httpcore-4.2.5.jar:/usr/local/hadoop/share/hadoop/common/lib/commons-logging-1.1.3.jar:/usr/local/hadoop/share/hadoop/common/lib/commons-net-3.1.jar:/usr/local/hadoop/share/hadoop/common/lib/java-xmlbuilder-0.4.jar:/usr/local/hadoop/share/hadoop/common/lib/jetty-6.1.26.jar:/usr/local/hadoop/share/hadoop/common/lib/had
Launcher Type: generic

Environment Variables:
PATH=/home/peter/bin:/home/peter/.local/bin:/usr/local/sbin:/usr/local/bin:/usr/sbin:/usr/bin:/sbin:/bin:/usr/games:/usr/local/games:/snap/bin
LD_LIBRARY_PATH=/home/peter/clion-2016.3.2/bin:
SHELL=/bin/bash
DISPLAY=:0

Signal Handlers:
SIGSEGV: [libjvm.so+0xa66fd0], sa_mask[0]=11111111011111111101111111111110, sa_flags=SA_RESTART|SA_SIGINFO
SIGBUS: [libjvm.so+0xa66fd0], sa_mask[0]=11111111011111111101111111111110, sa_flags=SA_RESTART|SA_SIGINFO
SIGFPE: [libjvm.so+0x8b0180], sa_mask[0]=11111111011111111101111111111110, sa_flags=SA_RESTART|SA_SIGINFO
SIGPIPE: [libjvm.so+0x8b0180], sa_mask[0]=11111111011111111101111111111110, sa_flags=SA_RESTART|SA_SIGINFO
SIGXFSZ: [libjvm.so+0x8b0180], sa_mask[0]=11111111011111111101111111111110, sa_flags=SA_RESTART|SA_SIGINFO
SIGILL: [libjvm.so+0x8b0180], sa_mask[0]=11111111011111111101111111111110, sa_flags=SA_RESTART|SA_SIGINFO
SIGUSR1: SIG_DFL, sa_mask[0]=00000000000000000000000000000000, sa_flags=none
SIGUSR2: [libjvm.so+0x8b0030], sa_mask[0]=00100000000000000000000000000000, sa_flags=SA_RESTART|SA_SIGINFO
SIGHUP: [libjvm.so+0x8b0500], sa_mask[0]=11111111011111111101111111111110, sa_flags=SA_RESTART|SA_SIGINFO
SIGINT: [libjvm.so+0x8b0500], sa_mask[0]=11111111011111111101111111111110, sa_flags=SA_RESTART|SA_SIGINFO
SIGTERM: [libjvm.so+0x8b0500], sa_mask[0]=11111111011111111101111111111110, sa_flags=SA_RESTART|SA_SIGINFO
SIGQUIT: [libjvm.so+0x8b0500], sa_mask[0]=11111111011111111101111111111110, sa_flags=SA_RESTART|SA_SIGINFO


---------------  S Y S T E M  ---------------

OS:DISTRIB_ID=Ubuntu
DISTRIB_RELEASE=16.04
DISTRIB_CODENAME=xenial
DISTRIB_DESCRIPTION="Ubuntu 16.04.1 LTS"

uname:Linux 4.4.0-62-generic #83-Ubuntu SMP Wed Jan 18 14:10:15 UTC 2017 x86_64
libc:glibc 2.23 NPTL 2.23 
rlimit: STACK 8192k, CORE 0k, NPROC 31545, NOFILE 65536, AS infinity
load average:1.49 1.22 0.97

/proc/meminfo:
MemTotal:        8115884 kB
MemFree:         1350108 kB
MemAvailable:    1797172 kB
Buffers:           59052 kB
Cached:           748780 kB
SwapCached:       102956 kB
Active:          4921240 kB
Inactive:        1526072 kB
Active(anon):    4557288 kB
Inactive(anon):  1288660 kB
Active(file):     363952 kB
Inactive(file):   237412 kB
Unevictable:          48 kB
Mlocked:              48 kB
SwapTotal:       8328188 kB
SwapFree:        7670076 kB
Dirty:              3896 kB
Writeback:             0 kB
AnonPages:       5590972 kB
Mapped:           364384 kB
Shmem:            206468 kB
Slab:             178492 kB
SReclaimable:     130048 kB
SUnreclaim:        48444 kB
KernelStack:       15504 kB
PageTables:        51616 kB
NFS_Unstable:          0 kB
Bounce:                0 kB
WritebackTmp:          0 kB
CommitLimit:    12386128 kB
Committed_AS:   12619576 kB
VmallocTotal:   34359738367 kB
VmallocUsed:           0 kB
VmallocChunk:          0 kB
HardwareCorrupted:     0 kB
AnonHugePages:   2060288 kB
CmaTotal:              0 kB
CmaFree:               0 kB
HugePages_Total:       0
HugePages_Free:        0
HugePages_Rsvd:        0
HugePages_Surp:        0
Hugepagesize:       2048 kB
DirectMap4k:      240300 kB
DirectMap2M:     8089600 kB
DirectMap1G:     1048576 kB


CPU:total 8 (4 cores per cpu, 2 threads per core) family 6 model 60 stepping 3, cmov, cx8, fxsr, mmx, sse, sse2, sse3, ssse3, sse4.1, sse4.2, popcnt, avx, avx2, aes, clmul, erms, lzcnt, ht, tsc, tscinvbit, bmi1, bmi2

/proc/cpuinfo:
processor	: 0
vendor_id	: GenuineIntel
cpu family	: 6
model		: 60
model name	: Intel(R) Core(TM) i7-4770 CPU @ 3.40GHz
stepping	: 3
microcode	: 0x1e
cpu MHz		: 3400.000
cache size	: 8192 KB
physical id	: 0
siblings	: 8
core id		: 0
cpu cores	: 4
apicid		: 0
initial apicid	: 0
fpu		: yes
fpu_exception	: yes
cpuid level	: 13
wp		: yes
flags		: fpu vme de pse tsc msr pae mce cx8 apic sep mtrr pge mca cmov pat pse36 clflush dts acpi mmx fxsr sse sse2 ss ht tm pbe syscall nx pdpe1gb rdtscp lm constant_tsc arch_perfmon pebs bts rep_good nopl xtopology nonstop_tsc aperfmperf eagerfpu pni pclmulqdq dtes64 monitor ds_cpl vmx smx est tm2 ssse3 sdbg fma cx16 xtpr pdcm pcid sse4_1 sse4_2 x2apic movbe popcnt tsc_deadline_timer aes xsave avx f16c rdrand lahf_lm abm epb tpr_shadow vnmi flexpriority ept vpid fsgsbase tsc_adjust bmi1 avx2 smep bmi2 erms invpcid xsaveopt dtherm ida arat pln pts
bugs		:
bogomips	: 6784.08
clflush size	: 64
cache_alignment	: 64
address sizes	: 39 bits physical, 48 bits virtual
power management:

processor	: 1
vendor_id	: GenuineIntel
cpu family	: 6
model		: 60
model name	: Intel(R) Core(TM) i7-4770 CPU @ 3.40GHz
stepping	: 3
microcode	: 0x1e
cpu MHz		: 3400.000
cache size	: 8192 KB
physical id	: 0
siblings	: 8
core id		: 1
cpu cores	: 4
apicid		: 2
initial apicid	: 2
fpu		: yes
fpu_exception	: yes
cpuid level	: 13
wp		: yes
flags		: fpu vme de pse tsc msr pae mce cx8 apic sep mtrr pge mca cmov pat pse36 clflush dts acpi mmx fxsr sse sse2 ss ht tm pbe syscall nx pdpe1gb rdtscp lm constant_tsc arch_perfmon pebs bts rep_good nopl xtopology nonstop_tsc aperfmperf eagerfpu pni pclmulqdq dtes64 monitor ds_cpl vmx smx est tm2 ssse3 sdbg fma cx16 xtpr pdcm pcid sse4_1 sse4_2 x2apic movbe popcnt tsc_deadline_timer aes xsave avx f16c rdrand lahf_lm abm epb tpr_shadow vnmi flexpriority ept vpid fsgsbase tsc_adjust bmi1 avx2 smep bmi2 erms invpcid xsaveopt dtherm ida arat pln pts
bugs		:
bogomips	: 6784.08
clflush size	: 64
cache_alignment	: 64
address sizes	: 39 bits physical, 48 bits virtual
power management:

processor	: 2
vendor_id	: GenuineIntel
cpu family	: 6
model		: 60
model name	: Intel(R) Core(TM) i7-4770 CPU @ 3.40GHz
stepping	: 3
microcode	: 0x1e
cpu MHz		: 3655.531
cache size	: 8192 KB
physical id	: 0
siblings	: 8
core id		: 2
cpu cores	: 4
apicid		: 4
initial apicid	: 4
fpu		: yes
fpu_exception	: yes
cpuid level	: 13
wp		: yes
flags		: fpu vme de pse tsc msr pae mce cx8 apic sep mtrr pge mca cmov pat pse36 clflush dts acpi mmx fxsr sse sse2 ss ht tm pbe syscall nx pdpe1gb rdtscp lm constant_tsc arch_perfmon pebs bts rep_good nopl xtopology nonstop_tsc aperfmperf eagerfpu pni pclmulqdq dtes64 monitor ds_cpl vmx smx est tm2 ssse3 sdbg fma cx16 xtpr pdcm pcid sse4_1 sse4_2 x2apic movbe popcnt tsc_deadline_timer aes xsave avx f16c rdrand lahf_lm abm epb tpr_shadow vnmi flexpriority ept vpid fsgsbase tsc_adjust bmi1 avx2 smep bmi2 erms invpcid xsaveopt dtherm ida arat pln pts
bugs		:
bogomips	: 6784.08
clflush size	: 64
cache_alignment	: 64
address sizes	: 39 bits physical, 48 bits virtual
power management:

processor	: 3
vendor_id	: GenuineIntel
cpu family	: 6
model		: 60
model name	: Intel(R) Core(TM) i7-4770 CPU @ 3.40GHz
stepping	: 3
microcode	: 0x1e
cpu MHz		: 3699.890
cache size	: 8192 KB
physical id	: 0
siblings	: 8
core id		: 3
cpu cores	: 4
apicid		: 6
initial apicid	: 6
fpu		: yes
fpu_exception	: yes
cpuid level	: 13
wp		: yes
flags		: fpu vme de pse tsc msr pae mce cx8 apic sep mtrr pge mca cmov pat pse36 clflush dts acpi mmx fxsr sse sse2 ss ht tm pbe syscall nx pdpe1gb rdtscp lm constant_tsc arch_perfmon pebs bts rep_good nopl xtopology nonstop_tsc aperfmperf eagerfpu pni pclmulqdq dtes64 monitor ds_cpl vmx smx est tm2 ssse3 sdbg fma cx16 xtpr pdcm pcid sse4_1 sse4_2 x2apic movbe popcnt tsc_deadline_timer aes xsave avx f16c rdrand lahf_lm abm epb tpr_shadow vnmi flexpriority ept vpid fsgsbase tsc_adjust bmi1 avx2 smep bmi2 erms invpcid xsaveopt dtherm ida arat pln pts
bugs		:
bogomips	: 6784.08
clflush size	: 64
cache_alignment	: 64
address sizes	: 39 bits physical, 48 bits virtual
power management:

processor	: 4
vendor_id	: GenuineIntel
cpu family	: 6
model		: 60
model name	: Intel(R) Core(TM) i7-4770 CPU @ 3.40GHz
stepping	: 3
microcode	: 0x1e
cpu MHz		: 3699.890
cache size	: 8192 KB
physical id	: 0
siblings	: 8
core id		: 0
cpu cores	: 4
apicid		: 1
initial apicid	: 1
fpu		: yes
fpu_exception	: yes
cpuid level	: 13
wp		: yes
flags		: fpu vme de pse tsc msr pae mce cx8 apic sep mtrr pge mca cmov pat pse36 clflush dts acpi mmx fxsr sse sse2 ss ht tm pbe syscall nx pdpe1gb rdtscp lm constant_tsc arch_perfmon pebs bts rep_good nopl xtopology nonstop_tsc aperfmperf eagerfpu pni pclmulqdq dtes64 monitor ds_cpl vmx smx est tm2 ssse3 sdbg fma cx16 xtpr pdcm pcid sse4_1 sse4_2 x2apic movbe popcnt tsc_deadline_timer aes xsave avx f16c rdrand lahf_lm abm epb tpr_shadow vnmi flexpriority ept vpid fsgsbase tsc_adjust bmi1 avx2 smep bmi2 erms invpcid xsaveopt dtherm ida arat pln pts
bugs		:
bogomips	: 6784.08
clflush size	: 64
cache_alignment	: 64
address sizes	: 39 bits physical, 48 bits virtual
power management:

processor	: 5
vendor_id	: GenuineIntel
cpu family	: 6
model		: 60
model name	: Intel(R) Core(TM) i7-4770 CPU @ 3.40GHz
stepping	: 3
microcode	: 0x1e
cpu MHz		: 3740.664
cache size	: 8192 KB
physical id	: 0
siblings	: 8
core id		: 1
cpu cores	: 4
apicid		: 3
initial apicid	: 3
fpu		: yes
fpu_exception	: yes
cpuid level	: 13
wp		: yes
flags		: fpu vme de pse tsc msr pae mce cx8 apic sep mtrr pge mca cmov pat pse36 clflush dts acpi mmx fxsr sse sse2 ss ht tm pbe syscall nx pdpe1gb rdtscp lm constant_tsc arch_perfmon pebs bts rep_good nopl xtopology nonstop_tsc aperfmperf eagerfpu pni pclmulqdq dtes64 monitor ds_cpl vmx smx est tm2 ssse3 sdbg fma cx16 xtpr pdcm pcid sse4_1 sse4_2 x2apic movbe popcnt tsc_deadline_timer aes xsave avx f16c rdrand lahf_lm abm epb tpr_shadow vnmi flexpriority ept vpid fsgsbase tsc_adjust bmi1 avx2 smep bmi2 erms invpcid xsaveopt dtherm ida arat pln pts
bugs		:
bogomips	: 6784.08
clflush size	: 64
cache_alignment	: 64
address sizes	: 39 bits physical, 48 bits virtual
power management:

processor	: 6
vendor_id	: GenuineIntel
cpu family	: 6
model		: 60
model name	: Intel(R) Core(TM) i7-4770 CPU @ 3.40GHz
stepping	: 3
microcode	: 0x1e
cpu MHz		: 3648.492
cache size	: 8192 KB
physical id	: 0
siblings	: 8
core id		: 2
cpu cores	: 4
apicid		: 5
initial apicid	: 5
fpu		: yes
fpu_exception	: yes
cpuid level	: 13
wp		: yes
flags		: fpu vme de pse tsc msr pae mce cx8 apic sep mtrr pge mca cmov pat pse36 clflush dts acpi mmx fxsr sse sse2 ss ht tm pbe syscall nx pdpe1gb rdtscp lm constant_tsc arch_perfmon pebs bts rep_good nopl xtopology nonstop_tsc aperfmperf eagerfpu pni pclmulqdq dtes64 monitor ds_cpl vmx smx est tm2 ssse3 sdbg fma cx16 xtpr pdcm pcid sse4_1 sse4_2 x2apic movbe popcnt tsc_deadline_timer aes xsave avx f16c rdrand lahf_lm abm epb tpr_shadow vnmi flexpriority ept vpid fsgsbase tsc_adjust bmi1 avx2 smep bmi2 erms invpcid xsaveopt dtherm ida arat pln pts
bugs		:
bogomips	: 6784.08
clflush size	: 64
cache_alignment	: 64
address sizes	: 39 bits physical, 48 bits virtual
power management:

processor	: 7
vendor_id	: GenuineIntel
cpu family	: 6
model		: 60
model name	: Intel(R) Core(TM) i7-4770 CPU @ 3.40GHz
stepping	: 3
microcode	: 0x1e
cpu MHz		: 3647.031
cache size	: 8192 KB
physical id	: 0
siblings	: 8
core id		: 3
cpu cores	: 4
apicid		: 7
initial apicid	: 7
fpu		: yes
fpu_exception	: yes
cpuid level	: 13
wp		: yes
flags		: fpu vme de pse tsc msr pae mce cx8 apic sep mtrr pge mca cmov pat pse36 clflush dts acpi mmx fxsr sse sse2 ss ht tm pbe syscall nx pdpe1gb rdtscp lm constant_tsc arch_perfmon pebs bts rep_good nopl xtopology nonstop_tsc aperfmperf eagerfpu pni pclmulqdq dtes64 monitor ds_cpl vmx smx est tm2 ssse3 sdbg fma cx16 xtpr pdcm pcid sse4_1 sse4_2 x2apic movbe popcnt tsc_deadline_timer aes xsave avx f16c rdrand lahf_lm abm epb tpr_shadow vnmi flexpriority ept vpid fsgsbase tsc_adjust bmi1 avx2 smep bmi2 erms invpcid xsaveopt dtherm ida arat pln pts
bugs		:
bogomips	: 6784.08
clflush size	: 64
cache_alignment	: 64
address sizes	: 39 bits physical, 48 bits virtual
power management:



Memory: 4k page, physical 8115884k(1350108k free), swap 8328188k(7670076k free)

vm_info: OpenJDK 64-Bit Server VM (25.121-b13) for linux-amd64 JRE (1.8.0_121-8u121-b13-0ubuntu1.16.04.2-b13), built on Jan 23 2017 15:51:29 by "buildd" with gcc 5.4.0 20160609

time: Tue Feb  7 18:27:31 2017
elapsed time: 1 seconds (0d 0h 0m 1s)

