#
# A fatal error has been detected by the Java Runtime Environment:
#
#  SIGSEGV (0xb) at pc=0x0000000000468cbc, pid=32257, tid=0x00007fc3cf4e87c0
#
# JRE version: OpenJDK Runtime Environment (8.0_121-b13) (build 1.8.0_121-8u121-b13-0ubuntu1.16.04.2-b13)
# Java VM: OpenJDK 64-Bit Server VM (25.121-b13 mixed mode linux-amd64 compressed oops)
# Problematic frame:
# C  [FastLSH+0x68cbc]  std::vector<double, std::allocator<double> >::operator[](unsigned long)+0x10
#
# Failed to write core dump. Core dumps have been disabled. To enable core dumping, try "ulimit -c unlimited" before starting Java again
#
# If you would like to submit a bug report, please visit:
#   http://bugreport.java.com/bugreport/crash.jsp
# The crash happened outside the Java Virtual Machine in native code.
# See problematic frame for where to report the bug.
#

---------------  T H R E A D  ---------------

Current thread (0x0000000000e52000):  JavaThread "main" [_thread_in_native, id=32257, stack(0x00007fff2a003000,0x00007fff2a103000)]

siginfo: si_signo: 11 (SIGSEGV), si_code: 1 (SEGV_MAPERR), si_addr: 0x0000000000000000

Registers:
RAX=0x0000000000000000, RBX=0x0000000000000000, RCX=0x0000000000000000, RDX=0x0000000000000000
RSP=0x00007fff2a0fd840, RBP=0x00007fff2a0fd840, RSI=0x0000000000000000, RDI=0x0000000000000000
R8 =0x000000000000000b, R9 =0x00007fc3cdfb4620, R10=0x0000000000000001, R11=0x0000000000000000
R12=0x0000000000495840, R13=0x0000000000000000, R14=0x0000000000000021, R15=0x0000000000000000
RIP=0x0000000000468cbc, EFLAGS=0x0000000000010246, CSGSFS=0x0000000000000033, ERR=0x0000000000000004
  TRAPNO=0x000000000000000e

Top of Stack: (sp=0x00007fff2a0fd840)
0x00007fff2a0fd840:   00007fff2a0fd8d0 0000000000475dce
0x00007fff2a0fd850:   00007fff2a0fd880 0000000000000064
0x00007fff2a0fd860:   00007fff2a0fd910 00007fff2a0fd8f0
0x00007fff2a0fd870:   0000000000c86e30 00007fff2a0fd930
0x00007fff2a0fd880:   000003e82a0fd8d0 0000000000000000
0x00007fff2a0fd890:   0000000000000000 0000000000000000
0x00007fff2a0fd8a0:   0000000000000000 0000000000000000
0x00007fff2a0fd8b0:   0000000000000000 36793124a6a41700
0x00007fff2a0fd8c0:   0000000000495840 0000000000000064
0x00007fff2a0fd8d0:   00007fff2a0fd960 0000000000468531
0x00007fff2a0fd8e0:   0000000000c86e30 00007fff2a0fd9f0
0x00007fff2a0fd8f0:   0000000000000000 0000000000000000
0x00007fff2a0fd900:   0000000000000000 000000000046aa58
0x00007fff2a0fd910:   0000000000000000 0000000000000000
0x00007fff2a0fd920:   0000000000000000 000000000046963a
0x00007fff2a0fd930:   0000000001eabb40 0000000001eb1900
0x00007fff2a0fd940:   0000000001eb1b40 36793124a6a41700
0x00007fff2a0fd950:   0000000100000000 0000000000000000
0x00007fff2a0fd960:   00007fff2a0fda20 0000000000484744
0x00007fff2a0fd970:   0000000000000000 0000000000c86e20
0x00007fff2a0fd980:   0000000000000000 0000000000000000
0x00007fff2a0fd990:   0000000000000000 0000000000000000
0x00007fff2a0fd9a0:   0000000000000000 0000000000000000
0x00007fff2a0fd9b0:   0000000000000000 0000000000000000
0x00007fff2a0fd9c0:   0000000000000000 0000000000000000
0x00007fff2a0fd9d0:   0000000000000000 0000000000000000
0x00007fff2a0fd9e0:   0000000000000000 0000000000000000
0x00007fff2a0fd9f0:   0000000000000000 0000000000000000
0x00007fff2a0fda00:   00007fff2a0fda40 36793124a6a41700
0x00007fff2a0fda10:   00007fff2a0fda50 0000000000000000
0x00007fff2a0fda20:   00007fff2a0fda50 00000000004b0373
0x00007fff2a0fda30:   0000000000000021 0000000000000000 

Instructions: (pc=0x0000000000468cbc)
0x0000000000468c9c:   48 01 c0 48 01 d0 48 c1 e0 03 48 01 c8 5d c3 90
0x0000000000468cac:   55 48 89 e5 48 89 7d f8 48 89 75 f0 48 8b 45 f8
0x0000000000468cbc:   48 8b 00 48 8b 55 f0 48 c1 e2 03 48 01 d0 5d c3
0x0000000000468ccc:   55 48 89 e5 48 83 ec 10 48 89 7d f8 48 89 75 f0 

Register to memory mapping:

RAX=0x0000000000000000 is an unknown value
RBX=0x0000000000000000 is an unknown value
RCX=0x0000000000000000 is an unknown value
RDX=0x0000000000000000 is an unknown value
RSP=0x00007fff2a0fd840 is pointing into the stack for thread: 0x0000000000e52000
RBP=0x00007fff2a0fd840 is pointing into the stack for thread: 0x0000000000e52000
RSI=0x0000000000000000 is an unknown value
RDI=0x0000000000000000 is an unknown value
R8 =0x000000000000000b is an unknown value
R9 =0x00007fc3cdfb4620: _IO_2_1_stdout_+0 in /lib/x86_64-linux-gnu/libc.so.6 at 0x00007fc3cdbf0000
R10=0x0000000000000001 is an unknown value
R11=0x0000000000000000 is an unknown value
R12=0x0000000000495840: _ZN7testing8internal12UnitTestImpl11RunAllTestsEv+0 in /home/peter/FYP/FastLSH/cmake-build-debug/FastLSH at 0x0000000000400000
R13=0x0000000000000000 is an unknown value
R14=0x0000000000000021 is an unknown value
R15=0x0000000000000000 is an unknown value


Stack: [0x00007fff2a003000,0x00007fff2a103000],  sp=0x00007fff2a0fd840,  free space=1002k
Native frames: (J=compiled Java code, j=interpreted, Vv=VM code, C=native code)
C  [FastLSH+0x68cbc]  std::vector<double, std::allocator<double> >::operator[](unsigned long)+0x10
C  [FastLSH+0x75dce]  LSH::computeCandidatesQuick(std::vector<std::vector<double, std::allocator<double> >, std::allocator<std::vector<double, std::allocator<double> > > >, std::vector<std::vector<double, std::allocator<double> >, std::allocator<std::vector<double, std::allocator<double> > > >, unsigned long)+0x19e
C  [FastLSH+0x68531]  LSH::getCandidateSet()+0xbf
C  [FastLSH+0x84744]  singleThreadTest_candidateSetQuickModeTest_Test::TestBody()+0x60
C  [FastLSH+0xb0373]  void testing::internal::HandleSehExceptionsInMethodIfSupported<testing::Test, void>(testing::Test*, void (testing::Test::*)(), char const*)+0x65
C  [FastLSH+0xa9ca3]  void testing::internal::HandleExceptionsInMethodIfSupported<testing::Test, void>(testing::Test*, void (testing::Test::*)(), char const*)+0x5a
C  [FastLSH+0x8d926]  testing::Test::Run()+0xd0
C  [FastLSH+0x8e2be]  testing::TestInfo::Run()+0x108
C  [FastLSH+0x8e9b1]  testing::TestCase::Run()+0x101
C  [FastLSH+0x95af8]  testing::internal::UnitTestImpl::RunAllTests()+0x2b8
C  [FastLSH+0xb194b]  bool testing::internal::HandleSehExceptionsInMethodIfSupported<testing::internal::UnitTestImpl, bool>(testing::internal::UnitTestImpl*, bool (testing::internal::UnitTestImpl::*)(), char const*)+0x65
C  [FastLSH+0xaaae5]  bool testing::internal::HandleExceptionsInMethodIfSupported<testing::internal::UnitTestImpl, bool>(testing::internal::UnitTestImpl*, bool (testing::internal::UnitTestImpl::*)(), char const*)+0x5a
C  [FastLSH+0x94594]  testing::UnitTest::Run()+0xb6
C  [FastLSH+0x66662]  RUN_ALL_TESTS()+0x11
C  [FastLSH+0x665ad]  main+0x87
C  [libc.so.6+0x20830]  __libc_start_main+0xf0


---------------  P R O C E S S  ---------------

Java Threads: ( => current thread )
  0x0000000001867000 JavaThread "org.apache.hadoop.fs.FileSystem$Statistics$StatisticsDataReferenceCleaner" daemon [_thread_blocked, id=32287, stack(0x00007fc3ac2a5000,0x00007fc3ac3a6000)]
  0x0000000002038000 JavaThread "process reaper" daemon [_thread_blocked, id=32285, stack(0x00007fc3ac3a6000,0x00007fc3ac3df000)]
  0x000000000157f000 JavaThread "Service Thread" daemon [_thread_blocked, id=32282, stack(0x00007fc3acda9000,0x00007fc3aceaa000)]
  0x0000000001578000 JavaThread "C1 CompilerThread3" daemon [_thread_blocked, id=32281, stack(0x00007fc3aceaa000,0x00007fc3acfab000)]
  0x0000000001576000 JavaThread "C2 CompilerThread2" daemon [_thread_blocked, id=32280, stack(0x00007fc3acfab000,0x00007fc3ad0ac000)]
  0x0000000001574000 JavaThread "C2 CompilerThread1" daemon [_thread_blocked, id=32279, stack(0x00007fc3ad0ac000,0x00007fc3ad1ad000)]
  0x0000000001571000 JavaThread "C2 CompilerThread0" daemon [_thread_blocked, id=32278, stack(0x00007fc3ad1ad000,0x00007fc3ad2ae000)]
  0x000000000156f000 JavaThread "Signal Dispatcher" daemon [_thread_blocked, id=32277, stack(0x00007fc3ad2ae000,0x00007fc3ad3af000)]
  0x0000000001140000 JavaThread "Finalizer" daemon [_thread_blocked, id=32276, stack(0x00007fc3ad839000,0x00007fc3ad93a000)]
  0x000000000113b800 JavaThread "Reference Handler" daemon [_thread_blocked, id=32275, stack(0x00007fc3ad93a000,0x00007fc3ada3b000)]
=>0x0000000000e52000 JavaThread "main" [_thread_in_native, id=32257, stack(0x00007fff2a003000,0x00007fff2a103000)]

Other Threads:
  0x0000000001313800 VMThread [stack: 0x00007fc3ada3b000,0x00007fc3adb3c000] [id=32274]
  0x0000000001581800 WatcherThread [stack: 0x00007fc3acca8000,0x00007fc3acda9000] [id=32283]

VM state:not at safepoint (normal execution)

VM Mutex/Monitor currently owned by a thread: None

Heap:
 PSYoungGen      total 68608K, used 37245K [0x00000000d6b80000, 0x00000000df180000, 0x0000000100000000)
  eden space 63488K, 50% used [0x00000000d6b80000,0x00000000d8ae01f0,0x00000000da980000)
  from space 5120K, 99% used [0x00000000da980000,0x00000000dae7f488,0x00000000dae80000)
  to   space 5120K, 0% used [0x00000000dec80000,0x00000000dec80000,0x00000000df180000)
 ParOldGen       total 84992K, used 3721K [0x0000000084200000, 0x0000000089500000, 0x00000000d6b80000)
  object space 84992K, 4% used [0x0000000084200000,0x00000000845a24d0,0x0000000089500000)
 Metaspace       used 20621K, capacity 20796K, committed 20992K, reserved 1067008K
  class space    used 2381K, capacity 2472K, committed 2560K, reserved 1048576K

Card table byte_map: [0x00007fc3b885f000,0x00007fc3b8c3f000] byte_map_base: 0x00007fc3b843e000

Marking Bits: (ParMarkBitMap*) 0x00007fc3cdbd3220
 Begin Bits: [0x00007fc3b40d3000, 0x00007fc3b5fcb000)
 End Bits:   [0x00007fc3b5fcb000, 0x00007fc3b7ec3000)

Polling page: 0x00007fc3cf50b000

CodeCache: size=245760Kb used=4460Kb max_used=4465Kb free=241299Kb
 bounds [0x00007fc3b8fff000, 0x00007fc3b945f000, 0x00007fc3c7fff000]
 total_blobs=1645 nmethods=1236 adapters=324
 compilation: enabled

Compilation events (10 events):
Event: 1.262 Thread 0x0000000001578000 1231       3       com.google.protobuf.CodedOutputStream::writeRawByte (7 bytes)
Event: 1.262 Thread 0x0000000001578000 nmethod 1231 0x00007fc3b9454810 code [0x00007fc3b9454980, 0x00007fc3b9454c68]
Event: 1.262 Thread 0x0000000001578000 1232       3       com.google.protobuf.CodedOutputStream::writeRawByte (33 bytes)
Event: 1.262 Thread 0x0000000001578000 nmethod 1232 0x00007fc3b9454390 code [0x00007fc3b9454500, 0x00007fc3b9454708]
Event: 1.263 Thread 0x0000000001578000 1234       3       java.nio.Bits::copyToArray (68 bytes)
Event: 1.263 Thread 0x0000000001578000 nmethod 1234 0x00007fc3b945b590 code [0x00007fc3b945b720, 0x00007fc3b945ba88]
Event: 1.263 Thread 0x0000000001578000 1235       3       java.nio.ByteBuffer::get (9 bytes)
Event: 1.263 Thread 0x0000000001578000 nmethod 1235 0x00007fc3b945b150 code [0x00007fc3b945b2c0, 0x00007fc3b945b4e8]
Event: 1.263 Thread 0x0000000001578000 1236       1       java.nio.Buffer::capacity (5 bytes)
Event: 1.263 Thread 0x0000000001578000 nmethod 1236 0x00007fc3b94540d0 code [0x00007fc3b9454220, 0x00007fc3b9454330]

GC Heap History (6 events):
Event: 0.419 GC heap before
{Heap before GC invocations=1 (full 0):
 PSYoungGen      total 36864K, used 31744K [0x00000000d6b80000, 0x00000000d9480000, 0x0000000100000000)
  eden space 31744K, 100% used [0x00000000d6b80000,0x00000000d8a80000,0x00000000d8a80000)
  from space 5120K, 0% used [0x00000000d8f80000,0x00000000d8f80000,0x00000000d9480000)
  to   space 5120K, 0% used [0x00000000d8a80000,0x00000000d8a80000,0x00000000d8f80000)
 ParOldGen       total 84992K, used 0K [0x0000000084200000, 0x0000000089500000, 0x00000000d6b80000)
  object space 84992K, 0% used [0x0000000084200000,0x0000000084200000,0x0000000089500000)
 Metaspace       used 8147K, capacity 8330K, committed 8448K, reserved 1056768K
  class space    used 957K, capacity 1009K, committed 1024K, reserved 1048576K
Event: 0.439 GC heap after
Heap after GC invocations=1 (full 0):
 PSYoungGen      total 36864K, used 4884K [0x00000000d6b80000, 0x00000000db380000, 0x0000000100000000)
  eden space 31744K, 0% used [0x00000000d6b80000,0x00000000d6b80000,0x00000000d8a80000)
  from space 5120K, 95% used [0x00000000d8a80000,0x00000000d8f450c8,0x00000000d8f80000)
  to   space 5120K, 0% used [0x00000000dae80000,0x00000000dae80000,0x00000000db380000)
 ParOldGen       total 84992K, used 8K [0x0000000084200000, 0x0000000089500000, 0x00000000d6b80000)
  object space 84992K, 0% used [0x0000000084200000,0x0000000084202000,0x0000000089500000)
 Metaspace       used 8147K, capacity 8330K, committed 8448K, reserved 1056768K
  class space    used 957K, capacity 1009K, committed 1024K, reserved 1048576K
}
Event: 0.661 GC heap before
{Heap before GC invocations=2 (full 0):
 PSYoungGen      total 36864K, used 36628K [0x00000000d6b80000, 0x00000000db380000, 0x0000000100000000)
  eden space 31744K, 100% used [0x00000000d6b80000,0x00000000d8a80000,0x00000000d8a80000)
  from space 5120K, 95% used [0x00000000d8a80000,0x00000000d8f450c8,0x00000000d8f80000)
  to   space 5120K, 0% used [0x00000000dae80000,0x00000000dae80000,0x00000000db380000)
 ParOldGen       total 84992K, used 8K [0x0000000084200000, 0x0000000089500000, 0x00000000d6b80000)
  object space 84992K, 0% used [0x0000000084200000,0x0000000084202000,0x0000000089500000)
 Metaspace       used 12359K, capacity 12570K, committed 12928K, reserved 1060864K
  class space    used 1461K, capacity 1543K, committed 1664K, reserved 1048576K
Event: 0.678 GC heap after
Heap after GC invocations=2 (full 0):
 PSYoungGen      total 68608K, used 5103K [0x00000000d6b80000, 0x00000000db380000, 0x0000000100000000)
  eden space 63488K, 0% used [0x00000000d6b80000,0x00000000d6b80000,0x00000000da980000)
  from space 5120K, 99% used [0x00000000dae80000,0x00000000db37bca0,0x00000000db380000)
  to   space 5120K, 0% used [0x00000000da980000,0x00000000da980000,0x00000000dae80000)
 ParOldGen       total 84992K, used 788K [0x0000000084200000, 0x0000000089500000, 0x00000000d6b80000)
  object space 84992K, 0% used [0x0000000084200000,0x00000000842c5310,0x0000000089500000)
 Metaspace       used 12359K, capacity 12570K, committed 12928K, reserved 1060864K
  class space    used 1461K, capacity 1543K, committed 1664K, reserved 1048576K
}
Event: 0.955 GC heap before
{Heap before GC invocations=3 (full 0):
 PSYoungGen      total 68608K, used 68591K [0x00000000d6b80000, 0x00000000db380000, 0x0000000100000000)
  eden space 63488K, 100% used [0x00000000d6b80000,0x00000000da980000,0x00000000da980000)
  from space 5120K, 99% used [0x00000000dae80000,0x00000000db37bca0,0x00000000db380000)
  to   space 5120K, 0% used [0x00000000da980000,0x00000000da980000,0x00000000dae80000)
 ParOldGen       total 84992K, used 788K [0x0000000084200000, 0x0000000089500000, 0x00000000d6b80000)
  object space 84992K, 0% used [0x0000000084200000,0x00000000842c5310,0x0000000089500000)
 Metaspace       used 17591K, capacity 17818K, committed 18048K, reserved 1064960K
  class space    used 2038K, capacity 2119K, committed 2176K, reserved 1048576K
Event: 0.974 GC heap after
Heap after GC invocations=3 (full 0):
 PSYoungGen      total 68608K, used 5117K [0x00000000d6b80000, 0x00000000df180000, 0x0000000100000000)
  eden space 63488K, 0% used [0x00000000d6b80000,0x00000000d6b80000,0x00000000da980000)
  from space 5120K, 99% used [0x00000000da980000,0x00000000dae7f488,0x00000000dae80000)
  to   space 5120K, 0% used [0x00000000dec80000,0x00000000dec80000,0x00000000df180000)
 ParOldGen       total 84992K, used 3721K [0x0000000084200000, 0x0000000089500000, 0x00000000d6b80000)
  object space 84992K, 4% used [0x0000000084200000,0x00000000845a24d0,0x0000000089500000)
 Metaspace       used 17591K, capacity 17818K, committed 18048K, reserved 1064960K
  class space    used 2038K, capacity 2119K, committed 2176K, reserved 1048576K
}

Deoptimization events (10 events):
Event: 0.539 Thread 0x0000000000e52000 Uncommon trap: reason=unstable_if action=reinterpret pc=0x00007fc3b9361af8 method=org.apache.xerces.impl.XMLDocumentFragmentScannerImpl.scanContent()I @ 90
Event: 0.557 Thread 0x0000000000e52000 Uncommon trap: reason=unstable_if action=reinterpret pc=0x00007fc3b92e714c method=org.apache.xerces.dom.DeferredDocumentImpl.clearChunkIndex([[III)I @ 47
Event: 0.653 Thread 0x0000000000e52000 Uncommon trap: reason=unstable_if action=reinterpret pc=0x00007fc3b938e7dc method=org.apache.xerces.impl.XMLEntityScanner.scanQName(Lorg/apache/xerces/xni/QName;)Z @ 68
Event: 0.682 Thread 0x0000000000e52000 Uncommon trap: reason=unstable_if action=reinterpret pc=0x00007fc3b923b5d4 method=sun.net.www.ParseUtil.encodePath(Ljava/lang/String;Z)Ljava/lang/String; @ 109
Event: 1.023 Thread 0x0000000000e52000 Uncommon trap: reason=class_check action=maybe_recompile pc=0x00007fc3b941f478 method=java.io.DataOutputStream.write(I)V @ 5
Event: 1.023 Thread 0x0000000000e52000 Uncommon trap: reason=class_check action=maybe_recompile pc=0x00007fc3b941f478 method=java.io.DataOutputStream.write(I)V @ 5
Event: 1.023 Thread 0x0000000000e52000 Uncommon trap: reason=class_check action=maybe_recompile pc=0x00007fc3b941f478 method=java.io.DataOutputStream.write(I)V @ 5
Event: 1.115 Thread 0x0000000000e52000 Uncommon trap: reason=bimorphic action=maybe_recompile pc=0x00007fc3b9402604 method=java.io.DataOutputStream.writeShort(I)V @ 12
Event: 1.115 Thread 0x0000000000e52000 Uncommon trap: reason=class_check action=maybe_recompile pc=0x00007fc3b941f478 method=java.io.DataOutputStream.write(I)V @ 5
Event: 1.262 Thread 0x0000000000e52000 Uncommon trap: reason=bimorphic action=maybe_recompile pc=0x00007fc3b9402604 method=java.io.DataOutputStream.writeShort(I)V @ 12

Internal exceptions (10 events):
Event: 0.133 Thread 0x0000000000e52000 Exception <a 'java/lang/ClassNotFoundException': org/apache/log4j/AppenderSkeletonCustomizer> (0x00000000d73f8b00) thrown at [/build/openjdk-8-YiEakL/openjdk-8-8u121-b13/src/hotspot/src/share/vm/classfile/systemDictionary.cpp, line 210]
Event: 0.135 Thread 0x0000000000e52000 Exception <a 'java/lang/ClassNotFoundException': org/apache/log4j/WriterAppenderCustomizer> (0x00000000d7431e70) thrown at [/build/openjdk-8-YiEakL/openjdk-8-8u121-b13/src/hotspot/src/share/vm/classfile/systemDictionary.cpp, line 210]
Event: 0.136 Thread 0x0000000000e52000 Exception <a 'java/lang/ClassNotFoundException': org/apache/log4j/ConsoleAppenderCustomizer> (0x00000000d7461e58) thrown at [/build/openjdk-8-YiEakL/openjdk-8-8u121-b13/src/hotspot/src/share/vm/classfile/systemDictionary.cpp, line 210]
Event: 0.493 Thread 0x0000000000e52000 Exception <a 'java/lang/NoSuchFieldError': method resolution failed> (0x00000000d6f66448) thrown at [/build/openjdk-8-YiEakL/openjdk-8-8u121-b13/src/hotspot/src/share/vm/prims/methodHandles.cpp, line 1146]
Event: 0.494 Thread 0x0000000000e52000 Exception <a 'java/lang/NoSuchFieldError': method resolution failed> (0x00000000d6f73b08) thrown at [/build/openjdk-8-YiEakL/openjdk-8-8u121-b13/src/hotspot/src/share/vm/prims/methodHandles.cpp, line 1146]
Event: 0.515 Thread 0x0000000000e52000 Exception <a 'java/io/FileNotFoundException'> (0x00000000d711a1e8) thrown at [/build/openjdk-8-YiEakL/openjdk-8-8u121-b13/src/hotspot/src/share/vm/prims/jni.cpp, line 709]
Event: 0.515 Thread 0x0000000000e52000 Exception <a 'java/security/PrivilegedActionException'> (0x00000000d711a650) thrown at [/build/openjdk-8-YiEakL/openjdk-8-8u121-b13/src/hotspot/src/share/vm/prims/jvm.cpp, line 1390]
Event: 0.515 Thread 0x0000000000e52000 Exception <a 'java/lang/reflect/InvocationTargetException'> (0x00000000d711c710) thrown at [/build/openjdk-8-YiEakL/openjdk-8-8u121-b13/src/hotspot/src/share/vm/runtime/reflection.cpp, line 1092]
Event: 1.127 Thread 0x00000000023bf800 Exception <a 'java/lang/InterruptedException'> (0x00000000d7785000) thrown at [/build/openjdk-8-YiEakL/openjdk-8-8u121-b13/src/hotspot/src/share/vm/runtime/objectMonitor.cpp, line 1684]
Event: 1.263 Thread 0x0000000002533000 Exception <a 'java/lang/InterruptedException'> (0x00000000d8a0f300) thrown at [/build/openjdk-8-YiEakL/openjdk-8-8u121-b13/src/hotspot/src/share/vm/runtime/objectMonitor.cpp, line 1684]

Events (10 events):
Event: 1.257 loading class javax/security/auth/Subject$ClassSet$1 done
Event: 1.259 Thread 0x0000000002533000 Thread added: 0x0000000002533000
Event: 1.259 Thread 0x0000000002534000 Thread added: 0x0000000002534000
Event: 1.262 Thread 0x0000000000e52000 Uncommon trap: trap_request=0xffffffc6 fr.pc=0x00007fc3b9402604
Event: 1.262 Thread 0x0000000000e52000 DEOPT PACKING pc=0x00007fc3b9402604 sp=0x00007fff2a0fc9a0
Event: 1.262 Thread 0x0000000000e52000 DEOPT UNPACKING pc=0x00007fc3b9003f69 sp=0x00007fff2a0fc9b0 mode 2
Event: 1.263 Thread 0x0000000002533000 Thread exited: 0x0000000002533000
Event: 1.363 Thread 0x0000000002534000 Thread exited: 0x0000000002534000
Event: 4.043 Executing VM operation: EnableBiasedLocking
Event: 4.043 Executing VM operation: EnableBiasedLocking done


Dynamic libraries:
00400000-004ee000 r-xp 00000000 08:01 38801530                           /home/peter/FYP/FastLSH/cmake-build-debug/FastLSH
006ed000-006ee000 r--p 000ed000 08:01 38801530                           /home/peter/FYP/FastLSH/cmake-build-debug/FastLSH
006ee000-006ef000 rw-p 000ee000 08:01 38801530                           /home/peter/FYP/FastLSH/cmake-build-debug/FastLSH
006ef000-006f0000 rw-p 00000000 00:00 0 
00c61000-02761000 rw-p 00000000 00:00 0                                  [heap]
84200000-89500000 rw-p 00000000 00:00 0 
89500000-d6b80000 ---p 00000000 00:00 0 
d6b80000-df180000 rw-p 00000000 00:00 0 
df180000-100000000 ---p 00000000 00:00 0 
100000000-100280000 rw-p 00000000 00:00 0 
100280000-140000000 ---p 00000000 00:00 0 
7fc348000000-7fc348021000 rw-p 00000000 00:00 0 
7fc348021000-7fc34c000000 ---p 00000000 00:00 0 
7fc350000000-7fc350021000 rw-p 00000000 00:00 0 
7fc350021000-7fc354000000 ---p 00000000 00:00 0 
7fc354000000-7fc354026000 rw-p 00000000 00:00 0 
7fc354026000-7fc358000000 ---p 00000000 00:00 0 
7fc358000000-7fc358021000 rw-p 00000000 00:00 0 
7fc358021000-7fc35c000000 ---p 00000000 00:00 0 
7fc35c000000-7fc35c021000 rw-p 00000000 00:00 0 
7fc35c021000-7fc360000000 ---p 00000000 00:00 0 
7fc360000000-7fc360253000 rw-p 00000000 00:00 0 
7fc360253000-7fc364000000 ---p 00000000 00:00 0 
7fc364000000-7fc364021000 rw-p 00000000 00:00 0 
7fc364021000-7fc368000000 ---p 00000000 00:00 0 
7fc368000000-7fc368293000 rw-p 00000000 00:00 0 
7fc368293000-7fc36c000000 ---p 00000000 00:00 0 
7fc36c000000-7fc36c2e8000 rw-p 00000000 00:00 0 
7fc36c2e8000-7fc370000000 ---p 00000000 00:00 0 
7fc370000000-7fc370021000 rw-p 00000000 00:00 0 
7fc370021000-7fc374000000 ---p 00000000 00:00 0 
7fc374000000-7fc374379000 rw-p 00000000 00:00 0 
7fc374379000-7fc378000000 ---p 00000000 00:00 0 
7fc378000000-7fc378021000 rw-p 00000000 00:00 0 
7fc378021000-7fc37c000000 ---p 00000000 00:00 0 
7fc37c000000-7fc37c021000 rw-p 00000000 00:00 0 
7fc37c021000-7fc380000000 ---p 00000000 00:00 0 
7fc380000000-7fc380021000 rw-p 00000000 00:00 0 
7fc380021000-7fc384000000 ---p 00000000 00:00 0 
7fc384000000-7fc384021000 rw-p 00000000 00:00 0 
7fc384021000-7fc388000000 ---p 00000000 00:00 0 
7fc388000000-7fc388021000 rw-p 00000000 00:00 0 
7fc388021000-7fc38c000000 ---p 00000000 00:00 0 
7fc38c000000-7fc38c021000 rw-p 00000000 00:00 0 
7fc38c021000-7fc390000000 ---p 00000000 00:00 0 
7fc390000000-7fc390021000 rw-p 00000000 00:00 0 
7fc390021000-7fc394000000 ---p 00000000 00:00 0 
7fc398000000-7fc398021000 rw-p 00000000 00:00 0 
7fc398021000-7fc39c000000 ---p 00000000 00:00 0 
7fc39effe000-7fc39efff000 ---p 00000000 00:00 0 
7fc39efff000-7fc39f7ff000 rw-p 00000000 00:00 0 
7fc39f7ff000-7fc39f800000 ---p 00000000 00:00 0 
7fc39f800000-7fc3a0000000 rw-p 00000000 00:00 0 
7fc3a0000000-7fc3a0021000 rw-p 00000000 00:00 0 
7fc3a0021000-7fc3a4000000 ---p 00000000 00:00 0 
7fc3a40ce000-7fc3a40cf000 ---p 00000000 00:00 0 
7fc3a40cf000-7fc3a48cf000 rw-p 00000000 00:00 0 
7fc3a48cf000-7fc3a48d0000 ---p 00000000 00:00 0 
7fc3a48d0000-7fc3a50d0000 rw-p 00000000 00:00 0 
7fc3a70d4000-7fc3a70e5000 r-xp 00000000 08:01 56888874                   /usr/lib/jvm/java-8-openjdk-amd64/jre/lib/amd64/libnio.so
7fc3a70e5000-7fc3a72e5000 ---p 00011000 08:01 56888874                   /usr/lib/jvm/java-8-openjdk-amd64/jre/lib/amd64/libnio.so
7fc3a72e5000-7fc3a72e6000 r--p 00011000 08:01 56888874                   /usr/lib/jvm/java-8-openjdk-amd64/jre/lib/amd64/libnio.so
7fc3a72e6000-7fc3a72e7000 rw-p 00012000 08:01 56888874                   /usr/lib/jvm/java-8-openjdk-amd64/jre/lib/amd64/libnio.so
7fc3a72e7000-7fc3a74e7000 rw-p 00000000 00:00 0 
7fc3a74e7000-7fc3a76e7000 rw-p 00000000 00:00 0 
7fc3a76e7000-7fc3a78e7000 rw-p 00000000 00:00 0 
7fc3a78e7000-7fc3a7be8000 rw-p 00000000 00:00 0 
7fc3a7be8000-7fc3a7bff000 r-xp 00000000 08:01 56888866                   /usr/lib/jvm/java-8-openjdk-amd64/jre/lib/amd64/libnet.so
7fc3a7bff000-7fc3a7dfe000 ---p 00017000 08:01 56888866                   /usr/lib/jvm/java-8-openjdk-amd64/jre/lib/amd64/libnet.so
7fc3a7dfe000-7fc3a7dff000 r--p 00016000 08:01 56888866                   /usr/lib/jvm/java-8-openjdk-amd64/jre/lib/amd64/libnet.so
7fc3a7dff000-7fc3a7e00000 rw-p 00017000 08:01 56888866                   /usr/lib/jvm/java-8-openjdk-amd64/jre/lib/amd64/libnet.so
7fc3a7e00000-7fc3a8000000 rw-p 00000000 00:00 0 
7fc3a8000000-7fc3a8021000 rw-p 00000000 00:00 0 
7fc3a8021000-7fc3ac000000 ---p 00000000 00:00 0 
7fc3ac09c000-7fc3ac09f000 r--s 00015000 08:01 56363511                   /usr/lib/jvm/java-8-openjdk-amd64/jre/lib/jce.jar
7fc3ac09f000-7fc3ac0a3000 r--s 0009a000 08:01 56363510                   /usr/lib/jvm/java-8-openjdk-amd64/jre/lib/jsse.jar
7fc3ac0a3000-7fc3ac0a4000 r-xp 00000000 08:01 56888858                   /usr/lib/jvm/java-8-openjdk-amd64/jre/lib/amd64/libjaas_unix.so
7fc3ac0a4000-7fc3ac2a3000 ---p 00001000 08:01 56888858                   /usr/lib/jvm/java-8-openjdk-amd64/jre/lib/amd64/libjaas_unix.so
7fc3ac2a3000-7fc3ac2a4000 r--p 00000000 08:01 56888858                   /usr/lib/jvm/java-8-openjdk-amd64/jre/lib/amd64/libjaas_unix.so
7fc3ac2a4000-7fc3ac2a5000 rw-p 00001000 08:01 56888858                   /usr/lib/jvm/java-8-openjdk-amd64/jre/lib/amd64/libjaas_unix.so
7fc3ac2a5000-7fc3ac2a8000 ---p 00000000 00:00 0 
7fc3ac2a8000-7fc3ac3a6000 rw-p 00000000 00:00 0 
7fc3ac3a6000-7fc3ac3a9000 ---p 00000000 00:00 0 
7fc3ac3a9000-7fc3ac5df000 rw-p 00000000 00:00 0 
7fc3ac5df000-7fc3ac5e8000 r-xp 00000000 08:01 56888880                   /usr/lib/jvm/java-8-openjdk-amd64/jre/lib/amd64/libmanagement.so
7fc3ac5e8000-7fc3ac7e7000 ---p 00009000 08:01 56888880                   /usr/lib/jvm/java-8-openjdk-amd64/jre/lib/amd64/libmanagement.so
7fc3ac7e7000-7fc3ac7e8000 r--p 00008000 08:01 56888880                   /usr/lib/jvm/java-8-openjdk-amd64/jre/lib/amd64/libmanagement.so
7fc3ac7e8000-7fc3ac7e9000 rw-p 00009000 08:01 56888880                   /usr/lib/jvm/java-8-openjdk-amd64/jre/lib/amd64/libmanagement.so
7fc3ac7e9000-7fc3ac7eb000 r--s 0000e000 08:01 37358641                   /usr/local/hadoop/share/hadoop/mapreduce/hadoop-mapreduce-client-jobclient-2.7.3.jar
7fc3ac7eb000-7fc3ac7f8000 r--s 000b0000 08:01 37358637                   /usr/local/hadoop/share/hadoop/mapreduce/hadoop-mapreduce-client-common-2.7.3.jar
7fc3ac7f8000-7fc3ac7fa000 r--s 00010000 08:01 37358638                   /usr/local/hadoop/share/hadoop/mapreduce/hadoop-mapreduce-client-shuffle-2.7.3.jar
7fc3ac7fa000-7fc3ac812000 r--s 00164000 08:01 37358636                   /usr/local/hadoop/share/hadoop/mapreduce/hadoop-mapreduce-client-core-2.7.3.jar
7fc3ac812000-7fc3ac816000 r--s 0002b000 08:01 37358640                   /usr/local/hadoop/share/hadoop/mapreduce/hadoop-mapreduce-client-hs-2.7.3.jar
7fc3ac816000-7fc3ac817000 r--s 00006000 08:01 37358642                   /usr/local/hadoop/share/hadoop/mapreduce/hadoop-mapreduce-client-hs-plugins-2.7.3.jar
7fc3ac817000-7fc3ac82d000 r--s 00165000 08:01 37358644                   /usr/local/hadoop/share/hadoop/mapreduce/hadoop-mapreduce-client-jobclient-2.7.3-tests.jar
7fc3ac82d000-7fc3ac832000 r--s 00044000 08:01 37358643                   /usr/local/hadoop/share/hadoop/mapreduce/hadoop-mapreduce-examples-2.7.3.jar
7fc3ac832000-7fc3ac83c000 r--s 0007a000 08:01 37358639                   /usr/local/hadoop/share/hadoop/mapreduce/hadoop-mapreduce-client-app-2.7.3.jar
7fc3ac83c000-7fc3ac843000 r--s 00044000 08:01 37358612                   /usr/local/hadoop/share/hadoop/mapreduce/lib/avro-1.7.4.jar
7fc3ac843000-7fc3ac849000 r--s 00036000 08:01 37358632                   /usr/local/hadoop/share/hadoop/mapreduce/lib/junit-4.11.jar
7fc3ac849000-7fc3ac851000 r--s 0007b000 08:01 37358611                   /usr/local/hadoop/share/hadoop/mapreduce/lib/protobuf-java-2.5.0.jar
7fc3ac851000-7fc3ac852000 r--s 0000a000 08:01 37358623                   /usr/local/hadoop/share/hadoop/mapreduce/lib/asm-3.2.jar
7fc3ac852000-7fc3ac85c000 r--s 00066000 08:01 37358621                   /usr/local/hadoop/share/hadoop/mapreduce/lib/jersey-core-1.9.jar
7fc3ac85c000-7fc3ac85d000 r--s 00003000 08:01 37358630                   /usr/local/hadoop/share/hadoop/mapreduce/lib/jersey-guice-1.9.jar
7fc3ac85d000-7fc3ac861000 r--s 0002a000 08:01 37358620                   /usr/local/hadoop/share/hadoop/mapreduce/lib/commons-io-2.4.jar
7fc3ac861000-7fc3ac878000 r--s 0010e000 08:01 37358625                   /usr/local/hadoop/share/hadoop/mapreduce/lib/netty-3.6.2.Final.jar
7fc3ac878000-7fc3ac87a000 r--s 000f2000 08:01 37358616                   /usr/local/hadoop/share/hadoop/mapreduce/lib/snappy-java-1.0.4.1.jar
7fc3ac87a000-7fc3ac87c000 r--s 00009000 08:01 37358633                   /usr/local/hadoop/share/hadoop/mapreduce/lib/hamcrest-core-1.3.jar
7fc3ac87c000-7fc3ac885000 r--s 0006f000 08:01 37358624                   /usr/local/hadoop/share/hadoop/mapreduce/lib/log4j-1.2.17.jar
7fc3ac885000-7fc3ac897000 r--s 0009d000 08:01 37358622                   /usr/local/hadoop/share/hadoop/mapreduce/lib/jersey-server-1.9.jar
7fc3ac897000-7fc3ac898000 r--s 00009000 08:01 37358619                   /usr/local/hadoop/share/hadoop/mapreduce/lib/hadoop-annotations-2.7.3.jar
7fc3ac898000-7fc3ac899000 r--s 00000000 08:01 37358628                   /usr/local/hadoop/share/hadoop/mapreduce/lib/javax.inject-1.jar
7fc3ac899000-7fc3ac89b000 r--s 00006000 08:01 37358615                   /usr/local/hadoop/share/hadoop/mapreduce/lib/paranamer-2.3.jar
7fc3ac89b000-7fc3ac89f000 r--s 00014000 08:01 37358618                   /usr/local/hadoop/share/hadoop/mapreduce/lib/xz-1.0.jar
7fc3ac89f000-7fc3ac8a3000 r--s 00035000 08:01 37358613                   /usr/local/hadoop/share/hadoop/mapreduce/lib/jackson-core-asl-1.9.13.jar
7fc3ac8a3000-7fc3ac8a5000 r--s 00000000 08:01 37358629                   /usr/local/hadoop/share/hadoop/mapreduce/lib/aopalliance-1.0.jar
7fc3ac8a5000-7fc3ac8b3000 r--s 000b1000 08:01 37358614                   /usr/local/hadoop/share/hadoop/mapreduce/lib/jackson-mapper-asl-1.9.13.jar
7fc3ac8b3000-7fc3ac8b8000 r--s 00036000 08:01 37358617                   /usr/local/hadoop/share/hadoop/mapreduce/lib/commons-compress-1.4.1.jar
7fc3ac8b8000-7fc3ac8c7000 r--s 0009f000 08:01 37358627                   /usr/local/hadoop/share/hadoop/mapreduce/lib/guice-3.0.jar
7fc3ac8c7000-7fc3ac8ca000 r--s 000fd000 08:01 37358626                   /usr/local/hadoop/share/hadoop/mapreduce/lib/leveldbjni-all-1.8.jar
7fc3ac8ca000-7fc3ac8cc000 r--s 0000e000 08:01 37358631                   /usr/local/hadoop/share/hadoop/mapreduce/lib/guice-servlet-3.0.jar
7fc3ac8cc000-7fc3ac8da000 r--s 000a1000 08:01 37358582                   /usr/local/hadoop/share/hadoop/yarn/hadoop-yarn-server-nodemanager-2.7.3.jar
7fc3ac8da000-7fc3ac8f0000 r--s 00122000 08:01 37358585                   /usr/local/hadoop/share/hadoop/yarn/hadoop-yarn-server-resourcemanager-2.7.3.jar
7fc3ac8f0000-7fc3ac8f3000 r--s 0001b000 08:01 37358591                   /usr/local/hadoop/share/hadoop/yarn/hadoop-yarn-registry-2.7.3.jar
7fc3ac8f3000-7fc3ac910000 r--s 001d3000 08:01 37358579                   /usr/local/hadoop/share/hadoop/yarn/hadoop-yarn-api-2.7.3.jar
7fc3ac910000-7fc3ac912000 r--s 00011000 08:01 37358588                   /usr/local/hadoop/share/hadoop/yarn/hadoop-yarn-server-sharedcachemanager-2.7.3.jar
7fc3ac912000-7fc3ac913000 r--s 00010000 08:01 37358589                   /usr/local/hadoop/share/hadoop/yarn/hadoop-yarn-applications-distributedshell-2.7.3.jar
7fc3ac913000-7fc3ac91b000 r--s 00057000 08:01 37358581                   /usr/local/hadoop/share/hadoop/yarn/hadoop-yarn-server-common-2.7.3.jar
7fc3ac91b000-7fc3ac920000 r--s 00031000 08:01 37358584                   /usr/local/hadoop/share/hadoop/yarn/hadoop-yarn-server-applicationhistoryservice-2.7.3.jar
7fc3ac920000-7fc3ac922000 r--s 00008000 08:01 37358590                   /usr/local/hadoop/share/hadoop/yarn/hadoop-yarn-applications-unmanaged-am-launcher-2.7.3.jar
7fc3ac922000-7fc3ac924000 r--s 0000e000 08:01 37358586                   /usr/local/hadoop/share/hadoop/yarn/hadoop-yarn-server-tests-2.7.3.jar
7fc3ac924000-7fc3ac926000 r--s 0000d000 08:01 37358583                   /usr/local/hadoop/share/hadoop/yarn/hadoop-yarn-server-web-proxy-2.7.3.jar
7fc3ac926000-7fc3ac929000 r--s 00026000 08:01 37358587                   /usr/local/hadoop/share/hadoop/yarn/hadoop-yarn-client-2.7.3.jar
7fc3ac929000-7fc3ac941000 r--s 00182000 08:01 37358580                   /usr/local/hadoop/share/hadoop/yarn/hadoop-yarn-common-2.7.3.jar
7fc3ac941000-7fc3ac954000 r--s 000c7000 08:01 37358570                   /usr/local/hadoop/share/hadoop/yarn/lib/jaxb-impl-2.2.3-1.jar
7fc3ac954000-7fc3ac975000 r--s 00172000 08:01 37358541                   /usr/local/hadoop/share/hadoop/yarn/lib/guava-11.0.2.jar
7fc3ac975000-7fc3ac97d000 r--s 0007b000 08:01 37358544                   /usr/local/hadoop/share/hadoop/yarn/lib/protobuf-java-2.5.0.jar
7fc3ac97d000-7fc3ac97e000 r--s 0000a000 08:01 37358567                   /usr/local/hadoop/share/hadoop/yarn/lib/asm-3.2.jar
7fc3ac97e000-7fc3ac982000 r--s 00021000 08:01 37358568                   /usr/local/hadoop/share/hadoop/yarn/lib/jersey-json-1.9.jar
7fc3ac982000-7fc3ac985000 r--s 00006000 08:01 37358542                   /usr/local/hadoop/share/hadoop/yarn/lib/jsr305-3.0.0.jar
7fc3ac985000-7fc3ac991000 r--s 000b6000 08:01 37358572                   /usr/local/hadoop/share/hadoop/yarn/lib/zookeeper-3.4.6.jar
7fc3ac991000-7fc3ac99b000 r--s 00066000 08:01 37358555                   /usr/local/hadoop/share/hadoop/yarn/lib/jersey-core-1.9.jar
7fc3ac99b000-7fc3ac99c000 r--s 00003000 08:01 37358571                   /usr/local/hadoop/share/hadoop/yarn/lib/jersey-guice-1.9.jar
7fc3ac99c000-7fc3ac9a0000 r--s 0002a000 08:01 37358565                   /usr/local/hadoop/share/hadoop/yarn/lib/commons-io-2.4.jar
7fc3ac9a0000-7fc3ac9b7000 r--s 0010e000 08:01 37358573                   /usr/local/hadoop/share/hadoop/yarn/lib/netty-3.6.2.Final.jar
7fc3ac9b7000-7fc3ac9c0000 r--s 0007b000 08:01 37358539                   /usr/local/hadoop/share/hadoop/yarn/lib/zookeeper-3.4.6-tests.jar
7fc3ac9c0000-7fc3ac9c2000 r--s 0000d000 08:01 37358553                   /usr/local/hadoop/share/hadoop/yarn/lib/commons-codec-1.4.jar
7fc3ac9c2000-7fc3ac9cb000 r--s 0006f000 08:01 37358546                   /usr/local/hadoop/share/hadoop/yarn/lib/log4j-1.2.17.jar
7fc3ac9cb000-7fc3ac9dd000 r--s 0009d000 08:01 37358566                   /usr/local/hadoop/share/hadoop/yarn/lib/jersey-server-1.9.jar
7fc3ac9dd000-7fc3ac9e0000 r--s 00017000 08:01 37358547                   /usr/local/hadoop/share/hadoop/yarn/lib/jaxb-api-2.2.2.jar
7fc3ac9e0000-7fc3ac9e1000 r--s 00004000 08:01 37358559                   /usr/local/hadoop/share/hadoop/yarn/lib/jackson-jaxrs-1.9.13.jar
7fc3ac9e1000-7fc3ac9e4000 r--s 0001d000 08:01 37358556                   /usr/local/hadoop/share/hadoop/yarn/lib/jersey-client-1.9.jar
7fc3ac9e4000-7fc3ac9eb000 r--s 0007d000 08:01 37358576                   /usr/local/hadoop/share/hadoop/yarn/lib/jetty-6.1.26.jar
7fc3ac9eb000-7fc3ac9ed000 r--s 0000e000 08:01 37358543                   /usr/local/hadoop/share/hadoop/yarn/lib/commons-logging-1.1.3.jar
7fc3ac9ed000-7fc3ac9ef000 r--s 00009000 08:01 37358545                   /usr/local/hadoop/share/hadoop/yarn/lib/commons-cli-1.2.jar
7fc3ac9ef000-7fc3ac9f0000 r--s 00000000 08:01 37358563                   /usr/local/hadoop/share/hadoop/yarn/lib/javax.inject-1.jar
7fc3ac9f0000-7fc3ac9f4000 r--s 00028000 08:01 37358554                   /usr/local/hadoop/share/hadoop/yarn/lib/jetty-util-6.1.26.jar
7fc3ac9f4000-7fc3ac9f8000 r--s 00014000 08:01 37358551                   /usr/local/hadoop/share/hadoop/yarn/lib/xz-1.0.jar
7fc3ac9f8000-7fc3ac9fa000 r--s 0000e000 08:01 37358549                   /usr/local/hadoop/share/hadoop/yarn/lib/activation-1.1.jar
7fc3ac9fa000-7fc3ac9fc000 r--s 00004000 08:01 37358548                   /usr/local/hadoop/share/hadoop/yarn/lib/stax-api-1.0-2.jar
7fc3ac9fc000-7fc3ac9fd000 r--s 00006000 08:01 37358560                   /usr/local/hadoop/share/hadoop/yarn/lib/jackson-xc-1.9.13.jar
7fc3ac9fd000-7fc3aca0a000 r--s 00083000 08:01 37358575                   /usr/local/hadoop/share/hadoop/yarn/lib/commons-collections-3.2.2.jar
7fc3aca0a000-7fc3aca0e000 r--s 00035000 08:01 37358557                   /usr/local/hadoop/share/hadoop/yarn/lib/jackson-core-asl-1.9.13.jar
7fc3aca0e000-7fc3aca10000 r--s 00000000 08:01 37358564                   /usr/local/hadoop/share/hadoop/yarn/lib/aopalliance-1.0.jar
7fc3aca10000-7fc3aca12000 r--s 00018000 08:01 37358552                   /usr/local/hadoop/share/hadoop/yarn/lib/servlet-api-2.5.jar
7fc3aca12000-7fc3aca20000 r--s 000b1000 08:01 37358558                   /usr/local/hadoop/share/hadoop/yarn/lib/jackson-mapper-asl-1.9.13.jar
7fc3aca20000-7fc3aca25000 r--s 00041000 08:01 37358540                   /usr/local/hadoop/share/hadoop/yarn/lib/commons-lang-2.6.jar
7fc3aca25000-7fc3aca27000 r--s 0000f000 08:01 37358569                   /usr/local/hadoop/share/hadoop/yarn/lib/jettison-1.1.jar
7fc3aca27000-7fc3aca2c000 r--s 00036000 08:01 37358550                   /usr/local/hadoop/share/hadoop/yarn/lib/commons-compress-1.4.1.jar
7fc3aca2c000-7fc3aca3b000 r--s 0009f000 08:01 37358562                   /usr/local/hadoop/share/hadoop/yarn/lib/guice-3.0.jar
7fc3aca3b000-7fc3aca3e000 r--s 000fd000 08:01 37358574                   /usr/local/hadoop/share/hadoop/yarn/lib/leveldbjni-all-1.8.jar
7fc3aca3e000-7fc3aca40000 r--s 0000e000 08:01 37358561                   /usr/local/hadoop/share/hadoop/yarn/lib/guice-servlet-3.0.jar
7fc3aca40000-7fc3aca42000 r--s 0001d000 08:01 37358098                   /usr/local/hadoop/share/hadoop/hdfs/hadoop-hdfs-nfs-2.7.3.jar
7fc3aca42000-7fc3acaad000 r--s 0077b000 08:01 37358096                   /usr/local/hadoop/share/hadoop/hdfs/hadoop-hdfs-2.7.3.jar
7fc3acaad000-7fc3acad0000 r--s 00308000 08:01 37358097                   /usr/local/hadoop/share/hadoop/hdfs/hadoop-hdfs-2.7.3-tests.jar
7fc3acad0000-7fc3acae9000 r--s 00150000 08:01 37358090                   /usr/local/hadoop/share/hadoop/hdfs/lib/htrace-core-3.1.0-incubating.jar
7fc3acae9000-7fc3acb0a000 r--s 00172000 08:01 37358075                   /usr/local/hadoop/share/hadoop/hdfs/lib/guava-11.0.2.jar
7fc3acb0a000-7fc3acb27000 r--s 00196000 08:01 37358092                   /usr/local/hadoop/share/hadoop/hdfs/lib/netty-all-4.0.23.Final.jar
7fc3acb27000-7fc3acb2f000 r--s 0007b000 08:01 37358089                   /usr/local/hadoop/share/hadoop/hdfs/lib/protobuf-java-2.5.0.jar
7fc3acb2f000-7fc3acb30000 r--s 0000a000 08:01 37358087                   /usr/local/hadoop/share/hadoop/hdfs/lib/asm-3.2.jar
7fc3acb30000-7fc3acb33000 r--s 00006000 08:01 37358076                   /usr/local/hadoop/share/hadoop/hdfs/lib/jsr305-3.0.0.jar
7fc3acb33000-7fc3acb3d000 r--s 00066000 08:01 37358083                   /usr/local/hadoop/share/hadoop/hdfs/lib/jersey-core-1.9.jar
7fc3acb3d000-7fc3acb41000 r--s 0002a000 08:01 37358079                   /usr/local/hadoop/share/hadoop/hdfs/lib/commons-io-2.4.jar
7fc3acb41000-7fc3acb58000 r--s 0010e000 08:01 37358074                   /usr/local/hadoop/share/hadoop/hdfs/lib/netty-3.6.2.Final.jar
7fc3acb58000-7fc3acb5a000 r--s 0000d000 08:01 37358071                   /usr/local/hadoop/share/hadoop/hdfs/lib/commons-codec-1.4.jar
7fc3acb5a000-7fc3acb63000 r--s 0006f000 08:01 37358072                   /usr/local/hadoop/share/hadoop/hdfs/lib/log4j-1.2.17.jar
7fc3acb63000-7fc3acb64000 r--s 00003000 08:01 37358078                   /usr/local/hadoop/share/hadoop/hdfs/lib/xmlenc-0.52.jar
7fc3acb64000-7fc3acb76000 r--s 0009d000 08:01 37358086                   /usr/local/hadoop/share/hadoop/hdfs/lib/jersey-server-1.9.jar
7fc3acb76000-7fc3acb7d000 r--s 0007d000 08:01 37358081                   /usr/local/hadoop/share/hadoop/hdfs/lib/jetty-6.1.26.jar
7fc3acb7d000-7fc3acb7f000 r--s 0000e000 08:01 37358073                   /usr/local/hadoop/share/hadoop/hdfs/lib/commons-logging-1.1.3.jar
7fc3acb7f000-7fc3acb81000 r--s 00009000 08:01 37358077                   /usr/local/hadoop/share/hadoop/hdfs/lib/commons-cli-1.2.jar
7fc3acb81000-7fc3acb82000 r--s 00005000 08:01 37358091                   /usr/local/hadoop/share/hadoop/hdfs/lib/commons-daemon-1.0.13.jar
7fc3acb82000-7fc3acb86000 r--s 00028000 08:01 37358082                   /usr/local/hadoop/share/hadoop/hdfs/lib/jetty-util-6.1.26.jar
7fc3acb86000-7fc3acb8e000 r--s 00028000 08:01 37358094                   /usr/local/hadoop/share/hadoop/hdfs/lib/xml-apis-1.3.04.jar
7fc3acb8e000-7fc3acb92000 r--s 00035000 08:01 37358084                   /usr/local/hadoop/share/hadoop/hdfs/lib/jackson-core-asl-1.9.13.jar
7fc3acb92000-7fc3acbaa000 r--s 00115000 08:01 37358093                   /usr/local/hadoop/share/hadoop/hdfs/lib/xercesImpl-2.9.1.jar
7fc3acbaa000-7fc3acbac000 r--s 00018000 08:01 37358080                   /usr/local/hadoop/share/hadoop/hdfs/lib/servlet-api-2.5.jar
7fc3acbac000-7fc3acbba000 r--s 000b1000 08:01 37358085                   /usr/local/hadoop/share/hadoop/hdfs/lib/jackson-mapper-asl-1.9.13.jar
7fc3acbba000-7fc3acbbf000 r--s 00041000 08:01 37358088                   /usr/local/hadoop/share/hadoop/hdfs/lib/commons-lang-2.6.jar
7fc3acbbf000-7fc3acbc2000 r--s 000fd000 08:01 37358095                   /usr/local/hadoop/share/hadoop/hdfs/lib/leveldbjni-all-1.8.jar
7fc3acbc2000-7fc3acbf8000 r--s 0031a000 08:01 37358012                   /usr/local/hadoop/share/hadoop/common/hadoop-common-2.7.3.jar
7fc3acbf8000-7fc3acc15000 r--s 001b6000 08:01 37358013                   /usr/local/hadoop/share/hadoop/common/hadoop-common-2.7.3-tests.jar
7fc3acc15000-7fc3acc19000 r--s 00029000 08:01 37358014                   /usr/local/hadoop/share/hadoop/common/hadoop-nfs-2.7.3.jar
7fc3acc19000-7fc3acc20000 r--s 00044000 08:01 37357971                   /usr/local/hadoop/share/hadoop/common/lib/avro-1.7.4.jar
7fc3acc20000-7fc3acc39000 r--s 00150000 08:01 37357989                   /usr/local/hadoop/share/hadoop/common/lib/htrace-core-3.1.0-incubating.jar
7fc3acc39000-7fc3acc4c000 r--s 000c7000 08:01 37357949                   /usr/local/hadoop/share/hadoop/common/lib/jaxb-impl-2.2.3-1.jar
7fc3acc4c000-7fc3acc6d000 r--s 00172000 08:01 37357994                   /usr/local/hadoop/share/hadoop/common/lib/guava-11.0.2.jar
7fc3acc6d000-7fc3acc6f000 r--s 00003000 08:01 37357981                   /usr/local/hadoop/share/hadoop/common/lib/api-asn1-api-1.0.0-M20.jar
7fc3acc6f000-7fc3acc75000 r--s 00036000 08:01 37357990                   /usr/local/hadoop/share/hadoop/common/lib/junit-4.11.jar
7fc3acc75000-7fc3acc7e000 r--s 0007b000 08:01 37357960                   /usr/local/hadoop/share/hadoop/common/lib/jets3t-0.9.0.jar
7fc3acc7e000-7fc3acc86000 r--s 0007b000 08:01 37357976                   /usr/local/hadoop/share/hadoop/common/lib/protobuf-java-2.5.0.jar
7fc3acc86000-7fc3acc87000 r--s 0000a000 08:01 37357958                   /usr/local/hadoop/share/hadoop/common/lib/asm-3.2.jar
7fc3acc87000-7fc3acca4000 r--s 0013e000 08:01 37357992                   /usr/local/hadoop/share/hadoop/common/lib/mockito-all-1.8.5.jar
7fc3acca4000-7fc3acca8000 r--s 00021000 08:01 37358010                   /usr/local/hadoop/share/hadoop/common/lib/jersey-json-1.9.jar
7fc3acca8000-7fc3acca9000 ---p 00000000 00:00 0 
7fc3acca9000-7fc3acda9000 rw-p 00000000 00:00 0 
7fc3acda9000-7fc3acdac000 ---p 00000000 00:00 0 
7fc3acdac000-7fc3aceaa000 rw-p 00000000 00:00 0 
7fc3aceaa000-7fc3acead000 ---p 00000000 00:00 0 
7fc3acead000-7fc3acfab000 rw-p 00000000 00:00 0 
7fc3acfab000-7fc3acfae000 ---p 00000000 00:00 0 
7fc3acfae000-7fc3ad0ac000 rw-p 00000000 00:00 0 
7fc3ad0ac000-7fc3ad0af000 ---p 00000000 00:00 0 
7fc3ad0af000-7fc3ad1ad000 rw-p 00000000 00:00 0 
7fc3ad1ad000-7fc3ad1b0000 ---p 00000000 00:00 0 
7fc3ad1b0000-7fc3ad2ae000 rw-p 00000000 00:00 0 
7fc3ad2ae000-7fc3ad2b1000 ---p 00000000 00:00 0 
7fc3ad2b1000-7fc3ad3af000 rw-p 00000000 00:00 0 
7fc3ad3af000-7fc3ad839000 r--p 00000000 08:01 53871508                   /usr/lib/locale/locale-archive
7fc3ad839000-7fc3ad83c000 ---p 00000000 00:00 0 
7fc3ad83c000-7fc3ad93a000 rw-p 00000000 00:00 0 
7fc3ad93a000-7fc3ad93d000 ---p 00000000 00:00 0 
7fc3ad93d000-7fc3ada3b000 rw-p 00000000 00:00 0 
7fc3ada3b000-7fc3ada3c000 ---p 00000000 00:00 0 
7fc3ada3c000-7fc3af253000 rw-p 00000000 00:00 0 
7fc3af253000-7fc3af421000 r--s 03c06000 08:01 56363514                   /usr/lib/jvm/java-8-openjdk-amd64/jre/lib/rt.jar
7fc3af421000-7fc3b0000000 rw-p 00000000 00:00 0 
7fc3b0000000-7fc3b0021000 rw-p 00000000 00:00 0 
7fc3b0021000-7fc3b4000000 ---p 00000000 00:00 0 
7fc3b4000000-7fc3b4003000 r--s 0002b000 08:01 37357987                   /usr/local/hadoop/share/hadoop/common/lib/jsch-0.1.42.jar
7fc3b4003000-7fc3b4006000 r--s 00006000 08:01 37357995                   /usr/local/hadoop/share/hadoop/common/lib/jsr305-3.0.0.jar
7fc3b4006000-7fc3b4012000 r--s 000b6000 08:01 37357983                   /usr/local/hadoop/share/hadoop/common/lib/zookeeper-3.4.6.jar
7fc3b4012000-7fc3b402f000 r--s 0016a000 08:01 37357997                   /usr/local/hadoop/share/hadoop/common/lib/commons-math3-3.1.1.jar
7fc3b402f000-7fc3b4037000 r--s 0003b000 08:01 37357988                   /usr/local/hadoop/share/hadoop/common/lib/curator-recipes-2.7.1.jar
7fc3b4037000-7fc3b4041000 r--s 00066000 08:01 37358009                   /usr/local/hadoop/share/hadoop/common/lib/jersey-core-1.9.jar
7fc3b4041000-7fc3b4045000 r--s 0002a000 08:01 37358002                   /usr/local/hadoop/share/hadoop/common/lib/commons-io-2.4.jar
7fc3b4045000-7fc3b4049000 r--s 00020000 08:01 37357966                   /usr/local/hadoop/share/hadoop/common/lib/commons-digester-1.8.jar
7fc3b4049000-7fc3b4060000 r--s 0010e000 08:01 37357984                   /usr/local/hadoop/share/hadoop/common/lib/netty-3.6.2.Final.jar
7fc3b4060000-7fc3b4065000 r--s 0002a000 08:01 37357977                   /usr/local/hadoop/share/hadoop/common/lib/gson-2.2.4.jar
7fc3b4065000-7fc3b4067000 r--s 000f2000 08:01 37357973                   /usr/local/hadoop/share/hadoop/common/lib/snappy-java-1.0.4.1.jar
7fc3b4067000-7fc3b4068000 r--s 00007000 08:01 37357969                   /usr/local/hadoop/share/hadoop/common/lib/slf4j-api-1.7.10.jar
7fc3b4068000-7fc3b406a000 r--s 00009000 08:01 37357991                   /usr/local/hadoop/share/hadoop/common/lib/hamcrest-core-1.3.jar
7fc3b406a000-7fc3b406c000 r--s 0000d000 08:01 37358001                   /usr/local/hadoop/share/hadoop/common/lib/commons-codec-1.4.jar
7fc3b406c000-7fc3b4075000 r--s 0006f000 08:01 37357959                   /usr/local/hadoop/share/hadoop/common/lib/log4j-1.2.17.jar
7fc3b4075000-7fc3b4077000 r--s 0000f000 08:01 37357986                   /usr/local/hadoop/share/hadoop/common/lib/curator-client-2.7.1.jar
7fc3b4077000-7fc3b4078000 r--s 0000a000 08:01 37357980                   /usr/local/hadoop/share/hadoop/common/lib/apacheds-i18n-2.0.0-M15.jar
7fc3b4078000-7fc3b407a000 r--s 00015000 08:01 37357978                   /usr/local/hadoop/share/hadoop/common/lib/hadoop-auth-2.7.3.jar
7fc3b407a000-7fc3b407b000 r--s 00003000 08:01 37357998                   /usr/local/hadoop/share/hadoop/common/lib/xmlenc-0.52.jar
7fc3b407b000-7fc3b408d000 r--s 0009d000 08:01 37357957                   /usr/local/hadoop/share/hadoop/common/lib/jersey-server-1.9.jar
7fc3b408d000-7fc3b4090000 r--s 00017000 08:01 37357950                   /usr/local/hadoop/share/hadoop/common/lib/jaxb-api-2.2.2.jar
7fc3b4090000-7fc3b4091000 r--s 00004000 08:01 37357955                   /usr/local/hadoop/share/hadoop/common/lib/jackson-jaxrs-1.9.13.jar
7fc3b4091000-7fc3b4092000 r--s 00009000 08:01 37357993                   /usr/local/hadoop/share/hadoop/common/lib/hadoop-annotations-2.7.3.jar
7fc3b4092000-7fc3b4099000 r--s 0007d000 08:01 37358006                   /usr/local/hadoop/share/hadoop/common/lib/jetty-6.1.26.jar
7fc3b4099000-7fc3b409a000 r--s 00004000 08:01 37357963                   /usr/local/hadoop/share/hadoop/common/lib/java-xmlbuilder-0.4.jar
7fc3b409a000-7fc3b409f000 r--s 0003e000 08:01 37358003                   /usr/local/hadoop/share/hadoop/common/lib/commons-net-3.1.jar
7fc3b409f000-7fc3b40a1000 r--s 0000e000 08:01 37358000                   /usr/local/hadoop/share/hadoop/common/lib/commons-logging-1.1.3.jar
7fc3b40a1000-7fc3b40a7000 r--s 00032000 08:01 37357962                   /usr/local/hadoop/share/hadoop/common/lib/httpcore-4.2.5.jar
7fc3b40a7000-7fc3b40ad000 r--s 00045000 08:01 37357999                   /usr/local/hadoop/share/hadoop/common/lib/commons-httpclient-3.1.jar
7fc3b40ad000-7fc3b40af000 r--s 00009000 08:01 37357996                   /usr/local/hadoop/share/hadoop/common/lib/commons-cli-1.2.jar
7fc3b40af000-7fc3b40b5000 r--s 00043000 08:01 37357965                   /usr/local/hadoop/share/hadoop/common/lib/commons-configuration-1.6.jar
7fc3b40b5000-7fc3b40b9000 r--s 00028000 08:01 37358007                   /usr/local/hadoop/share/hadoop/common/lib/jetty-util-6.1.26.jar
7fc3b40b9000-7fc3b40bd000 r--s 00014000 08:01 37357975                   /usr/local/hadoop/share/hadoop/common/lib/xz-1.0.jar
7fc3b40bd000-7fc3b40c0000 r--s 00016000 08:01 37358008                   /usr/local/hadoop/share/hadoop/common/lib/jsp-api-2.1.jar
7fc3b40c0000-7fc3b40c6000 r--s 00028000 08:01 37357985                   /usr/local/hadoop/share/hadoop/common/lib/curator-framework-2.7.1.jar
7fc3b40c6000-7fc3b40d3000 r--s 00083000 08:01 37358004                   /usr/local/hadoop/share/hadoop/common/lib/commons-collections-3.2.2.jar
7fc3b40d3000-7fc3b7ec3000 rw-p 00000000 00:00 0 
7fc3b7ec3000-7fc3b7ec4000 ---p 00000000 00:00 0 
7fc3b7ec4000-7fc3b7fc4000 rw-p 00000000 00:00 0 
7fc3b7fc4000-7fc3b7fc5000 ---p 00000000 00:00 0 
7fc3b7fc5000-7fc3b80c5000 rw-p 00000000 00:00 0 
7fc3b80c5000-7fc3b80c6000 ---p 00000000 00:00 0 
7fc3b80c6000-7fc3b81c6000 rw-p 00000000 00:00 0 
7fc3b81c6000-7fc3b81c7000 ---p 00000000 00:00 0 
7fc3b81c7000-7fc3b82c7000 rw-p 00000000 00:00 0 
7fc3b82c7000-7fc3b82c8000 ---p 00000000 00:00 0 
7fc3b82c8000-7fc3b83c8000 rw-p 00000000 00:00 0 
7fc3b83c8000-7fc3b83c9000 ---p 00000000 00:00 0 
7fc3b83c9000-7fc3b84c9000 rw-p 00000000 00:00 0 
7fc3b84c9000-7fc3b84ca000 ---p 00000000 00:00 0 
7fc3b84ca000-7fc3b85f4000 rw-p 00000000 00:00 0 
7fc3b85f4000-7fc3b885f000 ---p 00000000 00:00 0 
7fc3b885f000-7fc3b8889000 rw-p 00000000 00:00 0 
7fc3b8889000-7fc3b8af3000 ---p 00000000 00:00 0 
7fc3b8af3000-7fc3b8b37000 rw-p 00000000 00:00 0 
7fc3b8b37000-7fc3b8c3e000 ---p 00000000 00:00 0 
7fc3b8c3e000-7fc3b8c51000 rw-p 00000000 00:00 0 
7fc3b8c51000-7fc3b8fff000 ---p 00000000 00:00 0 
7fc3b8fff000-7fc3b945f000 rwxp 00000000 00:00 0 
7fc3b945f000-7fc3c7fff000 ---p 00000000 00:00 0 
7fc3c7fff000-7fc3c8018000 r-xp 00000000 08:01 55316970                   /lib/x86_64-linux-gnu/libz.so.1.2.8
7fc3c8018000-7fc3c8217000 ---p 00019000 08:01 55316970                   /lib/x86_64-linux-gnu/libz.so.1.2.8
7fc3c8217000-7fc3c8218000 r--p 00018000 08:01 55316970                   /lib/x86_64-linux-gnu/libz.so.1.2.8
7fc3c8218000-7fc3c8219000 rw-p 00019000 08:01 55316970                   /lib/x86_64-linux-gnu/libz.so.1.2.8
7fc3c8219000-7fc3c8221000 r-xp 00000000 08:01 56888864                   /usr/lib/jvm/java-8-openjdk-amd64/jre/lib/amd64/libzip.so
7fc3c8221000-7fc3c8420000 ---p 00008000 08:01 56888864                   /usr/lib/jvm/java-8-openjdk-amd64/jre/lib/amd64/libzip.so
7fc3c8420000-7fc3c8421000 r--p 00007000 08:01 56888864                   /usr/lib/jvm/java-8-openjdk-amd64/jre/lib/amd64/libzip.so
7fc3c8421000-7fc3c8422000 rw-p 00008000 08:01 56888864                   /usr/lib/jvm/java-8-openjdk-amd64/jre/lib/amd64/libzip.so
7fc3c8422000-7fc3c842d000 r-xp 00000000 08:01 55316797                   /lib/x86_64-linux-gnu/libnss_files-2.23.so
7fc3c842d000-7fc3c862c000 ---p 0000b000 08:01 55316797                   /lib/x86_64-linux-gnu/libnss_files-2.23.so
7fc3c862c000-7fc3c862d000 r--p 0000a000 08:01 55316797                   /lib/x86_64-linux-gnu/libnss_files-2.23.so
7fc3c862d000-7fc3c862e000 rw-p 0000b000 08:01 55316797                   /lib/x86_64-linux-gnu/libnss_files-2.23.so
7fc3c862e000-7fc3c8634000 rw-p 00000000 00:00 0 
7fc3c8634000-7fc3c863f000 r-xp 00000000 08:01 55312470                   /lib/x86_64-linux-gnu/libnss_nis-2.23.so
7fc3c863f000-7fc3c883e000 ---p 0000b000 08:01 55312470                   /lib/x86_64-linux-gnu/libnss_nis-2.23.so
7fc3c883e000-7fc3c883f000 r--p 0000a000 08:01 55312470                   /lib/x86_64-linux-gnu/libnss_nis-2.23.so
7fc3c883f000-7fc3c8840000 rw-p 0000b000 08:01 55312470                   /lib/x86_64-linux-gnu/libnss_nis-2.23.so
7fc3c8840000-7fc3c8856000 r-xp 00000000 08:01 55312481                   /lib/x86_64-linux-gnu/libnsl-2.23.so
7fc3c8856000-7fc3c8a55000 ---p 00016000 08:01 55312481                   /lib/x86_64-linux-gnu/libnsl-2.23.so
7fc3c8a55000-7fc3c8a56000 r--p 00015000 08:01 55312481                   /lib/x86_64-linux-gnu/libnsl-2.23.so
7fc3c8a56000-7fc3c8a57000 rw-p 00016000 08:01 55312481                   /lib/x86_64-linux-gnu/libnsl-2.23.so
7fc3c8a57000-7fc3c8a59000 rw-p 00000000 00:00 0 
7fc3c8a59000-7fc3c8a61000 r-xp 00000000 08:01 55312482                   /lib/x86_64-linux-gnu/libnss_compat-2.23.so
7fc3c8a61000-7fc3c8c60000 ---p 00008000 08:01 55312482                   /lib/x86_64-linux-gnu/libnss_compat-2.23.so
7fc3c8c60000-7fc3c8c61000 r--p 00007000 08:01 55312482                   /lib/x86_64-linux-gnu/libnss_compat-2.23.so
7fc3c8c61000-7fc3c8c62000 rw-p 00008000 08:01 55312482                   /lib/x86_64-linux-gnu/libnss_compat-2.23.so
7fc3c8c62000-7fc3c8c8f000 r-xp 00000000 08:01 56888886                   /usr/lib/jvm/java-8-openjdk-amd64/jre/lib/amd64/libjava.so
7fc3c8c8f000-7fc3c8e8e000 ---p 0002d000 08:01 56888886                   /usr/lib/jvm/java-8-openjdk-amd64/jre/lib/amd64/libjava.so
7fc3c8e8e000-7fc3c8e8f000 r--p 0002c000 08:01 56888886                   /usr/lib/jvm/java-8-openjdk-amd64/jre/lib/amd64/libjava.so
7fc3c8e8f000-7fc3c8e91000 rw-p 0002d000 08:01 56888886                   /usr/lib/jvm/java-8-openjdk-amd64/jre/lib/amd64/libjava.so
7fc3c8e91000-7fc3c8ea0000 r-xp 00000000 08:01 56888857                   /usr/lib/jvm/java-8-openjdk-amd64/jre/lib/amd64/libverify.so
7fc3c8ea0000-7fc3c909f000 ---p 0000f000 08:01 56888857                   /usr/lib/jvm/java-8-openjdk-amd64/jre/lib/amd64/libverify.so
7fc3c909f000-7fc3c90a1000 r--p 0000e000 08:01 56888857                   /usr/lib/jvm/java-8-openjdk-amd64/jre/lib/amd64/libverify.so
7fc3c90a1000-7fc3c90a2000 rw-p 00010000 08:01 56888857                   /usr/lib/jvm/java-8-openjdk-amd64/jre/lib/amd64/libverify.so
7fc3c90a2000-7fc3c90a9000 r-xp 00000000 08:01 55312469                   /lib/x86_64-linux-gnu/librt-2.23.so
7fc3c90a9000-7fc3c92a8000 ---p 00007000 08:01 55312469                   /lib/x86_64-linux-gnu/librt-2.23.so
7fc3c92a8000-7fc3c92a9000 r--p 00006000 08:01 55312469                   /lib/x86_64-linux-gnu/librt-2.23.so
7fc3c92a9000-7fc3c92aa000 rw-p 00007000 08:01 55312469                   /lib/x86_64-linux-gnu/librt-2.23.so
7fc3c92aa000-7fc3c92ab000 ---p 00000000 00:00 0 
7fc3c92ab000-7fc3c9aab000 rw-p 00000000 00:00 0 
7fc3c9aab000-7fc3c9aac000 ---p 00000000 00:00 0 
7fc3c9aac000-7fc3ca2ac000 rw-p 00000000 00:00 0 
7fc3ca2ac000-7fc3ca2ad000 ---p 00000000 00:00 0 
7fc3ca2ad000-7fc3caaad000 rw-p 00000000 00:00 0 
7fc3caaad000-7fc3caaae000 ---p 00000000 00:00 0 
7fc3caaae000-7fc3cb2ae000 rw-p 00000000 00:00 0 
7fc3cb2ae000-7fc3cb2af000 ---p 00000000 00:00 0 
7fc3cb2af000-7fc3cbaaf000 rw-p 00000000 00:00 0 
7fc3cbaaf000-7fc3cbab0000 ---p 00000000 00:00 0 
7fc3cbab0000-7fc3cc2b0000 rw-p 00000000 00:00 0 
7fc3cc2b0000-7fc3cc2b1000 ---p 00000000 00:00 0 
7fc3cc2b1000-7fc3ccab1000 rw-p 00000000 00:00 0 
7fc3ccab1000-7fc3ccab4000 r-xp 00000000 08:01 55312473                   /lib/x86_64-linux-gnu/libdl-2.23.so
7fc3ccab4000-7fc3cccb3000 ---p 00003000 08:01 55312473                   /lib/x86_64-linux-gnu/libdl-2.23.so
7fc3cccb3000-7fc3cccb4000 r--p 00002000 08:01 55312473                   /lib/x86_64-linux-gnu/libdl-2.23.so
7fc3cccb4000-7fc3cccb5000 rw-p 00003000 08:01 55312473                   /lib/x86_64-linux-gnu/libdl-2.23.so
7fc3cccb5000-7fc3cd905000 r-xp 00000000 08:01 57150129                   /usr/lib/jvm/java-8-openjdk-amd64/jre/lib/amd64/server/libjvm.so
7fc3cd905000-7fc3cdb04000 ---p 00c50000 08:01 57150129                   /usr/lib/jvm/java-8-openjdk-amd64/jre/lib/amd64/server/libjvm.so
7fc3cdb04000-7fc3cdb97000 r--p 00c4f000 08:01 57150129                   /usr/lib/jvm/java-8-openjdk-amd64/jre/lib/amd64/server/libjvm.so
7fc3cdb97000-7fc3cdbc0000 rw-p 00ce2000 08:01 57150129                   /usr/lib/jvm/java-8-openjdk-amd64/jre/lib/amd64/server/libjvm.so
7fc3cdbc0000-7fc3cdbf0000 rw-p 00000000 00:00 0 
7fc3cdbf0000-7fc3cddaf000 r-xp 00000000 08:01 55312474                   /lib/x86_64-linux-gnu/libc-2.23.so
7fc3cddaf000-7fc3cdfaf000 ---p 001bf000 08:01 55312474                   /lib/x86_64-linux-gnu/libc-2.23.so
7fc3cdfaf000-7fc3cdfb3000 r--p 001bf000 08:01 55312474                   /lib/x86_64-linux-gnu/libc-2.23.so
7fc3cdfb3000-7fc3cdfb5000 rw-p 001c3000 08:01 55312474                   /lib/x86_64-linux-gnu/libc-2.23.so
7fc3cdfb5000-7fc3cdfb9000 rw-p 00000000 00:00 0 
7fc3cdfb9000-7fc3cdfcf000 r-xp 00000000 08:01 55316817                   /lib/x86_64-linux-gnu/libgcc_s.so.1
7fc3cdfcf000-7fc3ce1ce000 ---p 00016000 08:01 55316817                   /lib/x86_64-linux-gnu/libgcc_s.so.1
7fc3ce1ce000-7fc3ce1cf000 rw-p 00015000 08:01 55316817                   /lib/x86_64-linux-gnu/libgcc_s.so.1
7fc3ce1cf000-7fc3ce1f0000 r-xp 00000000 08:01 53871020                   /usr/lib/x86_64-linux-gnu/libgomp.so.1.0.0
7fc3ce1f0000-7fc3ce3ef000 ---p 00021000 08:01 53871020                   /usr/lib/x86_64-linux-gnu/libgomp.so.1.0.0
7fc3ce3ef000-7fc3ce3f0000 r--p 00020000 08:01 53871020                   /usr/lib/x86_64-linux-gnu/libgomp.so.1.0.0
7fc3ce3f0000-7fc3ce3f1000 rw-p 00021000 08:01 53871020                   /usr/lib/x86_64-linux-gnu/libgomp.so.1.0.0
7fc3ce3f1000-7fc3ce4f9000 r-xp 00000000 08:01 55312479                   /lib/x86_64-linux-gnu/libm-2.23.so
7fc3ce4f9000-7fc3ce6f8000 ---p 00108000 08:01 55312479                   /lib/x86_64-linux-gnu/libm-2.23.so
7fc3ce6f8000-7fc3ce6f9000 r--p 00107000 08:01 55312479                   /lib/x86_64-linux-gnu/libm-2.23.so
7fc3ce6f9000-7fc3ce6fa000 rw-p 00108000 08:01 55312479                   /lib/x86_64-linux-gnu/libm-2.23.so
7fc3ce6fa000-7fc3ce86c000 r-xp 00000000 08:01 53872769                   /usr/lib/x86_64-linux-gnu/libstdc++.so.6.0.21
7fc3ce86c000-7fc3cea6c000 ---p 00172000 08:01 53872769                   /usr/lib/x86_64-linux-gnu/libstdc++.so.6.0.21
7fc3cea6c000-7fc3cea76000 r--p 00172000 08:01 53872769                   /usr/lib/x86_64-linux-gnu/libstdc++.so.6.0.21
7fc3cea76000-7fc3cea78000 rw-p 0017c000 08:01 53872769                   /usr/lib/x86_64-linux-gnu/libstdc++.so.6.0.21
7fc3cea78000-7fc3cea7c000 rw-p 00000000 00:00 0 
7fc3cea7c000-7fc3cea94000 r-xp 00000000 08:01 55312480                   /lib/x86_64-linux-gnu/libpthread-2.23.so
7fc3cea94000-7fc3cec93000 ---p 00018000 08:01 55312480                   /lib/x86_64-linux-gnu/libpthread-2.23.so
7fc3cec93000-7fc3cec94000 r--p 00017000 08:01 55312480                   /lib/x86_64-linux-gnu/libpthread-2.23.so
7fc3cec94000-7fc3cec95000 rw-p 00018000 08:01 55312480                   /lib/x86_64-linux-gnu/libpthread-2.23.so
7fc3cec95000-7fc3cec99000 rw-p 00000000 00:00 0 
7fc3cec99000-7fc3ceca9000 r-xp 00000000 08:01 54408037                   /usr/local/lib/libhiredis.so.0.13
7fc3ceca9000-7fc3ceea8000 ---p 00010000 08:01 54408037                   /usr/local/lib/libhiredis.so.0.13
7fc3ceea8000-7fc3ceea9000 r--p 0000f000 08:01 54408037                   /usr/local/lib/libhiredis.so.0.13
7fc3ceea9000-7fc3ceeaa000 rw-p 00010000 08:01 54408037                   /usr/local/lib/libhiredis.so.0.13
7fc3ceeaa000-7fc3ceed9000 r-xp 00000000 08:01 54408007                   /usr/local/lib/libmemcached.so.11.0.0
7fc3ceed9000-7fc3cf0d8000 ---p 0002f000 08:01 54408007                   /usr/local/lib/libmemcached.so.11.0.0
7fc3cf0d8000-7fc3cf0d9000 r--p 0002e000 08:01 54408007                   /usr/local/lib/libmemcached.so.11.0.0
7fc3cf0d9000-7fc3cf0da000 rw-p 0002f000 08:01 54408007                   /usr/local/lib/libmemcached.so.11.0.0
7fc3cf0da000-7fc3cf0e9000 r-xp 00000000 08:01 37224655                   /usr/local/hadoop/lib/native/libhdfs.so.0.0.0
7fc3cf0e9000-7fc3cf2e8000 ---p 0000f000 08:01 37224655                   /usr/local/hadoop/lib/native/libhdfs.so.0.0.0
7fc3cf2e8000-7fc3cf2e9000 rw-p 0000e000 08:01 37224655                   /usr/local/hadoop/lib/native/libhdfs.so.0.0.0
7fc3cf2e9000-7fc3cf30f000 r-xp 00000000 08:01 55312389                   /lib/x86_64-linux-gnu/ld-2.23.so
7fc3cf30f000-7fc3cf311000 r--s 00006000 08:01 37357972                   /usr/local/hadoop/share/hadoop/common/lib/paranamer-2.3.jar
7fc3cf311000-7fc3cf313000 r--s 0000e000 08:01 37357952                   /usr/local/hadoop/share/hadoop/common/lib/activation-1.1.jar
7fc3cf313000-7fc3cf315000 r--s 00004000 08:01 37357951                   /usr/local/hadoop/share/hadoop/common/lib/stax-api-1.0-2.jar
7fc3cf315000-7fc3cf316000 r--s 00006000 08:01 37357956                   /usr/local/hadoop/share/hadoop/common/lib/jackson-xc-1.9.13.jar
7fc3cf316000-7fc3cf318000 r--s 00012000 08:01 37357982                   /usr/local/hadoop/share/hadoop/common/lib/api-util-1.0.0-M20.jar
7fc3cf318000-7fc3cf31c000 r--s 00035000 08:01 37357953                   /usr/local/hadoop/share/hadoop/common/lib/jackson-core-asl-1.9.13.jar
7fc3cf31c000-7fc3cf31e000 r--s 00018000 08:01 37358005                   /usr/local/hadoop/share/hadoop/common/lib/servlet-api-2.5.jar
7fc3cf31e000-7fc3cf322000 r--s 0002f000 08:01 37357968                   /usr/local/hadoop/share/hadoop/common/lib/commons-beanutils-core-1.8.0.jar
7fc3cf322000-7fc3cf327000 r--s 0002a000 08:01 37357967                   /usr/local/hadoop/share/hadoop/common/lib/commons-beanutils-1.7.0.jar
7fc3cf327000-7fc3cf335000 r--s 000b1000 08:01 37357954                   /usr/local/hadoop/share/hadoop/common/lib/jackson-mapper-asl-1.9.13.jar
7fc3cf335000-7fc3cf33a000 r--s 00041000 08:01 37357964                   /usr/local/hadoop/share/hadoop/common/lib/commons-lang-2.6.jar
7fc3cf33a000-7fc3cf33c000 r--s 0000f000 08:01 37358011                   /usr/local/hadoop/share/hadoop/common/lib/jettison-1.1.jar
7fc3cf33c000-7fc3cf341000 r--s 00036000 08:01 37357974                   /usr/local/hadoop/share/hadoop/common/lib/commons-compress-1.4.1.jar
7fc3cf341000-7fc3cf34a000 r--s 00061000 08:01 37357961                   /usr/local/hadoop/share/hadoop/common/lib/httpclient-4.2.5.jar
7fc3cf34a000-7fc3cf34c000 r--s 00001000 08:01 37357970                   /usr/local/hadoop/share/hadoop/common/lib/slf4j-log4j12-1.7.10.jar
7fc3cf34c000-7fc3cf35e000 r--s 00097000 08:01 37357979                   /usr/local/hadoop/share/hadoop/common/lib/apacheds-kerberos-codec-2.0.0-M15.jar
7fc3cf35e000-7fc3cf368000 r--s 00116000 08:01 57542327                   /usr/lib/jvm/java-8-openjdk-amd64/jre/lib/ext/localedata.jar
7fc3cf368000-7fc3cf383000 r--s 00394000 08:01 57542324                   /usr/lib/jvm/java-8-openjdk-amd64/jre/lib/ext/cldrdata.jar
7fc3cf383000-7fc3cf39e000 r--s 001d6000 08:01 57542321                   /usr/lib/jvm/java-8-openjdk-amd64/jre/lib/ext/nashorn.jar
7fc3cf39e000-7fc3cf3e6000 rw-p 00000000 00:00 0 
7fc3cf3e6000-7fc3cf3e7000 ---p 00000000 00:00 0 
7fc3cf3e7000-7fc3cf4f0000 rw-p 00000000 00:00 0 
7fc3cf4f0000-7fc3cf4f5000 r--s 0003b000 08:01 57542328                   /usr/lib/jvm/java-8-openjdk-amd64/jre/lib/ext/sunjce_provider.jar
7fc3cf4f5000-7fc3cf4f9000 r--s 00037000 08:01 57542326                   /usr/lib/jvm/java-8-openjdk-amd64/jre/lib/ext/sunpkcs11.jar
7fc3cf4f9000-7fc3cf4fa000 r--s 00010000 08:01 57542325                   /usr/lib/jvm/java-8-openjdk-amd64/jre/lib/ext/zipfs.jar
7fc3cf4fa000-7fc3cf4fc000 r--s 00001000 08:01 57542322                   /usr/lib/jvm/java-8-openjdk-amd64/jre/lib/ext/dnsns.jar
7fc3cf4fc000-7fc3cf4fe000 r--s 00008000 08:01 57542320                   /usr/lib/jvm/java-8-openjdk-amd64/jre/lib/ext/sunec.jar
7fc3cf4fe000-7fc3cf501000 r--s 0000f000 08:01 57542323                   /usr/lib/jvm/java-8-openjdk-amd64/jre/lib/ext/icedtea-sound.jar
7fc3cf501000-7fc3cf502000 r--s 0000a000 08:01 57542329                   /usr/lib/jvm/java-8-openjdk-amd64/jre/lib/ext/jaccess.jar
7fc3cf502000-7fc3cf50a000 rw-s 00000000 08:01 17563929                   /tmp/hsperfdata_peter/32257
7fc3cf50a000-7fc3cf50b000 rw-p 00000000 00:00 0 
7fc3cf50b000-7fc3cf50c000 r--p 00000000 00:00 0 
7fc3cf50c000-7fc3cf50e000 rw-p 00000000 00:00 0 
7fc3cf50e000-7fc3cf50f000 r--p 00025000 08:01 55312389                   /lib/x86_64-linux-gnu/ld-2.23.so
7fc3cf50f000-7fc3cf510000 rw-p 00026000 08:01 55312389                   /lib/x86_64-linux-gnu/ld-2.23.so
7fc3cf510000-7fc3cf511000 rw-p 00000000 00:00 0 
7fff2a003000-7fff2a006000 ---p 00000000 00:00 0 
7fff2a007000-7fff2a103000 rw-p 00000000 00:00 0                          [stack]
7fff2a16e000-7fff2a170000 r--p 00000000 00:00 0                          [vvar]
7fff2a170000-7fff2a172000 r-xp 00000000 00:00 0                          [vdso]
ffffffffff600000-ffffffffff601000 r-xp 00000000 00:00 0                  [vsyscall]

VM Arguments:
java_command: <unknown>
java_class_path (initial): /usr/local/hadoop/etc/hadoop:/usr/local/hadoop/share/hadoop/common/lib/apacheds-kerberos-codec-2.0.0-M15.jar:/usr/local/hadoop/share/hadoop/common/lib/slf4j-log4j12-1.7.10.jar:/usr/local/hadoop/share/hadoop/common/lib/httpclient-4.2.5.jar:/usr/local/hadoop/share/hadoop/common/lib/commons-compress-1.4.1.jar:/usr/local/hadoop/share/hadoop/common/lib/jettison-1.1.jar:/usr/local/hadoop/share/hadoop/common/lib/commons-lang-2.6.jar:/usr/local/hadoop/share/hadoop/common/lib/jackson-mapper-asl-1.9.13.jar:/usr/local/hadoop/share/hadoop/common/lib/commons-beanutils-1.7.0.jar:/usr/local/hadoop/share/hadoop/common/lib/commons-beanutils-core-1.8.0.jar:/usr/local/hadoop/share/hadoop/common/lib/servlet-api-2.5.jar:/usr/local/hadoop/share/hadoop/common/lib/jackson-core-asl-1.9.13.jar:/usr/local/hadoop/share/hadoop/common/lib/api-util-1.0.0-M20.jar:/usr/local/hadoop/share/hadoop/common/lib/commons-collections-3.2.2.jar:/usr/local/hadoop/share/hadoop/common/lib/jackson-xc-1.9.13.jar:/usr/local/hadoop/share/hadoop/common/lib/stax-api-1.0-2.jar:/usr/local/hadoop/share/hadoop/common/lib/curator-framework-2.7.1.jar:/usr/local/hadoop/share/hadoop/common/lib/activation-1.1.jar:/usr/local/hadoop/share/hadoop/common/lib/jsp-api-2.1.jar:/usr/local/hadoop/share/hadoop/common/lib/xz-1.0.jar:/usr/local/hadoop/share/hadoop/common/lib/jetty-util-6.1.26.jar:/usr/local/hadoop/share/hadoop/common/lib/commons-configuration-1.6.jar:/usr/local/hadoop/share/hadoop/common/lib/paranamer-2.3.jar:/usr/local/hadoop/share/hadoop/common/lib/commons-cli-1.2.jar:/usr/local/hadoop/share/hadoop/common/lib/commons-httpclient-3.1.jar:/usr/local/hadoop/share/hadoop/common/lib/httpcore-4.2.5.jar:/usr/local/hadoop/share/hadoop/common/lib/commons-logging-1.1.3.jar:/usr/local/hadoop/share/hadoop/common/lib/commons-net-3.1.jar:/usr/local/hadoop/share/hadoop/common/lib/java-xmlbuilder-0.4.jar:/usr/local/hadoop/share/hadoop/common/lib/jetty-6.1.26.jar:/usr/local/hadoop/share/hadoop/common/lib/had
Launcher Type: generic

Environment Variables:
PATH=/home/peter/bin:/home/peter/.local/bin:/usr/local/sbin:/usr/local/bin:/usr/sbin:/usr/bin:/sbin:/bin:/usr/games:/usr/local/games:/snap/bin
LD_LIBRARY_PATH=/home/peter/clion-2016.3.2/bin:/home/peter/clion-2016.3.2/bin:
SHELL=/bin/bash
DISPLAY=:0

Signal Handlers:
SIGSEGV: [libjvm.so+0xa66fd0], sa_mask[0]=11111111011111111101111111111110, sa_flags=SA_RESTART|SA_SIGINFO
SIGBUS: [libjvm.so+0xa66fd0], sa_mask[0]=11111111011111111101111111111110, sa_flags=SA_RESTART|SA_SIGINFO
SIGFPE: [libjvm.so+0x8b0180], sa_mask[0]=11111111011111111101111111111110, sa_flags=SA_RESTART|SA_SIGINFO
SIGPIPE: [libjvm.so+0x8b0180], sa_mask[0]=11111111011111111101111111111110, sa_flags=SA_RESTART|SA_SIGINFO
SIGXFSZ: [libjvm.so+0x8b0180], sa_mask[0]=11111111011111111101111111111110, sa_flags=SA_RESTART|SA_SIGINFO
SIGILL: [libjvm.so+0x8b0180], sa_mask[0]=11111111011111111101111111111110, sa_flags=SA_RESTART|SA_SIGINFO
SIGUSR1: SIG_DFL, sa_mask[0]=00000000000000000000000000000000, sa_flags=none
SIGUSR2: [libjvm.so+0x8b0030], sa_mask[0]=00100000000000000000000000000000, sa_flags=SA_RESTART|SA_SIGINFO
SIGHUP: SIG_IGN, sa_mask[0]=00000000000000000000000000000000, sa_flags=none
SIGINT: [libjvm.so+0x8b0500], sa_mask[0]=11111111011111111101111111111110, sa_flags=SA_RESTART|SA_SIGINFO
SIGTERM: [libjvm.so+0x8b0500], sa_mask[0]=11111111011111111101111111111110, sa_flags=SA_RESTART|SA_SIGINFO
SIGQUIT: [libjvm.so+0x8b0500], sa_mask[0]=11111111011111111101111111111110, sa_flags=SA_RESTART|SA_SIGINFO


---------------  S Y S T E M  ---------------

OS:DISTRIB_ID=Ubuntu
DISTRIB_RELEASE=16.04
DISTRIB_CODENAME=xenial
DISTRIB_DESCRIPTION="Ubuntu 16.04.1 LTS"

uname:Linux 4.4.0-62-generic #83-Ubuntu SMP Wed Jan 18 14:10:15 UTC 2017 x86_64
libc:glibc 2.23 NPTL 2.23 
rlimit: STACK 8192k, CORE 0k, NPROC 31545, NOFILE 65536, AS infinity
load average:1.91 2.44 2.19

/proc/meminfo:
MemTotal:        8115884 kB
MemFree:         1078364 kB
MemAvailable:    1697396 kB
Buffers:           42732 kB
Cached:           888100 kB
SwapCached:       211880 kB
Active:          5061920 kB
Inactive:        1676492 kB
Active(anon):    4663088 kB
Inactive(anon):  1278008 kB
Active(file):     398832 kB
Inactive(file):   398484 kB
Unevictable:          32 kB
Mlocked:              32 kB
SwapTotal:       8328188 kB
SwapFree:        6707684 kB
Dirty:             14948 kB
Writeback:             0 kB
AnonPages:       5705796 kB
Mapped:           339924 kB
Shmem:            133508 kB
Slab:             136648 kB
SReclaimable:      82076 kB
SUnreclaim:        54572 kB
KernelStack:       21360 kB
PageTables:        58880 kB
NFS_Unstable:          0 kB
Bounce:                0 kB
WritebackTmp:          0 kB
CommitLimit:    12386128 kB
Committed_AS:   14316400 kB
VmallocTotal:   34359738367 kB
VmallocUsed:           0 kB
VmallocChunk:          0 kB
HardwareCorrupted:     0 kB
AnonHugePages:   2289664 kB
CmaTotal:              0 kB
CmaFree:               0 kB
HugePages_Total:       0
HugePages_Free:        0
HugePages_Rsvd:        0
HugePages_Surp:        0
Hugepagesize:       2048 kB
DirectMap4k:     3259052 kB
DirectMap2M:     5070848 kB
DirectMap1G:     1048576 kB


CPU:total 8 (4 cores per cpu, 2 threads per core) family 6 model 60 stepping 3, cmov, cx8, fxsr, mmx, sse, sse2, sse3, ssse3, sse4.1, sse4.2, popcnt, avx, avx2, aes, clmul, erms, lzcnt, ht, tsc, tscinvbit, bmi1, bmi2

/proc/cpuinfo:
processor	: 0
vendor_id	: GenuineIntel
cpu family	: 6
model		: 60
model name	: Intel(R) Core(TM) i7-4770 CPU @ 3.40GHz
stepping	: 3
microcode	: 0x1e
cpu MHz		: 3879.718
cache size	: 8192 KB
physical id	: 0
siblings	: 8
core id		: 0
cpu cores	: 4
apicid		: 0
initial apicid	: 0
fpu		: yes
fpu_exception	: yes
cpuid level	: 13
wp		: yes
flags		: fpu vme de pse tsc msr pae mce cx8 apic sep mtrr pge mca cmov pat pse36 clflush dts acpi mmx fxsr sse sse2 ss ht tm pbe syscall nx pdpe1gb rdtscp lm constant_tsc arch_perfmon pebs bts rep_good nopl xtopology nonstop_tsc aperfmperf eagerfpu pni pclmulqdq dtes64 monitor ds_cpl vmx smx est tm2 ssse3 sdbg fma cx16 xtpr pdcm pcid sse4_1 sse4_2 x2apic movbe popcnt tsc_deadline_timer aes xsave avx f16c rdrand lahf_lm abm epb tpr_shadow vnmi flexpriority ept vpid fsgsbase tsc_adjust bmi1 avx2 smep bmi2 erms invpcid xsaveopt dtherm ida arat pln pts
bugs		:
bogomips	: 6784.59
clflush size	: 64
cache_alignment	: 64
address sizes	: 39 bits physical, 48 bits virtual
power management:

processor	: 1
vendor_id	: GenuineIntel
cpu family	: 6
model		: 60
model name	: Intel(R) Core(TM) i7-4770 CPU @ 3.40GHz
stepping	: 3
microcode	: 0x1e
cpu MHz		: 3821.679
cache size	: 8192 KB
physical id	: 0
siblings	: 8
core id		: 1
cpu cores	: 4
apicid		: 2
initial apicid	: 2
fpu		: yes
fpu_exception	: yes
cpuid level	: 13
wp		: yes
flags		: fpu vme de pse tsc msr pae mce cx8 apic sep mtrr pge mca cmov pat pse36 clflush dts acpi mmx fxsr sse sse2 ss ht tm pbe syscall nx pdpe1gb rdtscp lm constant_tsc arch_perfmon pebs bts rep_good nopl xtopology nonstop_tsc aperfmperf eagerfpu pni pclmulqdq dtes64 monitor ds_cpl vmx smx est tm2 ssse3 sdbg fma cx16 xtpr pdcm pcid sse4_1 sse4_2 x2apic movbe popcnt tsc_deadline_timer aes xsave avx f16c rdrand lahf_lm abm epb tpr_shadow vnmi flexpriority ept vpid fsgsbase tsc_adjust bmi1 avx2 smep bmi2 erms invpcid xsaveopt dtherm ida arat pln pts
bugs		:
bogomips	: 6784.59
clflush size	: 64
cache_alignment	: 64
address sizes	: 39 bits physical, 48 bits virtual
power management:

processor	: 2
vendor_id	: GenuineIntel
cpu family	: 6
model		: 60
model name	: Intel(R) Core(TM) i7-4770 CPU @ 3.40GHz
stepping	: 3
microcode	: 0x1e
cpu MHz		: 3893.000
cache size	: 8192 KB
physical id	: 0
siblings	: 8
core id		: 2
cpu cores	: 4
apicid		: 4
initial apicid	: 4
fpu		: yes
fpu_exception	: yes
cpuid level	: 13
wp		: yes
flags		: fpu vme de pse tsc msr pae mce cx8 apic sep mtrr pge mca cmov pat pse36 clflush dts acpi mmx fxsr sse sse2 ss ht tm pbe syscall nx pdpe1gb rdtscp lm constant_tsc arch_perfmon pebs bts rep_good nopl xtopology nonstop_tsc aperfmperf eagerfpu pni pclmulqdq dtes64 monitor ds_cpl vmx smx est tm2 ssse3 sdbg fma cx16 xtpr pdcm pcid sse4_1 sse4_2 x2apic movbe popcnt tsc_deadline_timer aes xsave avx f16c rdrand lahf_lm abm epb tpr_shadow vnmi flexpriority ept vpid fsgsbase tsc_adjust bmi1 avx2 smep bmi2 erms invpcid xsaveopt dtherm ida arat pln pts
bugs		:
bogomips	: 6784.59
clflush size	: 64
cache_alignment	: 64
address sizes	: 39 bits physical, 48 bits virtual
power management:

processor	: 3
vendor_id	: GenuineIntel
cpu family	: 6
model		: 60
model name	: Intel(R) Core(TM) i7-4770 CPU @ 3.40GHz
stepping	: 3
microcode	: 0x1e
cpu MHz		: 3868.695
cache size	: 8192 KB
physical id	: 0
siblings	: 8
core id		: 3
cpu cores	: 4
apicid		: 6
initial apicid	: 6
fpu		: yes
fpu_exception	: yes
cpuid level	: 13
wp		: yes
flags		: fpu vme de pse tsc msr pae mce cx8 apic sep mtrr pge mca cmov pat pse36 clflush dts acpi mmx fxsr sse sse2 ss ht tm pbe syscall nx pdpe1gb rdtscp lm constant_tsc arch_perfmon pebs bts rep_good nopl xtopology nonstop_tsc aperfmperf eagerfpu pni pclmulqdq dtes64 monitor ds_cpl vmx smx est tm2 ssse3 sdbg fma cx16 xtpr pdcm pcid sse4_1 sse4_2 x2apic movbe popcnt tsc_deadline_timer aes xsave avx f16c rdrand lahf_lm abm epb tpr_shadow vnmi flexpriority ept vpid fsgsbase tsc_adjust bmi1 avx2 smep bmi2 erms invpcid xsaveopt dtherm ida arat pln pts
bugs		:
bogomips	: 6784.59
clflush size	: 64
cache_alignment	: 64
address sizes	: 39 bits physical, 48 bits virtual
power management:

processor	: 4
vendor_id	: GenuineIntel
cpu family	: 6
model		: 60
model name	: Intel(R) Core(TM) i7-4770 CPU @ 3.40GHz
stepping	: 3
microcode	: 0x1e
cpu MHz		: 3854.218
cache size	: 8192 KB
physical id	: 0
siblings	: 8
core id		: 0
cpu cores	: 4
apicid		: 1
initial apicid	: 1
fpu		: yes
fpu_exception	: yes
cpuid level	: 13
wp		: yes
flags		: fpu vme de pse tsc msr pae mce cx8 apic sep mtrr pge mca cmov pat pse36 clflush dts acpi mmx fxsr sse sse2 ss ht tm pbe syscall nx pdpe1gb rdtscp lm constant_tsc arch_perfmon pebs bts rep_good nopl xtopology nonstop_tsc aperfmperf eagerfpu pni pclmulqdq dtes64 monitor ds_cpl vmx smx est tm2 ssse3 sdbg fma cx16 xtpr pdcm pcid sse4_1 sse4_2 x2apic movbe popcnt tsc_deadline_timer aes xsave avx f16c rdrand lahf_lm abm epb tpr_shadow vnmi flexpriority ept vpid fsgsbase tsc_adjust bmi1 avx2 smep bmi2 erms invpcid xsaveopt dtherm ida arat pln pts
bugs		:
bogomips	: 6784.59
clflush size	: 64
cache_alignment	: 64
address sizes	: 39 bits physical, 48 bits virtual
power management:

processor	: 5
vendor_id	: GenuineIntel
cpu family	: 6
model		: 60
model name	: Intel(R) Core(TM) i7-4770 CPU @ 3.40GHz
stepping	: 3
microcode	: 0x1e
cpu MHz		: 3899.375
cache size	: 8192 KB
physical id	: 0
siblings	: 8
core id		: 1
cpu cores	: 4
apicid		: 3
initial apicid	: 3
fpu		: yes
fpu_exception	: yes
cpuid level	: 13
wp		: yes
flags		: fpu vme de pse tsc msr pae mce cx8 apic sep mtrr pge mca cmov pat pse36 clflush dts acpi mmx fxsr sse sse2 ss ht tm pbe syscall nx pdpe1gb rdtscp lm constant_tsc arch_perfmon pebs bts rep_good nopl xtopology nonstop_tsc aperfmperf eagerfpu pni pclmulqdq dtes64 monitor ds_cpl vmx smx est tm2 ssse3 sdbg fma cx16 xtpr pdcm pcid sse4_1 sse4_2 x2apic movbe popcnt tsc_deadline_timer aes xsave avx f16c rdrand lahf_lm abm epb tpr_shadow vnmi flexpriority ept vpid fsgsbase tsc_adjust bmi1 avx2 smep bmi2 erms invpcid xsaveopt dtherm ida arat pln pts
bugs		:
bogomips	: 6784.59
clflush size	: 64
cache_alignment	: 64
address sizes	: 39 bits physical, 48 bits virtual
power management:

processor	: 6
vendor_id	: GenuineIntel
cpu family	: 6
model		: 60
model name	: Intel(R) Core(TM) i7-4770 CPU @ 3.40GHz
stepping	: 3
microcode	: 0x1e
cpu MHz		: 3796.179
cache size	: 8192 KB
physical id	: 0
siblings	: 8
core id		: 2
cpu cores	: 4
apicid		: 5
initial apicid	: 5
fpu		: yes
fpu_exception	: yes
cpuid level	: 13
wp		: yes
flags		: fpu vme de pse tsc msr pae mce cx8 apic sep mtrr pge mca cmov pat pse36 clflush dts acpi mmx fxsr sse sse2 ss ht tm pbe syscall nx pdpe1gb rdtscp lm constant_tsc arch_perfmon pebs bts rep_good nopl xtopology nonstop_tsc aperfmperf eagerfpu pni pclmulqdq dtes64 monitor ds_cpl vmx smx est tm2 ssse3 sdbg fma cx16 xtpr pdcm pcid sse4_1 sse4_2 x2apic movbe popcnt tsc_deadline_timer aes xsave avx f16c rdrand lahf_lm abm epb tpr_shadow vnmi flexpriority ept vpid fsgsbase tsc_adjust bmi1 avx2 smep bmi2 erms invpcid xsaveopt dtherm ida arat pln pts
bugs		:
bogomips	: 6784.59
clflush size	: 64
cache_alignment	: 64
address sizes	: 39 bits physical, 48 bits virtual
power management:

processor	: 7
vendor_id	: GenuineIntel
cpu family	: 6
model		: 60
model name	: Intel(R) Core(TM) i7-4770 CPU @ 3.40GHz
stepping	: 3
microcode	: 0x1e
cpu MHz		: 3881.179
cache size	: 8192 KB
physical id	: 0
siblings	: 8
core id		: 3
cpu cores	: 4
apicid		: 7
initial apicid	: 7
fpu		: yes
fpu_exception	: yes
cpuid level	: 13
wp		: yes
flags		: fpu vme de pse tsc msr pae mce cx8 apic sep mtrr pge mca cmov pat pse36 clflush dts acpi mmx fxsr sse sse2 ss ht tm pbe syscall nx pdpe1gb rdtscp lm constant_tsc arch_perfmon pebs bts rep_good nopl xtopology nonstop_tsc aperfmperf eagerfpu pni pclmulqdq dtes64 monitor ds_cpl vmx smx est tm2 ssse3 sdbg fma cx16 xtpr pdcm pcid sse4_1 sse4_2 x2apic movbe popcnt tsc_deadline_timer aes xsave avx f16c rdrand lahf_lm abm epb tpr_shadow vnmi flexpriority ept vpid fsgsbase tsc_adjust bmi1 avx2 smep bmi2 erms invpcid xsaveopt dtherm ida arat pln pts
bugs		:
bogomips	: 6784.59
clflush size	: 64
cache_alignment	: 64
address sizes	: 39 bits physical, 48 bits virtual
power management:



Memory: 4k page, physical 8115884k(1078364k free), swap 8328188k(6707684k free)

vm_info: OpenJDK 64-Bit Server VM (25.121-b13) for linux-amd64 JRE (1.8.0_121-8u121-b13-0ubuntu1.16.04.2-b13), built on Jan 23 2017 15:51:29 by "buildd" with gcc 5.4.0 20160609

time: Wed Feb 22 16:00:55 2017
elapsed time: 24 seconds (0d 0h 0m 24s)

